#
# There is insufficient memory for the Java Runtime Environment to continue.
# Native memory allocation (malloc) failed to allocate 1878288 bytes. Error detail: Chunk::new
# Possible reasons:
#   The system is out of physical RAM or swap space
#   This process is running with CompressedOops enabled, and the Java Heap may be blocking the growth of the native heap
# Possible solutions:
#   Reduce memory load on the system
#   Increase physical memory or swap space
#   Check if swap backing store is full
#   Decrease Java heap size (-Xmx/-Xms)
#   Decrease number of Java threads
#   Decrease Java thread stack sizes (-Xss)
#   Set larger code cache with -XX:ReservedCodeCacheSize=
#   JVM is running with Zero Based Compressed Oops mode in which the Java heap is
#     placed in the first 32GB address space. The Java Heap base address is the
#     maximum limit for the native heap growth. Please use -XX:HeapBaseMinAddress
#     to set the Java Heap base and to place the Java Heap above 32GB virtual address.
# This output file may be truncated or incomplete.
#
#  Out of Memory Error (arena.cpp:168), pid=2400, tid=26496
#
# JRE version: OpenJDK Runtime Environment Temurin-21.0.6+7 (21.0.6+7) (build 21.0.6+7-LTS)
# Java VM: OpenJDK 64-Bit Server VM Temurin-21.0.6+7 (21.0.6+7-LTS, mixed mode, sharing, tiered, compressed oops, compressed class ptrs, g1 gc, windows-amd64)
# No core dump will be written. Minidumps are not enabled by default on client versions of Windows
#

---------------  S U M M A R Y ------------

Command Line: --add-modules=ALL-SYSTEM --add-opens=java.base/java.util=ALL-UNNAMED --add-opens=java.base/java.lang=ALL-UNNAMED --add-opens=java.base/sun.nio.fs=ALL-UNNAMED -Declipse.application=org.eclipse.jdt.ls.core.id1 -Dosgi.bundles.defaultStartLevel=4 -Declipse.product=org.eclipse.jdt.ls.core.product -Djava.import.generatesMetadataFilesAtProjectRoot=false -DDetectVMInstallationsJob.disabled=true -Dfile.encoding=utf8 -Xlog:disable -Xms100m -Xmx8G -javaagent:c:\Users\hyper\.vscode\extensions\redhat.java-1.42.2025041008-win32-x64\lombok\lombok-1.18.36.jar -XX:+HeapDumpOnOutOfMemoryError -XX:HeapDumpPath=c:\Users\hyper\AppData\Roaming\Code\User\workspaceStorage\9786f179f1d4055ca563254eef00c7fe\redhat.java -Daether.dependencyCollector.impl=bf c:\Users\hyper\.vscode\extensions\redhat.java-1.42.2025041008-win32-x64\server\plugins\org.eclipse.equinox.launcher_1.7.0.v20250404-1055.jar -configuration c:\Users\hyper\AppData\Roaming\Code\User\globalStorage\redhat.java\1.42.2025041008\config_win -data c:\Users\hyper\AppData\Roaming\Code\User\workspaceStorage\9786f179f1d4055ca563254eef00c7fe\redhat.java\jdt_ws --pipe=\\.\pipe\lsp-2dff89bbda03739bedde37d262405874-sock

Host: Intel(R) Core(TM) i7-4770K CPU @ 3.50GHz, 8 cores, 15G,  Windows 11 , 64 bit Build 22000 (10.0.22000.2538)
Time: Fri Aug 29 08:22:51 2025 Volgograd Standard Time elapsed time: 23.436786 seconds (0d 0h 0m 23s)

---------------  T H R E A D  ---------------

Current thread (0x00000178007c5a90):  JavaThread "C2 CompilerThread0" daemon [_thread_in_native, id=26496, stack(0x0000001f46200000,0x0000001f46300000) (1024K)]


Current CompileTask:
C2:23436 16645       4       org.eclipse.jdt.internal.compiler.lookup.BoundSet::addBound (439 bytes)

Stack: [0x0000001f46200000,0x0000001f46300000]
Native frames: (J=compiled Java code, j=interpreted, Vv=VM code, C=native code)
V  [jvm.dll+0x6cdee9]
V  [jvm.dll+0x8a83d1]
V  [jvm.dll+0x8aa8fe]
V  [jvm.dll+0x8aafe3]
V  [jvm.dll+0x27f706]
V  [jvm.dll+0xc500d]
V  [jvm.dll+0xc5543]
V  [jvm.dll+0x3b678c]
V  [jvm.dll+0x1dfe13]
V  [jvm.dll+0x247b42]
V  [jvm.dll+0x246fcf]
V  [jvm.dll+0x1c75ee]
V  [jvm.dll+0x25685a]
V  [jvm.dll+0x254dfa]
V  [jvm.dll+0x3f0256]
V  [jvm.dll+0x851f8b]
V  [jvm.dll+0x6cc5ed]
C  [ucrtbase.dll+0x26c0c]
C  [KERNEL32.DLL+0x153e0]
C  [ntdll.dll+0x485b]


---------------  P R O C E S S  ---------------

Threads class SMR info:
_java_thread_list=0x0000017846985080, length=70, elements={
0x000001785f32f2c0, 0x00000178007aaef0, 0x00000178007ad950, 0x00000178007af300,
0x00000178007afd50, 0x00000178007b8cf0, 0x00000178007be0b0, 0x00000178007c5a90,
0x00000178007c7660, 0x00000178007bf460, 0x00000178007bfaf0, 0x00000178007be740,
0x00000178007bedd0, 0x00000178007c0180, 0x00000178007bda20, 0x00000178007c0810,
0x00000178007bd390, 0x00000178468d46e0, 0x0000017846ff9ba0, 0x0000017847537f30,
0x0000017846ff8e80, 0x0000017846ff7440, 0x0000017846ffa8c0, 0x0000017846ffa230,
0x0000017846ff3fc0, 0x0000017846ff3930, 0x0000017846ff7ad0, 0x0000017846ff87f0,
0x0000017846ff6090, 0x0000017846ffaf50, 0x0000017846ff4650, 0x0000017846ff8160,
0x0000017846ff4ce0, 0x0000017846ff6720, 0x0000017846ff9510, 0x0000017846ff5370,
0x0000017846ff5a00, 0x00000178476ddb90, 0x00000178476d7fb0, 0x00000178476dbac0,
0x00000178476d8640, 0x00000178476dc150, 0x00000178476dc7e0, 0x00000178476dce70,
0x00000178476de220, 0x00000178476dd500, 0x00000178476d8cd0, 0x00000178476de8b0,
0x00000178476db430, 0x00000178476d9360, 0x00000178476d7920, 0x00000178476def40,
0x00000178476d99f0, 0x0000017846ff6db0, 0x000001785288ef50, 0x000001785288e8c0,
0x000001785288fc70, 0x000001785288f5e0, 0x000001785288d510, 0x0000017852890300,
0x0000017848b53610, 0x0000017848b4d3a0, 0x0000017848b53ca0, 0x0000017848b4da30,
0x0000017848b50eb0, 0x0000017848b4e750, 0x0000017848b4f470, 0x0000017848b50820,
0x0000017848b4e0c0, 0x00000178530cbd00
}

Java Threads: ( => current thread )
  0x000001785f32f2c0 JavaThread "main"                              [_thread_blocked, id=26868, stack(0x0000001f45400000,0x0000001f45500000) (1024K)]
  0x00000178007aaef0 JavaThread "Reference Handler"          daemon [_thread_blocked, id=21236, stack(0x0000001f45c00000,0x0000001f45d00000) (1024K)]
  0x00000178007ad950 JavaThread "Finalizer"                  daemon [_thread_blocked, id=21348, stack(0x0000001f45d00000,0x0000001f45e00000) (1024K)]
  0x00000178007af300 JavaThread "Signal Dispatcher"          daemon [_thread_blocked, id=22076, stack(0x0000001f45e00000,0x0000001f45f00000) (1024K)]
  0x00000178007afd50 JavaThread "Attach Listener"            daemon [_thread_blocked, id=21072, stack(0x0000001f45f00000,0x0000001f46000000) (1024K)]
  0x00000178007b8cf0 JavaThread "Service Thread"             daemon [_thread_blocked, id=23088, stack(0x0000001f46000000,0x0000001f46100000) (1024K)]
  0x00000178007be0b0 JavaThread "Monitor Deflation Thread"   daemon [_thread_blocked, id=22128, stack(0x0000001f46100000,0x0000001f46200000) (1024K)]
=>0x00000178007c5a90 JavaThread "C2 CompilerThread0"         daemon [_thread_in_native, id=26496, stack(0x0000001f46200000,0x0000001f46300000) (1024K)]
  0x00000178007c7660 JavaThread "C1 CompilerThread0"         daemon [_thread_blocked, id=17236, stack(0x0000001f46300000,0x0000001f46400000) (1024K)]
  0x00000178007bf460 JavaThread "Common-Cleaner"             daemon [_thread_blocked, id=13540, stack(0x0000001f46400000,0x0000001f46500000) (1024K)]
  0x00000178007bfaf0 JavaThread "Notification Thread"        daemon [_thread_blocked, id=22700, stack(0x0000001f46600000,0x0000001f46700000) (1024K)]
  0x00000178007be740 JavaThread "Active Thread: Equinox Container: 37b60bf1-a36f-4720-8ee3-52a50a33c2c0"        [_thread_blocked, id=13256, stack(0x0000001f46e00000,0x0000001f46f00000) (1024K)]
  0x00000178007bedd0 JavaThread "Refresh Thread: Equinox Container: 37b60bf1-a36f-4720-8ee3-52a50a33c2c0" daemon [_thread_blocked, id=21080, stack(0x0000001f47000000,0x0000001f47100000) (1024K)]
  0x00000178007c0180 JavaThread "Framework Event Dispatcher: Equinox Container: 37b60bf1-a36f-4720-8ee3-52a50a33c2c0" daemon [_thread_blocked, id=11572, stack(0x0000001f47100000,0x0000001f47200000) (1024K)]
  0x00000178007bda20 JavaThread "Start Level: Equinox Container: 37b60bf1-a36f-4720-8ee3-52a50a33c2c0" daemon [_thread_blocked, id=27104, stack(0x0000001f47200000,0x0000001f47300000) (1024K)]
  0x00000178007c0810 JavaThread "Bundle File Closer"         daemon [_thread_blocked, id=20860, stack(0x0000001f46700000,0x0000001f46800000) (1024K)]
  0x00000178007bd390 JavaThread "SCR Component Actor"        daemon [_thread_blocked, id=15740, stack(0x0000001f47300000,0x0000001f47400000) (1024K)]
  0x00000178468d46e0 JavaThread "C2 CompilerThread1"         daemon [_thread_in_native, id=8296, stack(0x0000001f46500000,0x0000001f46600000) (1024K)]
  0x0000017846ff9ba0 JavaThread "Worker-JM"                         [_thread_blocked, id=3844, stack(0x0000001f47500000,0x0000001f47600000) (1024K)]
  0x0000017847537f30 JavaThread "C2 CompilerThread2"         daemon [_thread_in_native, id=7344, stack(0x0000001f47600000,0x0000001f47700000) (1024K)]
  0x0000017846ff8e80 JavaThread "JNA Cleaner"                daemon [_thread_blocked, id=18280, stack(0x0000001f47700000,0x0000001f47800000) (1024K)]
  0x0000017846ff7440 JavaThread "Worker-0: Initialize workspace"        [_thread_blocked, id=18424, stack(0x0000001f47800000,0x0000001f47900000) (1024K)]
  0x0000017846ffa8c0 JavaThread "Worker-1: Building"                [_thread_in_Java, id=2272, stack(0x0000001f47900000,0x0000001f47a00000) (1024K)]
  0x0000017846ffa230 JavaThread "Java indexing"              daemon [_thread_in_native, id=25628, stack(0x0000001f47b00000,0x0000001f47c00000) (1024K)]
  0x0000017846ff3fc0 JavaThread "Worker-2"                          [_thread_blocked, id=8532, stack(0x0000001f47e00000,0x0000001f47f00000) (1024K)]
  0x0000017846ff3930 JavaThread "Worker-3"                          [_thread_blocked, id=15980, stack(0x0000001f47f00000,0x0000001f48000000) (1024K)]
  0x0000017846ff7ad0 JavaThread "Thread-2"                   daemon [_thread_in_native, id=19776, stack(0x0000001f48000000,0x0000001f48100000) (1024K)]
  0x0000017846ff87f0 JavaThread "Thread-3"                   daemon [_thread_in_native, id=16908, stack(0x0000001f48100000,0x0000001f48200000) (1024K)]
  0x0000017846ff6090 JavaThread "Thread-4"                   daemon [_thread_in_native, id=25424, stack(0x0000001f48200000,0x0000001f48300000) (1024K)]
  0x0000017846ffaf50 JavaThread "Thread-5"                   daemon [_thread_in_native, id=7512, stack(0x0000001f48300000,0x0000001f48400000) (1024K)]
  0x0000017846ff4650 JavaThread "Thread-6"                   daemon [_thread_in_native, id=18352, stack(0x0000001f48400000,0x0000001f48500000) (1024K)]
  0x0000017846ff8160 JavaThread "Thread-7"                   daemon [_thread_in_native, id=25152, stack(0x0000001f48500000,0x0000001f48600000) (1024K)]
  0x0000017846ff4ce0 JavaThread "Thread-8"                   daemon [_thread_in_native, id=21580, stack(0x0000001f48600000,0x0000001f48700000) (1024K)]
  0x0000017846ff6720 JavaThread "Thread-9"                   daemon [_thread_in_native, id=26472, stack(0x0000001f48700000,0x0000001f48800000) (1024K)]
  0x0000017846ff9510 JavaThread "Thread-10"                  daemon [_thread_in_native, id=19916, stack(0x0000001f48800000,0x0000001f48900000) (1024K)]
  0x0000017846ff5370 JavaThread "pool-2-thread-1"                   [_thread_blocked, id=26784, stack(0x0000001f48900000,0x0000001f48a00000) (1024K)]
  0x0000017846ff5a00 JavaThread "Worker-4: Java indexing... "        [_thread_blocked, id=22928, stack(0x0000001f48a00000,0x0000001f48b00000) (1024K)]
  0x00000178476ddb90 JavaThread "WorkspaceEventsHandler"            [_thread_blocked, id=8648, stack(0x0000001f48b00000,0x0000001f48c00000) (1024K)]
  0x00000178476d7fb0 JavaThread "pool-1-thread-1"                   [_thread_blocked, id=11612, stack(0x0000001f48c00000,0x0000001f48d00000) (1024K)]
  0x00000178476dbac0 JavaThread "LocalFile Deleter"          daemon [_thread_blocked, id=10560, stack(0x0000001f48d00000,0x0000001f48e00000) (1024K)]
  0x00000178476d8640 JavaThread "LocalFile Deleter"          daemon [_thread_blocked, id=18336, stack(0x0000001f48e00000,0x0000001f48f00000) (1024K)]
  0x00000178476dc150 JavaThread "LocalFile Deleter"          daemon [_thread_blocked, id=18476, stack(0x0000001f48f00000,0x0000001f49000000) (1024K)]
  0x00000178476dc7e0 JavaThread "LocalFile Deleter"          daemon [_thread_blocked, id=12064, stack(0x0000001f49000000,0x0000001f49100000) (1024K)]
  0x00000178476dce70 JavaThread "LocalFile Deleter"          daemon [_thread_blocked, id=24424, stack(0x0000001f49100000,0x0000001f49200000) (1024K)]
  0x00000178476de220 JavaThread "LocalFile Deleter"          daemon [_thread_blocked, id=20600, stack(0x0000001f49200000,0x0000001f49300000) (1024K)]
  0x00000178476dd500 JavaThread "LocalFile Deleter"          daemon [_thread_blocked, id=23340, stack(0x0000001f49300000,0x0000001f49400000) (1024K)]
  0x00000178476d8cd0 JavaThread "LocalFile Deleter"          daemon [_thread_blocked, id=2496, stack(0x0000001f49400000,0x0000001f49500000) (1024K)]
  0x00000178476de8b0 JavaThread "Compiler Source File Reader" daemon [_thread_blocked, id=24024, stack(0x0000001f49500000,0x0000001f49600000) (1024K)]
  0x00000178476db430 JavaThread "Compiler Source File Reader" daemon [_thread_blocked, id=23408, stack(0x0000001f49600000,0x0000001f49700000) (1024K)]
  0x00000178476d9360 JavaThread "Compiler Source File Reader" daemon [_thread_blocked, id=17884, stack(0x0000001f49700000,0x0000001f49800000) (1024K)]
  0x00000178476d7920 JavaThread "Compiler Source File Reader" daemon [_thread_blocked, id=17608, stack(0x0000001f49800000,0x0000001f49900000) (1024K)]
  0x00000178476def40 JavaThread "Compiler Source File Reader" daemon [_thread_blocked, id=14100, stack(0x0000001f49900000,0x0000001f49a00000) (1024K)]
  0x00000178476d99f0 JavaThread "Compiler Source File Reader" daemon [_thread_blocked, id=16924, stack(0x0000001f49a00000,0x0000001f49b00000) (1024K)]
  0x0000017846ff6db0 JavaThread "Compiler Processing Task"   daemon [_thread_blocked, id=2160, stack(0x0000001f47400000,0x0000001f47500000) (1024K)]
  0x000001785288ef50 JavaThread "Compiler Class File Writer" daemon [_thread_blocked, id=9632, stack(0x0000001f49b00000,0x0000001f49c00000) (1024K)]
  0x000001785288e8c0 JavaThread "Compiler Class File Writer" daemon [_thread_blocked, id=25240, stack(0x0000001f49c00000,0x0000001f49d00000) (1024K)]
  0x000001785288fc70 JavaThread "Compiler Class File Writer" daemon [_thread_blocked, id=2096, stack(0x0000001f49d00000,0x0000001f49e00000) (1024K)]
  0x000001785288f5e0 JavaThread "Compiler Class File Writer" daemon [_thread_blocked, id=21460, stack(0x0000001f49e00000,0x0000001f49f00000) (1024K)]
  0x000001785288d510 JavaThread "Compiler Class File Writer" daemon [_thread_blocked, id=19588, stack(0x0000001f49f00000,0x0000001f4a000000) (1024K)]
  0x0000017852890300 JavaThread "Compiler Class File Writer" daemon [_thread_blocked, id=26684, stack(0x0000001f4a000000,0x0000001f4a100000) (1024K)]
  0x0000017848b53610 JavaThread "ForkJoinPool.commonPool-worker-1" daemon [_thread_blocked, id=24140, stack(0x0000001f4a600000,0x0000001f4a700000) (1024K)]
  0x0000017848b4d3a0 JavaThread "ForkJoinPool.commonPool-worker-2" daemon [_thread_blocked, id=1064, stack(0x0000001f4a700000,0x0000001f4a800000) (1024K)]
  0x0000017848b53ca0 JavaThread "ForkJoinPool.commonPool-worker-3" daemon [_thread_blocked, id=8588, stack(0x0000001f4a800000,0x0000001f4a900000) (1024K)]
  0x0000017848b4da30 JavaThread "ForkJoinPool.commonPool-worker-4" daemon [_thread_blocked, id=21536, stack(0x0000001f4a900000,0x0000001f4aa00000) (1024K)]
  0x0000017848b50eb0 JavaThread "ForkJoinPool.commonPool-worker-5" daemon [_thread_blocked, id=26664, stack(0x0000001f4aa00000,0x0000001f4ab00000) (1024K)]
  0x0000017848b4e750 JavaThread "ForkJoinPool.commonPool-worker-6" daemon [_thread_blocked, id=10400, stack(0x0000001f4ab00000,0x0000001f4ac00000) (1024K)]
  0x0000017848b4f470 JavaThread "ForkJoinPool.commonPool-worker-7" daemon [_thread_blocked, id=21576, stack(0x0000001f4ac00000,0x0000001f4ad00000) (1024K)]
  0x0000017848b50820 JavaThread "Worker-5"                          [_thread_blocked, id=5192, stack(0x0000001f4ad00000,0x0000001f4ae00000) (1024K)]
  0x0000017848b4e0c0 JavaThread "SCR Component Registry"     daemon [_thread_blocked, id=23768, stack(0x0000001f4a100000,0x0000001f4a200000) (1024K)]
  0x00000178530cbd00 JavaThread "Worker-6"                          [_thread_blocked, id=24816, stack(0x0000001f4a200000,0x0000001f4a300000) (1024K)]
Total: 70

Other Threads:
  0x000001787de63540 VMThread "VM Thread"                           [id=15496, stack(0x0000001f45b00000,0x0000001f45c00000) (1024K)]
  0x000001787de4fc50 WatcherThread "VM Periodic Task Thread"        [id=7264, stack(0x0000001f45a00000,0x0000001f45b00000) (1024K)]
  0x000001787dcb1120 WorkerThread "GC Thread#0"                     [id=9820, stack(0x0000001f45500000,0x0000001f45600000) (1024K)]
  0x00000178467fe990 WorkerThread "GC Thread#1"                     [id=22792, stack(0x0000001f46800000,0x0000001f46900000) (1024K)]
  0x00000178464a45c0 WorkerThread "GC Thread#2"                     [id=22152, stack(0x0000001f46900000,0x0000001f46a00000) (1024K)]
  0x00000178466a4b50 WorkerThread "GC Thread#3"                     [id=4324, stack(0x0000001f46a00000,0x0000001f46b00000) (1024K)]
  0x00000178466a4ef0 WorkerThread "GC Thread#4"                     [id=1332, stack(0x0000001f46b00000,0x0000001f46c00000) (1024K)]
  0x000001784630de90 WorkerThread "GC Thread#5"                     [id=24812, stack(0x0000001f46c00000,0x0000001f46d00000) (1024K)]
  0x000001784630e230 WorkerThread "GC Thread#6"                     [id=18868, stack(0x0000001f46d00000,0x0000001f46e00000) (1024K)]
  0x0000017846a69c20 WorkerThread "GC Thread#7"                     [id=14980, stack(0x0000001f46f00000,0x0000001f47000000) (1024K)]
  0x0000017861805c00 ConcurrentGCThread "G1 Main Marker"            [id=26964, stack(0x0000001f45600000,0x0000001f45700000) (1024K)]
  0x00000178618063c0 WorkerThread "G1 Conc#0"                       [id=9428, stack(0x0000001f45700000,0x0000001f45800000) (1024K)]
  0x00000178468dc3b0 WorkerThread "G1 Conc#1"                       [id=18832, stack(0x0000001f47a00000,0x0000001f47b00000) (1024K)]
  0x000001787dd275a0 ConcurrentGCThread "G1 Refine#0"               [id=11072, stack(0x0000001f45800000,0x0000001f45900000) (1024K)]
  0x000001787dd27ec0 ConcurrentGCThread "G1 Service"                [id=18772, stack(0x0000001f45900000,0x0000001f45a00000) (1024K)]
Total: 15

Threads with active compile tasks:
C2 CompilerThread0  23479 16645       4       org.eclipse.jdt.internal.compiler.lookup.BoundSet::addBound (439 bytes)
C2 CompilerThread1  23479 16652       4       org.eclipse.jdt.internal.compiler.lookup.BoundSet::combineSameSameWithProperType (91 bytes)
C2 CompilerThread2  23479 16508       4       org.eclipse.jdt.internal.compiler.lookup.Scope$Substitutor::substitute (850 bytes)
Total: 3

VM state: not at safepoint (normal execution)

VM Mutex/Monitor currently owned by a thread: None

Heap address: 0x0000000600000000, size: 8192 MB, Compressed Oops mode: Zero based, Oop shift amount: 3

CDS archive(s) mapped at: [0x0000017801000000-0x0000017801ba0000-0x0000017801ba0000), size 12189696, SharedBaseAddress: 0x0000017801000000, ArchiveRelocationMode: 1.
Compressed class space mapped at: 0x0000017802000000-0x0000017842000000, reserved size: 1073741824
Narrow klass base: 0x0000017801000000, Narrow klass shift: 0, Narrow klass range: 0x100000000

GC Precious Log:
 CardTable entry size: 512
 Card Set container configuration: InlinePtr #cards 4 size 8 Array Of Cards #cards 32 size 80 Howl #buckets 8 coarsen threshold 7372 Howl Bitmap #cards 1024 size 144 coarsen threshold 921 Card regions per heap region 1 cards per card region 8192
 CPUs: 8 total, 8 available
 Memory: 16283M
 Large Page Support: Disabled
 NUMA Support: Disabled
 Compressed Oops: Enabled (Zero based)
 Heap Region Size: 4M
 Heap Min Capacity: 100M
 Heap Initial Capacity: 100M
 Heap Max Capacity: 8G
 Pre-touch: Disabled
 Parallel Workers: 8
 Concurrent Workers: 2
 Concurrent Refinement Workers: 8
 Periodic GC: Disabled

Heap:
 garbage-first heap   total 733184K, used 410407K [0x0000000600000000, 0x0000000800000000)
  region size 4096K, 11 young (45056K), 6 survivors (24576K)
 Metaspace       used 68855K, committed 70400K, reserved 1114112K
  class space    used 6776K, committed 7424K, reserved 1048576K

Heap Regions: E=young(eden), S=young(survivor), O=old, HS=humongous(starts), HC=humongous(continues), CS=collection set, F=free, TAMS=top-at-mark-start, PB=parsable bottom
|   0|0x0000000600000000, 0x0000000600400000, 0x0000000600400000|100%| O|  |TAMS 0x0000000600000000| PB 0x0000000600000000| Untracked 
|   1|0x0000000600400000, 0x0000000600800000, 0x0000000600800000|100%| O|  |TAMS 0x0000000600400000| PB 0x0000000600400000| Untracked 
|   2|0x0000000600800000, 0x0000000600c00000, 0x0000000600c00000|100%| O|  |TAMS 0x0000000600800000| PB 0x0000000600800000| Untracked 
|   3|0x0000000600c00000, 0x0000000601000000, 0x0000000601000000|100%| O|  |TAMS 0x0000000600c00000| PB 0x0000000600c00000| Untracked 
|   4|0x0000000601000000, 0x0000000601400000, 0x0000000601400000|100%| O|  |TAMS 0x0000000601000000| PB 0x0000000601000000| Untracked 
|   5|0x0000000601400000, 0x0000000601800000, 0x0000000601800000|100%| O|  |TAMS 0x0000000601400000| PB 0x0000000601400000| Untracked 
|   6|0x0000000601800000, 0x0000000601c00000, 0x0000000601c00000|100%| O|  |TAMS 0x0000000601800000| PB 0x0000000601800000| Untracked 
|   7|0x0000000601c00000, 0x0000000602000000, 0x0000000602000000|100%| O|  |TAMS 0x0000000601c00000| PB 0x0000000601c00000| Untracked 
|   8|0x0000000602000000, 0x0000000602400000, 0x0000000602400000|100%| O|  |TAMS 0x0000000602000000| PB 0x0000000602000000| Untracked 
|   9|0x0000000602400000, 0x0000000602800000, 0x0000000602800000|100%| O|  |TAMS 0x0000000602400000| PB 0x0000000602400000| Untracked 
|  10|0x0000000602800000, 0x0000000602c00000, 0x0000000602c00000|100%| O|  |TAMS 0x0000000602800000| PB 0x0000000602800000| Untracked 
|  11|0x0000000602c00000, 0x0000000603000000, 0x0000000603000000|100%| O|  |TAMS 0x0000000602c00000| PB 0x0000000602c00000| Untracked 
|  12|0x0000000603000000, 0x0000000603400000, 0x0000000603400000|100%| O|  |TAMS 0x0000000603000000| PB 0x0000000603000000| Untracked 
|  13|0x0000000603400000, 0x0000000603800000, 0x0000000603800000|100%| O|  |TAMS 0x0000000603400000| PB 0x0000000603400000| Untracked 
|  14|0x0000000603800000, 0x0000000603c00000, 0x0000000603c00000|100%| O|  |TAMS 0x0000000603800000| PB 0x0000000603800000| Untracked 
|  15|0x0000000603c00000, 0x0000000604000000, 0x0000000604000000|100%| O|  |TAMS 0x0000000603c00000| PB 0x0000000603c00000| Untracked 
|  16|0x0000000604000000, 0x0000000604400000, 0x0000000604400000|100%| O|  |TAMS 0x0000000604000000| PB 0x0000000604000000| Untracked 
|  17|0x0000000604400000, 0x0000000604800000, 0x0000000604800000|100%| O|  |TAMS 0x0000000604400000| PB 0x0000000604400000| Untracked 
|  18|0x0000000604800000, 0x0000000604c00000, 0x0000000604c00000|100%| O|  |TAMS 0x0000000604800000| PB 0x0000000604800000| Untracked 
|  19|0x0000000604c00000, 0x0000000605000000, 0x0000000605000000|100%| O|  |TAMS 0x0000000604c00000| PB 0x0000000604c00000| Untracked 
|  20|0x0000000605000000, 0x0000000605400000, 0x0000000605400000|100%| O|  |TAMS 0x0000000605000000| PB 0x0000000605000000| Untracked 
|  21|0x0000000605400000, 0x0000000605800000, 0x0000000605800000|100%| O|  |TAMS 0x0000000605400000| PB 0x0000000605400000| Untracked 
|  22|0x0000000605800000, 0x0000000605c00000, 0x0000000605c00000|100%| O|  |TAMS 0x0000000605800000| PB 0x0000000605800000| Untracked 
|  23|0x0000000605c00000, 0x0000000606000000, 0x0000000606000000|100%| O|  |TAMS 0x0000000605c00000| PB 0x0000000605c00000| Untracked 
|  24|0x0000000606000000, 0x0000000606400000, 0x0000000606400000|100%| O|  |TAMS 0x0000000606000000| PB 0x0000000606000000| Untracked 
|  25|0x0000000606400000, 0x0000000606800000, 0x0000000606800000|100%| O|  |TAMS 0x0000000606400000| PB 0x0000000606400000| Untracked 
|  26|0x0000000606800000, 0x0000000606c00000, 0x0000000606c00000|100%| O|  |TAMS 0x0000000606800000| PB 0x0000000606800000| Untracked 
|  27|0x0000000606c00000, 0x0000000607000000, 0x0000000607000000|100%| O|  |TAMS 0x0000000606c00000| PB 0x0000000606c00000| Untracked 
|  28|0x0000000607000000, 0x0000000607400000, 0x0000000607400000|100%| O|  |TAMS 0x0000000607000000| PB 0x0000000607000000| Untracked 
|  29|0x0000000607400000, 0x0000000607800000, 0x0000000607800000|100%| O|  |TAMS 0x0000000607400000| PB 0x0000000607400000| Untracked 
|  30|0x0000000607800000, 0x0000000607c00000, 0x0000000607c00000|100%| O|  |TAMS 0x0000000607800000| PB 0x0000000607800000| Untracked 
|  31|0x0000000607c00000, 0x0000000608000000, 0x0000000608000000|100%| O|  |TAMS 0x0000000607c00000| PB 0x0000000607c00000| Untracked 
|  32|0x0000000608000000, 0x0000000608400000, 0x0000000608400000|100%| O|  |TAMS 0x0000000608000000| PB 0x0000000608000000| Untracked 
|  33|0x0000000608400000, 0x0000000608800000, 0x0000000608800000|100%| O|  |TAMS 0x0000000608400000| PB 0x0000000608400000| Untracked 
|  34|0x0000000608800000, 0x0000000608c00000, 0x0000000608c00000|100%| O|  |TAMS 0x0000000608800000| PB 0x0000000608800000| Untracked 
|  35|0x0000000608c00000, 0x0000000609000000, 0x0000000609000000|100%| O|  |TAMS 0x0000000608c00000| PB 0x0000000608c00000| Untracked 
|  36|0x0000000609000000, 0x0000000609400000, 0x0000000609400000|100%| O|  |TAMS 0x0000000609000000| PB 0x0000000609000000| Untracked 
|  37|0x0000000609400000, 0x0000000609800000, 0x0000000609800000|100%| O|  |TAMS 0x0000000609400000| PB 0x0000000609400000| Untracked 
|  38|0x0000000609800000, 0x0000000609c00000, 0x0000000609c00000|100%| O|  |TAMS 0x0000000609800000| PB 0x0000000609800000| Untracked 
|  39|0x0000000609c00000, 0x000000060a000000, 0x000000060a000000|100%| O|  |TAMS 0x0000000609c00000| PB 0x0000000609c00000| Untracked 
|  40|0x000000060a000000, 0x000000060a400000, 0x000000060a400000|100%| O|  |TAMS 0x000000060a000000| PB 0x000000060a000000| Untracked 
|  41|0x000000060a400000, 0x000000060a800000, 0x000000060a800000|100%|HS|  |TAMS 0x000000060a400000| PB 0x000000060a400000| Complete 
|  42|0x000000060a800000, 0x000000060ac00000, 0x000000060ac00000|100%| O|  |TAMS 0x000000060a800000| PB 0x000000060a800000| Untracked 
|  43|0x000000060ac00000, 0x000000060b000000, 0x000000060b000000|100%| O|  |TAMS 0x000000060ac00000| PB 0x000000060ac00000| Untracked 
|  44|0x000000060b000000, 0x000000060b400000, 0x000000060b400000|100%| O|  |TAMS 0x000000060b000000| PB 0x000000060b000000| Untracked 
|  45|0x000000060b400000, 0x000000060b800000, 0x000000060b800000|100%| O|  |TAMS 0x000000060b400000| PB 0x000000060b400000| Untracked 
|  46|0x000000060b800000, 0x000000060b800000, 0x000000060bc00000|  0%| F|  |TAMS 0x000000060b800000| PB 0x000000060b800000| Untracked 
|  47|0x000000060bc00000, 0x000000060c000000, 0x000000060c000000|100%| O|  |TAMS 0x000000060bc00000| PB 0x000000060bc00000| Untracked 
|  48|0x000000060c000000, 0x000000060c400000, 0x000000060c400000|100%| O|  |TAMS 0x000000060c000000| PB 0x000000060c000000| Untracked 
|  49|0x000000060c400000, 0x000000060c800000, 0x000000060c800000|100%| O|  |TAMS 0x000000060c400000| PB 0x000000060c400000| Untracked 
|  50|0x000000060c800000, 0x000000060cc00000, 0x000000060cc00000|100%| O|  |TAMS 0x000000060c800000| PB 0x000000060c800000| Untracked 
|  51|0x000000060cc00000, 0x000000060d000000, 0x000000060d000000|100%| O|  |TAMS 0x000000060cc00000| PB 0x000000060cc00000| Untracked 
|  52|0x000000060d000000, 0x000000060d400000, 0x000000060d400000|100%| O|  |TAMS 0x000000060d000000| PB 0x000000060d000000| Untracked 
|  53|0x000000060d400000, 0x000000060d400000, 0x000000060d800000|  0%| F|  |TAMS 0x000000060d400000| PB 0x000000060d400000| Untracked 
|  54|0x000000060d800000, 0x000000060dc00000, 0x000000060dc00000|100%| O|  |TAMS 0x000000060d800000| PB 0x000000060d800000| Untracked 
|  55|0x000000060dc00000, 0x000000060e000000, 0x000000060e000000|100%| O|  |TAMS 0x000000060dc00000| PB 0x000000060dc00000| Untracked 
|  56|0x000000060e000000, 0x000000060e400000, 0x000000060e400000|100%| O|  |TAMS 0x000000060e000000| PB 0x000000060e000000| Untracked 
|  57|0x000000060e400000, 0x000000060e400000, 0x000000060e800000|  0%| F|  |TAMS 0x000000060e400000| PB 0x000000060e400000| Untracked 
|  58|0x000000060e800000, 0x000000060ec00000, 0x000000060ec00000|100%| O|  |TAMS 0x000000060e800000| PB 0x000000060e800000| Untracked 
|  59|0x000000060ec00000, 0x000000060f000000, 0x000000060f000000|100%| O|  |TAMS 0x000000060ec00000| PB 0x000000060ec00000| Untracked 
|  60|0x000000060f000000, 0x000000060f400000, 0x000000060f400000|100%| O|  |TAMS 0x000000060f000000| PB 0x000000060f000000| Untracked 
|  61|0x000000060f400000, 0x000000060f800000, 0x000000060f800000|100%| O|  |TAMS 0x000000060f400000| PB 0x000000060f400000| Untracked 
|  62|0x000000060f800000, 0x000000060fc00000, 0x000000060fc00000|100%| O|  |TAMS 0x000000060f800000| PB 0x000000060f800000| Untracked 
|  63|0x000000060fc00000, 0x0000000610000000, 0x0000000610000000|100%| O|  |TAMS 0x000000060fc00000| PB 0x000000060fc00000| Untracked 
|  64|0x0000000610000000, 0x0000000610400000, 0x0000000610400000|100%| O|  |TAMS 0x0000000610000000| PB 0x0000000610000000| Untracked 
|  65|0x0000000610400000, 0x0000000610800000, 0x0000000610800000|100%| O|  |TAMS 0x0000000610400000| PB 0x0000000610400000| Untracked 
|  66|0x0000000610800000, 0x0000000610c00000, 0x0000000610c00000|100%| O|  |TAMS 0x0000000610800000| PB 0x0000000610800000| Untracked 
|  67|0x0000000610c00000, 0x0000000611000000, 0x0000000611000000|100%| O|  |TAMS 0x0000000610c00000| PB 0x0000000610c00000| Untracked 
|  68|0x0000000611000000, 0x0000000611400000, 0x0000000611400000|100%| O|  |TAMS 0x0000000611000000| PB 0x0000000611000000| Untracked 
|  69|0x0000000611400000, 0x0000000611800000, 0x0000000611800000|100%| O|  |TAMS 0x0000000611400000| PB 0x0000000611400000| Untracked 
|  70|0x0000000611800000, 0x0000000611800000, 0x0000000611c00000|  0%| F|  |TAMS 0x0000000611800000| PB 0x0000000611800000| Untracked 
|  71|0x0000000611c00000, 0x0000000612000000, 0x0000000612000000|100%| O|  |TAMS 0x0000000611c00000| PB 0x0000000611c00000| Untracked 
|  72|0x0000000612000000, 0x0000000612400000, 0x0000000612400000|100%| O|  |TAMS 0x0000000612000000| PB 0x0000000612000000| Untracked 
|  73|0x0000000612400000, 0x0000000612800000, 0x0000000612800000|100%| O|  |TAMS 0x0000000612400000| PB 0x0000000612400000| Untracked 
|  74|0x0000000612800000, 0x0000000612c00000, 0x0000000612c00000|100%| O|  |TAMS 0x0000000612800000| PB 0x0000000612800000| Untracked 
|  75|0x0000000612c00000, 0x0000000613000000, 0x0000000613000000|100%| O|  |TAMS 0x0000000612c00000| PB 0x0000000612c00000| Untracked 
|  76|0x0000000613000000, 0x0000000613400000, 0x0000000613400000|100%| O|  |TAMS 0x0000000613000000| PB 0x0000000613000000| Untracked 
|  77|0x0000000613400000, 0x0000000613800000, 0x0000000613800000|100%| O|  |TAMS 0x0000000613400000| PB 0x0000000613400000| Untracked 
|  78|0x0000000613800000, 0x0000000613800000, 0x0000000613c00000|  0%| F|  |TAMS 0x0000000613800000| PB 0x0000000613800000| Untracked 
|  79|0x0000000613c00000, 0x0000000614000000, 0x0000000614000000|100%| O|  |TAMS 0x0000000613c00000| PB 0x0000000613c00000| Untracked 
|  80|0x0000000614000000, 0x0000000614400000, 0x0000000614400000|100%| O|  |TAMS 0x0000000614000000| PB 0x0000000614000000| Untracked 
|  81|0x0000000614400000, 0x0000000614800000, 0x0000000614800000|100%| O|  |TAMS 0x0000000614400000| PB 0x0000000614400000| Untracked 
|  82|0x0000000614800000, 0x0000000614c00000, 0x0000000614c00000|100%| O|  |TAMS 0x0000000614800000| PB 0x0000000614800000| Untracked 
|  83|0x0000000614c00000, 0x0000000615000000, 0x0000000615000000|100%| O|  |TAMS 0x0000000614c00000| PB 0x0000000614c00000| Untracked 
|  84|0x0000000615000000, 0x0000000615400000, 0x0000000615400000|100%| O|  |TAMS 0x0000000615000000| PB 0x0000000615000000| Untracked 
|  85|0x0000000615400000, 0x0000000615800000, 0x0000000615800000|100%| O|  |TAMS 0x0000000615400000| PB 0x0000000615400000| Untracked 
|  86|0x0000000615800000, 0x0000000615c00000, 0x0000000615c00000|100%| O|  |TAMS 0x0000000615800000| PB 0x0000000615800000| Untracked 
|  87|0x0000000615c00000, 0x0000000616000000, 0x0000000616000000|100%| O|  |TAMS 0x0000000615c00000| PB 0x0000000615c00000| Untracked 
|  88|0x0000000616000000, 0x0000000616400000, 0x0000000616400000|100%| O|  |TAMS 0x0000000616000000| PB 0x0000000616000000| Untracked 
|  89|0x0000000616400000, 0x0000000616800000, 0x0000000616800000|100%| O|  |TAMS 0x0000000616400000| PB 0x0000000616400000| Untracked 
|  90|0x0000000616800000, 0x0000000616c00000, 0x0000000616c00000|100%| O|  |TAMS 0x0000000616800000| PB 0x0000000616800000| Untracked 
|  91|0x0000000616c00000, 0x0000000617000000, 0x0000000617000000|100%| O|  |TAMS 0x0000000616c00000| PB 0x0000000616c00000| Untracked 
|  92|0x0000000617000000, 0x0000000617400000, 0x0000000617400000|100%| O|  |TAMS 0x0000000617000000| PB 0x0000000617000000| Untracked 
|  93|0x0000000617400000, 0x0000000617800000, 0x0000000617800000|100%| O|  |TAMS 0x0000000617400000| PB 0x0000000617400000| Untracked 
|  94|0x0000000617800000, 0x0000000617c00000, 0x0000000617c00000|100%| O|  |TAMS 0x0000000617800000| PB 0x0000000617800000| Untracked 
|  95|0x0000000617c00000, 0x0000000618000000, 0x0000000618000000|100%| O|  |TAMS 0x0000000617c00000| PB 0x0000000617c00000| Untracked 
|  96|0x0000000618000000, 0x0000000618000000, 0x0000000618400000|  0%| F|  |TAMS 0x0000000618000000| PB 0x0000000618000000| Untracked 
|  97|0x0000000618400000, 0x0000000618400000, 0x0000000618800000|  0%| F|  |TAMS 0x0000000618400000| PB 0x0000000618400000| Untracked 
|  98|0x0000000618800000, 0x0000000618800000, 0x0000000618c00000|  0%| F|  |TAMS 0x0000000618800000| PB 0x0000000618800000| Untracked 
|  99|0x0000000618c00000, 0x0000000618c00000, 0x0000000619000000|  0%| F|  |TAMS 0x0000000618c00000| PB 0x0000000618c00000| Untracked 
| 100|0x0000000619000000, 0x0000000619000000, 0x0000000619400000|  0%| F|  |TAMS 0x0000000619000000| PB 0x0000000619000000| Untracked 
| 101|0x0000000619400000, 0x0000000619400000, 0x0000000619800000|  0%| F|  |TAMS 0x0000000619400000| PB 0x0000000619400000| Untracked 
| 102|0x0000000619800000, 0x0000000619800000, 0x0000000619c00000|  0%| F|  |TAMS 0x0000000619800000| PB 0x0000000619800000| Untracked 
| 103|0x0000000619c00000, 0x0000000619c00000, 0x000000061a000000|  0%| F|  |TAMS 0x0000000619c00000| PB 0x0000000619c00000| Untracked 
| 104|0x000000061a000000, 0x000000061a000000, 0x000000061a400000|  0%| F|  |TAMS 0x000000061a000000| PB 0x000000061a000000| Untracked 
| 105|0x000000061a400000, 0x000000061a400000, 0x000000061a800000|  0%| F|  |TAMS 0x000000061a400000| PB 0x000000061a400000| Untracked 
| 106|0x000000061a800000, 0x000000061a800000, 0x000000061ac00000|  0%| F|  |TAMS 0x000000061a800000| PB 0x000000061a800000| Untracked 
| 107|0x000000061ac00000, 0x000000061ac00000, 0x000000061b000000|  0%| F|  |TAMS 0x000000061ac00000| PB 0x000000061ac00000| Untracked 
| 108|0x000000061b000000, 0x000000061b000000, 0x000000061b400000|  0%| F|  |TAMS 0x000000061b000000| PB 0x000000061b000000| Untracked 
| 109|0x000000061b400000, 0x000000061b400000, 0x000000061b800000|  0%| F|  |TAMS 0x000000061b400000| PB 0x000000061b400000| Untracked 
| 110|0x000000061b800000, 0x000000061b800000, 0x000000061bc00000|  0%| F|  |TAMS 0x000000061b800000| PB 0x000000061b800000| Untracked 
| 111|0x000000061bc00000, 0x000000061bc00000, 0x000000061c000000|  0%| F|  |TAMS 0x000000061bc00000| PB 0x000000061bc00000| Untracked 
| 112|0x000000061c000000, 0x000000061c000000, 0x000000061c400000|  0%| F|  |TAMS 0x000000061c000000| PB 0x000000061c000000| Untracked 
| 113|0x000000061c400000, 0x000000061c400000, 0x000000061c800000|  0%| F|  |TAMS 0x000000061c400000| PB 0x000000061c400000| Untracked 
| 114|0x000000061c800000, 0x000000061c800000, 0x000000061cc00000|  0%| F|  |TAMS 0x000000061c800000| PB 0x000000061c800000| Untracked 
| 115|0x000000061cc00000, 0x000000061cc00000, 0x000000061d000000|  0%| F|  |TAMS 0x000000061cc00000| PB 0x000000061cc00000| Untracked 
| 116|0x000000061d000000, 0x000000061d000000, 0x000000061d400000|  0%| F|  |TAMS 0x000000061d000000| PB 0x000000061d000000| Untracked 
| 117|0x000000061d400000, 0x000000061d400000, 0x000000061d800000|  0%| F|  |TAMS 0x000000061d400000| PB 0x000000061d400000| Untracked 
| 118|0x000000061d800000, 0x000000061d800000, 0x000000061dc00000|  0%| F|  |TAMS 0x000000061d800000| PB 0x000000061d800000| Untracked 
| 119|0x000000061dc00000, 0x000000061dc00000, 0x000000061e000000|  0%| F|  |TAMS 0x000000061dc00000| PB 0x000000061dc00000| Untracked 
| 120|0x000000061e000000, 0x000000061e0c9d20, 0x000000061e400000| 19%| S|CS|TAMS 0x000000061e000000| PB 0x000000061e000000| Complete 
| 121|0x000000061e400000, 0x000000061e800000, 0x000000061e800000|100%| S|CS|TAMS 0x000000061e400000| PB 0x000000061e400000| Complete 
| 122|0x000000061e800000, 0x000000061ec00000, 0x000000061ec00000|100%| S|CS|TAMS 0x000000061e800000| PB 0x000000061e800000| Complete 
| 123|0x000000061ec00000, 0x000000061f000000, 0x000000061f000000|100%| S|CS|TAMS 0x000000061ec00000| PB 0x000000061ec00000| Complete 
| 124|0x000000061f000000, 0x000000061f400000, 0x000000061f400000|100%| S|CS|TAMS 0x000000061f000000| PB 0x000000061f000000| Complete 
| 125|0x000000061f400000, 0x000000061f800000, 0x000000061f800000|100%| S|CS|TAMS 0x000000061f400000| PB 0x000000061f400000| Complete 
| 126|0x000000061f800000, 0x000000061f800000, 0x000000061fc00000|  0%| F|  |TAMS 0x000000061f800000| PB 0x000000061f800000| Untracked 
| 127|0x000000061fc00000, 0x000000061fc00000, 0x0000000620000000|  0%| F|  |TAMS 0x000000061fc00000| PB 0x000000061fc00000| Untracked 
| 128|0x0000000620000000, 0x0000000620000000, 0x0000000620400000|  0%| F|  |TAMS 0x0000000620000000| PB 0x0000000620000000| Untracked 
| 129|0x0000000620400000, 0x0000000620400000, 0x0000000620800000|  0%| F|  |TAMS 0x0000000620400000| PB 0x0000000620400000| Untracked 
| 130|0x0000000620800000, 0x0000000620800000, 0x0000000620c00000|  0%| F|  |TAMS 0x0000000620800000| PB 0x0000000620800000| Untracked 
| 131|0x0000000620c00000, 0x0000000620c00000, 0x0000000621000000|  0%| F|  |TAMS 0x0000000620c00000| PB 0x0000000620c00000| Untracked 
| 132|0x0000000621000000, 0x0000000621000000, 0x0000000621400000|  0%| F|  |TAMS 0x0000000621000000| PB 0x0000000621000000| Untracked 
| 133|0x0000000621400000, 0x0000000621400000, 0x0000000621800000|  0%| F|  |TAMS 0x0000000621400000| PB 0x0000000621400000| Untracked 
| 134|0x0000000621800000, 0x0000000621800000, 0x0000000621c00000|  0%| F|  |TAMS 0x0000000621800000| PB 0x0000000621800000| Untracked 
| 135|0x0000000621c00000, 0x0000000621c00000, 0x0000000622000000|  0%| F|  |TAMS 0x0000000621c00000| PB 0x0000000621c00000| Untracked 
| 136|0x0000000622000000, 0x0000000622000000, 0x0000000622400000|  0%| F|  |TAMS 0x0000000622000000| PB 0x0000000622000000| Untracked 
| 137|0x0000000622400000, 0x0000000622400000, 0x0000000622800000|  0%| F|  |TAMS 0x0000000622400000| PB 0x0000000622400000| Untracked 
| 138|0x0000000622800000, 0x0000000622800000, 0x0000000622c00000|  0%| F|  |TAMS 0x0000000622800000| PB 0x0000000622800000| Untracked 
| 139|0x0000000622c00000, 0x0000000622c00000, 0x0000000623000000|  0%| F|  |TAMS 0x0000000622c00000| PB 0x0000000622c00000| Untracked 
| 140|0x0000000623000000, 0x0000000623000000, 0x0000000623400000|  0%| F|  |TAMS 0x0000000623000000| PB 0x0000000623000000| Untracked 
| 141|0x0000000623400000, 0x0000000623400000, 0x0000000623800000|  0%| F|  |TAMS 0x0000000623400000| PB 0x0000000623400000| Untracked 
| 142|0x0000000623800000, 0x0000000623800000, 0x0000000623c00000|  0%| F|  |TAMS 0x0000000623800000| PB 0x0000000623800000| Untracked 
| 143|0x0000000623c00000, 0x0000000623c00000, 0x0000000624000000|  0%| F|  |TAMS 0x0000000623c00000| PB 0x0000000623c00000| Untracked 
| 144|0x0000000624000000, 0x0000000624000000, 0x0000000624400000|  0%| F|  |TAMS 0x0000000624000000| PB 0x0000000624000000| Untracked 
| 145|0x0000000624400000, 0x0000000624400000, 0x0000000624800000|  0%| F|  |TAMS 0x0000000624400000| PB 0x0000000624400000| Untracked 
| 146|0x0000000624800000, 0x0000000624800000, 0x0000000624c00000|  0%| F|  |TAMS 0x0000000624800000| PB 0x0000000624800000| Untracked 
| 147|0x0000000624c00000, 0x0000000624c00000, 0x0000000625000000|  0%| F|  |TAMS 0x0000000624c00000| PB 0x0000000624c00000| Untracked 
| 148|0x0000000625000000, 0x0000000625000000, 0x0000000625400000|  0%| F|  |TAMS 0x0000000625000000| PB 0x0000000625000000| Untracked 
| 149|0x0000000625400000, 0x0000000625400000, 0x0000000625800000|  0%| F|  |TAMS 0x0000000625400000| PB 0x0000000625400000| Untracked 
| 150|0x0000000625800000, 0x0000000625800000, 0x0000000625c00000|  0%| F|  |TAMS 0x0000000625800000| PB 0x0000000625800000| Untracked 
| 151|0x0000000625c00000, 0x0000000625c00000, 0x0000000626000000|  0%| F|  |TAMS 0x0000000625c00000| PB 0x0000000625c00000| Untracked 
| 152|0x0000000626000000, 0x0000000626000000, 0x0000000626400000|  0%| F|  |TAMS 0x0000000626000000| PB 0x0000000626000000| Untracked 
| 153|0x0000000626400000, 0x0000000626400000, 0x0000000626800000|  0%| F|  |TAMS 0x0000000626400000| PB 0x0000000626400000| Untracked 
| 154|0x0000000626800000, 0x0000000626800000, 0x0000000626c00000|  0%| F|  |TAMS 0x0000000626800000| PB 0x0000000626800000| Untracked 
| 155|0x0000000626c00000, 0x0000000626c00000, 0x0000000627000000|  0%| F|  |TAMS 0x0000000626c00000| PB 0x0000000626c00000| Untracked 
| 156|0x0000000627000000, 0x0000000627000000, 0x0000000627400000|  0%| F|  |TAMS 0x0000000627000000| PB 0x0000000627000000| Untracked 
| 157|0x0000000627400000, 0x0000000627400000, 0x0000000627800000|  0%| F|  |TAMS 0x0000000627400000| PB 0x0000000627400000| Untracked 
| 158|0x0000000627800000, 0x0000000627800000, 0x0000000627c00000|  0%| F|  |TAMS 0x0000000627800000| PB 0x0000000627800000| Untracked 
| 159|0x0000000627c00000, 0x0000000627c00000, 0x0000000628000000|  0%| F|  |TAMS 0x0000000627c00000| PB 0x0000000627c00000| Untracked 
| 160|0x0000000628000000, 0x0000000628000000, 0x0000000628400000|  0%| F|  |TAMS 0x0000000628000000| PB 0x0000000628000000| Untracked 
| 161|0x0000000628400000, 0x0000000628400000, 0x0000000628800000|  0%| F|  |TAMS 0x0000000628400000| PB 0x0000000628400000| Untracked 
| 162|0x0000000628800000, 0x0000000628800000, 0x0000000628c00000|  0%| F|  |TAMS 0x0000000628800000| PB 0x0000000628800000| Untracked 
| 163|0x0000000628c00000, 0x0000000628c00000, 0x0000000629000000|  0%| F|  |TAMS 0x0000000628c00000| PB 0x0000000628c00000| Untracked 
| 164|0x0000000629000000, 0x0000000629000000, 0x0000000629400000|  0%| F|  |TAMS 0x0000000629000000| PB 0x0000000629000000| Untracked 
| 165|0x0000000629400000, 0x0000000629400000, 0x0000000629800000|  0%| F|  |TAMS 0x0000000629400000| PB 0x0000000629400000| Untracked 
| 166|0x0000000629800000, 0x0000000629800000, 0x0000000629c00000|  0%| F|  |TAMS 0x0000000629800000| PB 0x0000000629800000| Untracked 
| 167|0x0000000629c00000, 0x0000000629c00000, 0x000000062a000000|  0%| F|  |TAMS 0x0000000629c00000| PB 0x0000000629c00000| Untracked 
| 168|0x000000062a000000, 0x000000062a000000, 0x000000062a400000|  0%| F|  |TAMS 0x000000062a000000| PB 0x000000062a000000| Untracked 
| 169|0x000000062a400000, 0x000000062a400000, 0x000000062a800000|  0%| F|  |TAMS 0x000000062a400000| PB 0x000000062a400000| Untracked 
| 170|0x000000062a800000, 0x000000062a800000, 0x000000062ac00000|  0%| F|  |TAMS 0x000000062a800000| PB 0x000000062a800000| Untracked 
| 171|0x000000062ac00000, 0x000000062ac00000, 0x000000062b000000|  0%| F|  |TAMS 0x000000062ac00000| PB 0x000000062ac00000| Untracked 
| 172|0x000000062b000000, 0x000000062b000000, 0x000000062b400000|  0%| F|  |TAMS 0x000000062b000000| PB 0x000000062b000000| Untracked 
| 173|0x000000062b400000, 0x000000062b400000, 0x000000062b800000|  0%| F|  |TAMS 0x000000062b400000| PB 0x000000062b400000| Untracked 
| 174|0x000000062b800000, 0x000000062bc00000, 0x000000062bc00000|100%| E|  |TAMS 0x000000062b800000| PB 0x000000062b800000| Complete 
| 175|0x000000062bc00000, 0x000000062c000000, 0x000000062c000000|100%| E|CS|TAMS 0x000000062bc00000| PB 0x000000062bc00000| Complete 
| 176|0x000000062c000000, 0x000000062c400000, 0x000000062c400000|100%| E|CS|TAMS 0x000000062c000000| PB 0x000000062c000000| Complete 
| 177|0x000000062c400000, 0x000000062c800000, 0x000000062c800000|100%| E|CS|TAMS 0x000000062c400000| PB 0x000000062c400000| Complete 
| 178|0x000000062c800000, 0x000000062cc00000, 0x000000062cc00000|100%| E|CS|TAMS 0x000000062c800000| PB 0x000000062c800000| Complete 

Card table byte_map: [0x0000017874c70000,0x0000017875c70000] _byte_map_base: 0x0000017871c70000

Marking Bits: (CMBitMap*) 0x000001787dcb15d0
 Bits: [0x0000017875c70000, 0x000001787dc70000)

Polling page: 0x000001785f4a0000

Metaspace:

Usage:
  Non-class:     60.62 MB used.
      Class:      6.62 MB used.
       Both:     67.24 MB used.

Virtual space:
  Non-class space:       64.00 MB reserved,      61.50 MB ( 96%) committed,  1 nodes.
      Class space:        1.00 GB reserved,       7.25 MB ( <1%) committed,  1 nodes.
             Both:        1.06 GB reserved,      68.75 MB (  6%) committed. 

Chunk freelists:
   Non-Class:  2.52 MB
       Class:  8.76 MB
        Both:  11.27 MB

MaxMetaspaceSize: unlimited
CompressedClassSpaceSize: 1.00 GB
Initial GC threshold: 21.00 MB
Current GC threshold: 110.88 MB
CDS: on
 - commit_granule_bytes: 65536.
 - commit_granule_words: 8192.
 - virtual_space_node_default_size: 8388608.
 - enlarge_chunks_in_place: 1.
 - use_allocation_guard: 0.


Internal statistics:

num_allocs_failed_limit: 6.
num_arena_births: 1438.
num_arena_deaths: 20.
num_vsnodes_births: 2.
num_vsnodes_deaths: 0.
num_space_committed: 1104.
num_space_uncommitted: 3.
num_chunks_returned_to_freelist: 58.
num_chunks_taken_from_freelist: 4900.
num_chunk_merges: 19.
num_chunk_splits: 2939.
num_chunks_enlarged: 1551.
num_inconsistent_stats: 0.

CodeHeap 'non-profiled nmethods': size=120000Kb used=10496Kb max_used=10496Kb free=109503Kb
 bounds [0x000001786c410000, 0x000001786ce60000, 0x0000017873940000]
CodeHeap 'profiled nmethods': size=120000Kb used=32410Kb max_used=32410Kb free=87590Kb
 bounds [0x0000017864940000, 0x00000178668f0000, 0x000001786be70000]
CodeHeap 'non-nmethods': size=5760Kb used=1732Kb max_used=1835Kb free=4028Kb
 bounds [0x000001786be70000, 0x000001786c0e0000, 0x000001786c410000]
 total_blobs=14658 nmethods=13903 adapters=658
 compilation: enabled
              stopped_count=0, restarted_count=0
 full_count=0

Compilation events (20 events):
Event: 23.391 Thread 0x00000178007c7660 nmethod 16862 0x000001786ce41e10 code [0x000001786ce41fa0, 0x000001786ce42070]
Event: 23.400 Thread 0x00000178007c7660 16863       2       org.eclipse.m2e.core.internal.embedder.FilterRepositorySystemSession::setTransferListener (18 bytes)
Event: 23.400 Thread 0x00000178007c7660 nmethod 16863 0x00000178668dbf90 code [0x00000178668dc140, 0x00000178668dc3a8]
Event: 23.400 Thread 0x00000178007c7660 16865       2       org.apache.maven.RepositoryUtils::toPolicy (28 bytes)
Event: 23.401 Thread 0x00000178007c7660 nmethod 16865 0x00000178668dc510 code [0x00000178668dc6c0, 0x00000178668dc870]
Event: 23.401 Thread 0x00000178007c7660 16864       1       org.apache.maven.artifact.repository.layout.DefaultRepositoryLayout::getId (3 bytes)
Event: 23.401 Thread 0x00000178007c7660 nmethod 16864 0x000001786ce42110 code [0x000001786ce422a0, 0x000001786ce42370]
Event: 23.402 Thread 0x00000178007c7660 16866       2       org.eclipse.core.internal.jobs.InternalJob::wakeUp (9 bytes)
Event: 23.402 Thread 0x00000178007c7660 nmethod 16866 0x00000178668dc990 code [0x00000178668dcb40, 0x00000178668dcc78]
Event: 23.402 Thread 0x00000178007c7660 16867 % !   3       com.google.inject.spi.InjectionPoint::getInjectionPoints @ 102 (491 bytes)
Event: 23.406 Thread 0x00000178007c7660 nmethod 16867% 0x00000178668dcd10 code [0x00000178668dd340, 0x00000178668e0b40]
Event: 23.406 Thread 0x00000178007c7660 16869       2       org.eclipse.sisu.bean.BeanPropertyIterator::next (5 bytes)
Event: 23.407 Thread 0x00000178007c7660 nmethod 16869 0x00000178668e2210 code [0x00000178668e23e0, 0x00000178668e2618]
Event: 23.407 Thread 0x00000178007c7660 16870       2       org.eclipse.sisu.bean.BeanPropertyIterator::next (27 bytes)
Event: 23.407 Thread 0x00000178007c7660 nmethod 16870 0x00000178668e2710 code [0x00000178668e28e0, 0x00000178668e2b18]
Event: 23.407 Thread 0x00000178007c7660 16868       1       org.eclipse.sisu.plexus.ComponentDescriptorBeanModule$ComponentMetadata::getConfiguration (2 bytes)
Event: 23.407 Thread 0x00000178007c7660 nmethod 16868 0x000001786ce42410 code [0x000001786ce425a0, 0x000001786ce42670]
Event: 23.408 Thread 0x00000178007c7660 16871       1       org.eclipse.core.internal.events.ResourceChangeEvent::getDelta (5 bytes)
Event: 23.408 Thread 0x00000178007c7660 nmethod 16871 0x000001786ce42710 code [0x000001786ce428a0, 0x000001786ce42970]
Event: 23.413 Thread 0x00000178468d46e0 nmethod 16761 0x000001786ce42a10 code [0x000001786ce42d00, 0x000001786ce44b50]

GC Heap History (20 events):
Event: 14.709 GC heap before
{Heap before GC invocations=32 (full 0):
 garbage-first heap   total 409600K, used 339968K [0x0000000600000000, 0x0000000800000000)
  region size 4096K, 36 young (147456K), 5 survivors (20480K)
 Metaspace       used 61961K, committed 63488K, reserved 1114112K
  class space    used 6228K, committed 6912K, reserved 1048576K
}
Event: 14.727 GC heap after
{Heap after GC invocations=33 (full 0):
 garbage-first heap   total 409600K, used 236257K [0x0000000600000000, 0x0000000800000000)
  region size 4096K, 5 young (20480K), 5 survivors (20480K)
 Metaspace       used 61961K, committed 63488K, reserved 1114112K
  class space    used 6228K, committed 6912K, reserved 1048576K
}
Event: 15.438 GC heap before
{Heap before GC invocations=33 (full 0):
 garbage-first heap   total 409600K, used 346849K [0x0000000600000000, 0x0000000800000000)
  region size 4096K, 33 young (135168K), 5 survivors (20480K)
 Metaspace       used 62590K, committed 64064K, reserved 1114112K
  class space    used 6304K, committed 6976K, reserved 1048576K
}
Event: 15.456 GC heap after
{Heap after GC invocations=34 (full 0):
 garbage-first heap   total 409600K, used 255806K [0x0000000600000000, 0x0000000800000000)
  region size 4096K, 5 young (20480K), 5 survivors (20480K)
 Metaspace       used 62590K, committed 64064K, reserved 1114112K
  class space    used 6304K, committed 6976K, reserved 1048576K
}
Event: 16.063 GC heap before
{Heap before GC invocations=35 (full 0):
 garbage-first heap   total 430080K, used 358206K [0x0000000600000000, 0x0000000800000000)
  region size 4096K, 31 young (126976K), 5 survivors (20480K)
 Metaspace       used 63541K, committed 65024K, reserved 1114112K
  class space    used 6375K, committed 7040K, reserved 1048576K
}
Event: 16.077 GC heap after
{Heap after GC invocations=36 (full 0):
 garbage-first heap   total 430080K, used 275212K [0x0000000600000000, 0x0000000800000000)
  region size 4096K, 4 young (16384K), 4 survivors (16384K)
 Metaspace       used 63541K, committed 65024K, reserved 1114112K
  class space    used 6375K, committed 7040K, reserved 1048576K
}
Event: 17.150 GC heap before
{Heap before GC invocations=36 (full 0):
 garbage-first heap   total 430080K, used 373516K [0x0000000600000000, 0x0000000800000000)
  region size 4096K, 29 young (118784K), 4 survivors (16384K)
 Metaspace       used 65451K, committed 67008K, reserved 1114112K
  class space    used 6591K, committed 7232K, reserved 1048576K
}
Event: 17.169 GC heap after
{Heap after GC invocations=37 (full 0):
 garbage-first heap   total 552960K, used 282566K [0x0000000600000000, 0x0000000800000000)
  region size 4096K, 4 young (16384K), 4 survivors (16384K)
 Metaspace       used 65451K, committed 67008K, reserved 1114112K
  class space    used 6591K, committed 7232K, reserved 1048576K
}
Event: 17.787 GC heap before
{Heap before GC invocations=37 (full 0):
 garbage-first heap   total 552960K, used 462790K [0x0000000600000000, 0x0000000800000000)
  region size 4096K, 49 young (200704K), 4 survivors (16384K)
 Metaspace       used 65910K, committed 67456K, reserved 1114112K
  class space    used 6640K, committed 7296K, reserved 1048576K
}
Event: 17.807 GC heap after
{Heap after GC invocations=38 (full 0):
 garbage-first heap   total 552960K, used 320809K [0x0000000600000000, 0x0000000800000000)
  region size 4096K, 7 young (28672K), 7 survivors (28672K)
 Metaspace       used 65910K, committed 67456K, reserved 1114112K
  class space    used 6640K, committed 7296K, reserved 1048576K
}
Event: 18.576 GC heap before
{Heap before GC invocations=38 (full 0):
 garbage-first heap   total 552960K, used 472361K [0x0000000600000000, 0x0000000800000000)
  region size 4096K, 45 young (184320K), 7 survivors (28672K)
 Metaspace       used 66376K, committed 67968K, reserved 1114112K
  class space    used 6674K, committed 7360K, reserved 1048576K
}
Event: 18.599 GC heap after
{Heap after GC invocations=39 (full 0):
 garbage-first heap   total 552960K, used 347121K [0x0000000600000000, 0x0000000800000000)
  region size 4096K, 6 young (24576K), 6 survivors (24576K)
 Metaspace       used 66376K, committed 67968K, reserved 1114112K
  class space    used 6674K, committed 7360K, reserved 1048576K
}
Event: 19.121 GC heap before
{Heap before GC invocations=39 (full 0):
 garbage-first heap   total 552960K, used 482289K [0x0000000600000000, 0x0000000800000000)
  region size 4096K, 40 young (163840K), 6 survivors (24576K)
 Metaspace       used 66750K, committed 68288K, reserved 1114112K
  class space    used 6707K, committed 7360K, reserved 1048576K
}
Event: 19.140 GC heap after
{Heap after GC invocations=40 (full 0):
 garbage-first heap   total 552960K, used 361098K [0x0000000600000000, 0x0000000800000000)
  region size 4096K, 5 young (20480K), 5 survivors (20480K)
 Metaspace       used 66750K, committed 68288K, reserved 1114112K
  class space    used 6707K, committed 7360K, reserved 1048576K
}
Event: 20.973 GC heap before
{Heap before GC invocations=41 (full 0):
 garbage-first heap   total 610304K, used 483978K [0x0000000600000000, 0x0000000800000000)
  region size 4096K, 36 young (147456K), 5 survivors (20480K)
 Metaspace       used 67272K, committed 68864K, reserved 1114112K
  class space    used 6738K, committed 7424K, reserved 1048576K
}
Event: 20.996 GC heap after
{Heap after GC invocations=42 (full 0):
 garbage-first heap   total 610304K, used 382236K [0x0000000600000000, 0x0000000800000000)
  region size 4096K, 5 young (20480K), 5 survivors (20480K)
 Metaspace       used 67272K, committed 68864K, reserved 1114112K
  class space    used 6738K, committed 7424K, reserved 1048576K
}
Event: 21.888 GC heap before
{Heap before GC invocations=42 (full 0):
 garbage-first heap   total 610304K, used 525596K [0x0000000600000000, 0x0000000800000000)
  region size 4096K, 40 young (163840K), 5 survivors (20480K)
 Metaspace       used 67696K, committed 69248K, reserved 1114112K
  class space    used 6753K, committed 7424K, reserved 1048576K
}
Event: 21.907 GC heap after
{Heap after GC invocations=43 (full 0):
 garbage-first heap   total 733184K, used 385827K [0x0000000600000000, 0x0000000800000000)
  region size 4096K, 4 young (16384K), 4 survivors (16384K)
 Metaspace       used 67696K, committed 69248K, reserved 1114112K
  class space    used 6753K, committed 7424K, reserved 1048576K
}
Event: 23.237 GC heap before
{Heap before GC invocations=43 (full 0):
 garbage-first heap   total 733184K, used 602915K [0x0000000600000000, 0x0000000800000000)
  region size 4096K, 57 young (233472K), 4 survivors (16384K)
 Metaspace       used 68618K, committed 70144K, reserved 1114112K
  class space    used 6769K, committed 7424K, reserved 1048576K
}
Event: 23.248 GC heap after
{Heap after GC invocations=44 (full 0):
 garbage-first heap   total 733184K, used 394023K [0x0000000600000000, 0x0000000800000000)
  region size 4096K, 6 young (24576K), 6 survivors (24576K)
 Metaspace       used 68618K, committed 70144K, reserved 1114112K
  class space    used 6769K, committed 7424K, reserved 1048576K
}

Dll operation events (10 events):
Event: 0.015 Loaded shared library c:\Users\hyper\.vscode\extensions\redhat.java-1.42.2025041008-win32-x64\jre\21.0.6-win32-x86_64\bin\java.dll
Event: 0.131 Loaded shared library c:\Users\hyper\.vscode\extensions\redhat.java-1.42.2025041008-win32-x64\jre\21.0.6-win32-x86_64\bin\zip.dll
Event: 0.169 Loaded shared library C:\Users\hyper\.vscode\extensions\redhat.java-1.42.2025041008-win32-x64\jre\21.0.6-win32-x86_64\bin\instrument.dll
Event: 0.178 Loaded shared library C:\Users\hyper\.vscode\extensions\redhat.java-1.42.2025041008-win32-x64\jre\21.0.6-win32-x86_64\bin\net.dll
Event: 0.181 Loaded shared library C:\Users\hyper\.vscode\extensions\redhat.java-1.42.2025041008-win32-x64\jre\21.0.6-win32-x86_64\bin\nio.dll
Event: 0.185 Loaded shared library C:\Users\hyper\.vscode\extensions\redhat.java-1.42.2025041008-win32-x64\jre\21.0.6-win32-x86_64\bin\zip.dll
Event: 0.212 Loaded shared library C:\Users\hyper\.vscode\extensions\redhat.java-1.42.2025041008-win32-x64\jre\21.0.6-win32-x86_64\bin\jimage.dll
Event: 0.341 Loaded shared library c:\Users\hyper\.vscode\extensions\redhat.java-1.42.2025041008-win32-x64\jre\21.0.6-win32-x86_64\bin\verify.dll
Event: 2.634 Loaded shared library C:\Users\hyper\AppData\Roaming\Code\User\globalStorage\redhat.java\1.42.2025041008\config_win\org.eclipse.equinox.launcher\org.eclipse.equinox.launcher.win32.win32.x86_64_1.2.1300.v20250331-1702\eclipse_11911.dll
Event: 4.423 Loaded shared library C:\Users\hyper\AppData\Local\Temp\jna-99761772\jna15184641722919037145.dll

Deoptimization events (20 events):
Event: 23.006 Thread 0x0000017846ff6db0 Uncommon trap: trap_request=0xffffff6e fr.pc=0x000001786ce1c8b0 relative=0x0000000000002070
Event: 23.006 Thread 0x0000017846ff6db0 Uncommon trap: reason=loop_limit_check action=maybe_recompile pc=0x000001786ce1c8b0 method=org.eclipse.jdt.internal.compiler.lookup.BlockScope.findLocalType([C)Lorg/eclipse/jdt/internal/compiler/lookup/ReferenceBinding; @ 104 c2
Event: 23.006 Thread 0x0000017846ff6db0 DEOPT PACKING pc=0x000001786ce1c8b0 sp=0x0000001f474fe0a0
Event: 23.006 Thread 0x0000017846ff6db0 DEOPT UNPACKING pc=0x000001786bec46a2 sp=0x0000001f474fdfb0 mode 2
Event: 23.013 Thread 0x0000017846ffa230 DEOPT PACKING pc=0x000001786646640e sp=0x0000001f47bfeb80
Event: 23.013 Thread 0x0000017846ffa230 DEOPT UNPACKING pc=0x000001786bec4e42 sp=0x0000001f47bfe078 mode 0
Event: 23.056 Thread 0x0000017846ffa230 DEOPT PACKING pc=0x00000178662b514d sp=0x0000001f47bff020
Event: 23.056 Thread 0x0000017846ffa230 DEOPT UNPACKING pc=0x000001786bec4e42 sp=0x0000001f47bfe4c0 mode 0
Event: 23.253 Thread 0x0000017846ff6db0 DEOPT PACKING pc=0x000001786594f704 sp=0x0000001f474fe9c0
Event: 23.253 Thread 0x0000017846ff6db0 DEOPT UNPACKING pc=0x000001786bec4e42 sp=0x0000001f474fde80 mode 0
Event: 23.293 Thread 0x0000017846ffa8c0 DEOPT PACKING pc=0x000001786667d3d7 sp=0x0000001f479fe580
Event: 23.293 Thread 0x0000017846ffa8c0 DEOPT UNPACKING pc=0x000001786bec4e42 sp=0x0000001f479fd9c0 mode 0
Event: 23.306 Thread 0x0000017846ffa8c0 Uncommon trap: trap_request=0xffffff45 fr.pc=0x000001786c670ed8 relative=0x00000000000001b8
Event: 23.306 Thread 0x0000017846ffa8c0 Uncommon trap: reason=unstable_if action=reinterpret pc=0x000001786c670ed8 method=java.util.stream.SpinedBuffer.accept(Ljava/lang/Object;)V @ 9 c2
Event: 23.306 Thread 0x0000017846ffa8c0 DEOPT PACKING pc=0x000001786c670ed8 sp=0x0000001f479fe230
Event: 23.306 Thread 0x0000017846ffa8c0 DEOPT UNPACKING pc=0x000001786bec46a2 sp=0x0000001f479fe1e8 mode 2
Event: 23.306 Thread 0x0000017846ffa8c0 Uncommon trap: trap_request=0xffffff45 fr.pc=0x000001786ce2790c relative=0x000000000000006c
Event: 23.306 Thread 0x0000017846ffa8c0 Uncommon trap: reason=unstable_if action=reinterpret pc=0x000001786ce2790c method=java.util.stream.AbstractSpinedBuffer.count()J @ 4 c2
Event: 23.306 Thread 0x0000017846ffa8c0 DEOPT PACKING pc=0x000001786ce2790c sp=0x0000001f479fe3b0
Event: 23.307 Thread 0x0000017846ffa8c0 DEOPT UNPACKING pc=0x000001786bec46a2 sp=0x0000001f479fe350 mode 2

Classes loaded (20 events):
Event: 16.483 Loading class java/util/Collections$SynchronizedList done
Event: 16.483 Loading class java/util/Collections$SynchronizedRandomAccessList done
Event: 16.623 Loading class java/util/concurrent/CompletableFuture$Signaller
Event: 16.623 Loading class java/util/concurrent/CompletableFuture$Signaller done
Event: 16.877 Loading class java/io/SequenceInputStream
Event: 16.877 Loading class java/io/SequenceInputStream done
Event: 17.067 Loading class java/util/Hashtable$KeySet
Event: 17.067 Loading class java/util/Hashtable$KeySet done
Event: 17.505 Loading class org/xml/sax/SAXNotRecognizedException
Event: 17.505 Loading class org/xml/sax/SAXNotRecognizedException done
Event: 17.505 Loading class org/xml/sax/SAXNotSupportedException
Event: 17.505 Loading class org/xml/sax/SAXNotSupportedException done
Event: 17.507 Loading class com/sun/org/apache/xerces/internal/util/URI
Event: 17.507 Loading class com/sun/org/apache/xerces/internal/util/URI done
Event: 17.515 Loading class com/sun/org/apache/xerces/internal/xni/XNIException
Event: 17.516 Loading class com/sun/org/apache/xerces/internal/xni/XNIException done
Event: 17.516 Loading class com/sun/org/apache/xerces/internal/xni/parser/XMLParseException
Event: 17.516 Loading class com/sun/org/apache/xerces/internal/xni/parser/XMLParseException done
Event: 20.875 Loading class sun/nio/fs/WindowsFileCopy
Event: 20.875 Loading class sun/nio/fs/WindowsFileCopy done

Classes unloaded (20 events):
Event: 19.408 Thread 0x000001787de63540 Unloading class 0x00000178026a3218 'org/apache/maven/plugin/compiler/DependencyCoordinate'
Event: 19.408 Thread 0x000001787de63540 Unloading class 0x00000178026a3028 'org/apache/maven/shared/utils/logging/MessageBuilder'
Event: 19.408 Thread 0x000001787de63540 Unloading class 0x00000178026a2b48 'org/codehaus/plexus/compiler/CompilerConfiguration'
Event: 19.408 Thread 0x000001787de63540 Unloading class 0x00000178026a28f8 'org/codehaus/plexus/compiler/util/scan/InclusionScanException'
Event: 19.408 Thread 0x000001787de63540 Unloading class 0x00000178026a2708 'org/codehaus/plexus/compiler/util/scan/mapping/SourceMapping'
Event: 19.408 Thread 0x000001787de63540 Unloading class 0x00000178026a24a8 'org/apache/maven/plugin/compiler/CompilationFailureException'
Event: 19.408 Thread 0x000001787de63540 Unloading class 0x00000178026a2258 'org/codehaus/plexus/compiler/CompilerException'
Event: 19.408 Thread 0x000001787de63540 Unloading class 0x00000178026a2000 'org/codehaus/plexus/compiler/manager/NoSuchCompilerException'
Event: 19.408 Thread 0x000001787de63540 Unloading class 0x00000178026a1d80 'org/codehaus/plexus/compiler/javac/JavaxToolsCompiler'
Event: 19.408 Thread 0x000001787de63540 Unloading class 0x00000178026a1b90 'org/codehaus/plexus/compiler/javac/InProcessCompiler'
Event: 19.408 Thread 0x000001787de63540 Unloading class 0x00000178026a18b0 'org/codehaus/plexus/compiler/javac/JavacCompiler'
Event: 19.408 Thread 0x000001787de63540 Unloading class 0x00000178026a1600 'org/codehaus/plexus/compiler/AbstractCompiler'
Event: 19.408 Thread 0x000001787de63540 Unloading class 0x00000178026a1410 'org/codehaus/plexus/compiler/Compiler'
Event: 19.408 Thread 0x000001787de63540 Unloading class 0x00000178026a11f0 'org/codehaus/plexus/compiler/manager/DefaultCompilerManager'
Event: 19.408 Thread 0x000001787de63540 Unloading class 0x00000178026a1000 'org/codehaus/plexus/compiler/manager/CompilerManager'
Event: 19.408 Thread 0x000001787de63540 Unloading class 0x00000178026a0c08 'org/codehaus/plexus/languages/java/jpms/LocationManager'
Event: 19.408 Thread 0x000001787de63540 Unloading class 0x00000178026a08d8 'org/apache/maven/plugin/compiler/TestCompilerMojo'
Event: 19.408 Thread 0x000001787de63540 Unloading class 0x00000178026a0660 'org/apache/maven/plugins/maven_compiler_plugin/HelpMojo'
Event: 19.408 Thread 0x000001787de63540 Unloading class 0x00000178026a0330 'org/apache/maven/plugin/compiler/CompilerMojo'
Event: 19.408 Thread 0x000001787de63540 Unloading class 0x00000178026a0000 'org/apache/maven/plugin/compiler/AbstractCompilerMojo'

Classes redefined (0 events):
No events

Internal exceptions (20 events):
Event: 21.206 Thread 0x0000017846ffa230 Exception <a 'sun/nio/fs/WindowsException'{0x0000000623c83810}> (0x0000000623c83810) 
thrown [s\src\hotspot\share\prims\jni.cpp, line 520]
Event: 21.327 Thread 0x0000017846ffa230 Exception <a 'sun/nio/fs/WindowsException'{0x0000000623f0c590}> (0x0000000623f0c590) 
thrown [s\src\hotspot\share\prims\jni.cpp, line 520]
Event: 21.719 Thread 0x0000017846ffa230 Exception <a 'sun/nio/fs/WindowsException'{0x000000061efa3798}> (0x000000061efa3798) 
thrown [s\src\hotspot\share\prims\jni.cpp, line 520]
Event: 21.720 Thread 0x0000017846ffa8c0 Exception <a 'sun/nio/fs/WindowsException'{0x0000000624dad808}> (0x0000000624dad808) 
thrown [s\src\hotspot\share\prims\jni.cpp, line 520]
Event: 21.766 Thread 0x0000017846ffa230 Exception <a 'sun/nio/fs/WindowsException'{0x000000061e4dbdf0}> (0x000000061e4dbdf0) 
thrown [s\src\hotspot\share\prims\jni.cpp, line 520]
Event: 21.912 Thread 0x0000017846ffa230 Exception <a 'sun/nio/fs/WindowsException'{0x000000062c8e6478}> (0x000000062c8e6478) 
thrown [s\src\hotspot\share\prims\jni.cpp, line 520]
Event: 21.969 Thread 0x0000017846ffa230 Exception <a 'sun/nio/fs/WindowsException'{0x000000062bce5360}> (0x000000062bce5360) 
thrown [s\src\hotspot\share\prims\jni.cpp, line 520]
Event: 22.290 Thread 0x0000017846ffa230 Exception <a 'sun/nio/fs/WindowsException'{0x0000000628ed8ef8}> (0x0000000628ed8ef8) 
thrown [s\src\hotspot\share\prims\jni.cpp, line 520]
Event: 22.312 Thread 0x0000017846ffa230 Exception <a 'sun/nio/fs/WindowsException'{0x0000000628f7a780}> (0x0000000628f7a780) 
thrown [s\src\hotspot\share\prims\jni.cpp, line 520]
Event: 22.368 Thread 0x0000017846ffa230 Exception <a 'sun/nio/fs/WindowsException'{0x00000006282be118}> (0x00000006282be118) 
thrown [s\src\hotspot\share\prims\jni.cpp, line 520]
Event: 22.440 Thread 0x0000017846ffa230 Exception <a 'sun/nio/fs/WindowsException'{0x0000000627ebb8c0}> (0x0000000627ebb8c0) 
thrown [s\src\hotspot\share\prims\jni.cpp, line 520]
Event: 22.560 Thread 0x0000017846ff6db0 Exception <a 'java/lang/NoSuchMethodError'{0x0000000626f0f2e8}: 'void java.lang.invoke.DirectMethodHandle$Holder.invokeStatic(java.lang.Object, int, java.lang.Object)'> (0x0000000626f0f2e8) 
thrown [s\src\hotspot\share\interpreter\linkResolver.cpp, line 773]
Event: 22.812 Thread 0x0000017846ffa230 Exception <a 'sun/nio/fs/WindowsException'{0x0000000623d7b648}> (0x0000000623d7b648) 
thrown [s\src\hotspot\share\prims\jni.cpp, line 520]
Event: 22.837 Thread 0x0000017846ffa230 Exception <a 'sun/nio/fs/WindowsException'{0x0000000623e1b7e8}> (0x0000000623e1b7e8) 
thrown [s\src\hotspot\share\prims\jni.cpp, line 520]
Event: 22.860 Thread 0x0000017846ffa230 Exception <a 'sun/nio/fs/WindowsException'{0x00000006239d9810}> (0x00000006239d9810) 
thrown [s\src\hotspot\share\prims\jni.cpp, line 520]
Event: 23.138 Thread 0x0000017846ffa230 Exception <a 'sun/nio/fs/WindowsException'{0x00000006209aebd8}> (0x00000006209aebd8) 
thrown [s\src\hotspot\share\prims\jni.cpp, line 520]
Event: 23.228 Thread 0x0000017846ffa230 Exception <a 'sun/nio/fs/WindowsException'{0x000000061fb8f2b8}> (0x000000061fb8f2b8) 
thrown [s\src\hotspot\share\prims\jni.cpp, line 520]
Event: 23.295 Thread 0x0000017846ffa230 Exception <a 'sun/nio/fs/WindowsException'{0x000000062c66de80}> (0x000000062c66de80) 
thrown [s\src\hotspot\share\prims\jni.cpp, line 520]
Event: 23.364 Thread 0x0000017846ffa8c0 Exception <a 'sun/nio/fs/WindowsException'{0x000000062c32bc08}> (0x000000062c32bc08) 
thrown [s\src\hotspot\share\prims\jni.cpp, line 520]
Event: 23.364 Thread 0x0000017846ffa8c0 Exception <a 'sun/nio/fs/WindowsException'{0x000000062c32c258}> (0x000000062c32c258) 
thrown [s\src\hotspot\share\prims\jni.cpp, line 520]

ZGC Phase Switch (0 events):
No events

VM Operations (20 events):
Event: 21.752 Executing VM operation: ICBufferFull
Event: 21.752 Executing VM operation: ICBufferFull done
Event: 21.888 Executing VM operation: G1CollectForAllocation (G1 Evacuation Pause)
Event: 21.907 Executing VM operation: G1CollectForAllocation (G1 Evacuation Pause) done
Event: 22.130 Executing VM operation: ICBufferFull
Event: 22.131 Executing VM operation: ICBufferFull done
Event: 22.384 Executing VM operation: ICBufferFull
Event: 22.384 Executing VM operation: ICBufferFull done
Event: 22.676 Executing VM operation: ICBufferFull
Event: 22.676 Executing VM operation: ICBufferFull done
Event: 22.787 Executing VM operation: HandshakeAllThreads (Deoptimize)
Event: 22.787 Executing VM operation: HandshakeAllThreads (Deoptimize) done
Event: 22.828 Executing VM operation: ICBufferFull
Event: 22.828 Executing VM operation: ICBufferFull done
Event: 22.863 Executing VM operation: HandshakeAllThreads (Deoptimize)
Event: 22.863 Executing VM operation: HandshakeAllThreads (Deoptimize) done
Event: 23.046 Executing VM operation: ICBufferFull
Event: 23.046 Executing VM operation: ICBufferFull done
Event: 23.237 Executing VM operation: G1CollectForAllocation (G1 Evacuation Pause)
Event: 23.248 Executing VM operation: G1CollectForAllocation (G1 Evacuation Pause) done

Memory protections (0 events):
No events

Nmethod flushes (20 events):
Event: 19.428 Thread 0x000001787de63540 flushing  nmethod 0x00000178658b2290
Event: 19.428 Thread 0x000001787de63540 flushing  nmethod 0x00000178658ba590
Event: 19.428 Thread 0x000001787de63540 flushing  nmethod 0x000001786592a190
Event: 19.428 Thread 0x000001787de63540 flushing  nmethod 0x000001786592a590
Event: 19.428 Thread 0x000001787de63540 flushing  nmethod 0x0000017865934210
Event: 19.428 Thread 0x000001787de63540 flushing  nmethod 0x0000017865971c10
Event: 19.428 Thread 0x000001787de63540 flushing  nmethod 0x0000017865973c10
Event: 19.428 Thread 0x000001787de63540 flushing  nmethod 0x0000017865a0dd10
Event: 19.428 Thread 0x000001787de63540 flushing  nmethod 0x0000017865a10510
Event: 19.428 Thread 0x000001787de63540 flushing  nmethod 0x0000017865a11810
Event: 19.428 Thread 0x000001787de63540 flushing osr nmethod 0x0000017865a42590
Event: 19.428 Thread 0x000001787de63540 flushing  nmethod 0x0000017865a43c10
Event: 19.428 Thread 0x000001787de63540 flushing  nmethod 0x0000017865a44710
Event: 19.428 Thread 0x000001787de63540 flushing  nmethod 0x0000017865a49d10
Event: 19.428 Thread 0x000001787de63540 flushing  nmethod 0x0000017865a4ae10
Event: 19.428 Thread 0x000001787de63540 flushing  nmethod 0x0000017865cc3890
Event: 19.428 Thread 0x000001787de63540 flushing  nmethod 0x0000017865e20c90
Event: 19.428 Thread 0x000001787de63540 flushing  nmethod 0x0000017865e24f90
Event: 19.428 Thread 0x000001787de63540 flushing  nmethod 0x0000017865e7ec10
Event: 19.428 Thread 0x000001787de63540 flushing  nmethod 0x0000017865fda290

Events (20 events):
Event: 17.237 Thread 0x0000017846ff3fc0 Thread added: 0x0000017848b51bd0
Event: 17.238 Thread 0x0000017846ff3fc0 Thread added: 0x0000017848b50190
Event: 17.330 Thread 0x0000017846ffa8c0 Thread added: 0x0000017848b50820
Event: 17.829 Thread 0x0000017848b51540 Thread exited: 0x0000017848b51540
Event: 17.830 Thread 0x0000017848b4e0c0 Thread exited: 0x0000017848b4e0c0
Event: 17.833 Thread 0x0000017848b50190 Thread exited: 0x0000017848b50190
Event: 17.834 Thread 0x0000017848b51bd0 Thread exited: 0x0000017848b51bd0
Event: 17.834 Thread 0x0000017848b4ede0 Thread exited: 0x0000017848b4ede0
Event: 18.550 Thread 0x0000017846ff7440 Thread added: 0x0000017848b4e0c0
Event: 19.567 Thread 0x0000017848b50820 Thread added: 0x00000178530cbd00
Event: 19.966 Thread 0x0000017846ff3fc0 Thread added: 0x00000178530cafe0
Event: 19.966 Thread 0x0000017846ff3fc0 Thread added: 0x00000178530c81f0
Event: 19.967 Thread 0x0000017846ff3fc0 Thread added: 0x00000178530cb670
Event: 19.967 Thread 0x0000017846ff3fc0 Thread added: 0x00000178530cd740
Event: 19.987 Thread 0x0000017846ff3fc0 Thread added: 0x00000178530c67b0
Event: 19.998 Thread 0x00000178530cafe0 Thread exited: 0x00000178530cafe0
Event: 19.998 Thread 0x00000178530cd740 Thread exited: 0x00000178530cd740
Event: 19.998 Thread 0x00000178530cb670 Thread exited: 0x00000178530cb670
Event: 19.998 Thread 0x00000178530c67b0 Thread exited: 0x00000178530c67b0
Event: 19.998 Thread 0x00000178530c81f0 Thread exited: 0x00000178530c81f0


Dynamic libraries:
0x00007ff79b960000 - 0x00007ff79b96e000 	c:\Users\hyper\.vscode\extensions\redhat.java-1.42.2025041008-win32-x64\jre\21.0.6-win32-x86_64\bin\java.exe
0x00007ffc40800000 - 0x00007ffc40a09000 	C:\WINDOWS\SYSTEM32\ntdll.dll
0x00007ffc3f5b0000 - 0x00007ffc3f66d000 	C:\WINDOWS\System32\KERNEL32.DLL
0x00007ffc3dfe0000 - 0x00007ffc3e364000 	C:\WINDOWS\System32\KERNELBASE.dll
0x00007ffc3dec0000 - 0x00007ffc3dfd1000 	C:\WINDOWS\System32\ucrtbase.dll
0x00007ffbe9de0000 - 0x00007ffbe9df8000 	c:\Users\hyper\.vscode\extensions\redhat.java-1.42.2025041008-win32-x64\jre\21.0.6-win32-x86_64\bin\jli.dll
0x00007ffbe9d90000 - 0x00007ffbe9dae000 	c:\Users\hyper\.vscode\extensions\redhat.java-1.42.2025041008-win32-x64\jre\21.0.6-win32-x86_64\bin\VCRUNTIME140.dll
0x00007ffc3f400000 - 0x00007ffc3f5ad000 	C:\WINDOWS\System32\USER32.dll
0x00007ffc3e370000 - 0x00007ffc3e396000 	C:\WINDOWS\System32\win32u.dll
0x00007ffc401d0000 - 0x00007ffc401fa000 	C:\WINDOWS\System32\GDI32.dll
0x00007ffc3dd00000 - 0x00007ffc3de1e000 	C:\WINDOWS\System32\gdi32full.dll
0x00007ffc3de20000 - 0x00007ffc3debd000 	C:\WINDOWS\System32\msvcp_win.dll
0x00007ffc32500000 - 0x00007ffc327a5000 	C:\WINDOWS\WinSxS\amd64_microsoft.windows.common-controls_6595b64144ccf1df_6.0.22000.120_none_9d947278b86cc467\COMCTL32.dll
0x00007ffc3fe50000 - 0x00007ffc3fef3000 	C:\WINDOWS\System32\msvcrt.dll
0x00007ffc3ff70000 - 0x00007ffc3ffa1000 	C:\WINDOWS\System32\IMM32.DLL
0x00007ffc3ea50000 - 0x00007ffc3eb71000 	C:\WINDOWS\System32\RPCRT4.dll
0x00007ffc3d640000 - 0x00007ffc3d64a000 	C:\WINDOWS\system32\version.dll
0x00007ffc3f150000 - 0x00007ffc3f2ea000 	C:\WINDOWS\System32\ole32.dll
0x00007ffc40250000 - 0x00007ffc405c6000 	C:\WINDOWS\System32\combase.dll
0x00007ffc3d630000 - 0x00007ffc3d63b000 	C:\WINDOWS\system32\fltlib.dll
0x00007ffbee390000 - 0x00007ffbee39c000 	c:\Users\hyper\.vscode\extensions\redhat.java-1.42.2025041008-win32-x64\jre\21.0.6-win32-x86_64\bin\vcruntime140_1.dll
0x00007ffbe8ff0000 - 0x00007ffbe907d000 	c:\Users\hyper\.vscode\extensions\redhat.java-1.42.2025041008-win32-x64\jre\21.0.6-win32-x86_64\bin\msvcp140.dll
0x00007ffb9a910000 - 0x00007ffb9b6a0000 	c:\Users\hyper\.vscode\extensions\redhat.java-1.42.2025041008-win32-x64\jre\21.0.6-win32-x86_64\bin\server\jvm.dll
0x00007ffc3e840000 - 0x00007ffc3e8ee000 	C:\WINDOWS\System32\ADVAPI32.dll
0x00007ffc406b0000 - 0x00007ffc4074e000 	C:\WINDOWS\System32\sechost.dll
0x00007ffc3e8f0000 - 0x00007ffc3e95f000 	C:\WINDOWS\System32\WS2_32.dll
0x00007ffc3db60000 - 0x00007ffc3dbad000 	C:\WINDOWS\SYSTEM32\POWRPROF.dll
0x00007ffc33c20000 - 0x00007ffc33c53000 	C:\WINDOWS\SYSTEM32\WINMM.dll
0x00007ffc3db40000 - 0x00007ffc3db53000 	C:\WINDOWS\SYSTEM32\UMPDC.dll
0x00007ffc3cb40000 - 0x00007ffc3cb58000 	C:\WINDOWS\SYSTEM32\kernel.appcore.dll
0x00007ffbeb640000 - 0x00007ffbeb64a000 	c:\Users\hyper\.vscode\extensions\redhat.java-1.42.2025041008-win32-x64\jre\21.0.6-win32-x86_64\bin\jimage.dll
0x00007ffc3b840000 - 0x00007ffc3ba61000 	C:\WINDOWS\SYSTEM32\DBGHELP.DLL
0x00007ffc20440000 - 0x00007ffc20471000 	C:\WINDOWS\SYSTEM32\dbgcore.DLL
0x00007ffc3e3a0000 - 0x00007ffc3e41f000 	C:\WINDOWS\System32\bcryptPrimitives.dll
0x00007ffbe9ea0000 - 0x00007ffbe9eaf000 	c:\Users\hyper\.vscode\extensions\redhat.java-1.42.2025041008-win32-x64\jre\21.0.6-win32-x86_64\bin\instrument.dll
0x00007ffbe9c10000 - 0x00007ffbe9c2f000 	c:\Users\hyper\.vscode\extensions\redhat.java-1.42.2025041008-win32-x64\jre\21.0.6-win32-x86_64\bin\java.dll
0x00007ffc3f670000 - 0x00007ffc3fe35000 	C:\WINDOWS\System32\SHELL32.dll
0x00007ffc3bc00000 - 0x00007ffc3c462000 	C:\WINDOWS\SYSTEM32\windows.storage.dll
0x00007ffc3ba90000 - 0x00007ffc3bbf7000 	C:\WINDOWS\SYSTEM32\wintypes.dll
0x00007ffc3eb80000 - 0x00007ffc3ec6a000 	C:\WINDOWS\System32\SHCORE.dll
0x00007ffc3ffb0000 - 0x00007ffc4000d000 	C:\WINDOWS\System32\shlwapi.dll
0x00007ffc3dbc0000 - 0x00007ffc3dbe5000 	C:\WINDOWS\SYSTEM32\profapi.dll
0x00007ffbe9bf0000 - 0x00007ffbe9c08000 	c:\Users\hyper\.vscode\extensions\redhat.java-1.42.2025041008-win32-x64\jre\21.0.6-win32-x86_64\bin\zip.dll
0x00007ffbe9d80000 - 0x00007ffbe9d90000 	C:\Users\hyper\.vscode\extensions\redhat.java-1.42.2025041008-win32-x64\jre\21.0.6-win32-x86_64\bin\net.dll
0x00007ffc37fe0000 - 0x00007ffc380f4000 	C:\WINDOWS\SYSTEM32\WINHTTP.dll
0x00007ffc3d040000 - 0x00007ffc3d0a7000 	C:\WINDOWS\system32\mswsock.dll
0x00007ffbe9b30000 - 0x00007ffbe9b46000 	C:\Users\hyper\.vscode\extensions\redhat.java-1.42.2025041008-win32-x64\jre\21.0.6-win32-x86_64\bin\nio.dll
0x00007ffbe9be0000 - 0x00007ffbe9bf0000 	c:\Users\hyper\.vscode\extensions\redhat.java-1.42.2025041008-win32-x64\jre\21.0.6-win32-x86_64\bin\verify.dll
0x00007ffbeb6e0000 - 0x00007ffbeb725000 	C:\Users\hyper\AppData\Roaming\Code\User\globalStorage\redhat.java\1.42.2025041008\config_win\org.eclipse.equinox.launcher\org.eclipse.equinox.launcher.win32.win32.x86_64_1.2.1300.v20250331-1702\eclipse_11911.dll
0x00007ffc3d760000 - 0x00007ffc3d778000 	C:\WINDOWS\SYSTEM32\CRYPTSP.dll
0x00007ffc3cb00000 - 0x00007ffc3cb35000 	C:\WINDOWS\system32\rsaenh.dll
0x00007ffc3d0e0000 - 0x00007ffc3d10c000 	C:\WINDOWS\SYSTEM32\USERENV.dll
0x00007ffc3d7a0000 - 0x00007ffc3d7c7000 	C:\WINDOWS\SYSTEM32\bcrypt.dll
0x00007ffc3d230000 - 0x00007ffc3d23c000 	C:\WINDOWS\SYSTEM32\CRYPTBASE.dll
0x00007ffc3c6c0000 - 0x00007ffc3c6ed000 	C:\WINDOWS\SYSTEM32\IPHLPAPI.DLL
0x00007ffc3e770000 - 0x00007ffc3e779000 	C:\WINDOWS\System32\NSI.dll
0x00007ffbf39e0000 - 0x00007ffbf3a29000 	C:\Users\hyper\AppData\Local\Temp\jna-99761772\jna15184641722919037145.dll
0x00007ffc3fe40000 - 0x00007ffc3fe48000 	C:\WINDOWS\System32\PSAPI.DLL
0x00007ffc37860000 - 0x00007ffc37879000 	C:\WINDOWS\SYSTEM32\dhcpcsvc6.DLL
0x00007ffc383c0000 - 0x00007ffc383de000 	C:\WINDOWS\SYSTEM32\dhcpcsvc.DLL

dbghelp: loaded successfully - version: 4.0.5 - missing functions: none
symbol engine: initialized successfully - sym options: 0x614 - pdb path: .;c:\Users\hyper\.vscode\extensions\redhat.java-1.42.2025041008-win32-x64\jre\21.0.6-win32-x86_64\bin;C:\WINDOWS\SYSTEM32;C:\WINDOWS\WinSxS\amd64_microsoft.windows.common-controls_6595b64144ccf1df_6.0.22000.120_none_9d947278b86cc467;c:\Users\hyper\.vscode\extensions\redhat.java-1.42.2025041008-win32-x64\jre\21.0.6-win32-x86_64\bin\server;C:\Users\hyper\AppData\Roaming\Code\User\globalStorage\redhat.java\1.42.2025041008\config_win\org.eclipse.equinox.launcher\org.eclipse.equinox.launcher.win32.win32.x86_64_1.2.1300.v20250331-1702;C:\Users\hyper\AppData\Local\Temp\jna-99761772

VM Arguments:
jvm_args: --add-modules=ALL-SYSTEM --add-opens=java.base/java.util=ALL-UNNAMED --add-opens=java.base/java.lang=ALL-UNNAMED --add-opens=java.base/sun.nio.fs=ALL-UNNAMED -Declipse.application=org.eclipse.jdt.ls.core.id1 -Dosgi.bundles.defaultStartLevel=4 -Declipse.product=org.eclipse.jdt.ls.core.product -Djava.import.generatesMetadataFilesAtProjectRoot=false -DDetectVMInstallationsJob.disabled=true -Dfile.encoding=utf8 -Xlog:disable -Xms100m -Xmx8G -javaagent:c:\Users\hyper\.vscode\extensions\redhat.java-1.42.2025041008-win32-x64\lombok\lombok-1.18.36.jar -XX:+HeapDumpOnOutOfMemoryError -XX:HeapDumpPath=c:\Users\hyper\AppData\Roaming\Code\User\workspaceStorage\9786f179f1d4055ca563254eef00c7fe\redhat.java -Daether.dependencyCollector.impl=bf 
java_command: c:\Users\hyper\.vscode\extensions\redhat.java-1.42.2025041008-win32-x64\server\plugins\org.eclipse.equinox.launcher_1.7.0.v20250404-1055.jar -configuration c:\Users\hyper\AppData\Roaming\Code\User\globalStorage\redhat.java\1.42.2025041008\config_win -data c:\Users\hyper\AppData\Roaming\Code\User\workspaceStorage\9786f179f1d4055ca563254eef00c7fe\redhat.java\jdt_ws --pipe=\\.\pipe\lsp-2dff89bbda03739bedde37d262405874-sock
java_class_path (initial): c:\Users\hyper\.vscode\extensions\redhat.java-1.42.2025041008-win32-x64\server\plugins\org.eclipse.equinox.launcher_1.7.0.v20250404-1055.jar
Launcher Type: SUN_STANDARD

[Global flags]
     intx CICompilerCount                          = 4                                         {product} {ergonomic}
     uint ConcGCThreads                            = 2                                         {product} {ergonomic}
     uint G1ConcRefinementThreads                  = 8                                         {product} {ergonomic}
   size_t G1HeapRegionSize                         = 4194304                                   {product} {ergonomic}
    uintx GCDrainStackTargetSize                   = 64                                        {product} {ergonomic}
     bool HeapDumpOnOutOfMemoryError               = true                                   {manageable} {command line}
    ccstr HeapDumpPath                             = c:\Users\hyper\AppData\Roaming\Code\User\workspaceStorage\9786f179f1d4055ca563254eef00c7fe\redhat.java         {manageable} {command line}
   size_t InitialHeapSize                          = 104857600                                 {product} {command line}
   size_t MarkStackSize                            = 4194304                                   {product} {ergonomic}
   size_t MaxHeapSize                              = 8589934592                                {product} {command line}
   size_t MaxNewSize                               = 5150605312                                {product} {ergonomic}
   size_t MinHeapDeltaBytes                        = 4194304                                   {product} {ergonomic}
   size_t MinHeapSize                              = 104857600                                 {product} {command line}
    uintx NonNMethodCodeHeapSize                   = 5839372                                {pd product} {ergonomic}
    uintx NonProfiledCodeHeapSize                  = 122909434                              {pd product} {ergonomic}
    uintx ProfiledCodeHeapSize                     = 122909434                              {pd product} {ergonomic}
    uintx ReservedCodeCacheSize                    = 251658240                              {pd product} {ergonomic}
     bool SegmentedCodeCache                       = true                                      {product} {ergonomic}
   size_t SoftMaxHeapSize                          = 8589934592                             {manageable} {ergonomic}
     bool UseCompressedOops                        = true                           {product lp64_product} {ergonomic}
     bool UseG1GC                                  = true                                      {product} {ergonomic}
     bool UseLargePagesIndividualAllocation        = false                                  {pd product} {ergonomic}

Logging:
Log output configuration:
 #0: stdout all=off uptime,level,tags foldmultilines=false
 #1: stderr all=off uptime,level,tags foldmultilines=false

Environment Variables:
JAVA_HOME=C:\Program Files\Java\jdk-18.0.2.1
PATH=C:\Program Files\Common Files\Oracle\Java\javapath;C:\WINDOWS\system32;C:\WINDOWS;C:\WINDOWS\System32\Wbem;C:\WINDOWS\System32\WindowsPowerShell\v1.0\;C:\WINDOWS\System32\OpenSSH\;J:\.important\Documents\apache-maven-3.8.6\bin;C:\Program Files\Microsoft SQL Server\Client SDK\ODBC\170\Tools\Binn\;C:\Program Files (x86)\Microsoft SQL Server\150\Tools\Binn\;C:\Program Files\Microsoft SQL Server\150\Tools\Binn\;C:\Program Files\Microsoft SQL Server\150\DTS\Binn\;C:\Program Files (x86)\Microsoft SQL Server\160\DTS\Binn\;C:\Users\hyper\Downloads\curl-8.10.1_2-win64-mingw\curl-8.10.1_2-win64-mingw\bin;C:\C:\Program Files\Java\jdk-18.0.2.1\bin;C:\Program Files\OpenSSL-Win64\bin;C:\Program Files\dotnet\;C:\Program Files\Git\cmd;H:\;C:\Program Files (x86)\Microsoft SQL Server\160\Tools\Binn\;C:\Program Files\Microsoft SQL Server\160\Tools\Binn\;C:\Program Files\Microsoft SQL Server\160\DTS\Binn\;C:\Program Files (x86)\NVIDIA Corporation\PhysX\Common;F:\Docker\resources\bin;C:\Users\hyper\AppData\Local\Microsoft\WindowsApps;C:\Program Files\Java\jdk-18.0.2.1\bin;C:\Users\hyper\AppData\Roaming\npm;J:\Microsoft VS Code\bin
USERNAME=hyper
OS=Windows_NT
PROCESSOR_IDENTIFIER=Intel64 Family 6 Model 60 Stepping 3, GenuineIntel
TMP=C:\Users\hyper\AppData\Local\Temp
TEMP=C:\Users\hyper\AppData\Local\Temp




Periodic native trim disabled

---------------  S Y S T E M  ---------------

OS:
 Windows 11 , 64 bit Build 22000 (10.0.22000.2538)
OS uptime: 1 days 22:41 hours
Hyper-V role detected

CPU: total 8 (initial active 8) (4 cores per cpu, 2 threads per core) family 6 model 60 stepping 3 microcode 0x28, cx8, cmov, fxsr, ht, mmx, sse, sse2, sse3, ssse3, sse4.1, sse4.2, popcnt, lzcnt, tsc, tscinvbit, avx, avx2, aes, erms, clmul, bmi1, bmi2, fma, vzeroupper, clflush, hv, rdtscp, f16c
Processor Information for the first 8 processors :
  Max Mhz: 3501, Current Mhz: 3501, Mhz Limit: 3501

Memory: 4k page, system-wide physical 16283M (1485M free)
TotalPageFile size 36283M (AvailPageFile size 41M)
current process WorkingSet (physical memory assigned to process): 1110M, peak: 1114M
current process commit charge ("private bytes"): 1033M, peak: 1039M

vm_info: OpenJDK 64-Bit Server VM (21.0.6+7-LTS) for windows-amd64 JRE (21.0.6+7-LTS), built on 2025-01-21T00:00:00Z by "admin" with MS VC++ 17.7 (VS2022)

END.
