#
# There is insufficient memory for the Java Runtime Environment to continue.
# Native memory allocation (malloc) failed to allocate 1048576 bytes. Error detail: AllocateHeap
# Possible reasons:
#   The system is out of physical RAM or swap space
#   This process is running with CompressedOops enabled, and the Java Heap may be blocking the growth of the native heap
# Possible solutions:
#   Reduce memory load on the system
#   Increase physical memory or swap space
#   Check if swap backing store is full
#   Decrease Java heap size (-Xmx/-Xms)
#   Decrease number of Java threads
#   Decrease Java thread stack sizes (-Xss)
#   Set larger code cache with -XX:ReservedCodeCacheSize=
#   JVM is running with Zero Based Compressed Oops mode in which the Java heap is
#     placed in the first 32GB address space. The Java Heap base address is the
#     maximum limit for the native heap growth. Please use -XX:HeapBaseMinAddress
#     to set the Java Heap base and to place the Java Heap above 32GB virtual address.
# This output file may be truncated or incomplete.
#
#  Out of Memory Error (allocation.cpp:44), pid=25084, tid=14452
#
# JRE version: OpenJDK Runtime Environment Temurin-21.0.9+10 (21.0.9+10) (build 21.0.9+10-LTS)
# Java VM: OpenJDK 64-Bit Server VM Temurin-21.0.9+10 (21.0.9+10-LTS, mixed mode, sharing, tiered, compressed oops, compressed class ptrs, g1 gc, windows-amd64)
# No core dump will be written. Minidumps are not enabled by default on client versions of Windows
#

---------------  S U M M A R Y ------------

Command Line: --add-modules=ALL-SYSTEM --add-opens=java.base/java.util=ALL-UNNAMED --add-opens=java.base/java.lang=ALL-UNNAMED --add-opens=java.base/sun.nio.fs=ALL-UNNAMED -Declipse.application=org.eclipse.jdt.ls.core.id1 -Dosgi.bundles.defaultStartLevel=4 -Declipse.product=org.eclipse.jdt.ls.core.product -Djava.import.generatesMetadataFilesAtProjectRoot=false -DDetectVMInstallationsJob.disabled=true -Dfile.encoding=utf8 -Xlog:disable -Xms100m -Xmx8G -javaagent:c:\Users\hyper\.vscode\extensions\redhat.java-1.51.0-win32-x64\lombok\lombok-1.18.39-4050.jar -XX:+HeapDumpOnOutOfMemoryError -XX:HeapDumpPath=c:\Users\hyper\AppData\Roaming\Code\User\workspaceStorage\c80ab3ce5b7e5cf2203d3fede7a1a44b\redhat.java -Daether.dependencyCollector.impl=bf c:\Users\hyper\.vscode\extensions\redhat.java-1.51.0-win32-x64\server\plugins\org.eclipse.equinox.launcher_1.7.100.v20251111-0406.jar -configuration c:\Users\hyper\AppData\Roaming\Code\User\globalStorage\redhat.java\1.51.0\config_win -data c:\Users\hyper\AppData\Roaming\Code\User\workspaceStorage\c80ab3ce5b7e5cf2203d3fede7a1a44b\redhat.java\jdt_ws --pipe=\\.\pipe\lsp-b48265b2b0dd1c4bfc29612f4885a3e1-sock

Host: Intel(R) Core(TM) i7-4770K CPU @ 3.50GHz, 8 cores, 15G,  Windows 11 , 64 bit Build 22000 (10.0.22000.2538)
Time: Tue Jan 20 03:02:32 2026 E. Africa Standard Time elapsed time: 12389.064013 seconds (0d 3h 26m 29s)

---------------  T H R E A D  ---------------

Current thread (0x0000023a7483b030):  JavaThread "Attach Listener" daemon [_thread_in_vm, id=14452, stack(0x00000061be900000,0x00000061bea00000) (1024K)]

Stack: [0x00000061be900000,0x00000061bea00000]
Native frames: (J=compiled Java code, j=interpreted, Vv=VM code, C=native code)
V  [jvm.dll+0x6d6e29]
V  [jvm.dll+0x8b4b76]
V  [jvm.dll+0x8b712e]
V  [jvm.dll+0x8b7813]
V  [jvm.dll+0x283d86]
V  [jvm.dll+0xc1277]
V  [jvm.dll+0x6d76d9]
V  [jvm.dll+0x133466]
V  [jvm.dll+0x3f7ea6]
V  [jvm.dll+0x85e9ad]
V  [jvm.dll+0x6d565d]
C  [ucrtbase.dll+0x26c0c]
C  [KERNEL32.DLL+0x153e0]
C  [ntdll.dll+0x485b]


---------------  P R O C E S S  ---------------

Threads class SMR info:
_java_thread_list=0x0000023a652697e0, length=35, elements={
0x0000023a711c96a0, 0x0000023a748351b0, 0x0000023a74837320, 0x0000023a74839470,
0x0000023a7483b030, 0x0000023a7483fc40, 0x0000023a74840970, 0x0000023a7484b8e0,
0x0000023a74855340, 0x0000023a7f40b940, 0x0000023a7f4134d0, 0x0000023a562ceba0,
0x0000023a7f537490, 0x0000023a7f520700, 0x0000023a7f520d60, 0x0000023a567ff010,
0x0000023a562eb3d0, 0x0000023a5623d800, 0x0000023a5625d520, 0x0000023a561e74a0,
0x0000023a561e8850, 0x0000023a5937f880, 0x0000023a59380c30, 0x0000023a59381fe0,
0x0000023a593840b0, 0x0000023a59382d00, 0x0000023a59386180, 0x0000023a59383390,
0x0000023a593812c0, 0x0000023a59381950, 0x0000023a59386ea0, 0x0000023a59385460,
0x0000023a5812d510, 0x0000023a5935b380, 0x0000023a59358c20
}

Java Threads: ( => current thread )
  0x0000023a711c96a0 JavaThread "main"                              [_thread_blocked, id=8240, stack(0x00000061bde00000,0x00000061bdf00000) (1024K)]
  0x0000023a748351b0 JavaThread "Reference Handler"          daemon [_thread_blocked, id=15616, stack(0x00000061be600000,0x00000061be700000) (1024K)]
  0x0000023a74837320 JavaThread "Finalizer"                  daemon [_thread_blocked, id=15052, stack(0x00000061be700000,0x00000061be800000) (1024K)]
  0x0000023a74839470 JavaThread "Signal Dispatcher"          daemon [_thread_blocked, id=1672, stack(0x00000061be800000,0x00000061be900000) (1024K)]
=>0x0000023a7483b030 JavaThread "Attach Listener"            daemon [_thread_in_vm, id=14452, stack(0x00000061be900000,0x00000061bea00000) (1024K)]
  0x0000023a7483fc40 JavaThread "Service Thread"             daemon [_thread_blocked, id=24752, stack(0x00000061bea00000,0x00000061beb00000) (1024K)]
  0x0000023a74840970 JavaThread "Monitor Deflation Thread"   daemon [_thread_blocked, id=1356, stack(0x00000061beb00000,0x00000061bec00000) (1024K)]
  0x0000023a7484b8e0 JavaThread "C2 CompilerThread0"         daemon [_thread_blocked, id=7104, stack(0x00000061bec00000,0x00000061bed00000) (1024K)]
  0x0000023a74855340 JavaThread "C1 CompilerThread0"         daemon [_thread_blocked, id=20156, stack(0x00000061bed00000,0x00000061bee00000) (1024K)]
  0x0000023a7f40b940 JavaThread "Common-Cleaner"             daemon [_thread_blocked, id=16212, stack(0x00000061bef00000,0x00000061bf000000) (1024K)]
  0x0000023a7f4134d0 JavaThread "Notification Thread"        daemon [_thread_blocked, id=25688, stack(0x00000061bf000000,0x00000061bf100000) (1024K)]
  0x0000023a562ceba0 JavaThread "Active Thread: Equinox Container: abf27324-c0a4-4198-aa0f-28df365b2f4e"        [_thread_blocked, id=21592, stack(0x00000061bf800000,0x00000061bf900000) (1024K)]
  0x0000023a7f537490 JavaThread "Refresh Thread: Equinox Container: abf27324-c0a4-4198-aa0f-28df365b2f4e" daemon [_thread_blocked, id=12004, stack(0x00000061bf100000,0x00000061bf200000) (1024K)]
  0x0000023a7f520700 JavaThread "Framework Event Dispatcher: Equinox Container: abf27324-c0a4-4198-aa0f-28df365b2f4e" daemon [_thread_blocked, id=20736, stack(0x00000061bf900000,0x00000061bfa00000) (1024K)]
  0x0000023a7f520d60 JavaThread "Start Level: Equinox Container: abf27324-c0a4-4198-aa0f-28df365b2f4e" daemon [_thread_blocked, id=21524, stack(0x00000061bfa00000,0x00000061bfb00000) (1024K)]
  0x0000023a567ff010 JavaThread "Bundle File Closer"         daemon [_thread_blocked, id=6420, stack(0x00000061bfc00000,0x00000061bfd00000) (1024K)]
  0x0000023a562eb3d0 JavaThread "SCR Component Actor"        daemon [_thread_blocked, id=10420, stack(0x00000061bfb00000,0x00000061bfc00000) (1024K)]
  0x0000023a5623d800 JavaThread "Worker-JM"                         [_thread_blocked, id=17392, stack(0x00000061bff00000,0x00000061c0000000) (1024K)]
  0x0000023a5625d520 JavaThread "JNA Cleaner"                daemon [_thread_blocked, id=24076, stack(0x00000061bfd00000,0x00000061bfe00000) (1024K)]
  0x0000023a561e74a0 JavaThread "Java indexing"              daemon [_thread_blocked, id=20376, stack(0x00000061c0400000,0x00000061c0500000) (1024K)]
  0x0000023a561e8850 JavaThread "Thread-1"                   daemon [_thread_in_native, id=8368, stack(0x00000061c0a00000,0x00000061c0b00000) (1024K)]
  0x0000023a5937f880 JavaThread "Thread-2"                   daemon [_thread_in_native, id=17252, stack(0x00000061c0b00000,0x00000061c0c00000) (1024K)]
  0x0000023a59380c30 JavaThread "Thread-3"                   daemon [_thread_in_native, id=4656, stack(0x00000061c0c00000,0x00000061c0d00000) (1024K)]
  0x0000023a59381fe0 JavaThread "Thread-4"                   daemon [_thread_in_native, id=11444, stack(0x00000061c0d00000,0x00000061c0e00000) (1024K)]
  0x0000023a593840b0 JavaThread "Thread-5"                   daemon [_thread_in_native, id=16532, stack(0x00000061c0e00000,0x00000061c0f00000) (1024K)]
  0x0000023a59382d00 JavaThread "Thread-6"                   daemon [_thread_in_native, id=25156, stack(0x00000061c0f00000,0x00000061c1000000) (1024K)]
  0x0000023a59386180 JavaThread "Thread-7"                   daemon [_thread_in_native, id=9996, stack(0x00000061c1000000,0x00000061c1100000) (1024K)]
  0x0000023a59383390 JavaThread "Thread-8"                   daemon [_thread_in_native, id=15440, stack(0x00000061c1100000,0x00000061c1200000) (1024K)]
  0x0000023a593812c0 JavaThread "Thread-9"                   daemon [_thread_in_native, id=15284, stack(0x00000061c1200000,0x00000061c1300000) (1024K)]
  0x0000023a59381950 JavaThread "pool-2-thread-1"                   [_thread_blocked, id=17160, stack(0x00000061c1300000,0x00000061c1400000) (1024K)]
  0x0000023a59386ea0 JavaThread "WorkspaceEventsHandler"            [_thread_blocked, id=7192, stack(0x00000061c1400000,0x00000061c1500000) (1024K)]
  0x0000023a59385460 JavaThread "pool-1-thread-1"                   [_thread_blocked, id=19640, stack(0x00000061c1500000,0x00000061c1600000) (1024K)]
  0x0000023a5812d510 JavaThread "Cleaner-0"                  daemon [_thread_blocked, id=20524, stack(0x00000061bdb00000,0x00000061bdc00000) (1024K)]
  0x0000023a5935b380 JavaThread "Worker-22"                         [_thread_blocked, id=20912, stack(0x00000061c1f00000,0x00000061c2000000) (1024K)]
  0x0000023a59358c20 JavaThread "Worker-23"                         [_thread_blocked, id=18208, stack(0x00000061bfe00000,0x00000061bff00000) (1024K)]
Total: 35

Other Threads:
  0x0000023a7481c3a0 VMThread "VM Thread"                           [id=18508, stack(0x00000061be500000,0x00000061be600000) (1024K)]
  0x0000023a7f1914a0 WatcherThread "VM Periodic Task Thread"        [id=1840, stack(0x00000061be400000,0x00000061be500000) (1024K)]
  0x0000023a74702740 WorkerThread "GC Thread#0"                     [id=24520, stack(0x00000061bdf00000,0x00000061be000000) (1024K)]
  0x0000023a7fc2f700 WorkerThread "GC Thread#1"                     [id=6680, stack(0x00000061bf200000,0x00000061bf300000) (1024K)]
  0x0000023a7f86db40 WorkerThread "GC Thread#2"                     [id=21308, stack(0x00000061bf300000,0x00000061bf400000) (1024K)]
  0x0000023a7f6eed80 WorkerThread "GC Thread#3"                     [id=22620, stack(0x00000061bf400000,0x00000061bf500000) (1024K)]
  0x0000023a7f6ef120 WorkerThread "GC Thread#4"                     [id=9064, stack(0x00000061bf500000,0x00000061bf600000) (1024K)]
  0x0000023a7f842e50 WorkerThread "GC Thread#5"                     [id=14164, stack(0x00000061bf600000,0x00000061bf700000) (1024K)]
  0x0000023a7f842710 WorkerThread "GC Thread#6"                     [id=19672, stack(0x00000061bf700000,0x00000061bf800000) (1024K)]
  0x0000023a7f8431f0 WorkerThread "GC Thread#7"                     [id=6344, stack(0x00000061bee00000,0x00000061bef00000) (1024K)]
  0x0000023a712056d0 ConcurrentGCThread "G1 Main Marker"            [id=25092, stack(0x00000061be000000,0x00000061be100000) (1024K)]
  0x0000023a712060e0 WorkerThread "G1 Conc#0"                       [id=11872, stack(0x00000061be100000,0x00000061be200000) (1024K)]
  0x0000023a7f843590 WorkerThread "G1 Conc#1"                       [id=6264, stack(0x00000061c0200000,0x00000061c0300000) (1024K)]
  0x0000023a7475fee0 ConcurrentGCThread "G1 Refine#0"               [id=19176, stack(0x00000061be200000,0x00000061be300000) (1024K)]
  0x0000023a74760960 ConcurrentGCThread "G1 Service"                [id=14184, stack(0x00000061be300000,0x00000061be400000) (1024K)]
Total: 15

Threads with active compile tasks:
Total: 0

VM state: not at safepoint (normal execution)

VM Mutex/Monitor currently owned by a thread: None

Heap address: 0x0000000600000000, size: 8192 MB, Compressed Oops mode: Zero based, Oop shift amount: 3

CDS archive(s) mapped at: [0x0000023a11000000-0x0000023a11ba0000-0x0000023a11ba0000), size 12189696, SharedBaseAddress: 0x0000023a11000000, ArchiveRelocationMode: 1.
Compressed class space mapped at: 0x0000023a12000000-0x0000023a52000000, reserved size: 1073741824
Narrow klass base: 0x0000023a11000000, Narrow klass shift: 0, Narrow klass range: 0x100000000

GC Precious Log:
 CardTable entry size: 512
 Card Set container configuration: InlinePtr #cards 4 size 8 Array Of Cards #cards 32 size 80 Howl #buckets 8 coarsen threshold 7372 Howl Bitmap #cards 1024 size 144 coarsen threshold 921 Card regions per heap region 1 cards per card region 8192
 CPUs: 8 total, 8 available
 Memory: 16280M
 Large Page Support: Disabled
 NUMA Support: Disabled
 Compressed Oops: Enabled (Zero based)
 Heap Region Size: 4M
 Heap Min Capacity: 100M
 Heap Initial Capacity: 100M
 Heap Max Capacity: 8G
 Pre-touch: Disabled
 Parallel Workers: 8
 Concurrent Workers: 2
 Concurrent Refinement Workers: 8
 Periodic GC: Disabled

Heap:
 garbage-first heap   total 479232K, used 366869K [0x0000000600000000, 0x0000000800000000)
  region size 4096K, 32 young (131072K), 1 survivors (4096K)
 Metaspace       used 93826K, committed 95872K, reserved 1179648K
  class space    used 8996K, committed 9984K, reserved 1048576K

Heap Regions: E=young(eden), S=young(survivor), O=old, HS=humongous(starts), HC=humongous(continues), CS=collection set, F=free, TAMS=top-at-mark-start, PB=parsable bottom
|   0|0x0000000600000000, 0x0000000600400000, 0x0000000600400000|100%| O|  |TAMS 0x0000000600000000| PB 0x0000000600000000| Untracked 
|   1|0x0000000600400000, 0x0000000600800000, 0x0000000600800000|100%| O|  |TAMS 0x0000000600400000| PB 0x0000000600400000| Untracked 
|   2|0x0000000600800000, 0x0000000600c00000, 0x0000000600c00000|100%| O|  |TAMS 0x0000000600800000| PB 0x0000000600800000| Untracked 
|   3|0x0000000600c00000, 0x0000000601000000, 0x0000000601000000|100%| O|  |TAMS 0x0000000600c00000| PB 0x0000000600c00000| Untracked 
|   4|0x0000000601000000, 0x0000000601400000, 0x0000000601400000|100%| O|  |TAMS 0x0000000601000000| PB 0x0000000601000000| Untracked 
|   5|0x0000000601400000, 0x0000000601800000, 0x0000000601800000|100%| O|  |TAMS 0x0000000601400000| PB 0x0000000601400000| Untracked 
|   6|0x0000000601800000, 0x0000000601c00000, 0x0000000601c00000|100%| O|  |TAMS 0x0000000601800000| PB 0x0000000601800000| Untracked 
|   7|0x0000000601c00000, 0x0000000601f99af0, 0x0000000602000000| 90%| O|  |TAMS 0x0000000601c00000| PB 0x0000000601c00000| Untracked 
|   8|0x0000000602000000, 0x0000000602400000, 0x0000000602400000|100%| O|  |TAMS 0x0000000602000000| PB 0x0000000602000000| Untracked 
|   9|0x0000000602400000, 0x0000000602800000, 0x0000000602800000|100%| O|  |TAMS 0x0000000602400000| PB 0x0000000602400000| Untracked 
|  10|0x0000000602800000, 0x0000000602c00000, 0x0000000602c00000|100%| O|  |TAMS 0x0000000602800000| PB 0x0000000602800000| Untracked 
|  11|0x0000000602c00000, 0x0000000603000000, 0x0000000603000000|100%| O|  |TAMS 0x0000000602c00000| PB 0x0000000602c00000| Untracked 
|  12|0x0000000603000000, 0x0000000603400000, 0x0000000603400000|100%| O|  |TAMS 0x0000000603000000| PB 0x0000000603000000| Untracked 
|  13|0x0000000603400000, 0x0000000603800000, 0x0000000603800000|100%| O|  |TAMS 0x0000000603400000| PB 0x0000000603400000| Untracked 
|  14|0x0000000603800000, 0x0000000603c00000, 0x0000000603c00000|100%| O|  |TAMS 0x0000000603800000| PB 0x0000000603800000| Untracked 
|  15|0x0000000603c00000, 0x0000000604000000, 0x0000000604000000|100%| O|  |TAMS 0x0000000603c00000| PB 0x0000000603c00000| Untracked 
|  16|0x0000000604000000, 0x0000000604400000, 0x0000000604400000|100%| O|  |TAMS 0x0000000604000000| PB 0x0000000604000000| Untracked 
|  17|0x0000000604400000, 0x0000000604800000, 0x0000000604800000|100%| O|  |TAMS 0x0000000604400000| PB 0x0000000604400000| Untracked 
|  18|0x0000000604800000, 0x0000000604c00000, 0x0000000604c00000|100%| O|  |TAMS 0x0000000604800000| PB 0x0000000604800000| Untracked 
|  19|0x0000000604c00000, 0x0000000605000000, 0x0000000605000000|100%| O|  |TAMS 0x0000000604c00000| PB 0x0000000604c00000| Untracked 
|  20|0x0000000605000000, 0x0000000605400000, 0x0000000605400000|100%| O|  |TAMS 0x0000000605000000| PB 0x0000000605000000| Untracked 
|  21|0x0000000605400000, 0x0000000605800000, 0x0000000605800000|100%| O|  |TAMS 0x0000000605400000| PB 0x0000000605400000| Untracked 
|  22|0x0000000605800000, 0x0000000605c00000, 0x0000000605c00000|100%| O|  |TAMS 0x0000000605800000| PB 0x0000000605800000| Untracked 
|  23|0x0000000605c00000, 0x0000000606000000, 0x0000000606000000|100%| O|  |TAMS 0x0000000605c00000| PB 0x0000000605c00000| Untracked 
|  24|0x0000000606000000, 0x0000000606400000, 0x0000000606400000|100%| O|  |TAMS 0x0000000606000000| PB 0x0000000606000000| Untracked 
|  25|0x0000000606400000, 0x0000000606800000, 0x0000000606800000|100%| O|  |TAMS 0x0000000606400000| PB 0x0000000606400000| Untracked 
|  26|0x0000000606800000, 0x0000000606c00000, 0x0000000606c00000|100%| O|  |TAMS 0x0000000606800000| PB 0x0000000606800000| Untracked 
|  27|0x0000000606c00000, 0x0000000607000000, 0x0000000607000000|100%| O|  |TAMS 0x0000000606c00000| PB 0x0000000606c00000| Untracked 
|  28|0x0000000607000000, 0x0000000607400000, 0x0000000607400000|100%| O|  |TAMS 0x0000000607000000| PB 0x0000000607000000| Untracked 
|  29|0x0000000607400000, 0x0000000607800000, 0x0000000607800000|100%| O|  |TAMS 0x0000000607400000| PB 0x0000000607400000| Untracked 
|  30|0x0000000607800000, 0x0000000607c00000, 0x0000000607c00000|100%| O|  |TAMS 0x0000000607800000| PB 0x0000000607800000| Untracked 
|  31|0x0000000607c00000, 0x0000000608000000, 0x0000000608000000|100%| O|  |TAMS 0x0000000607c00000| PB 0x0000000607c00000| Untracked 
|  32|0x0000000608000000, 0x0000000608400000, 0x0000000608400000|100%| O|  |TAMS 0x0000000608000000| PB 0x0000000608000000| Untracked 
|  33|0x0000000608400000, 0x0000000608800000, 0x0000000608800000|100%| O|  |TAMS 0x0000000608400000| PB 0x0000000608400000| Untracked 
|  34|0x0000000608800000, 0x0000000608c00000, 0x0000000608c00000|100%| O|  |TAMS 0x0000000608800000| PB 0x0000000608800000| Untracked 
|  35|0x0000000608c00000, 0x0000000609000000, 0x0000000609000000|100%| O|  |TAMS 0x0000000608c00000| PB 0x0000000608c00000| Untracked 
|  36|0x0000000609000000, 0x0000000609400000, 0x0000000609400000|100%| O|  |TAMS 0x0000000609000000| PB 0x0000000609000000| Untracked 
|  37|0x0000000609400000, 0x0000000609800000, 0x0000000609800000|100%| O|Cm|TAMS 0x0000000609400000| PB 0x0000000609400000| Complete 
|  38|0x0000000609800000, 0x0000000609c00000, 0x0000000609c00000|100%| O|  |TAMS 0x0000000609800000| PB 0x0000000609800000| Untracked 
|  39|0x0000000609c00000, 0x0000000609f46768, 0x000000060a000000| 81%| O|  |TAMS 0x0000000609c00000| PB 0x0000000609c00000| Untracked 
|  40|0x000000060a000000, 0x000000060a400000, 0x000000060a400000|100%| O|  |TAMS 0x000000060a000000| PB 0x000000060a000000| Untracked 
|  41|0x000000060a400000, 0x000000060a800000, 0x000000060a800000|100%| O|  |TAMS 0x000000060a400000| PB 0x000000060a400000| Untracked 
|  42|0x000000060a800000, 0x000000060ac00000, 0x000000060ac00000|100%| O|  |TAMS 0x000000060a800000| PB 0x000000060a800000| Untracked 
|  43|0x000000060ac00000, 0x000000060b000000, 0x000000060b000000|100%| O|  |TAMS 0x000000060ac00000| PB 0x000000060ac00000| Untracked 
|  44|0x000000060b000000, 0x000000060b400000, 0x000000060b400000|100%| O|  |TAMS 0x000000060b000000| PB 0x000000060b000000| Untracked 
|  45|0x000000060b400000, 0x000000060b800000, 0x000000060b800000|100%| O|  |TAMS 0x000000060b400000| PB 0x000000060b400000| Untracked 
|  46|0x000000060b800000, 0x000000060bc00000, 0x000000060bc00000|100%| O|  |TAMS 0x000000060b800000| PB 0x000000060b800000| Untracked 
|  47|0x000000060bc00000, 0x000000060c000000, 0x000000060c000000|100%| O|  |TAMS 0x000000060bc00000| PB 0x000000060bc00000| Untracked 
|  48|0x000000060c000000, 0x000000060c400000, 0x000000060c400000|100%| O|  |TAMS 0x000000060c000000| PB 0x000000060c000000| Untracked 
|  49|0x000000060c400000, 0x000000060c800000, 0x000000060c800000|100%| O|  |TAMS 0x000000060c400000| PB 0x000000060c400000| Untracked 
|  50|0x000000060c800000, 0x000000060cc00000, 0x000000060cc00000|100%| O|  |TAMS 0x000000060c800000| PB 0x000000060c800000| Untracked 
|  51|0x000000060cc00000, 0x000000060d000000, 0x000000060d000000|100%| O|  |TAMS 0x000000060cc00000| PB 0x000000060cc00000| Untracked 
|  52|0x000000060d000000, 0x000000060d400000, 0x000000060d400000|100%| O|Cm|TAMS 0x000000060d000000| PB 0x000000060d000000| Complete 
|  53|0x000000060d400000, 0x000000060d800000, 0x000000060d800000|100%| O|  |TAMS 0x000000060d400000| PB 0x000000060d400000| Untracked 
|  54|0x000000060d800000, 0x000000060d800000, 0x000000060dc00000|  0%| F|  |TAMS 0x000000060d800000| PB 0x000000060d800000| Untracked 
|  55|0x000000060dc00000, 0x000000060e000000, 0x000000060e000000|100%| O|  |TAMS 0x000000060dc00000| PB 0x000000060dc00000| Untracked 
|  56|0x000000060e000000, 0x000000060e400000, 0x000000060e400000|100%| O|  |TAMS 0x000000060e000000| PB 0x000000060e000000| Untracked 
|  57|0x000000060e400000, 0x000000060e800000, 0x000000060e800000|100%| O|  |TAMS 0x000000060e400000| PB 0x000000060e400000| Untracked 
|  58|0x000000060e800000, 0x000000060e800000, 0x000000060ec00000|  0%| F|  |TAMS 0x000000060e800000| PB 0x000000060e800000| Untracked 
|  59|0x000000060ec00000, 0x000000060f000000, 0x000000060f000000|100%| O|  |TAMS 0x000000060ec00000| PB 0x000000060ec00000| Untracked 
|  60|0x000000060f000000, 0x000000060f400000, 0x000000060f400000|100%| O|  |TAMS 0x000000060f000000| PB 0x000000060f000000| Untracked 
|  61|0x000000060f400000, 0x000000060f400000, 0x000000060f800000|  0%| F|  |TAMS 0x000000060f400000| PB 0x000000060f400000| Untracked 
|  62|0x000000060f800000, 0x000000060f800000, 0x000000060fc00000|  0%| F|  |TAMS 0x000000060f800000| PB 0x000000060f800000| Untracked 
|  63|0x000000060fc00000, 0x0000000610000000, 0x0000000610000000|100%| O|Cm|TAMS 0x000000060fc00000| PB 0x000000060fc00000| Complete 
|  64|0x0000000610000000, 0x0000000610000000, 0x0000000610400000|  0%| F|  |TAMS 0x0000000610000000| PB 0x0000000610000000| Untracked 
|  65|0x0000000610400000, 0x0000000610400000, 0x0000000610800000|  0%| F|  |TAMS 0x0000000610400000| PB 0x0000000610400000| Untracked 
|  66|0x0000000610800000, 0x0000000610800000, 0x0000000610c00000|  0%| F|  |TAMS 0x0000000610800000| PB 0x0000000610800000| Untracked 
|  67|0x0000000610c00000, 0x0000000610c00000, 0x0000000611000000|  0%| F|  |TAMS 0x0000000610c00000| PB 0x0000000610c00000| Untracked 
|  68|0x0000000611000000, 0x0000000611365220, 0x0000000611400000| 84%| S|CS|TAMS 0x0000000611000000| PB 0x0000000611000000| Complete 
|  69|0x0000000611400000, 0x0000000611400000, 0x0000000611800000|  0%| F|  |TAMS 0x0000000611400000| PB 0x0000000611400000| Untracked 
|  70|0x0000000611800000, 0x0000000611800000, 0x0000000611c00000|  0%| F|  |TAMS 0x0000000611800000| PB 0x0000000611800000| Untracked 
|  71|0x0000000611c00000, 0x0000000611c00000, 0x0000000612000000|  0%| F|  |TAMS 0x0000000611c00000| PB 0x0000000611c00000| Untracked 
|  72|0x0000000612000000, 0x0000000612000000, 0x0000000612400000|  0%| F|  |TAMS 0x0000000612000000| PB 0x0000000612000000| Untracked 
|  73|0x0000000612400000, 0x0000000612400000, 0x0000000612800000|  0%| F|  |TAMS 0x0000000612400000| PB 0x0000000612400000| Untracked 
|  74|0x0000000612800000, 0x0000000612800000, 0x0000000612c00000|  0%| F|  |TAMS 0x0000000612800000| PB 0x0000000612800000| Untracked 
|  75|0x0000000612c00000, 0x0000000612c00000, 0x0000000613000000|  0%| F|  |TAMS 0x0000000612c00000| PB 0x0000000612c00000| Untracked 
|  76|0x0000000613000000, 0x0000000613000000, 0x0000000613400000|  0%| F|  |TAMS 0x0000000613000000| PB 0x0000000613000000| Untracked 
|  77|0x0000000613400000, 0x0000000613400000, 0x0000000613800000|  0%| F|  |TAMS 0x0000000613400000| PB 0x0000000613400000| Untracked 
|  78|0x0000000613800000, 0x0000000613800000, 0x0000000613c00000|  0%| F|  |TAMS 0x0000000613800000| PB 0x0000000613800000| Untracked 
|  79|0x0000000613c00000, 0x0000000613c00000, 0x0000000614000000|  0%| F|  |TAMS 0x0000000613c00000| PB 0x0000000613c00000| Untracked 
|  80|0x0000000614000000, 0x0000000614000000, 0x0000000614400000|  0%| F|  |TAMS 0x0000000614000000| PB 0x0000000614000000| Untracked 
|  81|0x0000000614400000, 0x0000000614400000, 0x0000000614800000|  0%| F|  |TAMS 0x0000000614400000| PB 0x0000000614400000| Untracked 
|  82|0x0000000614800000, 0x0000000614800000, 0x0000000614c00000|  0%| F|  |TAMS 0x0000000614800000| PB 0x0000000614800000| Untracked 
|  83|0x0000000614c00000, 0x0000000614c00000, 0x0000000615000000|  0%| F|  |TAMS 0x0000000614c00000| PB 0x0000000614c00000| Untracked 
|  84|0x0000000615000000, 0x0000000615000000, 0x0000000615400000|  0%| F|  |TAMS 0x0000000615000000| PB 0x0000000615000000| Untracked 
|  85|0x0000000615400000, 0x0000000615400000, 0x0000000615800000|  0%| F|  |TAMS 0x0000000615400000| PB 0x0000000615400000| Untracked 
|  86|0x0000000615800000, 0x00000006158d46c0, 0x0000000615c00000| 20%| E|  |TAMS 0x0000000615800000| PB 0x0000000615800000| Complete 
|  87|0x0000000615c00000, 0x0000000616000000, 0x0000000616000000|100%| E|CS|TAMS 0x0000000615c00000| PB 0x0000000615c00000| Complete 
|  88|0x0000000616000000, 0x0000000616400000, 0x0000000616400000|100%| E|CS|TAMS 0x0000000616000000| PB 0x0000000616000000| Complete 
|  89|0x0000000616400000, 0x0000000616800000, 0x0000000616800000|100%| E|CS|TAMS 0x0000000616400000| PB 0x0000000616400000| Complete 
|  90|0x0000000616800000, 0x0000000616c00000, 0x0000000616c00000|100%| E|CS|TAMS 0x0000000616800000| PB 0x0000000616800000| Complete 
|  91|0x0000000616c00000, 0x0000000617000000, 0x0000000617000000|100%| E|CS|TAMS 0x0000000616c00000| PB 0x0000000616c00000| Complete 
|  92|0x0000000617000000, 0x0000000617400000, 0x0000000617400000|100%| E|CS|TAMS 0x0000000617000000| PB 0x0000000617000000| Complete 
|  93|0x0000000617400000, 0x0000000617800000, 0x0000000617800000|100%| E|  |TAMS 0x0000000617400000| PB 0x0000000617400000| Complete 
|  94|0x0000000617800000, 0x0000000617c00000, 0x0000000617c00000|100%| E|CS|TAMS 0x0000000617800000| PB 0x0000000617800000| Complete 
|  95|0x0000000617c00000, 0x0000000618000000, 0x0000000618000000|100%| E|CS|TAMS 0x0000000617c00000| PB 0x0000000617c00000| Complete 
|  96|0x0000000618000000, 0x0000000618400000, 0x0000000618400000|100%| E|CS|TAMS 0x0000000618000000| PB 0x0000000618000000| Complete 
|  97|0x0000000618400000, 0x0000000618800000, 0x0000000618800000|100%| E|CS|TAMS 0x0000000618400000| PB 0x0000000618400000| Complete 
|  98|0x0000000618800000, 0x0000000618c00000, 0x0000000618c00000|100%| E|CS|TAMS 0x0000000618800000| PB 0x0000000618800000| Complete 
|  99|0x0000000618c00000, 0x0000000619000000, 0x0000000619000000|100%| E|CS|TAMS 0x0000000618c00000| PB 0x0000000618c00000| Complete 
| 100|0x0000000619000000, 0x0000000619400000, 0x0000000619400000|100%| E|CS|TAMS 0x0000000619000000| PB 0x0000000619000000| Complete 
| 101|0x0000000619400000, 0x0000000619800000, 0x0000000619800000|100%| E|CS|TAMS 0x0000000619400000| PB 0x0000000619400000| Complete 
| 102|0x0000000619800000, 0x0000000619c00000, 0x0000000619c00000|100%| E|CS|TAMS 0x0000000619800000| PB 0x0000000619800000| Complete 
| 103|0x0000000619c00000, 0x000000061a000000, 0x000000061a000000|100%| E|CS|TAMS 0x0000000619c00000| PB 0x0000000619c00000| Complete 
| 104|0x000000061a000000, 0x000000061a400000, 0x000000061a400000|100%| E|CS|TAMS 0x000000061a000000| PB 0x000000061a000000| Complete 
| 105|0x000000061a400000, 0x000000061a800000, 0x000000061a800000|100%| E|CS|TAMS 0x000000061a400000| PB 0x000000061a400000| Complete 
| 106|0x000000061a800000, 0x000000061ac00000, 0x000000061ac00000|100%| E|CS|TAMS 0x000000061a800000| PB 0x000000061a800000| Complete 
| 107|0x000000061ac00000, 0x000000061b000000, 0x000000061b000000|100%| E|CS|TAMS 0x000000061ac00000| PB 0x000000061ac00000| Complete 
| 108|0x000000061b000000, 0x000000061b400000, 0x000000061b400000|100%| E|CS|TAMS 0x000000061b000000| PB 0x000000061b000000| Complete 
| 109|0x000000061b400000, 0x000000061b800000, 0x000000061b800000|100%| E|CS|TAMS 0x000000061b400000| PB 0x000000061b400000| Complete 
| 110|0x000000061b800000, 0x000000061bc00000, 0x000000061bc00000|100%| E|CS|TAMS 0x000000061b800000| PB 0x000000061b800000| Complete 
| 111|0x000000061bc00000, 0x000000061c000000, 0x000000061c000000|100%| E|CS|TAMS 0x000000061bc00000| PB 0x000000061bc00000| Complete 
| 112|0x000000061c000000, 0x000000061c400000, 0x000000061c400000|100%| E|CS|TAMS 0x000000061c000000| PB 0x000000061c000000| Complete 
| 130|0x0000000620800000, 0x0000000620c00000, 0x0000000620c00000|100%| E|CS|TAMS 0x0000000620800000| PB 0x0000000620800000| Complete 
| 131|0x0000000620c00000, 0x0000000621000000, 0x0000000621000000|100%| E|CS|TAMS 0x0000000620c00000| PB 0x0000000620c00000| Complete 
|2046|0x00000007ff800000, 0x00000007ffc00000, 0x00000007ffc00000|100%| E|CS|TAMS 0x00000007ff800000| PB 0x00000007ff800000| Complete 
|2047|0x00000007ffc00000, 0x0000000800000000, 0x0000000800000000|100%| E|CS|TAMS 0x00000007ffc00000| PB 0x00000007ffc00000| Complete 

Card table byte_map: [0x0000023a75880000,0x0000023a76880000] _byte_map_base: 0x0000023a72880000

Marking Bits: (CMBitMap*) 0x0000023a711f4280
 Bits: [0x0000023a76880000, 0x0000023a7e880000)

Polling page: 0x0000023a6efe0000

Metaspace:

Usage:
  Non-class:     82.84 MB used.
      Class:      8.79 MB used.
       Both:     91.63 MB used.

Virtual space:
  Non-class space:      128.00 MB reserved,      83.88 MB ( 66%) committed,  2 nodes.
      Class space:        1.00 GB reserved,       9.75 MB ( <1%) committed,  1 nodes.
             Both:        1.12 GB reserved,      93.62 MB (  8%) committed. 

Chunk freelists:
   Non-Class:  12.17 MB
       Class:  6.18 MB
        Both:  18.35 MB

MaxMetaspaceSize: unlimited
CompressedClassSpaceSize: 1.00 GB
Initial GC threshold: 21.00 MB
Current GC threshold: 155.88 MB
CDS: on
 - commit_granule_bytes: 65536.
 - commit_granule_words: 8192.
 - virtual_space_node_default_size: 8388608.
 - enlarge_chunks_in_place: 1.
 - use_allocation_guard: 0.


Internal statistics:

num_allocs_failed_limit: 8.
num_arena_births: 2074.
num_arena_deaths: 68.
num_vsnodes_births: 3.
num_vsnodes_deaths: 0.
num_space_committed: 1498.
num_space_uncommitted: 0.
num_chunks_returned_to_freelist: 100.
num_chunks_taken_from_freelist: 7134.
num_chunk_merges: 14.
num_chunk_splits: 4207.
num_chunks_enlarged: 2206.
num_inconsistent_stats: 0.

CodeHeap 'non-profiled nmethods': size=120000Kb used=31384Kb max_used=33038Kb free=88615Kb
 bounds [0x0000023a07ad0000, 0x0000023a09b50000, 0x0000023a0f000000]
CodeHeap 'profiled nmethods': size=120000Kb used=26256Kb max_used=43194Kb free=93743Kb
 bounds [0x0000023a00000000, 0x0000023a02a30000, 0x0000023a07530000]
CodeHeap 'non-nmethods': size=5760Kb used=1688Kb max_used=1766Kb free=4071Kb
 bounds [0x0000023a07530000, 0x0000023a077a0000, 0x0000023a07ad0000]
CodeCache: size=245760Kb, used=59328Kb, max_used=77998Kb, free=186429Kb
 total_blobs=15051, nmethods=14236, adapters=715, full_count=0
Compilation: enabled, stopped_count=0, restarted_count=0

Compilation events (20 events):
Event: 7920.171 Thread 0x0000023a74855340 44441       3       org.eclipse.jdt.core.search.IParallelizable::initBeforeSearch (1 bytes)
Event: 7920.171 Thread 0x0000023a74855340 nmethod 44441 0x0000023a0013ec10 code [0x0000023a0013eda0, 0x0000023a0013eea8]
Event: 8155.239 Thread 0x0000023a7484b8e0 44442       4       java.lang.ClassLoader::getBuiltinPlatformClassLoader (4 bytes)
Event: 8155.240 Thread 0x0000023a7484b8e0 nmethod 44442 0x0000023a07adc610 code [0x0000023a07adc7a0, 0x0000023a07adc810]
Event: 8232.525 Thread 0x0000023a74855340 44443       1       java.lang.Thread::threadContainer (5 bytes)
Event: 8232.526 Thread 0x0000023a74855340 nmethod 44443 0x0000023a07b28b10 code [0x0000023a07b28ca0, 0x0000023a07b28d70]
Event: 8249.511 Thread 0x0000023a74855340 44444       3       java.util.concurrent.ThreadPoolExecutor$Worker::tryAcquire (20 bytes)
Event: 8249.512 Thread 0x0000023a74855340 nmethod 44444 0x0000023a001d2890 code [0x0000023a001d2a40, 0x0000023a001d2c88]
Event: 8373.783 Thread 0x0000023a74855340 44445       3       java.util.concurrent.ThreadPoolExecutor$Worker::lock (6 bytes)
Event: 8373.783 Thread 0x0000023a74855340 nmethod 44445 0x0000023a001ceb90 code [0x0000023a001ced40, 0x0000023a001cee80]
Event: 8395.310 Thread 0x0000023a7484b8e0 44446       4       java.lang.ClassLoader::getPlatformClassLoader (21 bytes)
Event: 8395.311 Thread 0x0000023a7484b8e0 nmethod 44446 0x0000023a07b70f90 code [0x0000023a07b71120, 0x0000023a07b71190]
Event: 8421.864 Thread 0x0000023a74855340 44447       3       org.eclipse.core.internal.resources.MarkerSet::shareStrings (57 bytes)
Event: 8421.865 Thread 0x0000023a74855340 nmethod 44447 0x0000023a008f7110 code [0x0000023a008f72e0, 0x0000023a008f7858]
Event: 9184.638 Thread 0x0000023a7484b8e0 44448       4       org.eclipse.core.runtime.NullProgressMonitor::setTaskName (1 bytes)
Event: 9184.638 Thread 0x0000023a7484b8e0 nmethod 44448 0x0000023a07b93c90 code [0x0000023a07b93e20, 0x0000023a07b93ea8]
Event: 11142.201 Thread 0x0000023a7484b8e0 44449       4       java.util.concurrent.ThreadPoolExecutor::afterExecute (1 bytes)
Event: 11142.217 Thread 0x0000023a7484b8e0 nmethod 44449 0x0000023a07ba0c90 code [0x0000023a07ba0e20, 0x0000023a07ba0ea8]
Event: 11525.145 Thread 0x0000023a74855340 44450   !   3       org.eclipse.osgi.storage.Storage::save0 (246 bytes)
Event: 11525.412 Thread 0x0000023a74855340 nmethod 44450 0x0000023a01596f10 code [0x0000023a01597420, 0x0000023a0159a1a8]

GC Heap History (20 events):
Event: 4910.944 GC heap before
{Heap before GC invocations=491 (full 0):
 garbage-first heap   total 479232K, used 434085K [0x0000000600000000, 0x0000000800000000)
  region size 4096K, 54 young (221184K), 6 survivors (24576K)
 Metaspace       used 93628K, committed 95616K, reserved 1179648K
  class space    used 8989K, committed 9920K, reserved 1048576K
}
Event: 4910.953 GC heap after
{Heap after GC invocations=492 (full 0):
 garbage-first heap   total 479232K, used 242954K [0x0000000600000000, 0x0000000800000000)
  region size 4096K, 3 young (12288K), 3 survivors (12288K)
 Metaspace       used 93628K, committed 95616K, reserved 1179648K
  class space    used 8989K, committed 9920K, reserved 1048576K
}
Event: 4919.763 GC heap before
{Heap before GC invocations=493 (full 0):
 garbage-first heap   total 479232K, used 443658K [0x0000000600000000, 0x0000000800000000)
  region size 4096K, 52 young (212992K), 3 survivors (12288K)
 Metaspace       used 93629K, committed 95616K, reserved 1179648K
  class space    used 8989K, committed 9920K, reserved 1048576K
}
Event: 4919.766 GC heap after
{Heap after GC invocations=494 (full 0):
 garbage-first heap   total 479232K, used 238441K [0x0000000600000000, 0x0000000800000000)
  region size 4096K, 2 young (8192K), 2 survivors (8192K)
 Metaspace       used 93629K, committed 95616K, reserved 1179648K
  class space    used 8989K, committed 9920K, reserved 1048576K
}
Event: 4922.845 GC heap before
{Heap before GC invocations=494 (full 0):
 garbage-first heap   total 479232K, used 447337K [0x0000000600000000, 0x0000000800000000)
  region size 4096K, 53 young (217088K), 2 survivors (8192K)
 Metaspace       used 93629K, committed 95616K, reserved 1179648K
  class space    used 8989K, committed 9920K, reserved 1048576K
}
Event: 4922.852 GC heap after
{Heap after GC invocations=495 (full 0):
 garbage-first heap   total 479232K, used 234396K [0x0000000600000000, 0x0000000800000000)
  region size 4096K, 2 young (8192K), 2 survivors (8192K)
 Metaspace       used 93629K, committed 95616K, reserved 1179648K
  class space    used 8989K, committed 9920K, reserved 1048576K
}
Event: 4926.076 GC heap before
{Heap before GC invocations=495 (full 0):
 garbage-first heap   total 479232K, used 443292K [0x0000000600000000, 0x0000000800000000)
  region size 4096K, 54 young (221184K), 2 survivors (8192K)
 Metaspace       used 93634K, committed 95616K, reserved 1179648K
  class space    used 8989K, committed 9920K, reserved 1048576K
}
Event: 4926.082 GC heap after
{Heap after GC invocations=496 (full 0):
 garbage-first heap   total 479232K, used 241475K [0x0000000600000000, 0x0000000800000000)
  region size 4096K, 4 young (16384K), 4 survivors (16384K)
 Metaspace       used 93634K, committed 95616K, reserved 1179648K
  class space    used 8989K, committed 9920K, reserved 1048576K
}
Event: 4928.537 GC heap before
{Heap before GC invocations=497 (full 0):
 garbage-first heap   total 479232K, used 438083K [0x0000000600000000, 0x0000000800000000)
  region size 4096K, 53 young (217088K), 4 survivors (16384K)
 Metaspace       used 93679K, committed 95744K, reserved 1179648K
  class space    used 8995K, committed 9984K, reserved 1048576K
}
Event: 4928.550 GC heap after
{Heap after GC invocations=498 (full 0):
 garbage-first heap   total 479232K, used 252508K [0x0000000600000000, 0x0000000800000000)
  region size 4096K, 6 young (24576K), 6 survivors (24576K)
 Metaspace       used 93679K, committed 95744K, reserved 1179648K
  class space    used 8995K, committed 9984K, reserved 1048576K
}
Event: 4930.483 GC heap before
{Heap before GC invocations=498 (full 0):
 garbage-first heap   total 479232K, used 440924K [0x0000000600000000, 0x0000000800000000)
  region size 4096K, 53 young (217088K), 6 survivors (24576K)
 Metaspace       used 93729K, committed 95744K, reserved 1179648K
  class space    used 8995K, committed 9984K, reserved 1048576K
}
Event: 4930.499 GC heap after
{Heap after GC invocations=499 (full 0):
 garbage-first heap   total 479232K, used 251567K [0x0000000600000000, 0x0000000800000000)
  region size 4096K, 2 young (8192K), 2 survivors (8192K)
 Metaspace       used 93729K, committed 95744K, reserved 1179648K
  class space    used 8995K, committed 9984K, reserved 1048576K
}
Event: 4934.707 GC heap before
{Heap before GC invocations=499 (full 0):
 garbage-first heap   total 479232K, used 439983K [0x0000000600000000, 0x0000000800000000)
  region size 4096K, 49 young (200704K), 2 survivors (8192K)
 Metaspace       used 93738K, committed 95744K, reserved 1179648K
  class space    used 8995K, committed 9984K, reserved 1048576K
}
Event: 4934.712 GC heap after
{Heap after GC invocations=500 (full 0):
 garbage-first heap   total 479232K, used 251049K [0x0000000600000000, 0x0000000800000000)
  region size 4096K, 2 young (8192K), 2 survivors (8192K)
 Metaspace       used 93738K, committed 95744K, reserved 1179648K
  class space    used 8995K, committed 9984K, reserved 1048576K
}
Event: 4937.911 GC heap before
{Heap before GC invocations=501 (full 0):
 garbage-first heap   total 479232K, used 439465K [0x0000000600000000, 0x0000000800000000)
  region size 4096K, 49 young (200704K), 2 survivors (8192K)
 Metaspace       used 93764K, committed 95808K, reserved 1179648K
  class space    used 8995K, committed 9984K, reserved 1048576K
}
Event: 4937.921 GC heap after
{Heap after GC invocations=502 (full 0):
 garbage-first heap   total 479232K, used 262648K [0x0000000600000000, 0x0000000800000000)
  region size 4096K, 5 young (20480K), 5 survivors (20480K)
 Metaspace       used 93764K, committed 95808K, reserved 1179648K
  class space    used 8995K, committed 9984K, reserved 1048576K
}
Event: 4940.257 GC heap before
{Heap before GC invocations=502 (full 0):
 garbage-first heap   total 479232K, used 434680K [0x0000000600000000, 0x0000000800000000)
  region size 4096K, 48 young (196608K), 5 survivors (20480K)
 Metaspace       used 93769K, committed 95808K, reserved 1179648K
  class space    used 8995K, committed 9984K, reserved 1048576K
}
Event: 4940.265 GC heap after
{Heap after GC invocations=503 (full 0):
 garbage-first heap   total 479232K, used 253452K [0x0000000600000000, 0x0000000800000000)
  region size 4096K, 3 young (12288K), 3 survivors (12288K)
 Metaspace       used 93769K, committed 95808K, reserved 1179648K
  class space    used 8995K, committed 9984K, reserved 1048576K
}
Event: 7819.412 GC heap before
{Heap before GC invocations=503 (full 0):
 garbage-first heap   total 479232K, used 433676K [0x0000000600000000, 0x0000000800000000)
  region size 4096K, 48 young (196608K), 3 survivors (12288K)
 Metaspace       used 93803K, committed 95872K, reserved 1179648K
  class space    used 8995K, committed 9984K, reserved 1048576K
}
Event: 7819.439 GC heap after
{Heap after GC invocations=504 (full 0):
 garbage-first heap   total 479232K, used 248085K [0x0000000600000000, 0x0000000800000000)
  region size 4096K, 1 young (4096K), 1 survivors (4096K)
 Metaspace       used 93803K, committed 95872K, reserved 1179648K
  class space    used 8995K, committed 9984K, reserved 1048576K
}

Dll operation events (11 events):
Event: 0.016 Loaded shared library c:\Users\hyper\.vscode\extensions\redhat.java-1.51.0-win32-x64\jre\21.0.9-win32-x86_64\bin\java.dll
Event: 0.083 Loaded shared library c:\Users\hyper\.vscode\extensions\redhat.java-1.51.0-win32-x64\jre\21.0.9-win32-x86_64\bin\zip.dll
Event: 0.109 Loaded shared library C:\Users\hyper\.vscode\extensions\redhat.java-1.51.0-win32-x64\jre\21.0.9-win32-x86_64\bin\instrument.dll
Event: 0.114 Loaded shared library C:\Users\hyper\.vscode\extensions\redhat.java-1.51.0-win32-x64\jre\21.0.9-win32-x86_64\bin\net.dll
Event: 0.117 Loaded shared library C:\Users\hyper\.vscode\extensions\redhat.java-1.51.0-win32-x64\jre\21.0.9-win32-x86_64\bin\nio.dll
Event: 0.120 Loaded shared library C:\Users\hyper\.vscode\extensions\redhat.java-1.51.0-win32-x64\jre\21.0.9-win32-x86_64\bin\zip.dll
Event: 0.133 Loaded shared library C:\Users\hyper\.vscode\extensions\redhat.java-1.51.0-win32-x64\jre\21.0.9-win32-x86_64\bin\jimage.dll
Event: 0.212 Loaded shared library c:\Users\hyper\.vscode\extensions\redhat.java-1.51.0-win32-x64\jre\21.0.9-win32-x86_64\bin\verify.dll
Event: 12.668 Loaded shared library C:\Users\hyper\AppData\Roaming\Code\User\globalStorage\redhat.java\1.51.0\config_win\org.eclipse.equinox.launcher\org.eclipse.equinox.launcher.win32.win32.x86_64_1.2.1400.v20250801-0854\eclipse_11916.dll
Event: 21.284 Loaded shared library C:\Users\hyper\AppData\Local\Temp\jna-99761772\jna6860588097829305232.dll
Event: 29.744 Loaded shared library C:\Users\hyper\.vscode\extensions\redhat.java-1.51.0-win32-x64\jre\21.0.9-win32-x86_64\bin\sunmscapi.dll

Deoptimization events (20 events):
Event: 4935.286 Thread 0x0000023a5812dba0 DEOPT PACKING pc=0x0000023a07e371a0 sp=0x00000061c00fd5c0
Event: 4935.286 Thread 0x0000023a5812dba0 DEOPT UNPACKING pc=0x0000023a07584422 sp=0x00000061c00fd5a0 mode 2
Event: 4936.785 Thread 0x0000023a5812dba0 DEOPT PACKING pc=0x0000023a016f234d sp=0x00000061c00fedb0
Event: 4936.785 Thread 0x0000023a5812dba0 DEOPT UNPACKING pc=0x0000023a07584bc2 sp=0x00000061c00fe1f0 mode 0
Event: 4937.752 Thread 0x0000023a59385460 DEOPT PACKING pc=0x0000023a0258d795 sp=0x00000061c15fdac0
Event: 4937.752 Thread 0x0000023a59385460 DEOPT UNPACKING pc=0x0000023a07584bc2 sp=0x00000061c15fcf70 mode 0
Event: 7266.105 Thread 0x0000023a5935e170 Uncommon trap: trap_request=0xffffff66 fr.pc=0x0000023a07dc2174 relative=0x0000000000001934
Event: 7266.105 Thread 0x0000023a5935e170 Uncommon trap: reason=speculate_class_check action=maybe_recompile pc=0x0000023a07dc2174 method=org.eclipse.core.internal.resources.Resource.isLinked()Z @ 2 c2
Event: 7266.105 Thread 0x0000023a5935e170 DEOPT PACKING pc=0x0000023a07dc2174 sp=0x00000061bddfe8e0
Event: 7266.105 Thread 0x0000023a5935e170 DEOPT UNPACKING pc=0x0000023a07584422 sp=0x00000061bddfe850 mode 2
Event: 7266.173 Thread 0x0000023a5935e170 Uncommon trap: trap_request=0xffffffde fr.pc=0x0000023a09188534 relative=0x0000000000000954
Event: 7266.174 Thread 0x0000023a5935e170 Uncommon trap: reason=class_check action=maybe_recompile pc=0x0000023a09188534 method=com.google.gson.stream.JsonWriter.value(Ljava/lang/Boolean;)Lcom/google/gson/stream/JsonWriter; @ 35 c2
Event: 7266.174 Thread 0x0000023a5935e170 DEOPT PACKING pc=0x0000023a09188534 sp=0x00000061bddfe870
Event: 7266.174 Thread 0x0000023a5935e170 DEOPT UNPACKING pc=0x0000023a07584422 sp=0x00000061bddfe858 mode 2
Event: 7820.015 Thread 0x0000023a5935acf0 DEOPT PACKING pc=0x0000023a02148ab2 sp=0x00000061bdcfed90
Event: 7820.015 Thread 0x0000023a5935acf0 DEOPT UNPACKING pc=0x0000023a07584bc2 sp=0x00000061bdcfe278 mode 0
Event: 7922.095 Thread 0x0000023a5935acf0 Uncommon trap: trap_request=0xffffffc6 fr.pc=0x0000023a07c18984 relative=0x0000000000000464
Event: 7922.096 Thread 0x0000023a5935acf0 Uncommon trap: reason=bimorphic_or_optimized_type_check action=maybe_recompile pc=0x0000023a07c18984 method=org.eclipse.jdt.internal.compiler.parser.Parser.rejectIllegalTypeAnnotations(Lorg/eclipse/jdt/internal/compiler/ast/TypeReference;)V @ 60 c2
Event: 7922.096 Thread 0x0000023a5935acf0 DEOPT PACKING pc=0x0000023a07c18984 sp=0x00000061bdcfeb30
Event: 7922.096 Thread 0x0000023a5935acf0 DEOPT UNPACKING pc=0x0000023a07584422 sp=0x00000061bdcfea70 mode 2

Classes loaded (20 events):
Event: 1388.429 Loading class java/nio/channels/CompletionHandler
Event: 1388.430 Loading class java/nio/channels/CompletionHandler done
Event: 3032.096 Loading class java/util/Spliterators$IntArraySpliterator
Event: 3032.096 Loading class java/util/Spliterators$IntArraySpliterator done
Event: 3032.531 Loading class java/util/Collections$EmptyListIterator
Event: 3032.531 Loading class java/util/Collections$EmptyListIterator done
Event: 3072.855 Loading class java/util/ArrayDeque$DeqSpliterator
Event: 3072.855 Loading class java/util/ArrayDeque$DeqSpliterator done
Event: 3263.700 Loading class java/util/DualPivotQuicksort$Sorter
Event: 3263.700 Loading class java/util/DualPivotQuicksort$Sorter done
Event: 3340.630 Loading class java/lang/Throwable$WrappedPrintWriter
Event: 3340.630 Loading class java/lang/Throwable$PrintStreamOrWriter
Event: 3340.630 Loading class java/lang/Throwable$PrintStreamOrWriter done
Event: 3340.630 Loading class java/lang/Throwable$WrappedPrintWriter done
Event: 4228.213 Loading class java/util/stream/ReferencePipeline$15
Event: 4228.214 Loading class java/util/stream/ReferencePipeline$15 done
Event: 4228.215 Loading class java/util/stream/ReferencePipeline$15$1
Event: 4228.215 Loading class java/util/stream/ReferencePipeline$15$1 done
Event: 4228.454 Loading class java/util/HashMap$EntrySpliterator
Event: 4228.454 Loading class java/util/HashMap$EntrySpliterator done

Classes unloaded (20 events):
Event: 29.987 Thread 0x0000023a7481c3a0 Unloading class 0x0000023a12610000 'java/lang/invoke/LambdaForm$MH+0x0000023a12610000'
Event: 30.621 Thread 0x0000023a7481c3a0 Unloading class 0x0000023a12621800 'java/lang/invoke/LambdaForm$DMH+0x0000023a12621800'
Event: 178.477 Thread 0x0000023a7481c3a0 Unloading class 0x0000023a12749400 'java/lang/invoke/LambdaForm$MH+0x0000023a12749400'
Event: 178.477 Thread 0x0000023a7481c3a0 Unloading class 0x0000023a12748c00 'java/lang/invoke/LambdaForm$DMH+0x0000023a12748c00'
Event: 178.477 Thread 0x0000023a7481c3a0 Unloading class 0x0000023a12748000 'java/lang/invoke/LambdaForm$DMH+0x0000023a12748000'
Event: 178.477 Thread 0x0000023a7481c3a0 Unloading class 0x0000023a12747400 'java/lang/invoke/LambdaForm$DMH+0x0000023a12747400'
Event: 178.477 Thread 0x0000023a7481c3a0 Unloading class 0x0000023a12746c00 'java/lang/invoke/LambdaForm$DMH+0x0000023a12746c00'
Event: 178.477 Thread 0x0000023a7481c3a0 Unloading class 0x0000023a12746000 'java/lang/invoke/LambdaForm$MH+0x0000023a12746000'
Event: 178.477 Thread 0x0000023a7481c3a0 Unloading class 0x0000023a12745800 'java/lang/invoke/LambdaForm$MH+0x0000023a12745800'
Event: 178.477 Thread 0x0000023a7481c3a0 Unloading class 0x0000023a12745400 'java/lang/invoke/LambdaForm$MH+0x0000023a12745400'
Event: 178.477 Thread 0x0000023a7481c3a0 Unloading class 0x0000023a1273bc00 'java/lang/invoke/LambdaForm$MH+0x0000023a1273bc00'
Event: 178.477 Thread 0x0000023a7481c3a0 Unloading class 0x0000023a1273b400 'java/lang/invoke/LambdaForm$MH+0x0000023a1273b400'
Event: 178.477 Thread 0x0000023a7481c3a0 Unloading class 0x0000023a1273ac00 'java/lang/invoke/LambdaForm$MH+0x0000023a1273ac00'
Event: 178.477 Thread 0x0000023a7481c3a0 Unloading class 0x0000023a1273a400 'java/lang/invoke/LambdaForm$MH+0x0000023a1273a400'
Event: 178.477 Thread 0x0000023a7481c3a0 Unloading class 0x0000023a12739c00 'java/lang/invoke/LambdaForm$MH+0x0000023a12739c00'
Event: 178.477 Thread 0x0000023a7481c3a0 Unloading class 0x0000023a12739400 'java/lang/invoke/LambdaForm$MH+0x0000023a12739400'
Event: 178.477 Thread 0x0000023a7481c3a0 Unloading class 0x0000023a12738c00 'java/lang/invoke/LambdaForm$MH+0x0000023a12738c00'
Event: 178.477 Thread 0x0000023a7481c3a0 Unloading class 0x0000023a12738400 'java/lang/invoke/LambdaForm$MH+0x0000023a12738400'
Event: 178.477 Thread 0x0000023a7481c3a0 Unloading class 0x0000023a12734000 'java/lang/invoke/LambdaForm$DMH+0x0000023a12734000'
Event: 178.477 Thread 0x0000023a7481c3a0 Unloading class 0x0000023a12728000 'java/lang/invoke/LambdaForm$DMH+0x0000023a12728000'

Classes redefined (0 events):
No events

Internal exceptions (20 events):
Event: 4772.397 Thread 0x0000023a561e74a0 Exception <a 'sun/nio/fs/WindowsException'{0x00000006187d0188}> (0x00000006187d0188) 
thrown [s\src\hotspot\share\prims\jni.cpp, line 520]
Event: 4775.178 Thread 0x0000023a561e74a0 Exception <a 'sun/nio/fs/WindowsException'{0x0000000614cac1d8}> (0x0000000614cac1d8) 
thrown [s\src\hotspot\share\prims\jni.cpp, line 520]
Event: 4775.298 Thread 0x0000023a561e74a0 Exception <a 'sun/nio/fs/WindowsException'{0x0000000613679780}> (0x0000000613679780) 
thrown [s\src\hotspot\share\prims\jni.cpp, line 520]
Event: 4776.990 Thread 0x0000023a561e74a0 Exception <a 'sun/nio/fs/WindowsException'{0x0000000610d32ed8}> (0x0000000610d32ed8) 
thrown [s\src\hotspot\share\prims\jni.cpp, line 520]
Event: 4777.135 Thread 0x0000023a561e74a0 Exception <a 'sun/nio/fs/WindowsException'{0x000000061bcacce0}> (0x000000061bcacce0) 
thrown [s\src\hotspot\share\prims\jni.cpp, line 520]
Event: 4907.390 Thread 0x0000023a561e74a0 Exception <a 'sun/nio/fs/WindowsException'{0x00000006154f4f50}> (0x00000006154f4f50) 
thrown [s\src\hotspot\share\prims\jni.cpp, line 520]
Event: 4907.534 Thread 0x0000023a561e74a0 Exception <a 'sun/nio/fs/WindowsException'{0x0000000613db7260}> (0x0000000613db7260) 
thrown [s\src\hotspot\share\prims\jni.cpp, line 520]
Event: 4908.199 Thread 0x0000023a5812fc70 Exception <a 'sun/nio/fs/WindowsException'{0x000000061c0257b8}> (0x000000061c0257b8) 
thrown [s\src\hotspot\share\prims\jni.cpp, line 520]
Event: 4908.199 Thread 0x0000023a5812fc70 Exception <a 'sun/nio/fs/WindowsException'{0x000000061c0260b8}> (0x000000061c0260b8) 
thrown [s\src\hotspot\share\prims\jni.cpp, line 520]
Event: 4922.405 Thread 0x0000023a5812a090 Implicit null exception at 0x0000023a080c3352 to 0x0000023a080c42cc
Event: 4927.865 Thread 0x0000023a561e74a0 Exception <a 'sun/nio/fs/WindowsException'{0x000000061bc08ee0}> (0x000000061bc08ee0) 
thrown [s\src\hotspot\share\prims\jni.cpp, line 520]
Event: 4928.030 Thread 0x0000023a561e74a0 Exception <a 'sun/nio/fs/WindowsException'{0x00000006197aced0}> (0x00000006197aced0) 
thrown [s\src\hotspot\share\prims\jni.cpp, line 520]
Event: 4928.941 Thread 0x0000023a59359940 Exception <a 'java/lang/NullPointerException'{0x0000000617925670}> (0x0000000617925670) 
thrown [s\src\hotspot\share\interpreter\linkResolver.cpp, line 1456]
Event: 4937.763 Thread 0x0000023a561e74a0 Exception <a 'sun/nio/fs/WindowsException'{0x0000000614931760}> (0x0000000614931760) 
thrown [s\src\hotspot\share\prims\jni.cpp, line 520]
Event: 4937.937 Thread 0x0000023a561e74a0 Exception <a 'sun/nio/fs/WindowsException'{0x00000007fff66710}> (0x00000007fff66710) 
thrown [s\src\hotspot\share\prims\jni.cpp, line 520]
Event: 4940.387 Thread 0x0000023a5812fc70 Exception <a 'java/lang/NullPointerException'{0x0000000620806580}> (0x0000000620806580) 
thrown [s\src\hotspot\share\interpreter\linkResolver.cpp, line 1456]
Event: 4941.612 Thread 0x0000023a561e74a0 Exception <a 'sun/nio/fs/WindowsException'{0x0000000619c2e918}> (0x0000000619c2e918) 
thrown [s\src\hotspot\share\prims\jni.cpp, line 520]
Event: 4941.758 Thread 0x0000023a561e74a0 Exception <a 'sun/nio/fs/WindowsException'{0x0000000618579990}> (0x0000000618579990) 
thrown [s\src\hotspot\share\prims\jni.cpp, line 520]
Event: 5208.819 Thread 0x0000023a5935b380 Exception <a 'sun/nio/fs/WindowsException'{0x00000006146267f8}> (0x00000006146267f8) 
thrown [s\src\hotspot\share\prims\jni.cpp, line 520]
Event: 5208.819 Thread 0x0000023a5935b380 Exception <a 'sun/nio/fs/WindowsException'{0x00000006146270f8}> (0x00000006146270f8) 
thrown [s\src\hotspot\share\prims\jni.cpp, line 520]

ZGC Phase Switch (0 events):
No events

VM Operations (20 events):
Event: 7819.903 Executing VM operation: G1PauseRemark
Event: 7819.994 Executing VM operation: G1PauseRemark done
Event: 7820.089 Executing VM operation: G1PauseCleanup
Event: 7820.089 Executing VM operation: G1PauseCleanup done
Event: 7872.565 Executing VM operation: Cleanup
Event: 7872.565 Executing VM operation: Cleanup done
Event: 7923.037 Executing VM operation: Cleanup
Event: 7923.037 Executing VM operation: Cleanup done
Event: 8477.353 Executing VM operation: HandshakeAllThreads (HandshakeForDeflation)
Event: 8477.353 Executing VM operation: HandshakeAllThreads (HandshakeForDeflation) done
Event: 8477.353 Executing VM operation: RendezvousGCThreads
Event: 8477.353 Executing VM operation: RendezvousGCThreads done
Event: 9379.544 Executing VM operation: HandshakeAllThreads (HandshakeForDeflation)
Event: 9379.544 Executing VM operation: HandshakeAllThreads (HandshakeForDeflation) done
Event: 9379.544 Executing VM operation: RendezvousGCThreads
Event: 9379.544 Executing VM operation: RendezvousGCThreads done
Event: 11122.683 Executing VM operation: HandshakeAllThreads (HandshakeForDeflation)
Event: 11122.686 Executing VM operation: HandshakeAllThreads (HandshakeForDeflation) done
Event: 11122.687 Executing VM operation: RendezvousGCThreads
Event: 11122.687 Executing VM operation: RendezvousGCThreads done

Memory protections (0 events):
No events

Nmethod flushes (20 events):
Event: 7819.990 Thread 0x0000023a7481c3a0 flushing  nmethod 0x0000023a021af610
Event: 7819.990 Thread 0x0000023a7481c3a0 flushing  nmethod 0x0000023a021b0010
Event: 7819.990 Thread 0x0000023a7481c3a0 flushing  nmethod 0x0000023a02385110
Event: 7819.990 Thread 0x0000023a7481c3a0 flushing  nmethod 0x0000023a02414590
Event: 7819.990 Thread 0x0000023a7481c3a0 flushing  nmethod 0x0000023a02414e10
Event: 7819.990 Thread 0x0000023a7481c3a0 flushing  nmethod 0x0000023a0259fd90
Event: 7819.990 Thread 0x0000023a7481c3a0 flushing  nmethod 0x0000023a0267c590
Event: 7819.990 Thread 0x0000023a7481c3a0 flushing  nmethod 0x0000023a02707b90
Event: 7819.990 Thread 0x0000023a7481c3a0 flushing  nmethod 0x0000023a027a7a10
Event: 7819.990 Thread 0x0000023a7481c3a0 flushing  nmethod 0x0000023a027a8210
Event: 7819.990 Thread 0x0000023a7481c3a0 flushing  nmethod 0x0000023a027dc310
Event: 7819.990 Thread 0x0000023a7481c3a0 flushing  nmethod 0x0000023a027dd490
Event: 7819.990 Thread 0x0000023a7481c3a0 flushing  nmethod 0x0000023a027de590
Event: 7819.990 Thread 0x0000023a7481c3a0 flushing  nmethod 0x0000023a027e3d90
Event: 7819.990 Thread 0x0000023a7481c3a0 flushing  nmethod 0x0000023a028ef610
Event: 7819.990 Thread 0x0000023a7481c3a0 flushing  nmethod 0x0000023a0293d190
Event: 7819.990 Thread 0x0000023a7481c3a0 flushing  nmethod 0x0000023a0293de90
Event: 7819.990 Thread 0x0000023a7481c3a0 flushing  nmethod 0x0000023a0298dd10
Event: 7819.990 Thread 0x0000023a7481c3a0 flushing  nmethod 0x0000023a029ed590
Event: 7819.990 Thread 0x0000023a7481c3a0 flushing  nmethod 0x0000023a029f3a10

Events (20 events):
Event: 7263.975 Thread 0x0000023a59385460 Thread added: 0x0000023a59359940
Event: 7266.082 Thread 0x0000023a59385460 Thread added: 0x0000023a5935e170
Event: 7326.254 Thread 0x0000023a5935e170 Thread exited: 0x0000023a5935e170
Event: 7386.259 Thread 0x0000023a59359940 Thread exited: 0x0000023a59359940
Event: 7817.935 Thread 0x0000023a59385460 Thread added: 0x0000023a5935acf0
Event: 7919.090 Thread 0x0000023a5935acf0 Thread added: 0x0000023a5935e800
Event: 7919.090 Thread 0x0000023a5935acf0 Thread added: 0x0000023a59357870
Event: 7919.090 Thread 0x0000023a5935e800 Thread added: 0x0000023a5935ee90
Event: 7919.090 Thread 0x0000023a59357870 Thread added: 0x0000023a59359940
Event: 7919.091 Thread 0x0000023a5935ee90 Thread added: 0x0000023a5812e8c0
Event: 7919.091 Thread 0x0000023a59359940 Thread added: 0x0000023a5812c7f0
Event: 7992.488 Thread 0x0000023a5935acf0 Thread exited: 0x0000023a5935acf0
Event: 8052.496 Thread 0x0000023a5935ee90 Thread exited: 0x0000023a5935ee90
Event: 8112.507 Thread 0x0000023a59359940 Thread exited: 0x0000023a59359940
Event: 8172.514 Thread 0x0000023a5812c7f0 Thread exited: 0x0000023a5812c7f0
Event: 8232.525 Thread 0x0000023a5935e800 Thread exited: 0x0000023a5935e800
Event: 8292.535 Thread 0x0000023a5812e8c0 Thread exited: 0x0000023a5812e8c0
Event: 8352.540 Thread 0x0000023a59357870 Thread exited: 0x0000023a59357870
Event: 9184.567 Thread 0x0000023a59385460 Thread added: 0x0000023a5812e8c0
Event: 9340.426 Thread 0x0000023a5812e8c0 Thread exited: 0x0000023a5812e8c0


Dynamic libraries:
0x00007ff641470000 - 0x00007ff64147e000 	c:\Users\hyper\.vscode\extensions\redhat.java-1.51.0-win32-x64\jre\21.0.9-win32-x86_64\bin\java.exe
0x00007fff62480000 - 0x00007fff62689000 	C:\WINDOWS\SYSTEM32\ntdll.dll
0x00007fff60b70000 - 0x00007fff60c2d000 	C:\WINDOWS\System32\KERNEL32.DLL
0x00007fff5faa0000 - 0x00007fff5fe24000 	C:\WINDOWS\System32\KERNELBASE.dll
0x00007fff5f910000 - 0x00007fff5fa21000 	C:\WINDOWS\System32\ucrtbase.dll
0x00007fff30e20000 - 0x00007fff30e38000 	c:\Users\hyper\.vscode\extensions\redhat.java-1.51.0-win32-x64\jre\21.0.9-win32-x86_64\bin\jli.dll
0x00007fff2c1d0000 - 0x00007fff2c1ee000 	c:\Users\hyper\.vscode\extensions\redhat.java-1.51.0-win32-x64\jre\21.0.9-win32-x86_64\bin\VCRUNTIME140.dll
0x00007fff60760000 - 0x00007fff6090d000 	C:\WINDOWS\System32\USER32.dll
0x00007fff600e0000 - 0x00007fff60106000 	C:\WINDOWS\System32\win32u.dll
0x00007fff54b10000 - 0x00007fff54db5000 	C:\WINDOWS\WinSxS\amd64_microsoft.windows.common-controls_6595b64144ccf1df_6.0.22000.120_none_9d947278b86cc467\COMCTL32.dll
0x00007fff622e0000 - 0x00007fff6230a000 	C:\WINDOWS\System32\GDI32.dll
0x00007fff601b0000 - 0x00007fff602ce000 	C:\WINDOWS\System32\gdi32full.dll
0x00007fff616d0000 - 0x00007fff61773000 	C:\WINDOWS\System32\msvcrt.dll
0x00007fff60110000 - 0x00007fff601ad000 	C:\WINDOWS\System32\msvcp_win.dll
0x00007fff60340000 - 0x00007fff60371000 	C:\WINDOWS\System32\IMM32.DLL
0x00007fff5f2d0000 - 0x00007fff5f3c7000 	C:\Windows\system32\guard64.dll
0x00007fff61880000 - 0x00007fff6192e000 	C:\WINDOWS\System32\ADVAPI32.dll
0x00007fff605d0000 - 0x00007fff6066e000 	C:\WINDOWS\System32\sechost.dll
0x00007fff62310000 - 0x00007fff62431000 	C:\WINDOWS\System32\RPCRT4.dll
0x00007fff5f2c0000 - 0x00007fff5f2ca000 	C:\WINDOWS\system32\version.dll
0x00007fff609d0000 - 0x00007fff60b6a000 	C:\WINDOWS\System32\ole32.dll
0x00007fff60c30000 - 0x00007fff60fa6000 	C:\WINDOWS\System32\combase.dll
0x00007fff5f2b0000 - 0x00007fff5f2bb000 	C:\WINDOWS\system32\fltlib.dll
0x00007fff61940000 - 0x00007fff62105000 	C:\WINDOWS\System32\shell32.dll
0x00007fff41aa0000 - 0x00007fff41aac000 	c:\Users\hyper\.vscode\extensions\redhat.java-1.51.0-win32-x64\jre\21.0.9-win32-x86_64\bin\vcruntime140_1.dll
0x00007ffec9510000 - 0x00007ffec959d000 	c:\Users\hyper\.vscode\extensions\redhat.java-1.51.0-win32-x64\jre\21.0.9-win32-x86_64\bin\msvcp140.dll
0x00007ffec8770000 - 0x00007ffec9510000 	c:\Users\hyper\.vscode\extensions\redhat.java-1.51.0-win32-x64\jre\21.0.9-win32-x86_64\bin\server\jvm.dll
0x00007fff602d0000 - 0x00007fff6033f000 	C:\WINDOWS\System32\WS2_32.dll
0x00007fff5f640000 - 0x00007fff5f68d000 	C:\WINDOWS\SYSTEM32\POWRPROF.dll
0x00007fff55ad0000 - 0x00007fff55b03000 	C:\WINDOWS\SYSTEM32\WINMM.dll
0x00007fff5f560000 - 0x00007fff5f573000 	C:\WINDOWS\SYSTEM32\UMPDC.dll
0x00007fff5e7c0000 - 0x00007fff5e7d8000 	C:\WINDOWS\SYSTEM32\kernel.appcore.dll
0x00007fff418d0000 - 0x00007fff418da000 	c:\Users\hyper\.vscode\extensions\redhat.java-1.51.0-win32-x64\jre\21.0.9-win32-x86_64\bin\jimage.dll
0x00007fff5d360000 - 0x00007fff5d581000 	C:\WINDOWS\SYSTEM32\DBGHELP.DLL
0x00007fff3fef0000 - 0x00007fff3ff21000 	C:\WINDOWS\SYSTEM32\dbgcore.DLL
0x00007fff5ffa0000 - 0x00007fff6001f000 	C:\WINDOWS\System32\bcryptPrimitives.dll
0x00007fff40410000 - 0x00007fff4041f000 	c:\Users\hyper\.vscode\extensions\redhat.java-1.51.0-win32-x64\jre\21.0.9-win32-x86_64\bin\instrument.dll
0x00007fff2a3a0000 - 0x00007fff2a3c0000 	c:\Users\hyper\.vscode\extensions\redhat.java-1.51.0-win32-x64\jre\21.0.9-win32-x86_64\bin\java.dll
0x00007fff5d880000 - 0x00007fff5e0e2000 	C:\WINDOWS\SYSTEM32\windows.storage.dll
0x00007fff5d710000 - 0x00007fff5d877000 	C:\WINDOWS\SYSTEM32\wintypes.dll
0x00007fff60670000 - 0x00007fff6075a000 	C:\WINDOWS\System32\SHCORE.dll
0x00007fff60910000 - 0x00007fff6096d000 	C:\WINDOWS\System32\shlwapi.dll
0x00007fff5f840000 - 0x00007fff5f865000 	C:\WINDOWS\SYSTEM32\profapi.dll
0x00007fff092d0000 - 0x00007fff092e8000 	c:\Users\hyper\.vscode\extensions\redhat.java-1.51.0-win32-x64\jre\21.0.9-win32-x86_64\bin\zip.dll
0x00007fff314c0000 - 0x00007fff314d0000 	C:\Users\hyper\.vscode\extensions\redhat.java-1.51.0-win32-x64\jre\21.0.9-win32-x86_64\bin\net.dll
0x00007fff59b10000 - 0x00007fff59c24000 	C:\WINDOWS\SYSTEM32\WINHTTP.dll
0x00007fff5ecc0000 - 0x00007fff5ed27000 	C:\WINDOWS\system32\mswsock.dll
0x00007ffef4fa0000 - 0x00007ffef4fb6000 	C:\Users\hyper\.vscode\extensions\redhat.java-1.51.0-win32-x64\jre\21.0.9-win32-x86_64\bin\nio.dll
0x00007fff31350000 - 0x00007fff31360000 	c:\Users\hyper\.vscode\extensions\redhat.java-1.51.0-win32-x64\jre\21.0.9-win32-x86_64\bin\verify.dll
0x00007ffee1710000 - 0x00007ffee1754000 	C:\Users\hyper\AppData\Roaming\Code\User\globalStorage\redhat.java\1.51.0\config_win\org.eclipse.equinox.launcher\org.eclipse.equinox.launcher.win32.win32.x86_64_1.2.1400.v20250801-0854\eclipse_11916.dll
0x00007fff5f450000 - 0x00007fff5f468000 	C:\WINDOWS\SYSTEM32\CRYPTSP.dll
0x00007fff5e780000 - 0x00007fff5e7b5000 	C:\WINDOWS\system32\rsaenh.dll
0x00007fff5ed60000 - 0x00007fff5ed8c000 	C:\WINDOWS\SYSTEM32\USERENV.dll
0x00007fff5f490000 - 0x00007fff5f4b7000 	C:\WINDOWS\SYSTEM32\bcrypt.dll
0x00007fff5eeb0000 - 0x00007fff5eebc000 	C:\WINDOWS\SYSTEM32\CRYPTBASE.dll
0x00007fff5e340000 - 0x00007fff5e36d000 	C:\WINDOWS\SYSTEM32\IPHLPAPI.DLL
0x00007fff61930000 - 0x00007fff61939000 	C:\WINDOWS\System32\NSI.dll
0x00007ffedfbc0000 - 0x00007ffedfc09000 	C:\Users\hyper\AppData\Local\Temp\jna-99761772\jna6860588097829305232.dll
0x00007fff61560000 - 0x00007fff61568000 	C:\WINDOWS\System32\PSAPI.DLL
0x00007fff59870000 - 0x00007fff59889000 	C:\WINDOWS\SYSTEM32\dhcpcsvc6.DLL
0x00007fff5a000000 - 0x00007fff5a01e000 	C:\WINDOWS\SYSTEM32\dhcpcsvc.DLL
0x00007fff55e70000 - 0x00007fff55e7e000 	C:\Users\hyper\.vscode\extensions\redhat.java-1.51.0-win32-x64\jre\21.0.9-win32-x86_64\bin\sunmscapi.dll
0x00007fff5fe30000 - 0x00007fff5ff92000 	C:\WINDOWS\System32\CRYPT32.dll
0x00007fff5efc0000 - 0x00007fff5efe8000 	C:\WINDOWS\SYSTEM32\ncrypt.dll
0x00007fff5ef80000 - 0x00007fff5efb7000 	C:\WINDOWS\SYSTEM32\NTASN1.dll

JVMTI agents:
c:\Users\hyper\.vscode\extensions\redhat.java-1.51.0-win32-x64\lombok\lombok-1.18.39-4050.jar path:c:\Users\hyper\.vscode\extensions\redhat.java-1.51.0-win32-x64\jre\21.0.9-win32-x86_64\bin\instrument.dll, loaded, initialized, instrumentlib options:none

dbghelp: loaded successfully - version: 4.0.5 - missing functions: none
symbol engine: initialized successfully - sym options: 0x614 - pdb path: .;c:\Users\hyper\.vscode\extensions\redhat.java-1.51.0-win32-x64\jre\21.0.9-win32-x86_64\bin;C:\WINDOWS\SYSTEM32;C:\WINDOWS\WinSxS\amd64_microsoft.windows.common-controls_6595b64144ccf1df_6.0.22000.120_none_9d947278b86cc467;c:\Users\hyper\.vscode\extensions\redhat.java-1.51.0-win32-x64\jre\21.0.9-win32-x86_64\bin\server;C:\Users\hyper\AppData\Roaming\Code\User\globalStorage\redhat.java\1.51.0\config_win\org.eclipse.equinox.launcher\org.eclipse.equinox.launcher.win32.win32.x86_64_1.2.1400.v20250801-0854;C:\Users\hyper\AppData\Local\Temp\jna-99761772

VM Arguments:
jvm_args: --add-modules=ALL-SYSTEM --add-opens=java.base/java.util=ALL-UNNAMED --add-opens=java.base/java.lang=ALL-UNNAMED --add-opens=java.base/sun.nio.fs=ALL-UNNAMED -Declipse.application=org.eclipse.jdt.ls.core.id1 -Dosgi.bundles.defaultStartLevel=4 -Declipse.product=org.eclipse.jdt.ls.core.product -Djava.import.generatesMetadataFilesAtProjectRoot=false -DDetectVMInstallationsJob.disabled=true -Dfile.encoding=utf8 -Xlog:disable -Xms100m -Xmx8G -javaagent:c:\Users\hyper\.vscode\extensions\redhat.java-1.51.0-win32-x64\lombok\lombok-1.18.39-4050.jar -XX:+HeapDumpOnOutOfMemoryError -XX:HeapDumpPath=c:\Users\hyper\AppData\Roaming\Code\User\workspaceStorage\c80ab3ce5b7e5cf2203d3fede7a1a44b\redhat.java -Daether.dependencyCollector.impl=bf 
java_command: c:\Users\hyper\.vscode\extensions\redhat.java-1.51.0-win32-x64\server\plugins\org.eclipse.equinox.launcher_1.7.100.v20251111-0406.jar -configuration c:\Users\hyper\AppData\Roaming\Code\User\globalStorage\redhat.java\1.51.0\config_win -data c:\Users\hyper\AppData\Roaming\Code\User\workspaceStorage\c80ab3ce5b7e5cf2203d3fede7a1a44b\redhat.java\jdt_ws --pipe=\\.\pipe\lsp-b48265b2b0dd1c4bfc29612f4885a3e1-sock
java_class_path (initial): c:\Users\hyper\.vscode\extensions\redhat.java-1.51.0-win32-x64\server\plugins\org.eclipse.equinox.launcher_1.7.100.v20251111-0406.jar
Launcher Type: SUN_STANDARD

[Global flags]
     intx CICompilerCount                          = 4                                         {product} {ergonomic}
     uint ConcGCThreads                            = 2                                         {product} {ergonomic}
     uint G1ConcRefinementThreads                  = 8                                         {product} {ergonomic}
   size_t G1HeapRegionSize                         = 4194304                                   {product} {ergonomic}
    uintx GCDrainStackTargetSize                   = 64                                        {product} {ergonomic}
     bool HeapDumpOnOutOfMemoryError               = true                                   {manageable} {command line}
    ccstr HeapDumpPath                             = c:\Users\hyper\AppData\Roaming\Code\User\workspaceStorage\c80ab3ce5b7e5cf2203d3fede7a1a44b\redhat.java         {manageable} {command line}
   size_t InitialHeapSize                          = 104857600                                 {product} {command line}
   size_t MarkStackSize                            = 4194304                                   {product} {ergonomic}
   size_t MaxHeapSize                              = 8589934592                                {product} {command line}
   size_t MaxNewSize                               = 5150605312                                {product} {ergonomic}
   size_t MinHeapDeltaBytes                        = 4194304                                   {product} {ergonomic}
   size_t MinHeapSize                              = 104857600                                 {product} {command line}
    uintx NonNMethodCodeHeapSize                   = 5839372                                {pd product} {ergonomic}
    uintx NonProfiledCodeHeapSize                  = 122909434                              {pd product} {ergonomic}
    uintx ProfiledCodeHeapSize                     = 122909434                              {pd product} {ergonomic}
    uintx ReservedCodeCacheSize                    = 251658240                              {pd product} {ergonomic}
     bool SegmentedCodeCache                       = true                                      {product} {ergonomic}
   size_t SoftMaxHeapSize                          = 8589934592                             {manageable} {ergonomic}
     bool UseCompressedOops                        = true                           {product lp64_product} {ergonomic}
     bool UseG1GC                                  = true                                      {product} {ergonomic}
     bool UseLargePagesIndividualAllocation        = false                                  {pd product} {ergonomic}

Logging:
Log output configuration:
 #0: stdout all=off uptime,level,tags foldmultilines=false
 #1: stderr all=off uptime,level,tags foldmultilines=false

Release file:
JAVA_VERSION="21.0.9" 
MODULES="java.base java.compiler java.datatransfer java.xml java.prefs java.desktop java.instrument java.logging java.management java.security.sasl java.naming java.rmi java.management.rmi java.net.http java.scripting java.security.jgss java.transaction.xa java.sql java.sql.rowset java.xml.crypto java.se java.smartcardio jdk.accessibility jdk.internal.jvmstat jdk.attach jdk.charsets jdk.internal.opt jdk.zipfs jdk.compiler jdk.crypto.ec jdk.crypto.cryptoki jdk.crypto.mscapi jdk.dynalink jdk.internal.ed jdk.editpad jdk.hotspot.agent jdk.httpserver jdk.internal.le jdk.internal.vm.ci jdk.internal.vm.compiler jdk.internal.vm.compiler.management jdk.jartool jdk.javadoc jdk.jcmd jdk.management jdk.management.agent jdk.jconsole jdk.jdeps jdk.jdwp.agent jdk.jdi jdk.jfr jdk.jshell jdk.jsobject jdk.jstatd jdk.localedata jdk.management.jfr jdk.naming.dns jdk.naming.rmi jdk.net jdk.nio.mapmode jdk.random jdk.sctp jdk.security.auth jdk.security.jgss jdk.unsupported jdk.unsupported.desktop jdk.xml.dom" 

Environment Variables:
JAVA_HOME=C:\Program Files\Java\jdk-18.0.2.1
PATH=C:\Program Files\Common Files\Oracle\Java\javapath;C:\WINDOWS\system32;C:\WINDOWS;C:\WINDOWS\System32\Wbem;C:\WINDOWS\System32\WindowsPowerShell\v1.0\;C:\WINDOWS\System32\OpenSSH\;J:\.important\Documents\apache-maven-3.8.6\bin;C:\Program Files (x86)\Microsoft SQL Server\160\DTS\Binn\;C:\Users\hyper\Downloads\curl-8.10.1_2-win64-mingw\curl-8.10.1_2-win64-mingw\bin;C:\C:\Program Files\Java\jdk-18.0.2.1\bin;C:\Program Files\OpenSSL-Win64\bin;C:\Program Files\dotnet\;C:\Program Files\Git\cmd;H:\;F:\Docker\resources\bin;C:\Program Files\NVIDIA Corporation\NVIDIA App\NvDLISR;C:\Program Files (x86)\Microsoft SQL Server\160\Tools\Binn\;C:\Program Files\Microsoft SQL Server\160\Tools\Binn\;C:\Program Files\Microsoft SQL Server\Client SDK\ODBC\170\Tools\Binn\;C:\Program Files\Microsoft SQL Server\160\DTS\Binn\;C:\Program Files (x86)\NVIDIA Corporation\PhysX\Common;C:\Users\hyper\AppData\Local\Microsoft\WindowsApps;C:\Program Files\Java\jdk-18.0.2.1\bin;C:\Users\hyper\AppData\Roaming\npm;J:\Microsoft VS Code\bin
USERNAME=hyper
OS=Windows_NT
PROCESSOR_IDENTIFIER=Intel64 Family 6 Model 60 Stepping 3, GenuineIntel
TMP=C:\Users\hyper\AppData\Local\Temp
TEMP=C:\Users\hyper\AppData\Local\Temp




Periodic native trim disabled

---------------  S Y S T E M  ---------------

OS:
 Windows 11 , 64 bit Build 22000 (10.0.22000.2538)
OS uptime: 0 days 16:35 hours
Hyper-V role detected

CPU: total 8 (initial active 8) (4 cores per cpu, 2 threads per core) family 6 model 60 stepping 3 microcode 0x28, cx8, cmov, fxsr, ht, mmx, sse, sse2, sse3, ssse3, sse4.1, sse4.2, popcnt, lzcnt, tsc, tscinvbit, avx, avx2, aes, erms, clmul, bmi1, bmi2, fma, vzeroupper, clflush, hv, rdtscp, f16c
Processor Information for the first 8 processors :
  Max Mhz: 3501, Current Mhz: 3501, Mhz Limit: 3501

Memory: 4k page, system-wide physical 16280M (2336M free)
TotalPageFile size 36280M (AvailPageFile size 4M)
current process WorkingSet (physical memory assigned to process): 16M, peak: 793M
current process commit charge ("private bytes"): 835M, peak: 846M

vm_info: OpenJDK 64-Bit Server VM (21.0.9+10-LTS) for windows-amd64 JRE (21.0.9+10-LTS), built on 2025-10-21T00:00:00Z by "admin" with unknown MS VC++:1942

END.
