#
# There is insufficient memory for the Java Runtime Environment to continue.
# Native memory allocation (malloc) failed to allocate 1732384 bytes for Chunk::new
# Possible reasons:
#   The system is out of physical RAM or swap space
#   The process is running with CompressedOops enabled, and the Java Heap may be blocking the growth of the native heap
# Possible solutions:
#   Reduce memory load on the system
#   Increase physical memory or swap space
#   Check if swap backing store is full
#   Decrease Java heap size (-Xmx/-Xms)
#   Decrease number of Java threads
#   Decrease Java thread stack sizes (-Xss)
#   Set larger code cache with -XX:ReservedCodeCacheSize=
#   JVM is running with Zero Based Compressed Oops mode in which the Java heap is
#     placed in the first 32GB address space. The Java Heap base address is the
#     maximum limit for the native heap growth. Please use -XX:HeapBaseMinAddress
#     to set the Java Heap base and to place the Java Heap above 32GB virtual address.
# This output file may be truncated or incomplete.
#
#  Out of Memory Error (arena.cpp:184), pid=27456, tid=13940
#
# JRE version: Java(TM) SE Runtime Environment (18.0.2.1+1) (build 18.0.2.1+1-1)
# Java VM: Java HotSpot(TM) 64-Bit Server VM (18.0.2.1+1-1, mixed mode, sharing, tiered, compressed oops, compressed class ptrs, g1 gc, windows-amd64)
# No core dump will be written. Minidumps are not enabled by default on client versions of Windows
#

---------------  S U M M A R Y ------------

Command Line: -Dclassworlds.conf=J:\.important\Documents\apache-maven-3.8.6\bin\m2.conf -Dmaven.home=J:\.important\Documents\apache-maven-3.8.6 -Dlibrary.jansi.path=J:\.important\Documents\apache-maven-3.8.6\lib\jansi-native -Dmaven.multiModuleProjectDirectory=J:\memefest org.codehaus.plexus.classworlds.launcher.Launcher clean install

Host: Intel(R) Core(TM) i7-4770K CPU @ 3.50GHz, 8 cores, 15G,  Windows 11 , 64 bit Build 22000 (10.0.22000.2538)
Time: Thu Jan  8 01:16:23 2026 E. Africa Standard Time elapsed time: 1.867919 seconds (0d 0h 0m 1s)

---------------  T H R E A D  ---------------

Current thread (0x0000023e854ea810):  JavaThread "C2 CompilerThread2" daemon [_thread_in_native, id=13940, stack(0x000000d346000000,0x000000d346100000)]


Current CompileTask:
C2:   1868 3101   !   4       org.codehaus.plexus.interpolation.StringSearchInterpolator::interpolate (668 bytes)

Stack: [0x000000d346000000,0x000000d346100000]
Native frames: (J=compiled Java code, j=interpreted, Vv=VM code, C=native code)
V  [jvm.dll+0x6993aa]
V  [jvm.dll+0x7f46dd]
V  [jvm.dll+0x7f5fee]
V  [jvm.dll+0x7f66a3]
V  [jvm.dll+0x25cf1f]
V  [jvm.dll+0xb8c2f]
V  [jvm.dll+0xb8fa5]
V  [jvm.dll+0x3860cb]
V  [jvm.dll+0x34fe71]
V  [jvm.dll+0x34f30a]
V  [jvm.dll+0x230101]
V  [jvm.dll+0x22f4d1]
V  [jvm.dll+0x1ba01c]
V  [jvm.dll+0x23ee0a]
V  [jvm.dll+0x23d0f5]
V  [jvm.dll+0x7a6dd1]
V  [jvm.dll+0x7a120a]
V  [jvm.dll+0x698255]
C  [ucrtbase.dll+0x26c0c]
C  [KERNEL32.DLL+0x153e0]
C  [ntdll.dll+0x485b]


---------------  P R O C E S S  ---------------

Threads class SMR info:
_java_thread_list=0x0000023e85138620, length=14, elements={
0x0000023edd8f02b0, 0x0000023e80788610, 0x0000023e8078b280, 0x0000023e80795630,
0x0000023e807942f0, 0x0000023e807947c0, 0x0000023e80793e20, 0x0000023e807aa720,
0x0000023e807ae9d0, 0x0000023e807b26b0, 0x0000023e80794c90, 0x0000023e80795160,
0x0000023e854d1a70, 0x0000023e854ea810
}

Java Threads: ( => current thread )
  0x0000023edd8f02b0 JavaThread "main" [_thread_in_Java, id=32872, stack(0x000000d344c00000,0x000000d344d00000)]
  0x0000023e80788610 JavaThread "Reference Handler" daemon [_thread_blocked, id=14828, stack(0x000000d345300000,0x000000d345400000)]
  0x0000023e8078b280 JavaThread "Finalizer" daemon [_thread_blocked, id=24000, stack(0x000000d345400000,0x000000d345500000)]
  0x0000023e80795630 JavaThread "Signal Dispatcher" daemon [_thread_blocked, id=31388, stack(0x000000d345500000,0x000000d345600000)]
  0x0000023e807942f0 JavaThread "Attach Listener" daemon [_thread_blocked, id=2192, stack(0x000000d345600000,0x000000d345700000)]
  0x0000023e807947c0 JavaThread "Service Thread" daemon [_thread_blocked, id=31984, stack(0x000000d345700000,0x000000d345800000)]
  0x0000023e80793e20 JavaThread "Monitor Deflation Thread" daemon [_thread_blocked, id=21816, stack(0x000000d345800000,0x000000d345900000)]
  0x0000023e807aa720 JavaThread "C2 CompilerThread0" daemon [_thread_in_native, id=32380, stack(0x000000d345900000,0x000000d345a00000)]
  0x0000023e807ae9d0 JavaThread "C1 CompilerThread0" daemon [_thread_in_native, id=9320, stack(0x000000d345a00000,0x000000d345b00000)]
  0x0000023e807b26b0 JavaThread "Sweeper thread" daemon [_thread_blocked, id=26936, stack(0x000000d345b00000,0x000000d345c00000)]
  0x0000023e80794c90 JavaThread "Notification Thread" daemon [_thread_blocked, id=28188, stack(0x000000d345c00000,0x000000d345d00000)]
  0x0000023e80795160 JavaThread "Common-Cleaner" daemon [_thread_blocked, id=33060, stack(0x000000d345e00000,0x000000d345f00000)]
  0x0000023e854d1a70 JavaThread "C2 CompilerThread1" daemon [_thread_in_native, id=29428, stack(0x000000d345f00000,0x000000d346000000)]
=>0x0000023e854ea810 JavaThread "C2 CompilerThread2" daemon [_thread_in_native, id=13940, stack(0x000000d346000000,0x000000d346100000)]

Other Threads:
  0x0000023ef456c9f0 VMThread "VM Thread" [stack: 0x000000d345200000,0x000000d345300000] [id=25788]
  0x0000023e808e7790 WatcherThread "VM Periodic Task Thread" [stack: 0x000000d345d00000,0x000000d345e00000] [id=29988]
  0x0000023ef4510b60 WorkerThread "GC Thread#0" [stack: 0x000000d344d00000,0x000000d344e00000] [id=5296]
  0x0000023e84f5f090 WorkerThread "GC Thread#1" [stack: 0x000000d346100000,0x000000d346200000] [id=24472]
  0x0000023e809c6b10 WorkerThread "GC Thread#2" [stack: 0x000000d346200000,0x000000d346300000] [id=3868]
  0x0000023e85857a80 WorkerThread "GC Thread#3" [stack: 0x000000d346300000,0x000000d346400000] [id=6704]
  0x0000023e85857d20 WorkerThread "GC Thread#4" [stack: 0x000000d346400000,0x000000d346500000] [id=6100]
  0x0000023e856d0770 WorkerThread "GC Thread#5" [stack: 0x000000d346500000,0x000000d346600000] [id=13204]
  0x0000023e85835ca0 WorkerThread "GC Thread#6" [stack: 0x000000d346600000,0x000000d346700000] [id=30668]
  0x0000023e85889590 WorkerThread "GC Thread#7" [stack: 0x000000d346700000,0x000000d346800000] [id=30044]
  0x0000023edd92de10 ConcurrentGCThread "G1 Main Marker" [stack: 0x000000d344e00000,0x000000d344f00000] [id=32176]
  0x0000023edd92e800 WorkerThread "G1 Conc#0" [stack: 0x000000d344f00000,0x000000d345000000] [id=20136]
  0x0000023ef459be20 ConcurrentGCThread "G1 Refine#0" [stack: 0x000000d345000000,0x000000d345100000] [id=32996]
  0x0000023ef459c730 ConcurrentGCThread "G1 Service" [stack: 0x000000d345100000,0x000000d345200000] [id=31632]

Threads with active compile tasks:
C2 CompilerThread0     1923 3376       4       sun.nio.cs.UTF_8$Decoder::decodeArrayLoop (688 bytes)
C1 CompilerThread0     1923 3425       3       java.lang.invoke.LambdaForm$MH/0x0000000800d88800::invoke (42 bytes)
C2 CompilerThread1     1923 3296       4       org.codehaus.plexus.util.xml.pull.MXParser::parseAttribute (1641 bytes)
C2 CompilerThread2     1923 3101   !   4       org.codehaus.plexus.interpolation.StringSearchInterpolator::interpolate (668 bytes)

VM state: not at safepoint (normal execution)

VM Mutex/Monitor currently owned by a thread: None

Heap address: 0x0000000701800000, size: 4072 MB, Compressed Oops mode: Zero based, Oop shift amount: 3

CDS archive(s) mapped at: [0x0000000800000000-0x0000000800ba0000-0x0000000800ba0000), size 12189696, SharedBaseAddress: 0x0000000800000000, ArchiveRelocationMode: 0.
Compressed class space mapped at: 0x0000000800c00000-0x0000000840c00000, reserved size: 1073741824
Narrow klass base: 0x0000000800000000, Narrow klass shift: 0, Narrow klass range: 0x100000000

GC Precious Log:
 CardTable entry size: 512
 Card Set container configuration: InlinePtr #cards 4 size 8 Array Of Cards #cards 16 size 48 Howl #buckets 8 coarsen threshold 3686 Howl Bitmap #cards 512 size 80 coarsen threshold 460 Card regions per heap region 1 cards per card region 4096
 CPUs: 8 total, 8 available
 Memory: 16280M
 Large Page Support: Disabled
 NUMA Support: Disabled
 Compressed Oops: Enabled (Zero based)
 Heap Region Size: 2M
 Heap Min Capacity: 8M
 Heap Initial Capacity: 256M
 Heap Max Capacity: 4072M
 Pre-touch: Disabled
 Parallel Workers: 8
 Concurrent Workers: 2
 Concurrent Refinement Workers: 8
 Periodic GC: Disabled

Heap:
 garbage-first heap   total 262144K, used 82017K [0x0000000701800000, 0x0000000800000000)
  region size 2048K, 40 young (81920K), 2 survivors (4096K)
 Metaspace       used 13496K, committed 13760K, reserved 1114112K
  class space    used 1484K, committed 1600K, reserved 1048576K

Heap Regions: E=young(eden), S=young(survivor), O=old, HS=humongous(starts), HC=humongous(continues), CS=collection set, F=free, OA=open archive, CA=closed archive, TAMS=top-at-mark-start (previous, next)
|   0|0x0000000701800000, 0x0000000701a00000, 0x0000000701a00000|100%| O|  |TAMS 0x0000000701800000, 0x0000000701800000| Untracked 
|   1|0x0000000701a00000, 0x0000000701b48600, 0x0000000701c00000| 64%| O|  |TAMS 0x0000000701a00000, 0x0000000701a00000| Untracked 
|   2|0x0000000701c00000, 0x0000000701c00000, 0x0000000701e00000|  0%| F|  |TAMS 0x0000000701c00000, 0x0000000701c00000| Untracked 
|   3|0x0000000701e00000, 0x0000000701e00000, 0x0000000702000000|  0%| F|  |TAMS 0x0000000701e00000, 0x0000000701e00000| Untracked 
|   4|0x0000000702000000, 0x0000000702000000, 0x0000000702200000|  0%| F|  |TAMS 0x0000000702000000, 0x0000000702000000| Untracked 
|   5|0x0000000702200000, 0x0000000702200000, 0x0000000702400000|  0%| F|  |TAMS 0x0000000702200000, 0x0000000702200000| Untracked 
|   6|0x0000000702400000, 0x0000000702400000, 0x0000000702600000|  0%| F|  |TAMS 0x0000000702400000, 0x0000000702400000| Untracked 
|   7|0x0000000702600000, 0x0000000702600000, 0x0000000702800000|  0%| F|  |TAMS 0x0000000702600000, 0x0000000702600000| Untracked 
|   8|0x0000000702800000, 0x0000000702800000, 0x0000000702a00000|  0%| F|  |TAMS 0x0000000702800000, 0x0000000702800000| Untracked 
|   9|0x0000000702a00000, 0x0000000702a00000, 0x0000000702c00000|  0%| F|  |TAMS 0x0000000702a00000, 0x0000000702a00000| Untracked 
|  10|0x0000000702c00000, 0x0000000702c00000, 0x0000000702e00000|  0%| F|  |TAMS 0x0000000702c00000, 0x0000000702c00000| Untracked 
|  11|0x0000000702e00000, 0x0000000702e00000, 0x0000000703000000|  0%| F|  |TAMS 0x0000000702e00000, 0x0000000702e00000| Untracked 
|  12|0x0000000703000000, 0x0000000703000000, 0x0000000703200000|  0%| F|  |TAMS 0x0000000703000000, 0x0000000703000000| Untracked 
|  13|0x0000000703200000, 0x0000000703200000, 0x0000000703400000|  0%| F|  |TAMS 0x0000000703200000, 0x0000000703200000| Untracked 
|  14|0x0000000703400000, 0x0000000703400000, 0x0000000703600000|  0%| F|  |TAMS 0x0000000703400000, 0x0000000703400000| Untracked 
|  15|0x0000000703600000, 0x0000000703600000, 0x0000000703800000|  0%| F|  |TAMS 0x0000000703600000, 0x0000000703600000| Untracked 
|  16|0x0000000703800000, 0x0000000703800000, 0x0000000703a00000|  0%| F|  |TAMS 0x0000000703800000, 0x0000000703800000| Untracked 
|  17|0x0000000703a00000, 0x0000000703a00000, 0x0000000703c00000|  0%| F|  |TAMS 0x0000000703a00000, 0x0000000703a00000| Untracked 
|  18|0x0000000703c00000, 0x0000000703c00000, 0x0000000703e00000|  0%| F|  |TAMS 0x0000000703c00000, 0x0000000703c00000| Untracked 
|  19|0x0000000703e00000, 0x0000000703e00000, 0x0000000704000000|  0%| F|  |TAMS 0x0000000703e00000, 0x0000000703e00000| Untracked 
|  20|0x0000000704000000, 0x0000000704000000, 0x0000000704200000|  0%| F|  |TAMS 0x0000000704000000, 0x0000000704000000| Untracked 
|  21|0x0000000704200000, 0x0000000704200000, 0x0000000704400000|  0%| F|  |TAMS 0x0000000704200000, 0x0000000704200000| Untracked 
|  22|0x0000000704400000, 0x0000000704400000, 0x0000000704600000|  0%| F|  |TAMS 0x0000000704400000, 0x0000000704400000| Untracked 
|  23|0x0000000704600000, 0x0000000704600000, 0x0000000704800000|  0%| F|  |TAMS 0x0000000704600000, 0x0000000704600000| Untracked 
|  24|0x0000000704800000, 0x0000000704800000, 0x0000000704a00000|  0%| F|  |TAMS 0x0000000704800000, 0x0000000704800000| Untracked 
|  25|0x0000000704a00000, 0x0000000704a00000, 0x0000000704c00000|  0%| F|  |TAMS 0x0000000704a00000, 0x0000000704a00000| Untracked 
|  26|0x0000000704c00000, 0x0000000704c00000, 0x0000000704e00000|  0%| F|  |TAMS 0x0000000704c00000, 0x0000000704c00000| Untracked 
|  27|0x0000000704e00000, 0x0000000704e00000, 0x0000000705000000|  0%| F|  |TAMS 0x0000000704e00000, 0x0000000704e00000| Untracked 
|  28|0x0000000705000000, 0x0000000705000000, 0x0000000705200000|  0%| F|  |TAMS 0x0000000705000000, 0x0000000705000000| Untracked 
|  29|0x0000000705200000, 0x0000000705200000, 0x0000000705400000|  0%| F|  |TAMS 0x0000000705200000, 0x0000000705200000| Untracked 
|  30|0x0000000705400000, 0x0000000705400000, 0x0000000705600000|  0%| F|  |TAMS 0x0000000705400000, 0x0000000705400000| Untracked 
|  31|0x0000000705600000, 0x0000000705600000, 0x0000000705800000|  0%| F|  |TAMS 0x0000000705600000, 0x0000000705600000| Untracked 
|  32|0x0000000705800000, 0x0000000705800000, 0x0000000705a00000|  0%| F|  |TAMS 0x0000000705800000, 0x0000000705800000| Untracked 
|  33|0x0000000705a00000, 0x0000000705a00000, 0x0000000705c00000|  0%| F|  |TAMS 0x0000000705a00000, 0x0000000705a00000| Untracked 
|  34|0x0000000705c00000, 0x0000000705c00000, 0x0000000705e00000|  0%| F|  |TAMS 0x0000000705c00000, 0x0000000705c00000| Untracked 
|  35|0x0000000705e00000, 0x0000000705e00000, 0x0000000706000000|  0%| F|  |TAMS 0x0000000705e00000, 0x0000000705e00000| Untracked 
|  36|0x0000000706000000, 0x0000000706000000, 0x0000000706200000|  0%| F|  |TAMS 0x0000000706000000, 0x0000000706000000| Untracked 
|  37|0x0000000706200000, 0x0000000706200000, 0x0000000706400000|  0%| F|  |TAMS 0x0000000706200000, 0x0000000706200000| Untracked 
|  38|0x0000000706400000, 0x0000000706400000, 0x0000000706600000|  0%| F|  |TAMS 0x0000000706400000, 0x0000000706400000| Untracked 
|  39|0x0000000706600000, 0x0000000706600000, 0x0000000706800000|  0%| F|  |TAMS 0x0000000706600000, 0x0000000706600000| Untracked 
|  40|0x0000000706800000, 0x0000000706800000, 0x0000000706a00000|  0%| F|  |TAMS 0x0000000706800000, 0x0000000706800000| Untracked 
|  41|0x0000000706a00000, 0x0000000706a00000, 0x0000000706c00000|  0%| F|  |TAMS 0x0000000706a00000, 0x0000000706a00000| Untracked 
|  42|0x0000000706c00000, 0x0000000706c00000, 0x0000000706e00000|  0%| F|  |TAMS 0x0000000706c00000, 0x0000000706c00000| Untracked 
|  43|0x0000000706e00000, 0x0000000706e00000, 0x0000000707000000|  0%| F|  |TAMS 0x0000000706e00000, 0x0000000706e00000| Untracked 
|  44|0x0000000707000000, 0x0000000707000000, 0x0000000707200000|  0%| F|  |TAMS 0x0000000707000000, 0x0000000707000000| Untracked 
|  45|0x0000000707200000, 0x0000000707200000, 0x0000000707400000|  0%| F|  |TAMS 0x0000000707200000, 0x0000000707200000| Untracked 
|  46|0x0000000707400000, 0x0000000707400000, 0x0000000707600000|  0%| F|  |TAMS 0x0000000707400000, 0x0000000707400000| Untracked 
|  47|0x0000000707600000, 0x0000000707600000, 0x0000000707800000|  0%| F|  |TAMS 0x0000000707600000, 0x0000000707600000| Untracked 
|  48|0x0000000707800000, 0x0000000707800000, 0x0000000707a00000|  0%| F|  |TAMS 0x0000000707800000, 0x0000000707800000| Untracked 
|  49|0x0000000707a00000, 0x0000000707a00000, 0x0000000707c00000|  0%| F|  |TAMS 0x0000000707a00000, 0x0000000707a00000| Untracked 
|  50|0x0000000707c00000, 0x0000000707c00000, 0x0000000707e00000|  0%| F|  |TAMS 0x0000000707c00000, 0x0000000707c00000| Untracked 
|  51|0x0000000707e00000, 0x0000000707e00000, 0x0000000708000000|  0%| F|  |TAMS 0x0000000707e00000, 0x0000000707e00000| Untracked 
|  52|0x0000000708000000, 0x0000000708000000, 0x0000000708200000|  0%| F|  |TAMS 0x0000000708000000, 0x0000000708000000| Untracked 
|  53|0x0000000708200000, 0x0000000708200000, 0x0000000708400000|  0%| F|  |TAMS 0x0000000708200000, 0x0000000708200000| Untracked 
|  54|0x0000000708400000, 0x0000000708400000, 0x0000000708600000|  0%| F|  |TAMS 0x0000000708400000, 0x0000000708400000| Untracked 
|  55|0x0000000708600000, 0x0000000708600000, 0x0000000708800000|  0%| F|  |TAMS 0x0000000708600000, 0x0000000708600000| Untracked 
|  56|0x0000000708800000, 0x0000000708800000, 0x0000000708a00000|  0%| F|  |TAMS 0x0000000708800000, 0x0000000708800000| Untracked 
|  57|0x0000000708a00000, 0x0000000708a00000, 0x0000000708c00000|  0%| F|  |TAMS 0x0000000708a00000, 0x0000000708a00000| Untracked 
|  58|0x0000000708c00000, 0x0000000708c00000, 0x0000000708e00000|  0%| F|  |TAMS 0x0000000708c00000, 0x0000000708c00000| Untracked 
|  59|0x0000000708e00000, 0x0000000708e00000, 0x0000000709000000|  0%| F|  |TAMS 0x0000000708e00000, 0x0000000708e00000| Untracked 
|  60|0x0000000709000000, 0x0000000709000000, 0x0000000709200000|  0%| F|  |TAMS 0x0000000709000000, 0x0000000709000000| Untracked 
|  61|0x0000000709200000, 0x0000000709200000, 0x0000000709400000|  0%| F|  |TAMS 0x0000000709200000, 0x0000000709200000| Untracked 
|  62|0x0000000709400000, 0x0000000709400000, 0x0000000709600000|  0%| F|  |TAMS 0x0000000709400000, 0x0000000709400000| Untracked 
|  63|0x0000000709600000, 0x0000000709600000, 0x0000000709800000|  0%| F|  |TAMS 0x0000000709600000, 0x0000000709600000| Untracked 
|  64|0x0000000709800000, 0x0000000709800000, 0x0000000709a00000|  0%| F|  |TAMS 0x0000000709800000, 0x0000000709800000| Untracked 
|  65|0x0000000709a00000, 0x0000000709a00000, 0x0000000709c00000|  0%| F|  |TAMS 0x0000000709a00000, 0x0000000709a00000| Untracked 
|  66|0x0000000709c00000, 0x0000000709c00000, 0x0000000709e00000|  0%| F|  |TAMS 0x0000000709c00000, 0x0000000709c00000| Untracked 
|  67|0x0000000709e00000, 0x0000000709e00000, 0x000000070a000000|  0%| F|  |TAMS 0x0000000709e00000, 0x0000000709e00000| Untracked 
|  68|0x000000070a000000, 0x000000070a000000, 0x000000070a200000|  0%| F|  |TAMS 0x000000070a000000, 0x000000070a000000| Untracked 
|  69|0x000000070a200000, 0x000000070a200000, 0x000000070a400000|  0%| F|  |TAMS 0x000000070a200000, 0x000000070a200000| Untracked 
|  70|0x000000070a400000, 0x000000070a400000, 0x000000070a600000|  0%| F|  |TAMS 0x000000070a400000, 0x000000070a400000| Untracked 
|  71|0x000000070a600000, 0x000000070a600000, 0x000000070a800000|  0%| F|  |TAMS 0x000000070a600000, 0x000000070a600000| Untracked 
|  72|0x000000070a800000, 0x000000070a800000, 0x000000070aa00000|  0%| F|  |TAMS 0x000000070a800000, 0x000000070a800000| Untracked 
|  73|0x000000070aa00000, 0x000000070aa00000, 0x000000070ac00000|  0%| F|  |TAMS 0x000000070aa00000, 0x000000070aa00000| Untracked 
|  74|0x000000070ac00000, 0x000000070ac00000, 0x000000070ae00000|  0%| F|  |TAMS 0x000000070ac00000, 0x000000070ac00000| Untracked 
|  75|0x000000070ae00000, 0x000000070ae00000, 0x000000070b000000|  0%| F|  |TAMS 0x000000070ae00000, 0x000000070ae00000| Untracked 
|  76|0x000000070b000000, 0x000000070b000000, 0x000000070b200000|  0%| F|  |TAMS 0x000000070b000000, 0x000000070b000000| Untracked 
|  77|0x000000070b200000, 0x000000070b200000, 0x000000070b400000|  0%| F|  |TAMS 0x000000070b200000, 0x000000070b200000| Untracked 
|  78|0x000000070b400000, 0x000000070b400000, 0x000000070b600000|  0%| F|  |TAMS 0x000000070b400000, 0x000000070b400000| Untracked 
|  79|0x000000070b600000, 0x000000070b600000, 0x000000070b800000|  0%| F|  |TAMS 0x000000070b600000, 0x000000070b600000| Untracked 
|  80|0x000000070b800000, 0x000000070b800000, 0x000000070ba00000|  0%| F|  |TAMS 0x000000070b800000, 0x000000070b800000| Untracked 
|  81|0x000000070ba00000, 0x000000070ba00000, 0x000000070bc00000|  0%| F|  |TAMS 0x000000070ba00000, 0x000000070ba00000| Untracked 
|  82|0x000000070bc00000, 0x000000070bc00000, 0x000000070be00000|  0%| F|  |TAMS 0x000000070bc00000, 0x000000070bc00000| Untracked 
|  83|0x000000070be00000, 0x000000070be00000, 0x000000070c000000|  0%| F|  |TAMS 0x000000070be00000, 0x000000070be00000| Untracked 
|  84|0x000000070c000000, 0x000000070c000000, 0x000000070c200000|  0%| F|  |TAMS 0x000000070c000000, 0x000000070c000000| Untracked 
|  85|0x000000070c200000, 0x000000070c200000, 0x000000070c400000|  0%| F|  |TAMS 0x000000070c200000, 0x000000070c200000| Untracked 
|  86|0x000000070c400000, 0x000000070c400000, 0x000000070c600000|  0%| F|  |TAMS 0x000000070c400000, 0x000000070c400000| Untracked 
|  87|0x000000070c600000, 0x000000070c600000, 0x000000070c800000|  0%| F|  |TAMS 0x000000070c600000, 0x000000070c600000| Untracked 
|  88|0x000000070c800000, 0x000000070ca00000, 0x000000070ca00000|100%| E|  |TAMS 0x000000070c800000, 0x000000070c800000| Complete 
|  89|0x000000070ca00000, 0x000000070cc00000, 0x000000070cc00000|100%| E|CS|TAMS 0x000000070ca00000, 0x000000070ca00000| Complete 
|  90|0x000000070cc00000, 0x000000070ce00000, 0x000000070ce00000|100%| E|CS|TAMS 0x000000070cc00000, 0x000000070cc00000| Complete 
|  91|0x000000070ce00000, 0x000000070d000000, 0x000000070d000000|100%| E|CS|TAMS 0x000000070ce00000, 0x000000070ce00000| Complete 
|  92|0x000000070d000000, 0x000000070d200000, 0x000000070d200000|100%| E|CS|TAMS 0x000000070d000000, 0x000000070d000000| Complete 
|  93|0x000000070d200000, 0x000000070d400000, 0x000000070d400000|100%| E|CS|TAMS 0x000000070d200000, 0x000000070d200000| Complete 
|  94|0x000000070d400000, 0x000000070d600000, 0x000000070d600000|100%| E|CS|TAMS 0x000000070d400000, 0x000000070d400000| Complete 
|  95|0x000000070d600000, 0x000000070d800000, 0x000000070d800000|100%| E|CS|TAMS 0x000000070d600000, 0x000000070d600000| Complete 
|  96|0x000000070d800000, 0x000000070da00000, 0x000000070da00000|100%| E|CS|TAMS 0x000000070d800000, 0x000000070d800000| Complete 
|  97|0x000000070da00000, 0x000000070dc00000, 0x000000070dc00000|100%| E|CS|TAMS 0x000000070da00000, 0x000000070da00000| Complete 
|  98|0x000000070dc00000, 0x000000070de00000, 0x000000070de00000|100%| E|CS|TAMS 0x000000070dc00000, 0x000000070dc00000| Complete 
|  99|0x000000070de00000, 0x000000070e000000, 0x000000070e000000|100%| E|CS|TAMS 0x000000070de00000, 0x000000070de00000| Complete 
| 100|0x000000070e000000, 0x000000070e200000, 0x000000070e200000|100%| E|CS|TAMS 0x000000070e000000, 0x000000070e000000| Complete 
| 101|0x000000070e200000, 0x000000070e400000, 0x000000070e400000|100%| E|CS|TAMS 0x000000070e200000, 0x000000070e200000| Complete 
| 102|0x000000070e400000, 0x000000070e600000, 0x000000070e600000|100%| E|CS|TAMS 0x000000070e400000, 0x000000070e400000| Complete 
| 103|0x000000070e600000, 0x000000070e800000, 0x000000070e800000|100%| E|CS|TAMS 0x000000070e600000, 0x000000070e600000| Complete 
| 104|0x000000070e800000, 0x000000070ea00000, 0x000000070ea00000|100%| E|CS|TAMS 0x000000070e800000, 0x000000070e800000| Complete 
| 105|0x000000070ea00000, 0x000000070ec00000, 0x000000070ec00000|100%| E|CS|TAMS 0x000000070ea00000, 0x000000070ea00000| Complete 
| 106|0x000000070ec00000, 0x000000070ee00000, 0x000000070ee00000|100%| E|CS|TAMS 0x000000070ec00000, 0x000000070ec00000| Complete 
| 107|0x000000070ee00000, 0x000000070f000000, 0x000000070f000000|100%| E|CS|TAMS 0x000000070ee00000, 0x000000070ee00000| Complete 
| 108|0x000000070f000000, 0x000000070f200000, 0x000000070f200000|100%| E|CS|TAMS 0x000000070f000000, 0x000000070f000000| Complete 
| 109|0x000000070f200000, 0x000000070f2d01b8, 0x000000070f400000| 40%| S|CS|TAMS 0x000000070f200000, 0x000000070f200000| Complete 
| 110|0x000000070f400000, 0x000000070f600000, 0x000000070f600000|100%| S|CS|TAMS 0x000000070f400000, 0x000000070f400000| Complete 
| 111|0x000000070f600000, 0x000000070f800000, 0x000000070f800000|100%| E|CS|TAMS 0x000000070f600000, 0x000000070f600000| Complete 
| 112|0x000000070f800000, 0x000000070fa00000, 0x000000070fa00000|100%| E|CS|TAMS 0x000000070f800000, 0x000000070f800000| Complete 
| 113|0x000000070fa00000, 0x000000070fc00000, 0x000000070fc00000|100%| E|CS|TAMS 0x000000070fa00000, 0x000000070fa00000| Complete 
| 114|0x000000070fc00000, 0x000000070fe00000, 0x000000070fe00000|100%| E|CS|TAMS 0x000000070fc00000, 0x000000070fc00000| Complete 
| 115|0x000000070fe00000, 0x0000000710000000, 0x0000000710000000|100%| E|CS|TAMS 0x000000070fe00000, 0x000000070fe00000| Complete 
| 116|0x0000000710000000, 0x0000000710200000, 0x0000000710200000|100%| E|CS|TAMS 0x0000000710000000, 0x0000000710000000| Complete 
| 117|0x0000000710200000, 0x0000000710400000, 0x0000000710400000|100%| E|CS|TAMS 0x0000000710200000, 0x0000000710200000| Complete 
| 118|0x0000000710400000, 0x0000000710600000, 0x0000000710600000|100%| E|CS|TAMS 0x0000000710400000, 0x0000000710400000| Complete 
| 119|0x0000000710600000, 0x0000000710800000, 0x0000000710800000|100%| E|CS|TAMS 0x0000000710600000, 0x0000000710600000| Complete 
| 120|0x0000000710800000, 0x0000000710a00000, 0x0000000710a00000|100%| E|CS|TAMS 0x0000000710800000, 0x0000000710800000| Complete 
| 121|0x0000000710a00000, 0x0000000710c00000, 0x0000000710c00000|100%| E|CS|TAMS 0x0000000710a00000, 0x0000000710a00000| Complete 
| 122|0x0000000710c00000, 0x0000000710e00000, 0x0000000710e00000|100%| E|CS|TAMS 0x0000000710c00000, 0x0000000710c00000| Complete 
| 123|0x0000000710e00000, 0x0000000711000000, 0x0000000711000000|100%| E|CS|TAMS 0x0000000710e00000, 0x0000000710e00000| Complete 
| 124|0x0000000711000000, 0x0000000711200000, 0x0000000711200000|100%| E|CS|TAMS 0x0000000711000000, 0x0000000711000000| Complete 
| 125|0x0000000711200000, 0x0000000711400000, 0x0000000711400000|100%| E|CS|TAMS 0x0000000711200000, 0x0000000711200000| Complete 
| 126|0x0000000711400000, 0x0000000711600000, 0x0000000711600000|100%| E|CS|TAMS 0x0000000711400000, 0x0000000711400000| Complete 
| 127|0x0000000711600000, 0x0000000711800000, 0x0000000711800000|100%| E|CS|TAMS 0x0000000711600000, 0x0000000711600000| Complete 

Card table byte_map: [0x0000023ef4ed0000,0x0000023ef56d0000] _byte_map_base: 0x0000023ef16c4000

Marking Bits (Prev, Next): (CMBitMap*) 0x0000023edd91d660, (CMBitMap*) 0x0000023edd91d6a0
 Prev Bits: [0x0000023ef5ed0000, 0x0000023ef9e70000)
 Next Bits: [0x0000023ef9e70000, 0x0000023efde10000)

Polling page: 0x0000023edb800000

Metaspace:

Usage:
  Non-class:     11.74 MB used.
      Class:      1.45 MB used.
       Both:     13.19 MB used.

Virtual space:
  Non-class space:       64.00 MB reserved,      11.88 MB ( 19%) committed,  1 nodes.
      Class space:        1.00 GB reserved,       1.56 MB ( <1%) committed,  1 nodes.
             Both:        1.06 GB reserved,      13.44 MB (  1%) committed. 

Chunk freelists:
   Non-Class:  3.22 MB
       Class:  2.45 MB
        Both:  5.67 MB

MaxMetaspaceSize: unlimited
CompressedClassSpaceSize: 1.00 GB
Initial GC threshold: 21.00 MB
Current GC threshold: 21.00 MB
CDS: on
MetaspaceReclaimPolicy: balanced
 - commit_granule_bytes: 65536.
 - commit_granule_words: 8192.
 - virtual_space_node_default_size: 8388608.
 - enlarge_chunks_in_place: 1.
 - new_chunks_are_fully_committed: 0.
 - uncommit_free_chunks: 1.
 - use_allocation_guard: 0.


Internal statistics:

num_allocs_failed_limit: 0.
num_arena_births: 246.
num_arena_deaths: 0.
num_vsnodes_births: 2.
num_vsnodes_deaths: 0.
num_space_committed: 215.
num_space_uncommitted: 0.
num_chunks_returned_to_freelist: 0.
num_chunks_taken_from_freelist: 697.
num_chunk_merges: 0.
num_chunk_splits: 501.
num_chunks_enlarged: 375.
num_inconsistent_stats: 0.

CodeHeap 'non-profiled nmethods': size=120000Kb used=1521Kb max_used=1521Kb free=118479Kb
 bounds [0x0000023eecc70000, 0x0000023eecee0000, 0x0000023ef41a0000]
CodeHeap 'profiled nmethods': size=120000Kb used=7054Kb max_used=7054Kb free=112945Kb
 bounds [0x0000023ee5740000, 0x0000023ee5e30000, 0x0000023eecc70000]
CodeHeap 'non-nmethods': size=5760Kb used=1189Kb max_used=1225Kb free=4570Kb
 bounds [0x0000023ee51a0000, 0x0000023ee5410000, 0x0000023ee5740000]
 total_blobs=3889 nmethods=3421 adapters=380
 compilation: enabled
              stopped_count=0, restarted_count=0
 full_count=0

Compilation events (20 events):
Event: 1.846 Thread 0x0000023e807ae9d0 3372       3       java.lang.String::split (327 bytes)
Event: 1.852 Thread 0x0000023e807ae9d0 nmethod 3372 0x0000023ee5de7410 code [0x0000023ee5de7980, 0x0000023ee5deb348]
Event: 1.852 Thread 0x0000023e807ae9d0 3367       3       org.apache.maven.model.merge.MavenModelMerger::mergeModelBase_Modules (224 bytes)
Event: 1.854 Thread 0x0000023e807ae9d0 nmethod 3367 0x0000023ee5dec590 code [0x0000023ee5deca60, 0x0000023ee5def988]
Event: 1.854 Thread 0x0000023e807ae9d0 3371       3       java.lang.String::split (7 bytes)
Event: 1.855 Thread 0x0000023e807ae9d0 nmethod 3371 0x0000023ee5df0990 code [0x0000023ee5df0b20, 0x0000023ee5df0c68]
Event: 1.855 Thread 0x0000023e807ae9d0 3363       3       org.eclipse.aether.artifact.DefaultArtifact::<init> (17 bytes)
Event: 1.855 Thread 0x0000023e807ae9d0 nmethod 3363 0x0000023ee5df0d10 code [0x0000023ee5df0ea0, 0x0000023ee5df0fe8]
Event: 1.855 Thread 0x0000023e807ae9d0 3373       3       org.apache.maven.model.Organization::getLocation (147 bytes)
Event: 1.855 Thread 0x0000023e807ae9d0 nmethod 3373 0x0000023ee5df1090 code [0x0000023ee5df1300, 0x0000023ee5df1f78]
Event: 1.856 Thread 0x0000023e807ae9d0 3361       3       java.io.File::getAbsolutePath (8 bytes)
Event: 1.856 Thread 0x0000023e807ae9d0 nmethod 3361 0x0000023ee5df2190 code [0x0000023ee5df2340, 0x0000023ee5df2488]
Event: 1.856 Thread 0x0000023e807ae9d0 3364       1       org.apache.maven.model.Profile::setBuild (6 bytes)
Event: 1.856 Thread 0x0000023e807ae9d0 nmethod 3364 0x0000023eecde6f90 code [0x0000023eecde7120, 0x0000023eecde7238]
Event: 1.856 Thread 0x0000023e807aa720 nmethod 3369 0x0000023eecde7290 code [0x0000023eecde7440, 0x0000023eecde78b8]
Event: 1.856 Thread 0x0000023e807aa720 3366   !   4       org.apache.maven.model.Plugin::clone (204 bytes)
Event: 1.857 Thread 0x0000023e807ae9d0 3374       3       java.io.FileInputStream::read (9 bytes)
Event: 1.857 Thread 0x0000023e807ae9d0 nmethod 3374 0x0000023ee5df2510 code [0x0000023ee5df26c0, 0x0000023ee5df2808]
Event: 1.857 Thread 0x0000023e807ae9d0 3375  s    3       java.io.FileDescriptor::attach (73 bytes)
Event: 1.857 Thread 0x0000023e807ae9d0 nmethod 3375 0x0000023ee5df2910 code [0x0000023ee5df2b40, 0x0000023ee5df36c8]

GC Heap History (4 events):
Event: 0.525 GC heap before
{Heap before GC invocations=0 (full 0):
 garbage-first heap   total 262144K, used 22528K [0x0000000701800000, 0x0000000800000000)
  region size 2048K, 11 young (22528K), 0 survivors (0K)
 Metaspace       used 4826K, committed 4992K, reserved 1114112K
  class space    used 562K, committed 640K, reserved 1048576K
}
Event: 0.528 GC heap after
{Heap after GC invocations=1 (full 0):
 garbage-first heap   total 262144K, used 3645K [0x0000000701800000, 0x0000000800000000)
  region size 2048K, 2 young (4096K), 2 survivors (4096K)
 Metaspace       used 4826K, committed 4992K, reserved 1114112K
  class space    used 562K, committed 640K, reserved 1048576K
}
Event: 1.161 GC heap before
{Heap before GC invocations=1 (full 0):
 garbage-first heap   total 262144K, used 34365K [0x0000000701800000, 0x0000000800000000)
  region size 2048K, 17 young (34816K), 2 survivors (4096K)
 Metaspace       used 10507K, committed 10816K, reserved 1114112K
  class space    used 1262K, committed 1408K, reserved 1048576K
}
Event: 1.166 GC heap after
{Heap after GC invocations=2 (full 0):
 garbage-first heap   total 262144K, used 6241K [0x0000000701800000, 0x0000000800000000)
  region size 2048K, 2 young (4096K), 2 survivors (4096K)
 Metaspace       used 10507K, committed 10816K, reserved 1114112K
  class space    used 1262K, committed 1408K, reserved 1048576K
}

Deoptimization events (20 events):
Event: 1.764 Thread 0x0000023edd8f02b0 Uncommon trap: trap_request=0xffffffbe fr.pc=0x0000023eecdd9b6c relative=0x000000000000034c
Event: 1.764 Thread 0x0000023edd8f02b0 Uncommon trap: reason=profile_predicate action=maybe_recompile pc=0x0000023eecdd9b6c method=java.util.regex.Pattern$Slice.match(Ljava/util/regex/Matcher;ILjava/lang/CharSequence;)Z @ 18 c2
Event: 1.764 Thread 0x0000023edd8f02b0 DEOPT PACKING pc=0x0000023eecdd9b6c sp=0x000000d344cfd1d0
Event: 1.764 Thread 0x0000023edd8f02b0 DEOPT UNPACKING pc=0x0000023ee51f23a3 sp=0x000000d344cfd160 mode 2
Event: 1.764 Thread 0x0000023edd8f02b0 Uncommon trap: trap_request=0xffffffbe fr.pc=0x0000023eecdd9b6c relative=0x000000000000034c
Event: 1.764 Thread 0x0000023edd8f02b0 Uncommon trap: reason=profile_predicate action=maybe_recompile pc=0x0000023eecdd9b6c method=java.util.regex.Pattern$Slice.match(Ljava/util/regex/Matcher;ILjava/lang/CharSequence;)Z @ 18 c2
Event: 1.764 Thread 0x0000023edd8f02b0 DEOPT PACKING pc=0x0000023eecdd9b6c sp=0x000000d344cfd1d0
Event: 1.764 Thread 0x0000023edd8f02b0 DEOPT UNPACKING pc=0x0000023ee51f23a3 sp=0x000000d344cfd160 mode 2
Event: 1.764 Thread 0x0000023edd8f02b0 Uncommon trap: trap_request=0xffffffbe fr.pc=0x0000023eecdd9b6c relative=0x000000000000034c
Event: 1.764 Thread 0x0000023edd8f02b0 Uncommon trap: reason=profile_predicate action=maybe_recompile pc=0x0000023eecdd9b6c method=java.util.regex.Pattern$Slice.match(Ljava/util/regex/Matcher;ILjava/lang/CharSequence;)Z @ 18 c2
Event: 1.764 Thread 0x0000023edd8f02b0 DEOPT PACKING pc=0x0000023eecdd9b6c sp=0x000000d344cfd1d0
Event: 1.764 Thread 0x0000023edd8f02b0 DEOPT UNPACKING pc=0x0000023ee51f23a3 sp=0x000000d344cfd160 mode 2
Event: 1.764 Thread 0x0000023edd8f02b0 Uncommon trap: trap_request=0xffffffbe fr.pc=0x0000023eecdd9b6c relative=0x000000000000034c
Event: 1.764 Thread 0x0000023edd8f02b0 Uncommon trap: reason=profile_predicate action=maybe_recompile pc=0x0000023eecdd9b6c method=java.util.regex.Pattern$Slice.match(Ljava/util/regex/Matcher;ILjava/lang/CharSequence;)Z @ 18 c2
Event: 1.764 Thread 0x0000023edd8f02b0 DEOPT PACKING pc=0x0000023eecdd9b6c sp=0x000000d344cfd1d0
Event: 1.764 Thread 0x0000023edd8f02b0 DEOPT UNPACKING pc=0x0000023ee51f23a3 sp=0x000000d344cfd160 mode 2
Event: 1.818 Thread 0x0000023edd8f02b0 Uncommon trap: trap_request=0xffffff45 fr.pc=0x0000023eecddc3bc relative=0x00000000000004fc
Event: 1.818 Thread 0x0000023edd8f02b0 Uncommon trap: reason=unstable_if action=reinterpret pc=0x0000023eecddc3bc method=java.util.Properties.loadConvert([CIILjava/lang/StringBuilder;)Ljava/lang/String; @ 26 c2
Event: 1.818 Thread 0x0000023edd8f02b0 DEOPT PACKING pc=0x0000023eecddc3bc sp=0x000000d344cfcac0
Event: 1.818 Thread 0x0000023edd8f02b0 DEOPT UNPACKING pc=0x0000023ee51f23a3 sp=0x000000d344cfca58 mode 2

Classes loaded (20 events):
Event: 1.744 Loading class java/lang/constant/DirectMethodHandleDescImpl
Event: 1.744 Loading class java/lang/constant/DirectMethodHandleDesc
Event: 1.744 Loading class java/lang/constant/DirectMethodHandleDesc done
Event: 1.744 Loading class java/lang/constant/DirectMethodHandleDescImpl done
Event: 1.744 Loading class java/lang/constant/DirectMethodHandleDescImpl$1
Event: 1.744 Loading class java/lang/constant/DirectMethodHandleDescImpl$1 done
Event: 1.744 Loading class java/lang/constant/DirectMethodHandleDesc$1
Event: 1.744 Loading class java/lang/constant/DirectMethodHandleDesc$1 done
Event: 1.744 Loading class java/lang/constant/PrimitiveClassDescImpl
Event: 1.744 Loading class java/lang/constant/DynamicConstantDesc
Event: 1.744 Loading class java/lang/constant/DynamicConstantDesc done
Event: 1.744 Loading class java/lang/constant/PrimitiveClassDescImpl done
Event: 1.744 Loading class java/lang/constant/DynamicConstantDesc$AnonymousDynamicConstantDesc
Event: 1.744 Loading class java/lang/constant/DynamicConstantDesc$AnonymousDynamicConstantDesc done
Event: 1.748 Loading class java/util/ComparableTimSort
Event: 1.748 Loading class java/util/ComparableTimSort done
Event: 1.760 Loading class java/io/PrintWriter
Event: 1.760 Loading class java/io/PrintWriter done
Event: 1.813 Loading class java/util/concurrent/atomic/AtomicBoolean
Event: 1.813 Loading class java/util/concurrent/atomic/AtomicBoolean done

Classes unloaded (0 events):
No events

Classes redefined (0 events):
No events

Internal exceptions (20 events):
Event: 0.147 Thread 0x0000023edd8f02b0 Exception <a 'java/lang/NullPointerException'{0x0000000711231280}> (0x0000000711231280) 
thrown [s\open\src\hotspot\share\interpreter\linkResolver.cpp, line 1350]
Event: 0.406 Thread 0x0000023edd8f02b0 Exception <a 'java/lang/NoSuchMethodError'{0x0000000710bd4ab8}: 'java.lang.Object java.lang.invoke.DirectMethodHandle$Holder.newInvokeSpecial(java.lang.Object, java.lang.Object, java.lang.Object, java.lang.Object, java.lang.Object)'> (0x0000000710bd4ab8) 
thrown [s\open\src\hotspot\share\interpreter\linkResolver.cpp, line 759]
Event: 0.443 Thread 0x0000023edd8f02b0 Exception <a 'java/lang/NoClassDefFoundError'{0x000000071092a5a0}: javax/enterprise/inject/Typed> (0x000000071092a5a0) 
thrown [s\open\src\hotspot\share\classfile\systemDictionary.cpp, line 244]
Event: 1.000 Thread 0x0000023edd8f02b0 Exception <a 'java/lang/NoSuchMethodError'{0x000000070fb60338}: 'void java.lang.invoke.DirectMethodHandle$Holder.invokeSpecial(java.lang.Object, java.lang.Object, java.lang.Object)'> (0x000000070fb60338) 
thrown [s\open\src\hotspot\share\interpreter\linkResolver.cpp, line 759]
Event: 1.005 Thread 0x0000023edd8f02b0 Exception <a 'java/lang/NoSuchMethodError'{0x000000070fb885d8}: 'void java.lang.invoke.Invokers$Holder.invokeExact_MT(java.lang.Object, java.lang.Object, java.lang.Object, java.lang.Object)'> (0x000000070fb885d8) 
thrown [s\open\src\hotspot\share\interpreter\linkResolver.cpp, line 759]
Event: 1.025 Thread 0x0000023edd8f02b0 Exception <a 'java/lang/NoClassDefFoundError'{0x000000070f809ae8}: com/google/inject/servlet/ServletModuleTargetVisitor> (0x000000070f809ae8) 
thrown [s\open\src\hotspot\share\classfile\systemDictionary.cpp, line 244]
Event: 1.055 Thread 0x0000023edd8f02b0 Exception <a 'java/lang/NoSuchMethodError'{0x000000070f8c6b10}: 'java.lang.Object java.lang.invoke.DirectMethodHandle$Holder.invokeStatic(java.lang.Object, java.lang.Object, int)'> (0x000000070f8c6b10) 
thrown [s\open\src\hotspot\share\interpreter\linkResolver.cpp, line 759]
Event: 1.056 Thread 0x0000023edd8f02b0 Exception <a 'java/lang/NoSuchMethodError'{0x000000070f8cbd98}: 'void java.lang.invoke.DirectMethodHandle$Holder.invokeStatic(java.lang.Object, java.lang.Object, int, java.lang.Object)'> (0x000000070f8cbd98) 
thrown [s\open\src\hotspot\share\interpreter\linkResolver.cpp, line 759]
Event: 1.057 Thread 0x0000023edd8f02b0 Exception <a 'java/lang/NoSuchMethodError'{0x000000070f8d3d38}: 'void java.lang.invoke.DelegatingMethodHandle$Holder.delegate(java.lang.Object, java.lang.Object, int, java.lang.Object)'> (0x000000070f8d3d38) 
thrown [s\open\src\hotspot\share\interpreter\linkResolver.cpp, line 759]
Event: 1.057 Thread 0x0000023edd8f02b0 Exception <a 'java/lang/NoSuchMethodError'{0x000000070f8d8908}: 'int java.lang.invoke.DirectMethodHandle$Holder.invokeSpecial(java.lang.Object, java.lang.Object, java.lang.Object)'> (0x000000070f8d8908) 
thrown [s\open\src\hotspot\share\interpreter\linkResolver.cpp, line 759]
Event: 1.079 Thread 0x0000023edd8f02b0 Exception <a 'java/lang/NoSuchMethodError'{0x000000070f9676a0}: 'java.lang.Object java.lang.invoke.DirectMethodHandle$Holder.newInvokeSpecial(java.lang.Object, java.lang.Object, java.lang.Object, java.lang.Object, java.lang.Object, java.lang.Object, java.lang.Object)'> (0x000000070f9676a0) 
thrown [s\open\src\hotspot\share\interpreter\linkResolver.cpp, line 759]
Event: 1.086 Thread 0x0000023edd8f02b0 Exception <a 'java/lang/NoSuchMethodError'{0x000000070f9a5ec0}: 'java.lang.Object java.lang.invoke.DirectMethodHandle$Holder.newInvokeSpecial(java.lang.Object, java.lang.Object, java.lang.Object, java.lang.Object, java.lang.Object, java.lang.Object, java.lang.Object, java.lang.Object, java.lang.Object)'> (0x000000070f9a5ec0) 
thrown [s\open\src\hotspot\share\interpreter\linkResolver.cpp, line 759]
Event: 1.087 Thread 0x0000023edd8f02b0 Exception <a 'java/lang/NoSuchMethodError'{0x000000070f9ac1d0}: 'java.lang.Object java.lang.invoke.DirectMethodHandle$Holder.invokeSpecial(java.lang.Object, java.lang.Object, java.lang.Object, java.lang.Object, java.lang.Object, java.lang.Object, java.lang.Object, java.lang.Object, java.lang.Object, java.lang.Object)'> (0x000000070f9ac1d0) 
thrown [s\open\src\hotspot\share\interpreter\linkResolver.cpp, line 759]
Event: 1.108 Thread 0x0000023edd8f02b0 Exception <a 'java/lang/NoSuchMethodError'{0x000000070f662060}: 'java.lang.Object java.lang.invoke.DirectMethodHandle$Holder.newInvokeSpecial(java.lang.Object, java.lang.Object, java.lang.Object, java.lang.Object, java.lang.Object, java.lang.Object, java.lang.Object, java.lang.Object, java.lang.Object, java.lang.Object, java.lang.Object, java.lang.Object)'> (0x000000070f662060) 
thrown [s\open\src\hotspot\share\interpreter\linkResolver.cpp, line 759]
Event: 1.109 Thread 0x0000023edd8f02b0 Exception <a 'java/lang/NoSuchMethodError'{0x000000070f668190}: 'java.lang.Object java.lang.invoke.DirectMethodHandle$Holder.invokeSpecial(java.lang.Object, java.lang.Object, java.lang.Object, java.lang.Object, java.lang.Object, java.lang.Object, java.lang.Object, java.lang.Object, java.lang.Object, java.lang.Object, java.lang.Object, java.lang.Object, java.lang.Object)'> (0x000000070f668190) 
thrown [s\open\src\hotspot\share\interpreter\linkResolver.cpp, line 759]
Event: 1.132 Thread 0x0000023edd8f02b0 Exception <a 'java/lang/NoSuchMethodError'{0x000000070f70cf48}: 'java.lang.Object java.lang.invoke.DirectMethodHandle$Holder.invokeStaticInit(java.lang.Object, int, int, int, int)'> (0x000000070f70cf48) 
thrown [s\open\src\hotspot\share\interpreter\linkResolver.cpp, line 759]
Event: 1.254 Thread 0x0000023edd8f02b0 Exception <a 'java/lang/NoSuchMethodError'{0x000000071136db68}: 'void java.lang.invoke.DirectMethodHandle$Holder.invokeVirtual(java.lang.Object, java.lang.Object, int)'> (0x000000071136db68) 
thrown [s\open\src\hotspot\share\interpreter\linkResolver.cpp, line 759]
Event: 1.255 Thread 0x0000023edd8f02b0 Exception <a 'java/lang/NoSuchMethodError'{0x0000000711372008}: 'int java.lang.invoke.DirectMethodHandle$Holder.invokeSpecial(java.lang.Object, java.lang.Object, java.lang.Object, int)'> (0x0000000711372008) 
thrown [s\open\src\hotspot\share\interpreter\linkResolver.cpp, line 759]
Event: 1.256 Thread 0x0000023edd8f02b0 Exception <a 'java/lang/NoSuchMethodError'{0x00000007113849a8}: 'java.lang.Object java.lang.invoke.DirectMethodHandle$Holder.invokeStatic(java.lang.Object, java.lang.Object, java.lang.Object, java.lang.Object, int)'> (0x00000007113849a8) 
thrown [s\open\src\hotspot\share\interpreter\linkResolver.cpp, line 759]
Event: 1.256 Thread 0x0000023edd8f02b0 Exception <a 'java/lang/NoSuchMethodError'{0x00000007113902e8}: 'void java.lang.invoke.DelegatingMethodHandle$Holder.reinvoke_L(java.lang.Object, java.lang.Object, int)'> (0x00000007113902e8) 
thrown [s\open\src\hotspot\share\interpreter\linkResolver.cpp, line 759]

VM Operations (20 events):
Event: 1.055 Executing VM operation: HandshakeAllThreads
Event: 1.055 Executing VM operation: HandshakeAllThreads done
Event: 1.122 Executing VM operation: HandshakeAllThreads
Event: 1.122 Executing VM operation: HandshakeAllThreads done
Event: 1.143 Executing VM operation: HandshakeAllThreads
Event: 1.143 Executing VM operation: HandshakeAllThreads done
Event: 1.161 Executing VM operation: G1CollectForAllocation
Event: 1.166 Executing VM operation: G1CollectForAllocation done
Event: 1.177 Executing VM operation: HandshakeAllThreads
Event: 1.177 Executing VM operation: HandshakeAllThreads done
Event: 1.285 Executing VM operation: HandshakeAllThreads
Event: 1.285 Executing VM operation: HandshakeAllThreads done
Event: 1.285 Executing VM operation: HandshakeAllThreads
Event: 1.285 Executing VM operation: HandshakeAllThreads done
Event: 1.285 Executing VM operation: HandshakeAllThreads
Event: 1.285 Executing VM operation: HandshakeAllThreads done
Event: 1.438 Executing VM operation: ICBufferFull
Event: 1.438 Executing VM operation: ICBufferFull done
Event: 1.749 Executing VM operation: ICBufferFull
Event: 1.749 Executing VM operation: ICBufferFull done

Events (20 events):
Event: 0.016 Thread 0x0000023edd8f02b0 Thread added: 0x0000023edd8f02b0
Event: 0.018 Thread 0x0000023e80788610 Thread added: 0x0000023e80788610
Event: 0.018 Thread 0x0000023e8078b280 Thread added: 0x0000023e8078b280
Event: 0.027 Thread 0x0000023e80795630 Thread added: 0x0000023e80795630
Event: 0.027 Thread 0x0000023e807942f0 Thread added: 0x0000023e807942f0
Event: 0.027 Thread 0x0000023e807947c0 Thread added: 0x0000023e807947c0
Event: 0.028 Thread 0x0000023e80793e20 Thread added: 0x0000023e80793e20
Event: 0.028 Thread 0x0000023e807aa720 Thread added: 0x0000023e807aa720
Event: 0.028 Thread 0x0000023e807ae9d0 Thread added: 0x0000023e807ae9d0
Event: 0.028 Thread 0x0000023e807b26b0 Thread added: 0x0000023e807b26b0
Event: 0.040 Thread 0x0000023e80794c90 Thread added: 0x0000023e80794c90
Event: 0.042 Thread 0x0000023e80795160 Thread added: 0x0000023e80795160
Event: 0.045 Loaded shared library C:\Program Files\Java\jdk-18.0.2.1\bin\net.dll
Event: 0.047 Loaded shared library C:\Program Files\Java\jdk-18.0.2.1\bin\nio.dll
Event: 0.050 Loaded shared library C:\Program Files\Java\jdk-18.0.2.1\bin\zip.dll
Event: 0.126 Loaded shared library C:\Program Files\Java\jdk-18.0.2.1\bin\jimage.dll
Event: 0.136 Loaded shared library J:\.important\Documents\apache-maven-3.8.6\lib\jansi-native\Windows\x86_64\jansi.dll
Event: 0.153 Loaded shared library C:\Program Files\Java\jdk-18.0.2.1\bin\verify.dll
Event: 0.460 Thread 0x0000023e854d1a70 Thread added: 0x0000023e854d1a70
Event: 0.472 Thread 0x0000023e854ea810 Thread added: 0x0000023e854ea810


Dynamic libraries:
0x00007ff6a4a20000 - 0x00007ff6a4a30000 	C:\Program Files\Java\jdk-18.0.2.1\bin\java.exe
0x00007ffd57580000 - 0x00007ffd57789000 	C:\WINDOWS\SYSTEM32\ntdll.dll
0x00007ffd553d0000 - 0x00007ffd5548d000 	C:\WINDOWS\System32\KERNEL32.DLL
0x00007ffd54c80000 - 0x00007ffd55004000 	C:\WINDOWS\System32\KERNELBASE.dll
0x00007ffd54b60000 - 0x00007ffd54c71000 	C:\WINDOWS\System32\ucrtbase.dll
0x00007ffd41ba0000 - 0x00007ffd41bb8000 	C:\Program Files\Java\jdk-18.0.2.1\bin\jli.dll
0x00007ffd36200000 - 0x00007ffd3621a000 	C:\Program Files\Java\jdk-18.0.2.1\bin\VCRUNTIME140.dll
0x00007ffd55dd0000 - 0x00007ffd55e7e000 	C:\WINDOWS\System32\ADVAPI32.dll
0x00007ffd572b0000 - 0x00007ffd57353000 	C:\WINDOWS\System32\msvcrt.dll
0x00007ffd55490000 - 0x00007ffd5552e000 	C:\WINDOWS\System32\sechost.dll
0x00007ffd55f30000 - 0x00007ffd56051000 	C:\WINDOWS\System32\RPCRT4.dll
0x00007ffd568a0000 - 0x00007ffd56a4d000 	C:\WINDOWS\System32\USER32.dll
0x00007ffd54a90000 - 0x00007ffd54ab6000 	C:\WINDOWS\System32\win32u.dll
0x00007ffd573d0000 - 0x00007ffd573fa000 	C:\WINDOWS\System32\GDI32.dll
0x00007ffd41e10000 - 0x00007ffd420b5000 	C:\WINDOWS\WinSxS\amd64_microsoft.windows.common-controls_6595b64144ccf1df_6.0.22000.120_none_9d947278b86cc467\COMCTL32.dll
0x00007ffd55010000 - 0x00007ffd5512e000 	C:\WINDOWS\System32\gdi32full.dll
0x00007ffd54ac0000 - 0x00007ffd54b5d000 	C:\WINDOWS\System32\msvcp_win.dll
0x00007ffd543c0000 - 0x00007ffd543ca000 	C:\WINDOWS\SYSTEM32\VERSION.dll
0x00007ffd56860000 - 0x00007ffd56891000 	C:\WINDOWS\System32\IMM32.DLL
0x00007ffd543d0000 - 0x00007ffd544c7000 	C:\Windows\system32\guard64.dll
0x00007ffd565d0000 - 0x00007ffd5676a000 	C:\WINDOWS\System32\ole32.dll
0x00007ffd56150000 - 0x00007ffd564c6000 	C:\WINDOWS\System32\combase.dll
0x00007ffd543b0000 - 0x00007ffd543bb000 	C:\WINDOWS\system32\fltlib.dll
0x00007ffd56a70000 - 0x00007ffd57235000 	C:\WINDOWS\System32\shell32.dll
0x00007ffd50540000 - 0x00007ffd5054c000 	C:\Program Files\Java\jdk-18.0.2.1\bin\vcruntime140_1.dll
0x00007ffcfd130000 - 0x00007ffcfd1bd000 	C:\Program Files\Java\jdk-18.0.2.1\bin\msvcp140.dll
0x00007ffcfa3e0000 - 0x00007ffcfaff1000 	C:\Program Files\Java\jdk-18.0.2.1\bin\server\jvm.dll
0x00007ffd564d0000 - 0x00007ffd564d8000 	C:\WINDOWS\System32\PSAPI.DLL
0x00007ffd4dff0000 - 0x00007ffd4dff9000 	C:\WINDOWS\SYSTEM32\WSOCK32.dll
0x00007ffd57240000 - 0x00007ffd572af000 	C:\WINDOWS\System32\WS2_32.dll
0x00007ffd4a960000 - 0x00007ffd4a993000 	C:\WINDOWS\SYSTEM32\WINMM.dll
0x00007ffd538c0000 - 0x00007ffd538d8000 	C:\WINDOWS\SYSTEM32\kernel.appcore.dll
0x00007ffd4f650000 - 0x00007ffd4f65a000 	C:\Program Files\Java\jdk-18.0.2.1\bin\jimage.dll
0x00007ffd520b0000 - 0x00007ffd522d1000 	C:\WINDOWS\SYSTEM32\DBGHELP.DLL
0x00007ffd46430000 - 0x00007ffd46461000 	C:\WINDOWS\SYSTEM32\dbgcore.DLL
0x00007ffd54a10000 - 0x00007ffd54a8f000 	C:\WINDOWS\System32\bcryptPrimitives.dll
0x00007ffd22730000 - 0x00007ffd22755000 	C:\Program Files\Java\jdk-18.0.2.1\bin\java.dll
0x00007ffcfd050000 - 0x00007ffcfd126000 	C:\Program Files\Java\jdk-18.0.2.1\bin\jsvml.dll
0x00007ffd52980000 - 0x00007ffd531e2000 	C:\WINDOWS\SYSTEM32\windows.storage.dll
0x00007ffd52810000 - 0x00007ffd52977000 	C:\WINDOWS\SYSTEM32\wintypes.dll
0x00007ffd56770000 - 0x00007ffd5685a000 	C:\WINDOWS\System32\SHCORE.dll
0x00007ffd55b80000 - 0x00007ffd55bdd000 	C:\WINDOWS\System32\shlwapi.dll
0x00007ffd54940000 - 0x00007ffd54965000 	C:\WINDOWS\SYSTEM32\profapi.dll
0x00007ffd31b80000 - 0x00007ffd31b93000 	C:\Program Files\Java\jdk-18.0.2.1\bin\net.dll
0x00007ffd4ec80000 - 0x00007ffd4ed94000 	C:\WINDOWS\SYSTEM32\WINHTTP.dll
0x00007ffd53dc0000 - 0x00007ffd53e27000 	C:\WINDOWS\system32\mswsock.dll
0x00007ffd31760000 - 0x00007ffd31776000 	C:\Program Files\Java\jdk-18.0.2.1\bin\nio.dll
0x00007ffd23e80000 - 0x00007ffd23e98000 	C:\Program Files\Java\jdk-18.0.2.1\bin\zip.dll
0x0000000069ac0000 - 0x0000000069ae4000 	J:\.important\Documents\apache-maven-3.8.6\lib\jansi-native\Windows\x86_64\jansi.dll
0x00007ffd361f0000 - 0x00007ffd36200000 	C:\Program Files\Java\jdk-18.0.2.1\bin\verify.dll

dbghelp: loaded successfully - version: 4.0.5 - missing functions: none
symbol engine: initialized successfully - sym options: 0x614 - pdb path: .;C:\Program Files\Java\jdk-18.0.2.1\bin;C:\WINDOWS\SYSTEM32;C:\WINDOWS\WinSxS\amd64_microsoft.windows.common-controls_6595b64144ccf1df_6.0.22000.120_none_9d947278b86cc467;C:\Program Files\Java\jdk-18.0.2.1\bin\server;J:\.important\Documents\apache-maven-3.8.6\lib\jansi-native\Windows\x86_64

VM Arguments:
jvm_args: -Dclassworlds.conf=J:\.important\Documents\apache-maven-3.8.6\bin\m2.conf -Dmaven.home=J:\.important\Documents\apache-maven-3.8.6 -Dlibrary.jansi.path=J:\.important\Documents\apache-maven-3.8.6\lib\jansi-native -Dmaven.multiModuleProjectDirectory=J:\memefest 
java_command: org.codehaus.plexus.classworlds.launcher.Launcher clean install
java_class_path (initial): J:\.important\Documents\apache-maven-3.8.6\boot\plexus-classworlds-2.6.0.jar
Launcher Type: SUN_STANDARD

[Global flags]
     intx CICompilerCount                          = 4                                         {product} {ergonomic}
     uint ConcGCThreads                            = 2                                         {product} {ergonomic}
     uint G1ConcRefinementThreads                  = 8                                         {product} {ergonomic}
   size_t G1HeapRegionSize                         = 2097152                                   {product} {ergonomic}
    uintx GCDrainStackTargetSize                   = 64                                        {product} {ergonomic}
   size_t InitialHeapSize                          = 268435456                                 {product} {ergonomic}
   size_t MarkStackSize                            = 4194304                                   {product} {ergonomic}
   size_t MaxHeapSize                              = 4269801472                                {product} {ergonomic}
   size_t MaxNewSize                               = 2560622592                                {product} {ergonomic}
   size_t MinHeapDeltaBytes                        = 2097152                                   {product} {ergonomic}
   size_t MinHeapSize                              = 8388608                                   {product} {ergonomic}
    uintx NonNMethodCodeHeapSize                   = 5839372                                {pd product} {ergonomic}
    uintx NonProfiledCodeHeapSize                  = 122909434                              {pd product} {ergonomic}
    uintx ProfiledCodeHeapSize                     = 122909434                              {pd product} {ergonomic}
    uintx ReservedCodeCacheSize                    = 251658240                              {pd product} {ergonomic}
     bool SegmentedCodeCache                       = true                                      {product} {ergonomic}
   size_t SoftMaxHeapSize                          = 4269801472                             {manageable} {ergonomic}
     bool UseCompressedClassPointers               = true                           {product lp64_product} {ergonomic}
     bool UseCompressedOops                        = true                           {product lp64_product} {ergonomic}
     bool UseG1GC                                  = true                                      {product} {ergonomic}
     bool UseLargePagesIndividualAllocation        = false                                  {pd product} {ergonomic}

Logging:
Log output configuration:
 #0: stdout all=warning uptime,level,tags foldmultilines=false
 #1: stderr all=off uptime,level,tags foldmultilines=false

Environment Variables:
JAVA_HOME=C:\Program Files\Java\jdk-18.0.2.1
PATH=C:\Program Files\Common Files\Oracle\Java\javapath;C:\WINDOWS\system32;C:\WINDOWS;C:\WINDOWS\System32\Wbem;C:\WINDOWS\System32\WindowsPowerShell\v1.0\;C:\WINDOWS\System32\OpenSSH\;J:\.important\Documents\apache-maven-3.8.6\bin;C:\Program Files (x86)\Microsoft SQL Server\160\DTS\Binn\;C:\Users\hyper\Downloads\curl-8.10.1_2-win64-mingw\curl-8.10.1_2-win64-mingw\bin;C:\C:\Program Files\Java\jdk-18.0.2.1\bin;C:\Program Files\OpenSSL-Win64\bin;C:\Program Files\dotnet\;C:\Program Files\Git\cmd;H:\;F:\Docker\resources\bin;C:\Program Files\NVIDIA Corporation\NVIDIA App\NvDLISR;C:\Program Files (x86)\Microsoft SQL Server\160\Tools\Binn\;C:\Program Files\Microsoft SQL Server\160\Tools\Binn\;C:\Program Files\Microsoft SQL Server\Client SDK\ODBC\170\Tools\Binn\;C:\Program Files\Microsoft SQL Server\160\DTS\Binn\;C:\Program Files (x86)\NVIDIA Corporation\PhysX\Common;C:\Users\hyper\AppData\Local\Microsoft\WindowsApps;C:\Program Files\Java\jdk-18.0.2.1\bin;C:\Users\hyper\AppData\Roaming\npm;J:\Microsoft VS Code\bin
USERNAME=hyper
OS=Windows_NT
PROCESSOR_IDENTIFIER=Intel64 Family 6 Model 60 Stepping 3, GenuineIntel



---------------  S Y S T E M  ---------------

OS:
 Windows 11 , 64 bit Build 22000 (10.0.22000.2538)
OS uptime: 2 days 6:58 hours
Hyper-V role detected

CPU: total 8 (initial active 8) (4 cores per cpu, 2 threads per core) family 6 model 60 stepping 3 microcode 0x28, cx8, cmov, fxsr, ht, mmx, sse, sse2, sse3, ssse3, sse4.1, sse4.2, popcnt, lzcnt, tsc, tscinvbit, avx, avx2, aes, erms, clmul, bmi1, bmi2, fma, vzeroupper, clflush, hv

Memory: 4k page, system-wide physical 16280M (3882M free)
TotalPageFile size 36280M (AvailPageFile size 4M)
current process WorkingSet (physical memory assigned to process): 168M, peak: 168M
current process commit charge ("private bytes"): 392M, peak: 392M

vm_info: Java HotSpot(TM) 64-Bit Server VM (18.0.2.1+1-1) for windows-amd64 JRE (18.0.2.1+1-1), built on Aug 16 2022 01:46:33 by "mach5one" with MS VC++ 16.8 / 16.9 (VS2019)

END.
