#
# There is insufficient memory for the Java Runtime Environment to continue.
# Native memory allocation (malloc) failed to allocate 129552 bytes for Chunk::new
# Possible reasons:
#   The system is out of physical RAM or swap space
#   The process is running with CompressedOops enabled, and the Java Heap may be blocking the growth of the native heap
# Possible solutions:
#   Reduce memory load on the system
#   Increase physical memory or swap space
#   Check if swap backing store is full
#   Decrease Java heap size (-Xmx/-Xms)
#   Decrease number of Java threads
#   Decrease Java thread stack sizes (-Xss)
#   Set larger code cache with -XX:ReservedCodeCacheSize=
#   JVM is running with Zero Based Compressed Oops mode in which the Java heap is
#     placed in the first 32GB address space. The Java Heap base address is the
#     maximum limit for the native heap growth. Please use -XX:HeapBaseMinAddress
#     to set the Java Heap base and to place the Java Heap above 32GB virtual address.
# This output file may be truncated or incomplete.
#
#  Out of Memory Error (arena.cpp:184), pid=24528, tid=27460
#
# JRE version: Java(TM) SE Runtime Environment (18.0.2.1+1) (build 18.0.2.1+1-1)
# Java VM: Java HotSpot(TM) 64-Bit Server VM (18.0.2.1+1-1, mixed mode, sharing, tiered, compressed oops, compressed class ptrs, g1 gc, windows-amd64)
# No core dump will be written. Minidumps are not enabled by default on client versions of Windows
#

---------------  S U M M A R Y ------------

Command Line: -Dclassworlds.conf=J:\.important\Documents\apache-maven-3.8.6\bin\m2.conf -Dmaven.home=J:\.important\Documents\apache-maven-3.8.6 -Dlibrary.jansi.path=J:\.important\Documents\apache-maven-3.8.6\lib\jansi-native -Dmaven.multiModuleProjectDirectory=f:\memefesrec\memefest org.codehaus.plexus.classworlds.launcher.Launcher -q help:effective-pom -Doutput=f:\memefesrec\memefest\effective-pom.xml

Host: Intel(R) Core(TM) i7-4770K CPU @ 3.50GHz, 8 cores, 15G,  Windows 11 , 64 bit Build 22000 (10.0.22000.2538)
Time: Fri Aug 29 08:20:52 2025 Volgograd Standard Time elapsed time: 2.786935 seconds (0d 0h 0m 2s)

---------------  T H R E A D  ---------------

Current thread (0x000001e49fdaac20):  JavaThread "C2 CompilerThread0" daemon [_thread_in_native, id=27460, stack(0x0000001d1f200000,0x0000001d1f300000)]


Current CompileTask:
C2:   2787 2303       4       sun.util.locale.LocaleUtils::toLowerString (95 bytes)

Stack: [0x0000001d1f200000,0x0000001d1f300000]
Native frames: (J=compiled Java code, j=interpreted, Vv=VM code, C=native code)
V  [jvm.dll+0x6993aa]
V  [jvm.dll+0x7f46dd]
V  [jvm.dll+0x7f5fee]
V  [jvm.dll+0x7f66a3]
V  [jvm.dll+0x25cf1f]
V  [jvm.dll+0xb8c2f]
V  [jvm.dll+0xb8fa5]
V  [jvm.dll+0x3860cb]
V  [jvm.dll+0x34fe71]
V  [jvm.dll+0x34f30a]
V  [jvm.dll+0x230101]
V  [jvm.dll+0x22f4d1]
V  [jvm.dll+0x1ba01c]
V  [jvm.dll+0x23ee0a]
V  [jvm.dll+0x23d0f5]
V  [jvm.dll+0x7a6dd1]
V  [jvm.dll+0x7a120a]
V  [jvm.dll+0x698255]
C  [ucrtbase.dll+0x26c0c]
C  [KERNEL32.DLL+0x153e0]
C  [ntdll.dll+0x485b]


---------------  P R O C E S S  ---------------

Threads class SMR info:
_java_thread_list=0x000001e4b0d123d0, length=12, elements={
0x000001e4890153e0, 0x000001e49fd8f810, 0x000001e49fd921c0, 0x000001e49fda2240,
0x000001e49fda2be0, 0x000001e49fda3580, 0x000001e49fda5f30, 0x000001e49fdaac20,
0x000001e49fdc16c0, 0x000001e49fdd9c00, 0x000001e4abf69890, 0x000001e4abf6b7a0
}

Java Threads: ( => current thread )
  0x000001e4890153e0 JavaThread "main" [_thread_in_vm, id=6732, stack(0x0000001d1e500000,0x0000001d1e600000)]
  0x000001e49fd8f810 JavaThread "Reference Handler" daemon [_thread_blocked, id=14900, stack(0x0000001d1ec00000,0x0000001d1ed00000)]
  0x000001e49fd921c0 JavaThread "Finalizer" daemon [_thread_blocked, id=22792, stack(0x0000001d1ed00000,0x0000001d1ee00000)]
  0x000001e49fda2240 JavaThread "Signal Dispatcher" daemon [_thread_blocked, id=17816, stack(0x0000001d1ee00000,0x0000001d1ef00000)]
  0x000001e49fda2be0 JavaThread "Attach Listener" daemon [_thread_blocked, id=1956, stack(0x0000001d1ef00000,0x0000001d1f000000)]
  0x000001e49fda3580 JavaThread "Service Thread" daemon [_thread_blocked, id=6532, stack(0x0000001d1f000000,0x0000001d1f100000)]
  0x000001e49fda5f30 JavaThread "Monitor Deflation Thread" daemon [_thread_blocked, id=21612, stack(0x0000001d1f100000,0x0000001d1f200000)]
=>0x000001e49fdaac20 JavaThread "C2 CompilerThread0" daemon [_thread_in_native, id=27460, stack(0x0000001d1f200000,0x0000001d1f300000)]
  0x000001e49fdc16c0 JavaThread "C1 CompilerThread0" daemon [_thread_blocked, id=8320, stack(0x0000001d1f300000,0x0000001d1f400000)]
  0x000001e49fdd9c00 JavaThread "Sweeper thread" daemon [_thread_blocked, id=10116, stack(0x0000001d1f400000,0x0000001d1f500000)]
  0x000001e4abf69890 JavaThread "Notification Thread" daemon [_thread_blocked, id=2884, stack(0x0000001d1f500000,0x0000001d1f600000)]
  0x000001e4abf6b7a0 JavaThread "Common-Cleaner" daemon [_thread_blocked, id=1336, stack(0x0000001d1f700000,0x0000001d1f800000)]

Other Threads:
  0x000001e49fc53a90 VMThread "VM Thread" [stack: 0x0000001d1eb00000,0x0000001d1ec00000] [id=18772]
  0x000001e4abf69d50 WatcherThread "VM Periodic Task Thread" [stack: 0x0000001d1f600000,0x0000001d1f700000] [id=22228]
  0x000001e49fc30940 WorkerThread "GC Thread#0" [stack: 0x0000001d1e600000,0x0000001d1e700000] [id=8296]
  0x000001e4b06dcbf0 WorkerThread "GC Thread#1" [stack: 0x0000001d1fa00000,0x0000001d1fb00000] [id=10432]
  0x000001e4ac015050 WorkerThread "GC Thread#2" [stack: 0x0000001d1fb00000,0x0000001d1fc00000] [id=5548]
  0x000001e4b0e36ca0 WorkerThread "GC Thread#3" [stack: 0x0000001d1fc00000,0x0000001d1fd00000] [id=17300]
  0x000001e4b0ca7a90 WorkerThread "GC Thread#4" [stack: 0x0000001d1fd00000,0x0000001d1fe00000] [id=7472]
  0x000001e4b0d15260 WorkerThread "GC Thread#5" [stack: 0x0000001d1fe00000,0x0000001d1ff00000] [id=8140]
  0x000001e4b05ca100 WorkerThread "GC Thread#6" [stack: 0x0000001d1ff00000,0x0000001d20000000] [id=19984]
  0x000001e4b100b800 WorkerThread "GC Thread#7" [stack: 0x0000001d1f900000,0x0000001d1fa00000] [id=26368]
  0x000001e49fc38fd0 ConcurrentGCThread "G1 Main Marker" [stack: 0x0000001d1e700000,0x0000001d1e800000] [id=13676]
  0x000001e49fc3a060 WorkerThread "G1 Conc#0" [stack: 0x0000001d1e800000,0x0000001d1e900000] [id=4224]
  0x000001e49fcc0110 ConcurrentGCThread "G1 Refine#0" [stack: 0x0000001d1e900000,0x0000001d1ea00000] [id=25156]
  0x000001e49fcc18d0 ConcurrentGCThread "G1 Service" [stack: 0x0000001d1ea00000,0x0000001d1eb00000] [id=18488]

Threads with active compile tasks:
C2 CompilerThread0     2840 2303       4       sun.util.locale.LocaleUtils::toLowerString (95 bytes)

VM state: not at safepoint (normal execution)

VM Mutex/Monitor currently owned by a thread:  ([mutex/lock_event])
[0x000001e48900f160] Metaspace_lock - owner thread: 0x000001e4890153e0

Heap address: 0x0000000701800000, size: 4072 MB, Compressed Oops mode: Zero based, Oop shift amount: 3

CDS archive(s) mapped at: [0x0000000800000000-0x0000000800ba0000-0x0000000800ba0000), size 12189696, SharedBaseAddress: 0x0000000800000000, ArchiveRelocationMode: 0.
Compressed class space mapped at: 0x0000000800c00000-0x0000000840c00000, reserved size: 1073741824
Narrow klass base: 0x0000000800000000, Narrow klass shift: 0, Narrow klass range: 0x100000000

GC Precious Log:
 CardTable entry size: 512
 Card Set container configuration: InlinePtr #cards 4 size 8 Array Of Cards #cards 16 size 48 Howl #buckets 8 coarsen threshold 3686 Howl Bitmap #cards 512 size 80 coarsen threshold 460 Card regions per heap region 1 cards per card region 4096
 CPUs: 8 total, 8 available
 Memory: 16283M
 Large Page Support: Disabled
 NUMA Support: Disabled
 Compressed Oops: Enabled (Zero based)
 Heap Region Size: 2M
 Heap Min Capacity: 8M
 Heap Initial Capacity: 256M
 Heap Max Capacity: 4072M
 Pre-touch: Disabled
 Parallel Workers: 8
 Concurrent Workers: 2
 Concurrent Refinement Workers: 8
 Periodic GC: Disabled

Heap:
 garbage-first heap   total 262144K, used 8342K [0x0000000701800000, 0x0000000800000000)
  region size 2048K, 4 young (8192K), 2 survivors (4096K)
 Metaspace       used 11471K, committed 11712K, reserved 1114112K
  class space    used 1348K, committed 1472K, reserved 1048576K

Heap Regions: E=young(eden), S=young(survivor), O=old, HS=humongous(starts), HC=humongous(continues), CS=collection set, F=free, OA=open archive, CA=closed archive, TAMS=top-at-mark-start (previous, next)
|   0|0x0000000701800000, 0x0000000701a00000, 0x0000000701a00000|100%| O|  |TAMS 0x0000000701800000, 0x0000000701800000| Untracked 
|   1|0x0000000701a00000, 0x0000000701b69c00, 0x0000000701c00000| 70%| O|  |TAMS 0x0000000701a00000, 0x0000000701a00000| Untracked 
|   2|0x0000000701c00000, 0x0000000701c00000, 0x0000000701e00000|  0%| F|  |TAMS 0x0000000701c00000, 0x0000000701c00000| Untracked 
|   3|0x0000000701e00000, 0x0000000701e00000, 0x0000000702000000|  0%| F|  |TAMS 0x0000000701e00000, 0x0000000701e00000| Untracked 
|   4|0x0000000702000000, 0x0000000702000000, 0x0000000702200000|  0%| F|  |TAMS 0x0000000702000000, 0x0000000702000000| Untracked 
|   5|0x0000000702200000, 0x0000000702200000, 0x0000000702400000|  0%| F|  |TAMS 0x0000000702200000, 0x0000000702200000| Untracked 
|   6|0x0000000702400000, 0x0000000702400000, 0x0000000702600000|  0%| F|  |TAMS 0x0000000702400000, 0x0000000702400000| Untracked 
|   7|0x0000000702600000, 0x0000000702600000, 0x0000000702800000|  0%| F|  |TAMS 0x0000000702600000, 0x0000000702600000| Untracked 
|   8|0x0000000702800000, 0x0000000702800000, 0x0000000702a00000|  0%| F|  |TAMS 0x0000000702800000, 0x0000000702800000| Untracked 
|   9|0x0000000702a00000, 0x0000000702a00000, 0x0000000702c00000|  0%| F|  |TAMS 0x0000000702a00000, 0x0000000702a00000| Untracked 
|  10|0x0000000702c00000, 0x0000000702c00000, 0x0000000702e00000|  0%| F|  |TAMS 0x0000000702c00000, 0x0000000702c00000| Untracked 
|  11|0x0000000702e00000, 0x0000000702e00000, 0x0000000703000000|  0%| F|  |TAMS 0x0000000702e00000, 0x0000000702e00000| Untracked 
|  12|0x0000000703000000, 0x0000000703000000, 0x0000000703200000|  0%| F|  |TAMS 0x0000000703000000, 0x0000000703000000| Untracked 
|  13|0x0000000703200000, 0x0000000703200000, 0x0000000703400000|  0%| F|  |TAMS 0x0000000703200000, 0x0000000703200000| Untracked 
|  14|0x0000000703400000, 0x0000000703400000, 0x0000000703600000|  0%| F|  |TAMS 0x0000000703400000, 0x0000000703400000| Untracked 
|  15|0x0000000703600000, 0x0000000703600000, 0x0000000703800000|  0%| F|  |TAMS 0x0000000703600000, 0x0000000703600000| Untracked 
|  16|0x0000000703800000, 0x0000000703800000, 0x0000000703a00000|  0%| F|  |TAMS 0x0000000703800000, 0x0000000703800000| Untracked 
|  17|0x0000000703a00000, 0x0000000703a00000, 0x0000000703c00000|  0%| F|  |TAMS 0x0000000703a00000, 0x0000000703a00000| Untracked 
|  18|0x0000000703c00000, 0x0000000703c00000, 0x0000000703e00000|  0%| F|  |TAMS 0x0000000703c00000, 0x0000000703c00000| Untracked 
|  19|0x0000000703e00000, 0x0000000703e00000, 0x0000000704000000|  0%| F|  |TAMS 0x0000000703e00000, 0x0000000703e00000| Untracked 
|  20|0x0000000704000000, 0x0000000704000000, 0x0000000704200000|  0%| F|  |TAMS 0x0000000704000000, 0x0000000704000000| Untracked 
|  21|0x0000000704200000, 0x0000000704200000, 0x0000000704400000|  0%| F|  |TAMS 0x0000000704200000, 0x0000000704200000| Untracked 
|  22|0x0000000704400000, 0x0000000704400000, 0x0000000704600000|  0%| F|  |TAMS 0x0000000704400000, 0x0000000704400000| Untracked 
|  23|0x0000000704600000, 0x0000000704600000, 0x0000000704800000|  0%| F|  |TAMS 0x0000000704600000, 0x0000000704600000| Untracked 
|  24|0x0000000704800000, 0x0000000704800000, 0x0000000704a00000|  0%| F|  |TAMS 0x0000000704800000, 0x0000000704800000| Untracked 
|  25|0x0000000704a00000, 0x0000000704a00000, 0x0000000704c00000|  0%| F|  |TAMS 0x0000000704a00000, 0x0000000704a00000| Untracked 
|  26|0x0000000704c00000, 0x0000000704c00000, 0x0000000704e00000|  0%| F|  |TAMS 0x0000000704c00000, 0x0000000704c00000| Untracked 
|  27|0x0000000704e00000, 0x0000000704e00000, 0x0000000705000000|  0%| F|  |TAMS 0x0000000704e00000, 0x0000000704e00000| Untracked 
|  28|0x0000000705000000, 0x0000000705000000, 0x0000000705200000|  0%| F|  |TAMS 0x0000000705000000, 0x0000000705000000| Untracked 
|  29|0x0000000705200000, 0x0000000705200000, 0x0000000705400000|  0%| F|  |TAMS 0x0000000705200000, 0x0000000705200000| Untracked 
|  30|0x0000000705400000, 0x0000000705400000, 0x0000000705600000|  0%| F|  |TAMS 0x0000000705400000, 0x0000000705400000| Untracked 
|  31|0x0000000705600000, 0x0000000705600000, 0x0000000705800000|  0%| F|  |TAMS 0x0000000705600000, 0x0000000705600000| Untracked 
|  32|0x0000000705800000, 0x0000000705800000, 0x0000000705a00000|  0%| F|  |TAMS 0x0000000705800000, 0x0000000705800000| Untracked 
|  33|0x0000000705a00000, 0x0000000705a00000, 0x0000000705c00000|  0%| F|  |TAMS 0x0000000705a00000, 0x0000000705a00000| Untracked 
|  34|0x0000000705c00000, 0x0000000705c00000, 0x0000000705e00000|  0%| F|  |TAMS 0x0000000705c00000, 0x0000000705c00000| Untracked 
|  35|0x0000000705e00000, 0x0000000705e00000, 0x0000000706000000|  0%| F|  |TAMS 0x0000000705e00000, 0x0000000705e00000| Untracked 
|  36|0x0000000706000000, 0x0000000706000000, 0x0000000706200000|  0%| F|  |TAMS 0x0000000706000000, 0x0000000706000000| Untracked 
|  37|0x0000000706200000, 0x0000000706200000, 0x0000000706400000|  0%| F|  |TAMS 0x0000000706200000, 0x0000000706200000| Untracked 
|  38|0x0000000706400000, 0x0000000706400000, 0x0000000706600000|  0%| F|  |TAMS 0x0000000706400000, 0x0000000706400000| Untracked 
|  39|0x0000000706600000, 0x0000000706600000, 0x0000000706800000|  0%| F|  |TAMS 0x0000000706600000, 0x0000000706600000| Untracked 
|  40|0x0000000706800000, 0x0000000706800000, 0x0000000706a00000|  0%| F|  |TAMS 0x0000000706800000, 0x0000000706800000| Untracked 
|  41|0x0000000706a00000, 0x0000000706a00000, 0x0000000706c00000|  0%| F|  |TAMS 0x0000000706a00000, 0x0000000706a00000| Untracked 
|  42|0x0000000706c00000, 0x0000000706c00000, 0x0000000706e00000|  0%| F|  |TAMS 0x0000000706c00000, 0x0000000706c00000| Untracked 
|  43|0x0000000706e00000, 0x0000000706e00000, 0x0000000707000000|  0%| F|  |TAMS 0x0000000706e00000, 0x0000000706e00000| Untracked 
|  44|0x0000000707000000, 0x0000000707000000, 0x0000000707200000|  0%| F|  |TAMS 0x0000000707000000, 0x0000000707000000| Untracked 
|  45|0x0000000707200000, 0x0000000707200000, 0x0000000707400000|  0%| F|  |TAMS 0x0000000707200000, 0x0000000707200000| Untracked 
|  46|0x0000000707400000, 0x0000000707400000, 0x0000000707600000|  0%| F|  |TAMS 0x0000000707400000, 0x0000000707400000| Untracked 
|  47|0x0000000707600000, 0x0000000707600000, 0x0000000707800000|  0%| F|  |TAMS 0x0000000707600000, 0x0000000707600000| Untracked 
|  48|0x0000000707800000, 0x0000000707800000, 0x0000000707a00000|  0%| F|  |TAMS 0x0000000707800000, 0x0000000707800000| Untracked 
|  49|0x0000000707a00000, 0x0000000707a00000, 0x0000000707c00000|  0%| F|  |TAMS 0x0000000707a00000, 0x0000000707a00000| Untracked 
|  50|0x0000000707c00000, 0x0000000707c00000, 0x0000000707e00000|  0%| F|  |TAMS 0x0000000707c00000, 0x0000000707c00000| Untracked 
|  51|0x0000000707e00000, 0x0000000707e00000, 0x0000000708000000|  0%| F|  |TAMS 0x0000000707e00000, 0x0000000707e00000| Untracked 
|  52|0x0000000708000000, 0x0000000708000000, 0x0000000708200000|  0%| F|  |TAMS 0x0000000708000000, 0x0000000708000000| Untracked 
|  53|0x0000000708200000, 0x0000000708200000, 0x0000000708400000|  0%| F|  |TAMS 0x0000000708200000, 0x0000000708200000| Untracked 
|  54|0x0000000708400000, 0x0000000708400000, 0x0000000708600000|  0%| F|  |TAMS 0x0000000708400000, 0x0000000708400000| Untracked 
|  55|0x0000000708600000, 0x0000000708600000, 0x0000000708800000|  0%| F|  |TAMS 0x0000000708600000, 0x0000000708600000| Untracked 
|  56|0x0000000708800000, 0x0000000708800000, 0x0000000708a00000|  0%| F|  |TAMS 0x0000000708800000, 0x0000000708800000| Untracked 
|  57|0x0000000708a00000, 0x0000000708a00000, 0x0000000708c00000|  0%| F|  |TAMS 0x0000000708a00000, 0x0000000708a00000| Untracked 
|  58|0x0000000708c00000, 0x0000000708c00000, 0x0000000708e00000|  0%| F|  |TAMS 0x0000000708c00000, 0x0000000708c00000| Untracked 
|  59|0x0000000708e00000, 0x0000000708e00000, 0x0000000709000000|  0%| F|  |TAMS 0x0000000708e00000, 0x0000000708e00000| Untracked 
|  60|0x0000000709000000, 0x0000000709000000, 0x0000000709200000|  0%| F|  |TAMS 0x0000000709000000, 0x0000000709000000| Untracked 
|  61|0x0000000709200000, 0x0000000709200000, 0x0000000709400000|  0%| F|  |TAMS 0x0000000709200000, 0x0000000709200000| Untracked 
|  62|0x0000000709400000, 0x0000000709400000, 0x0000000709600000|  0%| F|  |TAMS 0x0000000709400000, 0x0000000709400000| Untracked 
|  63|0x0000000709600000, 0x0000000709600000, 0x0000000709800000|  0%| F|  |TAMS 0x0000000709600000, 0x0000000709600000| Untracked 
|  64|0x0000000709800000, 0x0000000709800000, 0x0000000709a00000|  0%| F|  |TAMS 0x0000000709800000, 0x0000000709800000| Untracked 
|  65|0x0000000709a00000, 0x0000000709a00000, 0x0000000709c00000|  0%| F|  |TAMS 0x0000000709a00000, 0x0000000709a00000| Untracked 
|  66|0x0000000709c00000, 0x0000000709c00000, 0x0000000709e00000|  0%| F|  |TAMS 0x0000000709c00000, 0x0000000709c00000| Untracked 
|  67|0x0000000709e00000, 0x0000000709e00000, 0x000000070a000000|  0%| F|  |TAMS 0x0000000709e00000, 0x0000000709e00000| Untracked 
|  68|0x000000070a000000, 0x000000070a000000, 0x000000070a200000|  0%| F|  |TAMS 0x000000070a000000, 0x000000070a000000| Untracked 
|  69|0x000000070a200000, 0x000000070a200000, 0x000000070a400000|  0%| F|  |TAMS 0x000000070a200000, 0x000000070a200000| Untracked 
|  70|0x000000070a400000, 0x000000070a400000, 0x000000070a600000|  0%| F|  |TAMS 0x000000070a400000, 0x000000070a400000| Untracked 
|  71|0x000000070a600000, 0x000000070a600000, 0x000000070a800000|  0%| F|  |TAMS 0x000000070a600000, 0x000000070a600000| Untracked 
|  72|0x000000070a800000, 0x000000070a800000, 0x000000070aa00000|  0%| F|  |TAMS 0x000000070a800000, 0x000000070a800000| Untracked 
|  73|0x000000070aa00000, 0x000000070aa00000, 0x000000070ac00000|  0%| F|  |TAMS 0x000000070aa00000, 0x000000070aa00000| Untracked 
|  74|0x000000070ac00000, 0x000000070ac00000, 0x000000070ae00000|  0%| F|  |TAMS 0x000000070ac00000, 0x000000070ac00000| Untracked 
|  75|0x000000070ae00000, 0x000000070ae00000, 0x000000070b000000|  0%| F|  |TAMS 0x000000070ae00000, 0x000000070ae00000| Untracked 
|  76|0x000000070b000000, 0x000000070b000000, 0x000000070b200000|  0%| F|  |TAMS 0x000000070b000000, 0x000000070b000000| Untracked 
|  77|0x000000070b200000, 0x000000070b200000, 0x000000070b400000|  0%| F|  |TAMS 0x000000070b200000, 0x000000070b200000| Untracked 
|  78|0x000000070b400000, 0x000000070b400000, 0x000000070b600000|  0%| F|  |TAMS 0x000000070b400000, 0x000000070b400000| Untracked 
|  79|0x000000070b600000, 0x000000070b600000, 0x000000070b800000|  0%| F|  |TAMS 0x000000070b600000, 0x000000070b600000| Untracked 
|  80|0x000000070b800000, 0x000000070b800000, 0x000000070ba00000|  0%| F|  |TAMS 0x000000070b800000, 0x000000070b800000| Untracked 
|  81|0x000000070ba00000, 0x000000070ba00000, 0x000000070bc00000|  0%| F|  |TAMS 0x000000070ba00000, 0x000000070ba00000| Untracked 
|  82|0x000000070bc00000, 0x000000070bc00000, 0x000000070be00000|  0%| F|  |TAMS 0x000000070bc00000, 0x000000070bc00000| Untracked 
|  83|0x000000070be00000, 0x000000070be00000, 0x000000070c000000|  0%| F|  |TAMS 0x000000070be00000, 0x000000070be00000| Untracked 
|  84|0x000000070c000000, 0x000000070c000000, 0x000000070c200000|  0%| F|  |TAMS 0x000000070c000000, 0x000000070c000000| Untracked 
|  85|0x000000070c200000, 0x000000070c200000, 0x000000070c400000|  0%| F|  |TAMS 0x000000070c200000, 0x000000070c200000| Untracked 
|  86|0x000000070c400000, 0x000000070c400000, 0x000000070c600000|  0%| F|  |TAMS 0x000000070c400000, 0x000000070c400000| Untracked 
|  87|0x000000070c600000, 0x000000070c600000, 0x000000070c800000|  0%| F|  |TAMS 0x000000070c600000, 0x000000070c600000| Untracked 
|  88|0x000000070c800000, 0x000000070c800000, 0x000000070ca00000|  0%| F|  |TAMS 0x000000070c800000, 0x000000070c800000| Untracked 
|  89|0x000000070ca00000, 0x000000070ca00000, 0x000000070cc00000|  0%| F|  |TAMS 0x000000070ca00000, 0x000000070ca00000| Untracked 
|  90|0x000000070cc00000, 0x000000070cc00000, 0x000000070ce00000|  0%| F|  |TAMS 0x000000070cc00000, 0x000000070cc00000| Untracked 
|  91|0x000000070ce00000, 0x000000070ce00000, 0x000000070d000000|  0%| F|  |TAMS 0x000000070ce00000, 0x000000070ce00000| Untracked 
|  92|0x000000070d000000, 0x000000070d000000, 0x000000070d200000|  0%| F|  |TAMS 0x000000070d000000, 0x000000070d000000| Untracked 
|  93|0x000000070d200000, 0x000000070d200000, 0x000000070d400000|  0%| F|  |TAMS 0x000000070d200000, 0x000000070d200000| Untracked 
|  94|0x000000070d400000, 0x000000070d400000, 0x000000070d600000|  0%| F|  |TAMS 0x000000070d400000, 0x000000070d400000| Untracked 
|  95|0x000000070d600000, 0x000000070d600000, 0x000000070d800000|  0%| F|  |TAMS 0x000000070d600000, 0x000000070d600000| Untracked 
|  96|0x000000070d800000, 0x000000070d800000, 0x000000070da00000|  0%| F|  |TAMS 0x000000070d800000, 0x000000070d800000| Untracked 
|  97|0x000000070da00000, 0x000000070da00000, 0x000000070dc00000|  0%| F|  |TAMS 0x000000070da00000, 0x000000070da00000| Untracked 
|  98|0x000000070dc00000, 0x000000070dc00000, 0x000000070de00000|  0%| F|  |TAMS 0x000000070dc00000, 0x000000070dc00000| Untracked 
|  99|0x000000070de00000, 0x000000070de00000, 0x000000070e000000|  0%| F|  |TAMS 0x000000070de00000, 0x000000070de00000| Untracked 
| 100|0x000000070e000000, 0x000000070e000000, 0x000000070e200000|  0%| F|  |TAMS 0x000000070e000000, 0x000000070e000000| Untracked 
| 101|0x000000070e200000, 0x000000070e200000, 0x000000070e400000|  0%| F|  |TAMS 0x000000070e200000, 0x000000070e200000| Untracked 
| 102|0x000000070e400000, 0x000000070e400000, 0x000000070e600000|  0%| F|  |TAMS 0x000000070e400000, 0x000000070e400000| Untracked 
| 103|0x000000070e600000, 0x000000070e600000, 0x000000070e800000|  0%| F|  |TAMS 0x000000070e600000, 0x000000070e600000| Untracked 
| 104|0x000000070e800000, 0x000000070e800000, 0x000000070ea00000|  0%| F|  |TAMS 0x000000070e800000, 0x000000070e800000| Untracked 
| 105|0x000000070ea00000, 0x000000070ea00000, 0x000000070ec00000|  0%| F|  |TAMS 0x000000070ea00000, 0x000000070ea00000| Untracked 
| 106|0x000000070ec00000, 0x000000070ec00000, 0x000000070ee00000|  0%| F|  |TAMS 0x000000070ec00000, 0x000000070ec00000| Untracked 
| 107|0x000000070ee00000, 0x000000070ee00000, 0x000000070f000000|  0%| F|  |TAMS 0x000000070ee00000, 0x000000070ee00000| Untracked 
| 108|0x000000070f000000, 0x000000070f000000, 0x000000070f200000|  0%| F|  |TAMS 0x000000070f000000, 0x000000070f000000| Untracked 
| 109|0x000000070f200000, 0x000000070f2bbf40, 0x000000070f400000| 36%| S|CS|TAMS 0x000000070f200000, 0x000000070f200000| Complete 
| 110|0x000000070f400000, 0x000000070f600000, 0x000000070f600000|100%| S|CS|TAMS 0x000000070f400000, 0x000000070f400000| Complete 
| 111|0x000000070f600000, 0x000000070f600000, 0x000000070f800000|  0%| F|  |TAMS 0x000000070f600000, 0x000000070f600000| Untracked 
| 112|0x000000070f800000, 0x000000070f800000, 0x000000070fa00000|  0%| F|  |TAMS 0x000000070f800000, 0x000000070f800000| Untracked 
| 113|0x000000070fa00000, 0x000000070fa00000, 0x000000070fc00000|  0%| F|  |TAMS 0x000000070fa00000, 0x000000070fa00000| Untracked 
| 114|0x000000070fc00000, 0x000000070fc00000, 0x000000070fe00000|  0%| F|  |TAMS 0x000000070fc00000, 0x000000070fc00000| Untracked 
| 115|0x000000070fe00000, 0x000000070fe00000, 0x0000000710000000|  0%| F|  |TAMS 0x000000070fe00000, 0x000000070fe00000| Untracked 
| 116|0x0000000710000000, 0x0000000710000000, 0x0000000710200000|  0%| F|  |TAMS 0x0000000710000000, 0x0000000710000000| Untracked 
| 117|0x0000000710200000, 0x0000000710200000, 0x0000000710400000|  0%| F|  |TAMS 0x0000000710200000, 0x0000000710200000| Untracked 
| 118|0x0000000710400000, 0x0000000710400000, 0x0000000710600000|  0%| F|  |TAMS 0x0000000710400000, 0x0000000710400000| Untracked 
| 119|0x0000000710600000, 0x0000000710600000, 0x0000000710800000|  0%| F|  |TAMS 0x0000000710600000, 0x0000000710600000| Untracked 
| 120|0x0000000710800000, 0x0000000710800000, 0x0000000710a00000|  0%| F|  |TAMS 0x0000000710800000, 0x0000000710800000| Untracked 
| 121|0x0000000710a00000, 0x0000000710a00000, 0x0000000710c00000|  0%| F|  |TAMS 0x0000000710a00000, 0x0000000710a00000| Untracked 
| 122|0x0000000710c00000, 0x0000000710c00000, 0x0000000710e00000|  0%| F|  |TAMS 0x0000000710c00000, 0x0000000710c00000| Untracked 
| 123|0x0000000710e00000, 0x0000000710e00000, 0x0000000711000000|  0%| F|  |TAMS 0x0000000710e00000, 0x0000000710e00000| Untracked 
| 124|0x0000000711000000, 0x0000000711000000, 0x0000000711200000|  0%| F|  |TAMS 0x0000000711000000, 0x0000000711000000| Untracked 
| 125|0x0000000711200000, 0x0000000711200000, 0x0000000711400000|  0%| F|  |TAMS 0x0000000711200000, 0x0000000711200000| Untracked 
| 126|0x0000000711400000, 0x00000007115c7510, 0x0000000711600000| 88%| E|  |TAMS 0x0000000711400000, 0x0000000711400000| Complete 
| 127|0x0000000711600000, 0x0000000711800000, 0x0000000711800000|100%| E|CS|TAMS 0x0000000711600000, 0x0000000711600000| Complete 

Card table byte_map: [0x000001e4a05f0000,0x000001e4a0df0000] _byte_map_base: 0x000001e49cde4000

Marking Bits (Prev, Next): (CMBitMap*) 0x000001e489043950, (CMBitMap*) 0x000001e489043990
 Prev Bits: [0x000001e4a15f0000, 0x000001e4a5590000)
 Next Bits: [0x000001e4a5590000, 0x000001e4a9530000)

Polling page: 0x000001e4886a0000

Metaspace:

Usage:
  Non-class:      9.89 MB used.
      Class:      1.32 MB used.
       Both:     11.20 MB used.

Virtual space:
  Non-class space:       64.00 MB reserved,      10.00 MB ( 16%) committed,  1 nodes.
      Class space:        1.00 GB reserved,       1.44 MB ( <1%) committed,  1 nodes.
             Both:        1.06 GB reserved,      11.44 MB (  1%) committed. 

Chunk freelists:
   Non-Class:  560.00 KB
       Class:  2.56 MB
        Both:  3.11 MB

MaxMetaspaceSize: unlimited
CompressedClassSpaceSize: 1.00 GB
Initial GC threshold: 21.00 MB
Current GC threshold: 21.00 MB
CDS: on
MetaspaceReclaimPolicy: balanced
 - commit_granule_bytes: 65536.
 - commit_granule_words: 8192.
 - virtual_space_node_default_size: 8388608.
 - enlarge_chunks_in_place: 1.
 - new_chunks_are_fully_committed: 0.
 - uncommit_free_chunks: 1.
 - use_allocation_guard: 0.


Internal statistics:

num_allocs_failed_limit: 0.
num_arena_births: 208.
num_arena_deaths: 0.
num_vsnodes_births: 2.
num_vsnodes_deaths: 0.
num_space_committed: 183.
num_space_uncommitted: 0.
num_chunks_returned_to_freelist: 0.
num_chunks_taken_from_freelist: 575.
num_chunk_merges: 0.
num_chunk_splits: 423.
num_chunks_enlarged: 325.
num_inconsistent_stats: 0.

CodeHeap 'non-profiled nmethods': size=120000Kb used=848Kb max_used=848Kb free=119151Kb
 bounds [0x000001e498390000, 0x000001e498600000, 0x000001e49f8c0000]
CodeHeap 'profiled nmethods': size=120000Kb used=4613Kb max_used=4613Kb free=115386Kb
 bounds [0x000001e490e60000, 0x000001e4912f0000, 0x000001e498390000]
CodeHeap 'non-nmethods': size=5760Kb used=1174Kb max_used=1197Kb free=4585Kb
 bounds [0x000001e4908c0000, 0x000001e490b30000, 0x000001e490e60000]
 total_blobs=2758 nmethods=2302 adapters=368
 compilation: enabled
              stopped_count=0, restarted_count=0
 full_count=0

Compilation events (20 events):
Event: 2.754 Thread 0x000001e49fdc16c0 nmethod 2294 0x000001e4912d5b10 code [0x000001e4912d5ca0, 0x000001e4912d5de8]
Event: 2.756 Thread 0x000001e49fdaac20 2295       4       java.util.regex.Pattern$$Lambda$20/0x800000030::is (9 bytes)
Event: 2.756 Thread 0x000001e49fdc16c0 2296       1       java.util.Collections$SingletonList::size (2 bytes)
Event: 2.756 Thread 0x000001e49fdc16c0 nmethod 2296 0x000001e498463810 code [0x000001e4984639a0, 0x000001e498463a78]
Event: 2.756 Thread 0x000001e49fdc16c0 2297       3       java.util.LinkedHashMap::<init> (16 bytes)
Event: 2.757 Thread 0x000001e49fdc16c0 nmethod 2297 0x000001e4912d5e90 code [0x000001e4912d6040, 0x000001e4912d62a8]
Event: 2.759 Thread 0x000001e49fdaac20 nmethod 2295 0x000001e498463b10 code [0x000001e498463cc0, 0x000001e498463f78]
Event: 2.765 Thread 0x000001e49fdc16c0 2298       3       sun.util.locale.LocaleUtils::isEmpty (19 bytes)
Event: 2.766 Thread 0x000001e49fdc16c0 nmethod 2298 0x000001e4912d6410 code [0x000001e4912d65c0, 0x000001e4912d6808]
Event: 2.766 Thread 0x000001e49fdc16c0 2299       3       sun.util.locale.LanguageTag::parseExtensions (208 bytes)
Event: 2.768 Thread 0x000001e49fdc16c0 nmethod 2299 0x000001e4912d6910 code [0x000001e4912d6d00, 0x000001e4912d85c8]
Event: 2.770 Thread 0x000001e49fdc16c0 2300       3       sun.util.locale.LanguageTag::parsePrivateuse (144 bytes)
Event: 2.771 Thread 0x000001e49fdc16c0 nmethod 2300 0x000001e4912d8e90 code [0x000001e4912d9180, 0x000001e4912da168]
Event: 2.771 Thread 0x000001e49fdaac20 2303       4       sun.util.locale.LocaleUtils::toLowerString (95 bytes)
Event: 2.771 Thread 0x000001e49fdc16c0 2301       3       sun.util.locale.LocaleUtils::caseIgnoreMatch (73 bytes)
Event: 2.772 Thread 0x000001e49fdc16c0 nmethod 2301 0x000001e4912da690 code [0x000001e4912da960, 0x000001e4912dbb18]
Event: 2.772 Thread 0x000001e49fdc16c0 2302       3       sun.util.locale.InternalLocaleBuilder::setExtensions (206 bytes)
Event: 2.775 Thread 0x000001e49fdc16c0 nmethod 2302 0x000001e4912dc190 code [0x000001e4912dc6a0, 0x000001e4912df338]
Event: 2.775 Thread 0x000001e49fdc16c0 2304       3       sun.util.locale.BaseLocale$Key::equals (109 bytes)
Event: 2.776 Thread 0x000001e49fdc16c0 nmethod 2304 0x000001e4912e0210 code [0x000001e4912e0480, 0x000001e4912e11f8]

GC Heap History (4 events):
Event: 0.743 GC heap before
{Heap before GC invocations=0 (full 0):
 garbage-first heap   total 262144K, used 22528K [0x0000000701800000, 0x0000000800000000)
  region size 2048K, 11 young (22528K), 0 survivors (0K)
 Metaspace       used 4877K, committed 5056K, reserved 1114112K
  class space    used 566K, committed 640K, reserved 1048576K
}
Event: 0.766 GC heap after
{Heap after GC invocations=1 (full 0):
 garbage-first heap   total 262144K, used 3532K [0x0000000701800000, 0x0000000800000000)
  region size 2048K, 2 young (4096K), 2 survivors (4096K)
 Metaspace       used 4877K, committed 5056K, reserved 1114112K
  class space    used 566K, committed 640K, reserved 1048576K
}
Event: 2.454 GC heap before
{Heap before GC invocations=1 (full 0):
 garbage-first heap   total 262144K, used 34252K [0x0000000701800000, 0x0000000800000000)
  region size 2048K, 17 young (34816K), 2 survivors (4096K)
 Metaspace       used 10601K, committed 10880K, reserved 1114112K
  class space    used 1259K, committed 1408K, reserved 1048576K
}
Event: 2.462 GC heap after
{Heap after GC invocations=2 (full 0):
 garbage-first heap   total 262144K, used 6294K [0x0000000701800000, 0x0000000800000000)
  region size 2048K, 2 young (4096K), 2 survivors (4096K)
 Metaspace       used 10601K, committed 10880K, reserved 1114112K
  class space    used 1259K, committed 1408K, reserved 1048576K
}

Deoptimization events (20 events):
Event: 2.104 Thread 0x000001e4890153e0 Uncommon trap: trap_request=0xffffff45 fr.pc=0x000001e49843633c relative=0x000000000000019c
Event: 2.104 Thread 0x000001e4890153e0 Uncommon trap: reason=unstable_if action=reinterpret pc=0x000001e49843633c method=java.util.WeakHashMap.expungeStaleEntries()V @ 9 c2
Event: 2.104 Thread 0x000001e4890153e0 DEOPT PACKING pc=0x000001e49843633c sp=0x0000001d1e5fec20
Event: 2.104 Thread 0x000001e4890153e0 DEOPT UNPACKING pc=0x000001e4909123a3 sp=0x0000001d1e5febb8 mode 2
Event: 2.310 Thread 0x000001e4890153e0 Uncommon trap: trap_request=0xffffff45 fr.pc=0x000001e4983b12f4 relative=0x0000000000000254
Event: 2.310 Thread 0x000001e4890153e0 Uncommon trap: reason=unstable_if action=reinterpret pc=0x000001e4983b12f4 method=java.lang.String.startsWith(Ljava/lang/String;I)Z @ 1 c2
Event: 2.310 Thread 0x000001e4890153e0 DEOPT PACKING pc=0x000001e4983b12f4 sp=0x0000001d1e5f7de0
Event: 2.310 Thread 0x000001e4890153e0 DEOPT UNPACKING pc=0x000001e4909123a3 sp=0x0000001d1e5f7d48 mode 2
Event: 2.392 Thread 0x000001e4890153e0 Uncommon trap: trap_request=0xffffff45 fr.pc=0x000001e498450618 relative=0x0000000000001338
Event: 2.392 Thread 0x000001e4890153e0 Uncommon trap: reason=unstable_if action=reinterpret pc=0x000001e498450618 method=jdk.internal.org.objectweb.asm.Frame.execute(IILjdk/internal/org/objectweb/asm/Symbol;Ljdk/internal/org/objectweb/asm/SymbolTable;)V @ 1 c2
Event: 2.392 Thread 0x000001e4890153e0 DEOPT PACKING pc=0x000001e498450618 sp=0x0000001d1e5f9860
Event: 2.392 Thread 0x000001e4890153e0 DEOPT UNPACKING pc=0x000001e4909123a3 sp=0x0000001d1e5f97c8 mode 2
Event: 2.447 Thread 0x000001e4890153e0 Uncommon trap: trap_request=0xffffff45 fr.pc=0x000001e498459044 relative=0x00000000000002c4
Event: 2.447 Thread 0x000001e4890153e0 Uncommon trap: reason=unstable_if action=reinterpret pc=0x000001e498459044 method=org.eclipse.sisu.inject.InjectorBindings.isAssignableFrom(Lcom/google/inject/TypeLiteral;Lcom/google/inject/Binding;)Z @ 14 c2
Event: 2.447 Thread 0x000001e4890153e0 DEOPT PACKING pc=0x000001e498459044 sp=0x0000001d1e5fdc00
Event: 2.447 Thread 0x000001e4890153e0 DEOPT UNPACKING pc=0x000001e4909123a3 sp=0x0000001d1e5fdbc0 mode 2
Event: 2.487 Thread 0x000001e4890153e0 Uncommon trap: trap_request=0xffffff45 fr.pc=0x000001e4983e7350 relative=0x00000000000020b0
Event: 2.487 Thread 0x000001e4890153e0 Uncommon trap: reason=unstable_if action=reinterpret pc=0x000001e4983e7350 method=sun.nio.cs.StreamDecoder.implRead([CII)I @ 36 c2
Event: 2.487 Thread 0x000001e4890153e0 DEOPT PACKING pc=0x000001e4983e7350 sp=0x0000001d1e5fe6f0
Event: 2.487 Thread 0x000001e4890153e0 DEOPT UNPACKING pc=0x000001e4909123a3 sp=0x0000001d1e5fe5a0 mode 2

Classes loaded (20 events):
Event: 2.331 Loading class sun/security/provider/HashDrbg done
Event: 2.331 Loading class sun/security/provider/EntropySource
Event: 2.332 Loading class sun/security/provider/EntropySource done
Event: 2.559 Loading class java/lang/ProcessEnvironment$CheckedKeySet
Event: 2.559 Loading class java/lang/ProcessEnvironment$CheckedKeySet done
Event: 2.562 Loading class java/util/Stack
Event: 2.562 Loading class java/util/Stack done
Event: 2.683 Loading class java/util/ArrayList$SubList$1
Event: 2.683 Loading class java/util/ArrayList$SubList$1 done
Event: 2.689 Loading class java/util/regex/Pattern$1
Event: 2.689 Loading class java/util/regex/Pattern$1 done
Event: 2.702 Loading class java/util/regex/Pattern$Pos
Event: 2.702 Loading class java/util/regex/Pattern$Pos done
Event: 2.777 Loading class sun/util/resources/LocaleData$CommonResourceBundleProvider
Event: 2.777 Loading class sun/util/resources/LocaleData$LocaleDataResourceBundleProvider
Event: 2.777 Loading class java/util/spi/ResourceBundleProvider
Event: 2.777 Loading class java/util/spi/ResourceBundleProvider done
Event: 2.777 Loading class sun/util/resources/LocaleData$LocaleDataResourceBundleProvider done
Event: 2.777 Loading class sun/util/resources/LocaleData$CommonResourceBundleProvider done
Event: 2.778 Loading class sun/util/resources/Bundles$2

Classes unloaded (0 events):
No events

Classes redefined (0 events):
No events

Internal exceptions (20 events):
Event: 0.178 Thread 0x000001e4890153e0 Exception <a 'java/lang/NullPointerException'{0x00000007112132a0}> (0x00000007112132a0) 
thrown [s\open\src\hotspot\share\interpreter\linkResolver.cpp, line 1350]
Event: 0.180 Thread 0x000001e4890153e0 Exception <a 'java/lang/NullPointerException'{0x00000007112183f8}> (0x00000007112183f8) 
thrown [s\open\src\hotspot\share\interpreter\linkResolver.cpp, line 1350]
Event: 0.183 Thread 0x000001e4890153e0 Exception <a 'java/lang/NullPointerException'{0x000000071122cf28}> (0x000000071122cf28) 
thrown [s\open\src\hotspot\share\interpreter\linkResolver.cpp, line 1350]
Event: 0.183 Thread 0x000001e4890153e0 Exception <a 'java/lang/NullPointerException'{0x000000071122d200}> (0x000000071122d200) 
thrown [s\open\src\hotspot\share\interpreter\linkResolver.cpp, line 1350]
Event: 0.183 Thread 0x000001e4890153e0 Exception <a 'java/lang/NullPointerException'{0x000000071122d4d8}> (0x000000071122d4d8) 
thrown [s\open\src\hotspot\share\interpreter\linkResolver.cpp, line 1350]
Event: 0.183 Thread 0x000001e4890153e0 Exception <a 'java/lang/NullPointerException'{0x000000071122d7b0}> (0x000000071122d7b0) 
thrown [s\open\src\hotspot\share\interpreter\linkResolver.cpp, line 1350]
Event: 0.481 Thread 0x000001e4890153e0 Exception <a 'java/lang/NoSuchMethodError'{0x0000000710bd93e0}: 'java.lang.Object java.lang.invoke.DirectMethodHandle$Holder.newInvokeSpecial(java.lang.Object, java.lang.Object, java.lang.Object, java.lang.Object, java.lang.Object)'> (0x0000000710bd93e0) 
thrown [s\open\src\hotspot\share\interpreter\linkResolver.cpp, line 759]
Event: 0.521 Thread 0x000001e4890153e0 Exception <a 'java/lang/NoClassDefFoundError'{0x000000071092f160}: javax/enterprise/inject/Typed> (0x000000071092f160) 
thrown [s\open\src\hotspot\share\classfile\systemDictionary.cpp, line 244]
Event: 2.057 Thread 0x000001e4890153e0 Exception <a 'java/lang/NoSuchMethodError'{0x000000070fb38b40}: 'void java.lang.invoke.DirectMethodHandle$Holder.invokeSpecial(java.lang.Object, java.lang.Object, java.lang.Object)'> (0x000000070fb38b40) 
thrown [s\open\src\hotspot\share\interpreter\linkResolver.cpp, line 759]
Event: 2.066 Thread 0x000001e4890153e0 Exception <a 'java/lang/NoSuchMethodError'{0x000000070fb60b78}: 'void java.lang.invoke.Invokers$Holder.invokeExact_MT(java.lang.Object, java.lang.Object, java.lang.Object, java.lang.Object)'> (0x000000070fb60b78) 
thrown [s\open\src\hotspot\share\interpreter\linkResolver.cpp, line 759]
Event: 2.093 Thread 0x000001e4890153e0 Exception <a 'java/lang/NoClassDefFoundError'{0x000000070fbe1ec0}: com/google/inject/servlet/ServletModuleTargetVisitor> (0x000000070fbe1ec0) 
thrown [s\open\src\hotspot\share\classfile\systemDictionary.cpp, line 244]
Event: 2.143 Thread 0x000001e4890153e0 Exception <a 'java/lang/NoSuchMethodError'{0x000000070f89e9f8}: 'java.lang.Object java.lang.invoke.DirectMethodHandle$Holder.invokeStatic(java.lang.Object, java.lang.Object, int)'> (0x000000070f89e9f8) 
thrown [s\open\src\hotspot\share\interpreter\linkResolver.cpp, line 759]
Event: 2.145 Thread 0x000001e4890153e0 Exception <a 'java/lang/NoSuchMethodError'{0x000000070f8aae08}: 'void java.lang.invoke.DelegatingMethodHandle$Holder.delegate(java.lang.Object, java.lang.Object, int, java.lang.Object)'> (0x000000070f8aae08) 
thrown [s\open\src\hotspot\share\interpreter\linkResolver.cpp, line 759]
Event: 2.146 Thread 0x000001e4890153e0 Exception <a 'java/lang/NoSuchMethodError'{0x000000070f8af9d8}: 'int java.lang.invoke.DirectMethodHandle$Holder.invokeSpecial(java.lang.Object, java.lang.Object, java.lang.Object)'> (0x000000070f8af9d8) 
thrown [s\open\src\hotspot\share\interpreter\linkResolver.cpp, line 759]
Event: 2.191 Thread 0x000001e4890153e0 Exception <a 'java/lang/NoSuchMethodError'{0x000000070f93e9e0}: 'java.lang.Object java.lang.invoke.DirectMethodHandle$Holder.newInvokeSpecial(java.lang.Object, java.lang.Object, java.lang.Object, java.lang.Object, java.lang.Object, java.lang.Object, java.lang.Object)'> (0x000000070f93e9e0) 
thrown [s\open\src\hotspot\share\interpreter\linkResolver.cpp, line 759]
Event: 2.208 Thread 0x000001e4890153e0 Exception <a 'java/lang/NoSuchMethodError'{0x000000070f97d988}: 'java.lang.Object java.lang.invoke.DirectMethodHandle$Holder.newInvokeSpecial(java.lang.Object, java.lang.Object, java.lang.Object, java.lang.Object, java.lang.Object, java.lang.Object, java.lang.Object, java.lang.Object, java.lang.Object)'> (0x000000070f97d988) 
thrown [s\open\src\hotspot\share\interpreter\linkResolver.cpp, line 759]
Event: 2.210 Thread 0x000001e4890153e0 Exception <a 'java/lang/NoSuchMethodError'{0x000000070f983c98}: 'java.lang.Object java.lang.invoke.DirectMethodHandle$Holder.invokeSpecial(java.lang.Object, java.lang.Object, java.lang.Object, java.lang.Object, java.lang.Object, java.lang.Object, java.lang.Object, java.lang.Object, java.lang.Object, java.lang.Object)'> (0x000000070f983c98) 
thrown [s\open\src\hotspot\share\interpreter\linkResolver.cpp, line 759]
Event: 2.248 Thread 0x000001e4890153e0 Exception <a 'java/lang/NoSuchMethodError'{0x000000070f631200}: 'java.lang.Object java.lang.invoke.DirectMethodHandle$Holder.newInvokeSpecial(java.lang.Object, java.lang.Object, java.lang.Object, java.lang.Object, java.lang.Object, java.lang.Object, java.lang.Object, java.lang.Object, java.lang.Object, java.lang.Object, java.lang.Object, java.lang.Object)'> (0x000000070f631200) 
thrown [s\open\src\hotspot\share\interpreter\linkResolver.cpp, line 759]
Event: 2.249 Thread 0x000001e4890153e0 Exception <a 'java/lang/NoSuchMethodError'{0x000000070f637330}: 'java.lang.Object java.lang.invoke.DirectMethodHandle$Holder.invokeSpecial(java.lang.Object, java.lang.Object, java.lang.Object, java.lang.Object, java.lang.Object, java.lang.Object, java.lang.Object, java.lang.Object, java.lang.Object, java.lang.Object, java.lang.Object, java.lang.Object, java.lang.Object)'> (0x000000070f637330) 
thrown [s\open\src\hotspot\share\interpreter\linkResolver.cpp, line 759]
Event: 2.332 Thread 0x000001e4890153e0 Exception <a 'java/lang/NoSuchMethodError'{0x000000070f6dc4f0}: 'java.lang.Object java.lang.invoke.DirectMethodHandle$Holder.invokeStaticInit(java.lang.Object, int, int, int, int)'> (0x000000070f6dc4f0) 
thrown [s\open\src\hotspot\share\interpreter\linkResolver.cpp, line 759]

VM Operations (20 events):
Event: 1.942 Executing VM operation: HandshakeAllThreads
Event: 1.942 Executing VM operation: HandshakeAllThreads done
Event: 1.942 Executing VM operation: Cleanup
Event: 1.943 Executing VM operation: Cleanup done
Event: 1.945 Executing VM operation: HandshakeAllThreads
Event: 1.945 Executing VM operation: HandshakeAllThreads done
Event: 2.056 Executing VM operation: HandshakeAllThreads
Event: 2.056 Executing VM operation: HandshakeAllThreads done
Event: 2.142 Executing VM operation: HandshakeAllThreads
Event: 2.142 Executing VM operation: HandshakeAllThreads done
Event: 2.306 Executing VM operation: HandshakeAllThreads
Event: 2.306 Executing VM operation: HandshakeAllThreads done
Event: 2.354 Executing VM operation: ICBufferFull
Event: 2.355 Executing VM operation: ICBufferFull done
Event: 2.381 Executing VM operation: HandshakeAllThreads
Event: 2.381 Executing VM operation: HandshakeAllThreads done
Event: 2.454 Executing VM operation: G1CollectForAllocation
Event: 2.463 Executing VM operation: G1CollectForAllocation done
Event: 2.498 Executing VM operation: HandshakeAllThreads
Event: 2.498 Executing VM operation: HandshakeAllThreads done

Events (20 events):
Event: 0.032 Thread 0x000001e49fda2be0 Thread added: 0x000001e49fda2be0
Event: 0.032 Thread 0x000001e49fda3580 Thread added: 0x000001e49fda3580
Event: 0.032 Thread 0x000001e49fda5f30 Thread added: 0x000001e49fda5f30
Event: 0.032 Thread 0x000001e49fdaac20 Thread added: 0x000001e49fdaac20
Event: 0.032 Thread 0x000001e49fdc16c0 Thread added: 0x000001e49fdc16c0
Event: 0.033 Thread 0x000001e49fdd9c00 Thread added: 0x000001e49fdd9c00
Event: 0.050 Thread 0x000001e4abf69890 Thread added: 0x000001e4abf69890
Event: 0.052 Thread 0x000001e4abf6b7a0 Thread added: 0x000001e4abf6b7a0
Event: 0.056 Loaded shared library C:\Program Files\Java\jdk-18.0.2.1\bin\net.dll
Event: 0.058 Loaded shared library C:\Program Files\Java\jdk-18.0.2.1\bin\nio.dll
Event: 0.063 Loaded shared library C:\Program Files\Java\jdk-18.0.2.1\bin\zip.dll
Event: 0.165 Loaded shared library C:\Program Files\Java\jdk-18.0.2.1\bin\jimage.dll
Event: 0.177 Loaded shared library J:\.important\Documents\apache-maven-3.8.6\lib\jansi-native\Windows\x86_64\jansi.dll
Event: 0.188 Loaded shared library C:\Program Files\Java\jdk-18.0.2.1\bin\verify.dll
Event: 0.540 Thread 0x000001e4b0b141c0 Thread added: 0x000001e4b0b141c0
Event: 0.553 Thread 0x000001e4b0764960 Thread added: 0x000001e4b0764960
Event: 1.704 Thread 0x000001e4b0764960 Thread exited: 0x000001e4b0764960
Event: 1.926 Thread 0x000001e4b0b141c0 Thread exited: 0x000001e4b0b141c0
Event: 2.248 Thread 0x000001e4b0fca430 Thread added: 0x000001e4b0fca430
Event: 2.688 Thread 0x000001e4b0fca430 Thread exited: 0x000001e4b0fca430


Dynamic libraries:
0x00007ff6ec040000 - 0x00007ff6ec050000 	C:\Program Files\Java\jdk-18.0.2.1\bin\java.exe
0x00007ffc40800000 - 0x00007ffc40a09000 	C:\WINDOWS\SYSTEM32\ntdll.dll
0x00007ffc3f5b0000 - 0x00007ffc3f66d000 	C:\WINDOWS\System32\KERNEL32.DLL
0x00007ffc3dfe0000 - 0x00007ffc3e364000 	C:\WINDOWS\System32\KERNELBASE.dll
0x00007ffc3dec0000 - 0x00007ffc3dfd1000 	C:\WINDOWS\System32\ucrtbase.dll
0x00007ffbf45d0000 - 0x00007ffbf45ea000 	C:\Program Files\Java\jdk-18.0.2.1\bin\VCRUNTIME140.dll
0x00007ffbf45f0000 - 0x00007ffbf4608000 	C:\Program Files\Java\jdk-18.0.2.1\bin\jli.dll
0x00007ffc3e840000 - 0x00007ffc3e8ee000 	C:\WINDOWS\System32\ADVAPI32.dll
0x00007ffc3fe50000 - 0x00007ffc3fef3000 	C:\WINDOWS\System32\msvcrt.dll
0x00007ffc406b0000 - 0x00007ffc4074e000 	C:\WINDOWS\System32\sechost.dll
0x00007ffc3ea50000 - 0x00007ffc3eb71000 	C:\WINDOWS\System32\RPCRT4.dll
0x00007ffc3f400000 - 0x00007ffc3f5ad000 	C:\WINDOWS\System32\USER32.dll
0x00007ffc3e370000 - 0x00007ffc3e396000 	C:\WINDOWS\System32\win32u.dll
0x00007ffc401d0000 - 0x00007ffc401fa000 	C:\WINDOWS\System32\GDI32.dll
0x00007ffc32500000 - 0x00007ffc327a5000 	C:\WINDOWS\WinSxS\amd64_microsoft.windows.common-controls_6595b64144ccf1df_6.0.22000.120_none_9d947278b86cc467\COMCTL32.dll
0x00007ffc3dd00000 - 0x00007ffc3de1e000 	C:\WINDOWS\System32\gdi32full.dll
0x00007ffc3de20000 - 0x00007ffc3debd000 	C:\WINDOWS\System32\msvcp_win.dll
0x00007ffc3d640000 - 0x00007ffc3d64a000 	C:\WINDOWS\SYSTEM32\VERSION.dll
0x00007ffc3ff70000 - 0x00007ffc3ffa1000 	C:\WINDOWS\System32\IMM32.DLL
0x00007ffc3d650000 - 0x00007ffc3d747000 	C:\Windows\system32\guard64.dll
0x00007ffc3f150000 - 0x00007ffc3f2ea000 	C:\WINDOWS\System32\ole32.dll
0x00007ffc40250000 - 0x00007ffc405c6000 	C:\WINDOWS\System32\combase.dll
0x00007ffc3d630000 - 0x00007ffc3d63b000 	C:\WINDOWS\system32\fltlib.dll
0x00007ffc3f670000 - 0x00007ffc3fe35000 	C:\WINDOWS\System32\shell32.dll
0x00007ffbf45c0000 - 0x00007ffbf45cc000 	C:\Program Files\Java\jdk-18.0.2.1\bin\vcruntime140_1.dll
0x00007ffbcb460000 - 0x00007ffbcb4ed000 	C:\Program Files\Java\jdk-18.0.2.1\bin\msvcp140.dll
0x00007ffbb9360000 - 0x00007ffbb9f71000 	C:\Program Files\Java\jdk-18.0.2.1\bin\server\jvm.dll
0x00007ffc3fe40000 - 0x00007ffc3fe48000 	C:\WINDOWS\System32\PSAPI.DLL
0x00007ffc06a80000 - 0x00007ffc06a89000 	C:\WINDOWS\SYSTEM32\WSOCK32.dll
0x00007ffc3e8f0000 - 0x00007ffc3e95f000 	C:\WINDOWS\System32\WS2_32.dll
0x00007ffc33c20000 - 0x00007ffc33c53000 	C:\WINDOWS\SYSTEM32\WINMM.dll
0x00007ffc3cb40000 - 0x00007ffc3cb58000 	C:\WINDOWS\SYSTEM32\kernel.appcore.dll
0x00007ffbf4420000 - 0x00007ffbf442a000 	C:\Program Files\Java\jdk-18.0.2.1\bin\jimage.dll
0x00007ffc3b840000 - 0x00007ffc3ba61000 	C:\WINDOWS\SYSTEM32\DBGHELP.DLL
0x00007ffc20440000 - 0x00007ffc20471000 	C:\WINDOWS\SYSTEM32\dbgcore.DLL
0x00007ffc3e3a0000 - 0x00007ffc3e41f000 	C:\WINDOWS\System32\bcryptPrimitives.dll
0x00007ffbd4280000 - 0x00007ffbd42a5000 	C:\Program Files\Java\jdk-18.0.2.1\bin\java.dll
0x00007ffbc3fc0000 - 0x00007ffbc4096000 	C:\Program Files\Java\jdk-18.0.2.1\bin\jsvml.dll
0x00007ffc3bc00000 - 0x00007ffc3c462000 	C:\WINDOWS\SYSTEM32\windows.storage.dll
0x00007ffc3ba90000 - 0x00007ffc3bbf7000 	C:\WINDOWS\SYSTEM32\wintypes.dll
0x00007ffc3eb80000 - 0x00007ffc3ec6a000 	C:\WINDOWS\System32\SHCORE.dll
0x00007ffc3ffb0000 - 0x00007ffc4000d000 	C:\WINDOWS\System32\shlwapi.dll
0x00007ffc3dbc0000 - 0x00007ffc3dbe5000 	C:\WINDOWS\SYSTEM32\profapi.dll
0x00007ffbd5c80000 - 0x00007ffbd5c93000 	C:\Program Files\Java\jdk-18.0.2.1\bin\net.dll
0x00007ffc37fe0000 - 0x00007ffc380f4000 	C:\WINDOWS\SYSTEM32\WINHTTP.dll
0x00007ffc3d040000 - 0x00007ffc3d0a7000 	C:\WINDOWS\system32\mswsock.dll
0x00007ffbd3740000 - 0x00007ffbd3756000 	C:\Program Files\Java\jdk-18.0.2.1\bin\nio.dll
0x00007ffbd3720000 - 0x00007ffbd3738000 	C:\Program Files\Java\jdk-18.0.2.1\bin\zip.dll
0x0000000069ac0000 - 0x0000000069ae4000 	J:\.important\Documents\apache-maven-3.8.6\lib\jansi-native\Windows\x86_64\jansi.dll
0x00007ffbf03f0000 - 0x00007ffbf0400000 	C:\Program Files\Java\jdk-18.0.2.1\bin\verify.dll

dbghelp: loaded successfully - version: 4.0.5 - missing functions: none
symbol engine: initialized successfully - sym options: 0x614 - pdb path: .;C:\Program Files\Java\jdk-18.0.2.1\bin;C:\WINDOWS\SYSTEM32;C:\WINDOWS\WinSxS\amd64_microsoft.windows.common-controls_6595b64144ccf1df_6.0.22000.120_none_9d947278b86cc467;C:\Program Files\Java\jdk-18.0.2.1\bin\server;J:\.important\Documents\apache-maven-3.8.6\lib\jansi-native\Windows\x86_64

VM Arguments:
jvm_args: -Dclassworlds.conf=J:\.important\Documents\apache-maven-3.8.6\bin\m2.conf -Dmaven.home=J:\.important\Documents\apache-maven-3.8.6 -Dlibrary.jansi.path=J:\.important\Documents\apache-maven-3.8.6\lib\jansi-native -Dmaven.multiModuleProjectDirectory=f:\memefesrec\memefest 
java_command: org.codehaus.plexus.classworlds.launcher.Launcher -q help:effective-pom -Doutput=f:\memefesrec\memefest\effective-pom.xml
java_class_path (initial): J:\.important\Documents\apache-maven-3.8.6\boot\plexus-classworlds-2.6.0.jar
Launcher Type: SUN_STANDARD

[Global flags]
     intx CICompilerCount                          = 4                                         {product} {ergonomic}
     uint ConcGCThreads                            = 2                                         {product} {ergonomic}
     uint G1ConcRefinementThreads                  = 8                                         {product} {ergonomic}
   size_t G1HeapRegionSize                         = 2097152                                   {product} {ergonomic}
    uintx GCDrainStackTargetSize                   = 64                                        {product} {ergonomic}
   size_t InitialHeapSize                          = 268435456                                 {product} {ergonomic}
   size_t MarkStackSize                            = 4194304                                   {product} {ergonomic}
   size_t MaxHeapSize                              = 4269801472                                {product} {ergonomic}
   size_t MaxNewSize                               = 2560622592                                {product} {ergonomic}
   size_t MinHeapDeltaBytes                        = 2097152                                   {product} {ergonomic}
   size_t MinHeapSize                              = 8388608                                   {product} {ergonomic}
    uintx NonNMethodCodeHeapSize                   = 5839372                                {pd product} {ergonomic}
    uintx NonProfiledCodeHeapSize                  = 122909434                              {pd product} {ergonomic}
    uintx ProfiledCodeHeapSize                     = 122909434                              {pd product} {ergonomic}
    uintx ReservedCodeCacheSize                    = 251658240                              {pd product} {ergonomic}
     bool SegmentedCodeCache                       = true                                      {product} {ergonomic}
   size_t SoftMaxHeapSize                          = 4269801472                             {manageable} {ergonomic}
     bool UseCompressedClassPointers               = true                           {product lp64_product} {ergonomic}
     bool UseCompressedOops                        = true                           {product lp64_product} {ergonomic}
     bool UseG1GC                                  = true                                      {product} {ergonomic}
     bool UseLargePagesIndividualAllocation        = false                                  {pd product} {ergonomic}

Logging:
Log output configuration:
 #0: stdout all=warning uptime,level,tags foldmultilines=false
 #1: stderr all=off uptime,level,tags foldmultilines=false

Environment Variables:
JAVA_HOME=C:\Program Files\Java\jdk-18.0.2.1
PATH=C:\Program Files\Common Files\Oracle\Java\javapath;C:\WINDOWS\system32;C:\WINDOWS;C:\WINDOWS\System32\Wbem;C:\WINDOWS\System32\WindowsPowerShell\v1.0\;C:\WINDOWS\System32\OpenSSH\;J:\.important\Documents\apache-maven-3.8.6\bin;C:\Program Files\Microsoft SQL Server\Client SDK\ODBC\170\Tools\Binn\;C:\Program Files (x86)\Microsoft SQL Server\150\Tools\Binn\;C:\Program Files\Microsoft SQL Server\150\Tools\Binn\;C:\Program Files\Microsoft SQL Server\150\DTS\Binn\;C:\Program Files (x86)\Microsoft SQL Server\160\DTS\Binn\;C:\Users\hyper\Downloads\curl-8.10.1_2-win64-mingw\curl-8.10.1_2-win64-mingw\bin;C:\C:\Program Files\Java\jdk-18.0.2.1\bin;C:\Program Files\OpenSSL-Win64\bin;C:\Program Files\dotnet\;C:\Program Files\Git\cmd;H:\;C:\Program Files (x86)\Microsoft SQL Server\160\Tools\Binn\;C:\Program Files\Microsoft SQL Server\160\Tools\Binn\;C:\Program Files\Microsoft SQL Server\160\DTS\Binn\;C:\Program Files (x86)\NVIDIA Corporation\PhysX\Common;F:\Docker\resources\bin;C:\Users\hyper\AppData\Local\Microsoft\WindowsApps;C:\Program Files\Java\jdk-18.0.2.1\bin;C:\Users\hyper\AppData\Roaming\npm;J:\Microsoft VS Code\bin
USERNAME=hyper
OS=Windows_NT
PROCESSOR_IDENTIFIER=Intel64 Family 6 Model 60 Stepping 3, GenuineIntel



---------------  S Y S T E M  ---------------

OS:
 Windows 11 , 64 bit Build 22000 (10.0.22000.2538)
OS uptime: 1 days 22:39 hours
Hyper-V role detected

CPU: total 8 (initial active 8) (4 cores per cpu, 2 threads per core) family 6 model 60 stepping 3 microcode 0x28, cx8, cmov, fxsr, ht, mmx, sse, sse2, sse3, ssse3, sse4.1, sse4.2, popcnt, lzcnt, tsc, tscinvbit, avx, avx2, aes, erms, clmul, bmi1, bmi2, fma, vzeroupper, clflush, hv

Memory: 4k page, system-wide physical 16283M (2014M free)
TotalPageFile size 36283M (AvailPageFile size 2M)
current process WorkingSet (physical memory assigned to process): 108M, peak: 108M
current process commit charge ("private bytes"): 375M, peak: 376M

vm_info: Java HotSpot(TM) 64-Bit Server VM (18.0.2.1+1-1) for windows-amd64 JRE (18.0.2.1+1-1), built on Aug 16 2022 01:46:33 by "mach5one" with MS VC++ 16.8 / 16.9 (VS2019)

END.
