#
# There is insufficient memory for the Java Runtime Environment to continue.
# Native memory allocation (malloc) failed to allocate 109840 bytes for Chunk::new
# Possible reasons:
#   The system is out of physical RAM or swap space
#   The process is running with CompressedOops enabled, and the Java Heap may be blocking the growth of the native heap
# Possible solutions:
#   Reduce memory load on the system
#   Increase physical memory or swap space
#   Check if swap backing store is full
#   Decrease Java heap size (-Xmx/-Xms)
#   Decrease number of Java threads
#   Decrease Java thread stack sizes (-Xss)
#   Set larger code cache with -XX:ReservedCodeCacheSize=
#   JVM is running with Zero Based Compressed Oops mode in which the Java heap is
#     placed in the first 32GB address space. The Java Heap base address is the
#     maximum limit for the native heap growth. Please use -XX:HeapBaseMinAddress
#     to set the Java Heap base and to place the Java Heap above 32GB virtual address.
# This output file may be truncated or incomplete.
#
#  Out of Memory Error (arena.cpp:184), pid=24124, tid=22092
#
# JRE version: Java(TM) SE Runtime Environment (18.0.2.1+1) (build 18.0.2.1+1-1)
# Java VM: Java HotSpot(TM) 64-Bit Server VM (18.0.2.1+1-1, mixed mode, sharing, tiered, compressed oops, compressed class ptrs, g1 gc, windows-amd64)
# No core dump will be written. Minidumps are not enabled by default on client versions of Windows
#

---------------  S U M M A R Y ------------

Command Line: -Dclassworlds.conf=J:\.important\Documents\apache-maven-3.8.6\bin\m2.conf -Dmaven.home=J:\.important\Documents\apache-maven-3.8.6 -Dlibrary.jansi.path=J:\.important\Documents\apache-maven-3.8.6\lib\jansi-native -Dmaven.multiModuleProjectDirectory=f:\memefesrec\memefest org.codehaus.plexus.classworlds.launcher.Launcher -q help:effective-pom -Doutput=f:\memefesrec\memefest\effective-pom.xml

Host: Intel(R) Core(TM) i7-4770K CPU @ 3.50GHz, 8 cores, 15G,  Windows 11 , 64 bit Build 22000 (10.0.22000.2538)
Time: Fri Aug 29 07:32:00 2025 Volgograd Standard Time elapsed time: 0.769245 seconds (0d 0h 0m 0s)

---------------  T H R E A D  ---------------

Current thread (0x000001d1b6009510):  JavaThread "C2 CompilerThread0" daemon [_thread_in_native, id=22092, stack(0x00000070d2e00000,0x00000070d2f00000)]


Current CompileTask:
C2:    769  964 % !   4       java.util.concurrent.ConcurrentHashMap::transfer @ 96 (849 bytes)

Stack: [0x00000070d2e00000,0x00000070d2f00000]
Native frames: (J=compiled Java code, j=interpreted, Vv=VM code, C=native code)
V  [jvm.dll+0x6993aa]
V  [jvm.dll+0x7f46dd]
V  [jvm.dll+0x7f5fee]
V  [jvm.dll+0x7f66a3]
V  [jvm.dll+0x25cf1f]
V  [jvm.dll+0xb8c2f]
V  [jvm.dll+0xb8fa5]
V  [jvm.dll+0x1327ef]
V  [jvm.dll+0x62cfa5]
V  [jvm.dll+0x62b594]
V  [jvm.dll+0x22ff78]
V  [jvm.dll+0x22f4d1]
V  [jvm.dll+0x1ba01c]
V  [jvm.dll+0x23ee0a]
V  [jvm.dll+0x23d0f5]
V  [jvm.dll+0x7a6dd1]
V  [jvm.dll+0x7a120a]
V  [jvm.dll+0x698255]
C  [ucrtbase.dll+0x26c0c]
C  [KERNEL32.DLL+0x153e0]
C  [ntdll.dll+0x485b]


---------------  P R O C E S S  ---------------

Threads class SMR info:
_java_thread_list=0x000001d1b6c3c680, length=14, elements={
0x000001d18e7e38b0, 0x000001d1a5d5b890, 0x000001d1a5d5c4f0, 0x000001d1a5d6e560,
0x000001d1b60030a0, 0x000001d1b6003a40, 0x000001d1b60043e0, 0x000001d1b6009510,
0x000001d1b6006800, 0x000001d1b6015e70, 0x000001d1b61417e0, 0x000001d1b6145340,
0x000001d1b65dd4e0, 0x000001d1b65dd9e0
}

Java Threads: ( => current thread )
  0x000001d18e7e38b0 JavaThread "main" [_thread_in_vm, id=26288, stack(0x00000070d2100000,0x00000070d2200000)]
  0x000001d1a5d5b890 JavaThread "Reference Handler" daemon [_thread_blocked, id=26552, stack(0x00000070d2800000,0x00000070d2900000)]
  0x000001d1a5d5c4f0 JavaThread "Finalizer" daemon [_thread_blocked, id=2776, stack(0x00000070d2900000,0x00000070d2a00000)]
  0x000001d1a5d6e560 JavaThread "Signal Dispatcher" daemon [_thread_blocked, id=22216, stack(0x00000070d2a00000,0x00000070d2b00000)]
  0x000001d1b60030a0 JavaThread "Attach Listener" daemon [_thread_blocked, id=23972, stack(0x00000070d2b00000,0x00000070d2c00000)]
  0x000001d1b6003a40 JavaThread "Service Thread" daemon [_thread_blocked, id=19756, stack(0x00000070d2c00000,0x00000070d2d00000)]
  0x000001d1b60043e0 JavaThread "Monitor Deflation Thread" daemon [_thread_blocked, id=12916, stack(0x00000070d2d00000,0x00000070d2e00000)]
=>0x000001d1b6009510 JavaThread "C2 CompilerThread0" daemon [_thread_in_native, id=22092, stack(0x00000070d2e00000,0x00000070d2f00000)]
  0x000001d1b6006800 JavaThread "C1 CompilerThread0" daemon [_thread_blocked, id=18280, stack(0x00000070d2f00000,0x00000070d3000000)]
  0x000001d1b6015e70 JavaThread "Sweeper thread" daemon [_thread_blocked, id=27132, stack(0x00000070d3000000,0x00000070d3100000)]
  0x000001d1b61417e0 JavaThread "Notification Thread" daemon [_thread_blocked, id=1596, stack(0x00000070d3100000,0x00000070d3200000)]
  0x000001d1b6145340 JavaThread "Common-Cleaner" daemon [_thread_blocked, id=22304, stack(0x00000070d3300000,0x00000070d3400000)]
  0x000001d1b65dd4e0 JavaThread "C2 CompilerThread1" daemon [_thread_in_native, id=24760, stack(0x00000070d3400000,0x00000070d3500000)]
  0x000001d1b65dd9e0 JavaThread "C2 CompilerThread2" daemon [_thread_blocked, id=20776, stack(0x00000070d3500000,0x00000070d3600000)]

Other Threads:
  0x000001d1a5d56ed0 VMThread "VM Thread" [stack: 0x00000070d2700000,0x00000070d2800000] [id=25380]
  0x000001d1b61450d0 WatcherThread "VM Periodic Task Thread" [stack: 0x00000070d3200000,0x00000070d3300000] [id=24456]
  0x000001d1a5bb0c80 WorkerThread "GC Thread#0" [stack: 0x00000070d2200000,0x00000070d2300000] [id=11948]
  0x000001d1b6ca2010 WorkerThread "GC Thread#1" [stack: 0x00000070d3600000,0x00000070d3700000] [id=9920]
  0x000001d1b6da3a50 WorkerThread "GC Thread#2" [stack: 0x00000070d3700000,0x00000070d3800000] [id=14312]
  0x000001d1b6da3cf0 WorkerThread "GC Thread#3" [stack: 0x00000070d3800000,0x00000070d3900000] [id=12072]
  0x000001d1b6cafa10 WorkerThread "GC Thread#4" [stack: 0x00000070d3900000,0x00000070d3a00000] [id=9764]
  0x000001d1b6cafcb0 WorkerThread "GC Thread#5" [stack: 0x00000070d3a00000,0x00000070d3b00000] [id=13808]
  0x000001d1b6694cc0 WorkerThread "GC Thread#6" [stack: 0x00000070d3b00000,0x00000070d3c00000] [id=22900]
  0x000001d18e81eb80 ConcurrentGCThread "G1 Main Marker" [stack: 0x00000070d2300000,0x00000070d2400000] [id=25548]
  0x000001d1a5bb9c70 WorkerThread "G1 Conc#0" [stack: 0x00000070d2400000,0x00000070d2500000] [id=14760]
  0x000001d1a5c0f2c0 ConcurrentGCThread "G1 Refine#0" [stack: 0x00000070d2500000,0x00000070d2600000] [id=20880]
  0x000001d1a5c0fbd0 ConcurrentGCThread "G1 Service" [stack: 0x00000070d2600000,0x00000070d2700000] [id=23156]

Threads with active compile tasks:
C2 CompilerThread0      847  964 % !   4       java.util.concurrent.ConcurrentHashMap::transfer @ 96 (849 bytes)
C2 CompilerThread1      847  948   !   4       sun.nio.cs.StreamDecoder::read0 (116 bytes)

VM state: not at safepoint (normal execution)

VM Mutex/Monitor currently owned by a thread: None

Heap address: 0x0000000701800000, size: 4072 MB, Compressed Oops mode: Zero based, Oop shift amount: 3

CDS archive(s) mapped at: [0x0000000800000000-0x0000000800ba0000-0x0000000800ba0000), size 12189696, SharedBaseAddress: 0x0000000800000000, ArchiveRelocationMode: 0.
Compressed class space mapped at: 0x0000000800c00000-0x0000000840c00000, reserved size: 1073741824
Narrow klass base: 0x0000000800000000, Narrow klass shift: 0, Narrow klass range: 0x100000000

GC Precious Log:
 CardTable entry size: 512
 Card Set container configuration: InlinePtr #cards 4 size 8 Array Of Cards #cards 16 size 48 Howl #buckets 8 coarsen threshold 3686 Howl Bitmap #cards 512 size 80 coarsen threshold 460 Card regions per heap region 1 cards per card region 4096
 CPUs: 8 total, 8 available
 Memory: 16283M
 Large Page Support: Disabled
 NUMA Support: Disabled
 Compressed Oops: Enabled (Zero based)
 Heap Region Size: 2M
 Heap Min Capacity: 8M
 Heap Initial Capacity: 256M
 Heap Max Capacity: 4072M
 Pre-touch: Disabled
 Parallel Workers: 8
 Concurrent Workers: 2
 Concurrent Refinement Workers: 8
 Periodic GC: Disabled

Heap:
 garbage-first heap   total 262144K, used 5659K [0x0000000701800000, 0x0000000800000000)
  region size 2048K, 4 young (8192K), 2 survivors (4096K)
 Metaspace       used 5274K, committed 5504K, reserved 1114112K
  class space    used 604K, committed 704K, reserved 1048576K

Heap Regions: E=young(eden), S=young(survivor), O=old, HS=humongous(starts), HC=humongous(continues), CS=collection set, F=free, OA=open archive, CA=closed archive, TAMS=top-at-mark-start (previous, next)
|   0|0x0000000701800000, 0x0000000701800000, 0x0000000701a00000|  0%| F|  |TAMS 0x0000000701800000, 0x0000000701800000| Untracked 
|   1|0x0000000701a00000, 0x0000000701a00000, 0x0000000701c00000|  0%| F|  |TAMS 0x0000000701a00000, 0x0000000701a00000| Untracked 
|   2|0x0000000701c00000, 0x0000000701c00000, 0x0000000701e00000|  0%| F|  |TAMS 0x0000000701c00000, 0x0000000701c00000| Untracked 
|   3|0x0000000701e00000, 0x0000000701e00000, 0x0000000702000000|  0%| F|  |TAMS 0x0000000701e00000, 0x0000000701e00000| Untracked 
|   4|0x0000000702000000, 0x0000000702000000, 0x0000000702200000|  0%| F|  |TAMS 0x0000000702000000, 0x0000000702000000| Untracked 
|   5|0x0000000702200000, 0x0000000702200000, 0x0000000702400000|  0%| F|  |TAMS 0x0000000702200000, 0x0000000702200000| Untracked 
|   6|0x0000000702400000, 0x0000000702400000, 0x0000000702600000|  0%| F|  |TAMS 0x0000000702400000, 0x0000000702400000| Untracked 
|   7|0x0000000702600000, 0x0000000702600000, 0x0000000702800000|  0%| F|  |TAMS 0x0000000702600000, 0x0000000702600000| Untracked 
|   8|0x0000000702800000, 0x0000000702800000, 0x0000000702a00000|  0%| F|  |TAMS 0x0000000702800000, 0x0000000702800000| Untracked 
|   9|0x0000000702a00000, 0x0000000702a00000, 0x0000000702c00000|  0%| F|  |TAMS 0x0000000702a00000, 0x0000000702a00000| Untracked 
|  10|0x0000000702c00000, 0x0000000702c00000, 0x0000000702e00000|  0%| F|  |TAMS 0x0000000702c00000, 0x0000000702c00000| Untracked 
|  11|0x0000000702e00000, 0x0000000702e00000, 0x0000000703000000|  0%| F|  |TAMS 0x0000000702e00000, 0x0000000702e00000| Untracked 
|  12|0x0000000703000000, 0x0000000703000000, 0x0000000703200000|  0%| F|  |TAMS 0x0000000703000000, 0x0000000703000000| Untracked 
|  13|0x0000000703200000, 0x0000000703200000, 0x0000000703400000|  0%| F|  |TAMS 0x0000000703200000, 0x0000000703200000| Untracked 
|  14|0x0000000703400000, 0x0000000703400000, 0x0000000703600000|  0%| F|  |TAMS 0x0000000703400000, 0x0000000703400000| Untracked 
|  15|0x0000000703600000, 0x0000000703600000, 0x0000000703800000|  0%| F|  |TAMS 0x0000000703600000, 0x0000000703600000| Untracked 
|  16|0x0000000703800000, 0x0000000703800000, 0x0000000703a00000|  0%| F|  |TAMS 0x0000000703800000, 0x0000000703800000| Untracked 
|  17|0x0000000703a00000, 0x0000000703a00000, 0x0000000703c00000|  0%| F|  |TAMS 0x0000000703a00000, 0x0000000703a00000| Untracked 
|  18|0x0000000703c00000, 0x0000000703c00000, 0x0000000703e00000|  0%| F|  |TAMS 0x0000000703c00000, 0x0000000703c00000| Untracked 
|  19|0x0000000703e00000, 0x0000000703e00000, 0x0000000704000000|  0%| F|  |TAMS 0x0000000703e00000, 0x0000000703e00000| Untracked 
|  20|0x0000000704000000, 0x0000000704000000, 0x0000000704200000|  0%| F|  |TAMS 0x0000000704000000, 0x0000000704000000| Untracked 
|  21|0x0000000704200000, 0x0000000704200000, 0x0000000704400000|  0%| F|  |TAMS 0x0000000704200000, 0x0000000704200000| Untracked 
|  22|0x0000000704400000, 0x0000000704400000, 0x0000000704600000|  0%| F|  |TAMS 0x0000000704400000, 0x0000000704400000| Untracked 
|  23|0x0000000704600000, 0x0000000704600000, 0x0000000704800000|  0%| F|  |TAMS 0x0000000704600000, 0x0000000704600000| Untracked 
|  24|0x0000000704800000, 0x0000000704800000, 0x0000000704a00000|  0%| F|  |TAMS 0x0000000704800000, 0x0000000704800000| Untracked 
|  25|0x0000000704a00000, 0x0000000704a00000, 0x0000000704c00000|  0%| F|  |TAMS 0x0000000704a00000, 0x0000000704a00000| Untracked 
|  26|0x0000000704c00000, 0x0000000704c00000, 0x0000000704e00000|  0%| F|  |TAMS 0x0000000704c00000, 0x0000000704c00000| Untracked 
|  27|0x0000000704e00000, 0x0000000704e00000, 0x0000000705000000|  0%| F|  |TAMS 0x0000000704e00000, 0x0000000704e00000| Untracked 
|  28|0x0000000705000000, 0x0000000705000000, 0x0000000705200000|  0%| F|  |TAMS 0x0000000705000000, 0x0000000705000000| Untracked 
|  29|0x0000000705200000, 0x0000000705200000, 0x0000000705400000|  0%| F|  |TAMS 0x0000000705200000, 0x0000000705200000| Untracked 
|  30|0x0000000705400000, 0x0000000705400000, 0x0000000705600000|  0%| F|  |TAMS 0x0000000705400000, 0x0000000705400000| Untracked 
|  31|0x0000000705600000, 0x0000000705600000, 0x0000000705800000|  0%| F|  |TAMS 0x0000000705600000, 0x0000000705600000| Untracked 
|  32|0x0000000705800000, 0x0000000705800000, 0x0000000705a00000|  0%| F|  |TAMS 0x0000000705800000, 0x0000000705800000| Untracked 
|  33|0x0000000705a00000, 0x0000000705a00000, 0x0000000705c00000|  0%| F|  |TAMS 0x0000000705a00000, 0x0000000705a00000| Untracked 
|  34|0x0000000705c00000, 0x0000000705c00000, 0x0000000705e00000|  0%| F|  |TAMS 0x0000000705c00000, 0x0000000705c00000| Untracked 
|  35|0x0000000705e00000, 0x0000000705e00000, 0x0000000706000000|  0%| F|  |TAMS 0x0000000705e00000, 0x0000000705e00000| Untracked 
|  36|0x0000000706000000, 0x0000000706000000, 0x0000000706200000|  0%| F|  |TAMS 0x0000000706000000, 0x0000000706000000| Untracked 
|  37|0x0000000706200000, 0x0000000706200000, 0x0000000706400000|  0%| F|  |TAMS 0x0000000706200000, 0x0000000706200000| Untracked 
|  38|0x0000000706400000, 0x0000000706400000, 0x0000000706600000|  0%| F|  |TAMS 0x0000000706400000, 0x0000000706400000| Untracked 
|  39|0x0000000706600000, 0x0000000706600000, 0x0000000706800000|  0%| F|  |TAMS 0x0000000706600000, 0x0000000706600000| Untracked 
|  40|0x0000000706800000, 0x0000000706800000, 0x0000000706a00000|  0%| F|  |TAMS 0x0000000706800000, 0x0000000706800000| Untracked 
|  41|0x0000000706a00000, 0x0000000706a00000, 0x0000000706c00000|  0%| F|  |TAMS 0x0000000706a00000, 0x0000000706a00000| Untracked 
|  42|0x0000000706c00000, 0x0000000706c00000, 0x0000000706e00000|  0%| F|  |TAMS 0x0000000706c00000, 0x0000000706c00000| Untracked 
|  43|0x0000000706e00000, 0x0000000706e00000, 0x0000000707000000|  0%| F|  |TAMS 0x0000000706e00000, 0x0000000706e00000| Untracked 
|  44|0x0000000707000000, 0x0000000707000000, 0x0000000707200000|  0%| F|  |TAMS 0x0000000707000000, 0x0000000707000000| Untracked 
|  45|0x0000000707200000, 0x0000000707200000, 0x0000000707400000|  0%| F|  |TAMS 0x0000000707200000, 0x0000000707200000| Untracked 
|  46|0x0000000707400000, 0x0000000707400000, 0x0000000707600000|  0%| F|  |TAMS 0x0000000707400000, 0x0000000707400000| Untracked 
|  47|0x0000000707600000, 0x0000000707600000, 0x0000000707800000|  0%| F|  |TAMS 0x0000000707600000, 0x0000000707600000| Untracked 
|  48|0x0000000707800000, 0x0000000707800000, 0x0000000707a00000|  0%| F|  |TAMS 0x0000000707800000, 0x0000000707800000| Untracked 
|  49|0x0000000707a00000, 0x0000000707a00000, 0x0000000707c00000|  0%| F|  |TAMS 0x0000000707a00000, 0x0000000707a00000| Untracked 
|  50|0x0000000707c00000, 0x0000000707c00000, 0x0000000707e00000|  0%| F|  |TAMS 0x0000000707c00000, 0x0000000707c00000| Untracked 
|  51|0x0000000707e00000, 0x0000000707e00000, 0x0000000708000000|  0%| F|  |TAMS 0x0000000707e00000, 0x0000000707e00000| Untracked 
|  52|0x0000000708000000, 0x0000000708000000, 0x0000000708200000|  0%| F|  |TAMS 0x0000000708000000, 0x0000000708000000| Untracked 
|  53|0x0000000708200000, 0x0000000708200000, 0x0000000708400000|  0%| F|  |TAMS 0x0000000708200000, 0x0000000708200000| Untracked 
|  54|0x0000000708400000, 0x0000000708400000, 0x0000000708600000|  0%| F|  |TAMS 0x0000000708400000, 0x0000000708400000| Untracked 
|  55|0x0000000708600000, 0x0000000708600000, 0x0000000708800000|  0%| F|  |TAMS 0x0000000708600000, 0x0000000708600000| Untracked 
|  56|0x0000000708800000, 0x0000000708800000, 0x0000000708a00000|  0%| F|  |TAMS 0x0000000708800000, 0x0000000708800000| Untracked 
|  57|0x0000000708a00000, 0x0000000708a00000, 0x0000000708c00000|  0%| F|  |TAMS 0x0000000708a00000, 0x0000000708a00000| Untracked 
|  58|0x0000000708c00000, 0x0000000708c00000, 0x0000000708e00000|  0%| F|  |TAMS 0x0000000708c00000, 0x0000000708c00000| Untracked 
|  59|0x0000000708e00000, 0x0000000708e00000, 0x0000000709000000|  0%| F|  |TAMS 0x0000000708e00000, 0x0000000708e00000| Untracked 
|  60|0x0000000709000000, 0x0000000709000000, 0x0000000709200000|  0%| F|  |TAMS 0x0000000709000000, 0x0000000709000000| Untracked 
|  61|0x0000000709200000, 0x0000000709200000, 0x0000000709400000|  0%| F|  |TAMS 0x0000000709200000, 0x0000000709200000| Untracked 
|  62|0x0000000709400000, 0x0000000709400000, 0x0000000709600000|  0%| F|  |TAMS 0x0000000709400000, 0x0000000709400000| Untracked 
|  63|0x0000000709600000, 0x0000000709600000, 0x0000000709800000|  0%| F|  |TAMS 0x0000000709600000, 0x0000000709600000| Untracked 
|  64|0x0000000709800000, 0x0000000709800000, 0x0000000709a00000|  0%| F|  |TAMS 0x0000000709800000, 0x0000000709800000| Untracked 
|  65|0x0000000709a00000, 0x0000000709a00000, 0x0000000709c00000|  0%| F|  |TAMS 0x0000000709a00000, 0x0000000709a00000| Untracked 
|  66|0x0000000709c00000, 0x0000000709c00000, 0x0000000709e00000|  0%| F|  |TAMS 0x0000000709c00000, 0x0000000709c00000| Untracked 
|  67|0x0000000709e00000, 0x0000000709e00000, 0x000000070a000000|  0%| F|  |TAMS 0x0000000709e00000, 0x0000000709e00000| Untracked 
|  68|0x000000070a000000, 0x000000070a000000, 0x000000070a200000|  0%| F|  |TAMS 0x000000070a000000, 0x000000070a000000| Untracked 
|  69|0x000000070a200000, 0x000000070a200000, 0x000000070a400000|  0%| F|  |TAMS 0x000000070a200000, 0x000000070a200000| Untracked 
|  70|0x000000070a400000, 0x000000070a400000, 0x000000070a600000|  0%| F|  |TAMS 0x000000070a400000, 0x000000070a400000| Untracked 
|  71|0x000000070a600000, 0x000000070a600000, 0x000000070a800000|  0%| F|  |TAMS 0x000000070a600000, 0x000000070a600000| Untracked 
|  72|0x000000070a800000, 0x000000070a800000, 0x000000070aa00000|  0%| F|  |TAMS 0x000000070a800000, 0x000000070a800000| Untracked 
|  73|0x000000070aa00000, 0x000000070aa00000, 0x000000070ac00000|  0%| F|  |TAMS 0x000000070aa00000, 0x000000070aa00000| Untracked 
|  74|0x000000070ac00000, 0x000000070ac00000, 0x000000070ae00000|  0%| F|  |TAMS 0x000000070ac00000, 0x000000070ac00000| Untracked 
|  75|0x000000070ae00000, 0x000000070ae00000, 0x000000070b000000|  0%| F|  |TAMS 0x000000070ae00000, 0x000000070ae00000| Untracked 
|  76|0x000000070b000000, 0x000000070b000000, 0x000000070b200000|  0%| F|  |TAMS 0x000000070b000000, 0x000000070b000000| Untracked 
|  77|0x000000070b200000, 0x000000070b200000, 0x000000070b400000|  0%| F|  |TAMS 0x000000070b200000, 0x000000070b200000| Untracked 
|  78|0x000000070b400000, 0x000000070b400000, 0x000000070b600000|  0%| F|  |TAMS 0x000000070b400000, 0x000000070b400000| Untracked 
|  79|0x000000070b600000, 0x000000070b600000, 0x000000070b800000|  0%| F|  |TAMS 0x000000070b600000, 0x000000070b600000| Untracked 
|  80|0x000000070b800000, 0x000000070b800000, 0x000000070ba00000|  0%| F|  |TAMS 0x000000070b800000, 0x000000070b800000| Untracked 
|  81|0x000000070ba00000, 0x000000070ba00000, 0x000000070bc00000|  0%| F|  |TAMS 0x000000070ba00000, 0x000000070ba00000| Untracked 
|  82|0x000000070bc00000, 0x000000070bc00000, 0x000000070be00000|  0%| F|  |TAMS 0x000000070bc00000, 0x000000070bc00000| Untracked 
|  83|0x000000070be00000, 0x000000070be00000, 0x000000070c000000|  0%| F|  |TAMS 0x000000070be00000, 0x000000070be00000| Untracked 
|  84|0x000000070c000000, 0x000000070c000000, 0x000000070c200000|  0%| F|  |TAMS 0x000000070c000000, 0x000000070c000000| Untracked 
|  85|0x000000070c200000, 0x000000070c200000, 0x000000070c400000|  0%| F|  |TAMS 0x000000070c200000, 0x000000070c200000| Untracked 
|  86|0x000000070c400000, 0x000000070c400000, 0x000000070c600000|  0%| F|  |TAMS 0x000000070c400000, 0x000000070c400000| Untracked 
|  87|0x000000070c600000, 0x000000070c600000, 0x000000070c800000|  0%| F|  |TAMS 0x000000070c600000, 0x000000070c600000| Untracked 
|  88|0x000000070c800000, 0x000000070c800000, 0x000000070ca00000|  0%| F|  |TAMS 0x000000070c800000, 0x000000070c800000| Untracked 
|  89|0x000000070ca00000, 0x000000070ca00000, 0x000000070cc00000|  0%| F|  |TAMS 0x000000070ca00000, 0x000000070ca00000| Untracked 
|  90|0x000000070cc00000, 0x000000070cc00000, 0x000000070ce00000|  0%| F|  |TAMS 0x000000070cc00000, 0x000000070cc00000| Untracked 
|  91|0x000000070ce00000, 0x000000070ce00000, 0x000000070d000000|  0%| F|  |TAMS 0x000000070ce00000, 0x000000070ce00000| Untracked 
|  92|0x000000070d000000, 0x000000070d000000, 0x000000070d200000|  0%| F|  |TAMS 0x000000070d000000, 0x000000070d000000| Untracked 
|  93|0x000000070d200000, 0x000000070d200000, 0x000000070d400000|  0%| F|  |TAMS 0x000000070d200000, 0x000000070d200000| Untracked 
|  94|0x000000070d400000, 0x000000070d400000, 0x000000070d600000|  0%| F|  |TAMS 0x000000070d400000, 0x000000070d400000| Untracked 
|  95|0x000000070d600000, 0x000000070d600000, 0x000000070d800000|  0%| F|  |TAMS 0x000000070d600000, 0x000000070d600000| Untracked 
|  96|0x000000070d800000, 0x000000070d800000, 0x000000070da00000|  0%| F|  |TAMS 0x000000070d800000, 0x000000070d800000| Untracked 
|  97|0x000000070da00000, 0x000000070da00000, 0x000000070dc00000|  0%| F|  |TAMS 0x000000070da00000, 0x000000070da00000| Untracked 
|  98|0x000000070dc00000, 0x000000070dc00000, 0x000000070de00000|  0%| F|  |TAMS 0x000000070dc00000, 0x000000070dc00000| Untracked 
|  99|0x000000070de00000, 0x000000070de00000, 0x000000070e000000|  0%| F|  |TAMS 0x000000070de00000, 0x000000070de00000| Untracked 
| 100|0x000000070e000000, 0x000000070e000000, 0x000000070e200000|  0%| F|  |TAMS 0x000000070e000000, 0x000000070e000000| Untracked 
| 101|0x000000070e200000, 0x000000070e200000, 0x000000070e400000|  0%| F|  |TAMS 0x000000070e200000, 0x000000070e200000| Untracked 
| 102|0x000000070e400000, 0x000000070e400000, 0x000000070e600000|  0%| F|  |TAMS 0x000000070e400000, 0x000000070e400000| Untracked 
| 103|0x000000070e600000, 0x000000070e600000, 0x000000070e800000|  0%| F|  |TAMS 0x000000070e600000, 0x000000070e600000| Untracked 
| 104|0x000000070e800000, 0x000000070e800000, 0x000000070ea00000|  0%| F|  |TAMS 0x000000070e800000, 0x000000070e800000| Untracked 
| 105|0x000000070ea00000, 0x000000070ea00000, 0x000000070ec00000|  0%| F|  |TAMS 0x000000070ea00000, 0x000000070ea00000| Untracked 
| 106|0x000000070ec00000, 0x000000070ec00000, 0x000000070ee00000|  0%| F|  |TAMS 0x000000070ec00000, 0x000000070ec00000| Untracked 
| 107|0x000000070ee00000, 0x000000070ee00000, 0x000000070f000000|  0%| F|  |TAMS 0x000000070ee00000, 0x000000070ee00000| Untracked 
| 108|0x000000070f000000, 0x000000070f000000, 0x000000070f200000|  0%| F|  |TAMS 0x000000070f000000, 0x000000070f000000| Untracked 
| 109|0x000000070f200000, 0x000000070f200000, 0x000000070f400000|  0%| F|  |TAMS 0x000000070f200000, 0x000000070f200000| Untracked 
| 110|0x000000070f400000, 0x000000070f400000, 0x000000070f600000|  0%| F|  |TAMS 0x000000070f400000, 0x000000070f400000| Untracked 
| 111|0x000000070f600000, 0x000000070f600000, 0x000000070f800000|  0%| F|  |TAMS 0x000000070f600000, 0x000000070f600000| Untracked 
| 112|0x000000070f800000, 0x000000070f800000, 0x000000070fa00000|  0%| F|  |TAMS 0x000000070f800000, 0x000000070f800000| Untracked 
| 113|0x000000070fa00000, 0x000000070fa00000, 0x000000070fc00000|  0%| F|  |TAMS 0x000000070fa00000, 0x000000070fa00000| Untracked 
| 114|0x000000070fc00000, 0x000000070fc00000, 0x000000070fe00000|  0%| F|  |TAMS 0x000000070fc00000, 0x000000070fc00000| Untracked 
| 115|0x000000070fe00000, 0x000000070ff86d90, 0x0000000710000000| 76%| S|CS|TAMS 0x000000070fe00000, 0x000000070fe00000| Complete 
| 116|0x0000000710000000, 0x0000000710200000, 0x0000000710200000|100%| S|CS|TAMS 0x0000000710000000, 0x0000000710000000| Complete 
| 117|0x0000000710200000, 0x0000000710200000, 0x0000000710400000|  0%| F|  |TAMS 0x0000000710200000, 0x0000000710200000| Untracked 
| 118|0x0000000710400000, 0x0000000710400000, 0x0000000710600000|  0%| F|  |TAMS 0x0000000710400000, 0x0000000710400000| Untracked 
| 119|0x0000000710600000, 0x0000000710600000, 0x0000000710800000|  0%| F|  |TAMS 0x0000000710600000, 0x0000000710600000| Untracked 
| 120|0x0000000710800000, 0x0000000710800000, 0x0000000710a00000|  0%| F|  |TAMS 0x0000000710800000, 0x0000000710800000| Untracked 
| 121|0x0000000710a00000, 0x0000000710a00000, 0x0000000710c00000|  0%| F|  |TAMS 0x0000000710a00000, 0x0000000710a00000| Untracked 
| 122|0x0000000710c00000, 0x0000000710c00000, 0x0000000710e00000|  0%| F|  |TAMS 0x0000000710c00000, 0x0000000710c00000| Untracked 
| 123|0x0000000710e00000, 0x0000000710e00000, 0x0000000711000000|  0%| F|  |TAMS 0x0000000710e00000, 0x0000000710e00000| Untracked 
| 124|0x0000000711000000, 0x0000000711000000, 0x0000000711200000|  0%| F|  |TAMS 0x0000000711000000, 0x0000000711000000| Untracked 
| 125|0x0000000711200000, 0x0000000711200000, 0x0000000711400000|  0%| F|  |TAMS 0x0000000711200000, 0x0000000711200000| Untracked 
| 126|0x0000000711400000, 0x0000000711569930, 0x0000000711600000| 70%| E|  |TAMS 0x0000000711400000, 0x0000000711400000| Complete 
| 127|0x0000000711600000, 0x0000000711800000, 0x0000000711800000|100%| E|CS|TAMS 0x0000000711600000, 0x0000000711600000| Complete 

Card table byte_map: [0x000001d1a6570000,0x000001d1a6d70000] _byte_map_base: 0x000001d1a2d64000

Marking Bits (Prev, Next): (CMBitMap*) 0x000001d18e812f00, (CMBitMap*) 0x000001d18e812f40
 Prev Bits: [0x000001d1a7570000, 0x000001d1ab510000)
 Next Bits: [0x000001d1ab510000, 0x000001d1af4b0000)

Polling page: 0x000001d18ced0000

Metaspace:

Usage:
  Non-class:      4.57 MB used.
      Class:    607.71 KB used.
       Both:      5.17 MB used.

Virtual space:
  Non-class space:       64.00 MB reserved,       4.69 MB (  7%) committed,  1 nodes.
      Class space:        1.00 GB reserved,     704.00 KB ( <1%) committed,  1 nodes.
             Both:        1.06 GB reserved,       5.38 MB ( <1%) committed. 

Chunk freelists:
   Non-Class:  1.05 MB
       Class:  3.28 MB
        Both:  4.33 MB

MaxMetaspaceSize: unlimited
CompressedClassSpaceSize: 1.00 GB
Initial GC threshold: 21.00 MB
Current GC threshold: 21.00 MB
CDS: on
MetaspaceReclaimPolicy: balanced
 - commit_granule_bytes: 65536.
 - commit_granule_words: 8192.
 - virtual_space_node_default_size: 8388608.
 - enlarge_chunks_in_place: 1.
 - new_chunks_are_fully_committed: 0.
 - uncommit_free_chunks: 1.
 - use_allocation_guard: 0.


Internal statistics:

num_allocs_failed_limit: 0.
num_arena_births: 34.
num_arena_deaths: 0.
num_vsnodes_births: 2.
num_vsnodes_deaths: 0.
num_space_committed: 86.
num_space_uncommitted: 0.
num_chunks_returned_to_freelist: 0.
num_chunks_taken_from_freelist: 175.
num_chunk_merges: 0.
num_chunk_splits: 133.
num_chunks_enlarged: 117.
num_inconsistent_stats: 0.

CodeHeap 'non-profiled nmethods': size=120000Kb used=415Kb max_used=415Kb free=119584Kb
 bounds [0x000001d19dbc0000, 0x000001d19de30000, 0x000001d1a50f0000]
CodeHeap 'profiled nmethods': size=120000Kb used=2266Kb max_used=2266Kb free=117733Kb
 bounds [0x000001d196690000, 0x000001d196900000, 0x000001d19dbc0000]
CodeHeap 'non-nmethods': size=5760Kb used=1158Kb max_used=1184Kb free=4601Kb
 bounds [0x000001d1960f0000, 0x000001d196360000, 0x000001d196690000]
 total_blobs=1556 nmethods=1121 adapters=348
 compilation: enabled
              stopped_count=0, restarted_count=0
 full_count=0

Compilation events (20 events):
Event: 0.719 Thread 0x000001d1b6009510  932   !   4       java.nio.CharBuffer::wrap (21 bytes)
Event: 0.720 Thread 0x000001d1b65dd9e0 nmethod 947 0x000001d19dc1a490 code [0x000001d19dc1a6c0, 0x000001d19dc1ab60]
Event: 0.720 Thread 0x000001d1b65dd9e0  962       4       org.codehaus.plexus.util.xml.pull.MXParser::parseEndTag (434 bytes)
Event: 0.735 Thread 0x000001d1b6009510 nmethod 932 0x000001d19dc1b090 code [0x000001d19dc1b220, 0x000001d19dc1b4b8]
Event: 0.735 Thread 0x000001d1b6009510  961       4       java.lang.StringConcatHelper::prepend (37 bytes)
Event: 0.736 Thread 0x000001d1b6009510 nmethod 961 0x000001d19dc1b790 code [0x000001d19dc1b920, 0x000001d19dc1ba98]
Event: 0.738 Thread 0x000001d1b6009510  963       4       java.lang.StringUTF16::compress (20 bytes)
Event: 0.738 Thread 0x000001d1b6006800  965       3       java.lang.ClassLoader::defineClass (43 bytes)
Event: 0.739 Thread 0x000001d1b6006800 nmethod 965 0x000001d196873f10 code [0x000001d196874100, 0x000001d196874618]
Event: 0.739 Thread 0x000001d1b6009510 nmethod 963 0x000001d19dc1bc10 code [0x000001d19dc1bda0, 0x000001d19dc1bff8]
Event: 0.739 Thread 0x000001d1b6009510  964 % !   4       java.util.concurrent.ConcurrentHashMap::transfer @ 96 (849 bytes)
Event: 0.742 Thread 0x000001d1b6006800  966       3       org.codehaus.plexus.util.xml.pull.MXParser::nextImpl (1202 bytes)
Event: 0.748 Thread 0x000001d1b6006800 nmethod 966 0x000001d196874890 code [0x000001d196874f40, 0x000001d1968782c8]
Event: 0.748 Thread 0x000001d1b6006800  967       3       java.lang.Character::isHighSurrogate (18 bytes)
Event: 0.749 Thread 0x000001d1b6006800 nmethod 967 0x000001d196879110 code [0x000001d1968792a0, 0x000001d196879438]
Event: 0.749 Thread 0x000001d1b6006800  968   !   3       sun.nio.cs.StreamDecoder::read (196 bytes)
Event: 0.750 Thread 0x000001d1b6006800 nmethod 968 0x000001d196879510 code [0x000001d196879780, 0x000001d19687a3a8]
Event: 0.750 Thread 0x000001d1b6006800  970       3       java.io.Reader::read (21 bytes)
Event: 0.750 Thread 0x000001d1b6006800 nmethod 970 0x000001d19687a910 code [0x000001d19687aac0, 0x000001d19687adc8]
Event: 0.750 Thread 0x000001d1b6006800  969       3       org.codehaus.plexus.util.InterpolationFilterReader::read (477 bytes)

GC Heap History (2 events):
Event: 0.722 GC heap before
{Heap before GC invocations=0 (full 0):
 garbage-first heap   total 262144K, used 22528K [0x0000000701800000, 0x0000000800000000)
  region size 2048K, 11 young (22528K), 0 survivors (0K)
 Metaspace       used 4809K, committed 4928K, reserved 1114112K
  class space    used 556K, committed 640K, reserved 1048576K
}
Event: 0.734 GC heap after
{Heap after GC invocations=1 (full 0):
 garbage-first heap   total 262144K, used 3611K [0x0000000701800000, 0x0000000800000000)
  region size 2048K, 2 young (4096K), 2 survivors (4096K)
 Metaspace       used 4809K, committed 4928K, reserved 1114112K
  class space    used 556K, committed 640K, reserved 1048576K
}

Deoptimization events (20 events):
Event: 0.618 Thread 0x000001d18e7e38b0 DEOPT PACKING pc=0x000001d19dc03b4c sp=0x00000070d21fdf00
Event: 0.618 Thread 0x000001d18e7e38b0 DEOPT UNPACKING pc=0x000001d1961423a3 sp=0x00000070d21fde10 mode 2
Event: 0.626 Thread 0x000001d18e7e38b0 DEOPT PACKING pc=0x000001d19670fd66 sp=0x00000070d21fdf90
Event: 0.626 Thread 0x000001d18e7e38b0 DEOPT UNPACKING pc=0x000001d196142b43 sp=0x00000070d21fd460 mode 0
Event: 0.741 Thread 0x000001d18e7e38b0 Uncommon trap: trap_request=0xffffff45 fr.pc=0x000001d19dc0eca4 relative=0x00000000000009c4
Event: 0.741 Thread 0x000001d18e7e38b0 Uncommon trap: reason=unstable_if action=reinterpret pc=0x000001d19dc0eca4 method=org.codehaus.plexus.util.xml.pull.MXParser.nextImpl()I @ 241 c2
Event: 0.741 Thread 0x000001d18e7e38b0 DEOPT PACKING pc=0x000001d19dc0eca4 sp=0x00000070d21fe3e0
Event: 0.741 Thread 0x000001d18e7e38b0 DEOPT UNPACKING pc=0x000001d1961423a3 sp=0x00000070d21fe358 mode 2
Event: 0.742 Thread 0x000001d18e7e38b0 Uncommon trap: trap_request=0xffffff45 fr.pc=0x000001d19dc10728 relative=0x0000000000000ba8
Event: 0.742 Thread 0x000001d18e7e38b0 Uncommon trap: reason=unstable_if action=reinterpret pc=0x000001d19dc10728 method=sun.nio.cs.StreamDecoder.read0()I @ 39 c2
Event: 0.742 Thread 0x000001d18e7e38b0 DEOPT PACKING pc=0x000001d19dc10728 sp=0x00000070d21fe0b0
Event: 0.742 Thread 0x000001d18e7e38b0 DEOPT UNPACKING pc=0x000001d1961423a3 sp=0x00000070d21fde48 mode 2
Event: 0.742 Thread 0x000001d18e7e38b0 Uncommon trap: trap_request=0xffffff45 fr.pc=0x000001d19dc02d6c relative=0x000000000000014c
Event: 0.742 Thread 0x000001d18e7e38b0 Uncommon trap: reason=unstable_if action=reinterpret pc=0x000001d19dc02d6c method=java.io.Reader.read()I @ 12 c2
Event: 0.742 Thread 0x000001d18e7e38b0 DEOPT PACKING pc=0x000001d19dc02d6c sp=0x00000070d21fe0e0
Event: 0.742 Thread 0x000001d18e7e38b0 DEOPT UNPACKING pc=0x000001d1961423a3 sp=0x00000070d21fe070 mode 2
Event: 0.747 Thread 0x000001d18e7e38b0 Uncommon trap: trap_request=0xffffff45 fr.pc=0x000001d19dc17500 relative=0x0000000000002500
Event: 0.748 Thread 0x000001d18e7e38b0 Uncommon trap: reason=unstable_if action=reinterpret pc=0x000001d19dc17500 method=java.nio.charset.CharsetDecoder.decode(Ljava/nio/ByteBuffer;Ljava/nio/CharBuffer;Z)Ljava/nio/charset/CoderResult; @ 15 c2
Event: 0.748 Thread 0x000001d18e7e38b0 DEOPT PACKING pc=0x000001d19dc17500 sp=0x00000070d21fdf50
Event: 0.748 Thread 0x000001d18e7e38b0 DEOPT UNPACKING pc=0x000001d1961423a3 sp=0x00000070d21fdcf8 mode 2

Classes loaded (20 events):
Event: 0.536 Loading class sun/reflect/generics/repository/AbstractRepository
Event: 0.536 Loading class sun/reflect/generics/repository/AbstractRepository done
Event: 0.536 Loading class sun/reflect/generics/repository/GenericDeclRepository done
Event: 0.536 Loading class sun/reflect/generics/repository/ClassRepository done
Event: 0.536 Loading class sun/reflect/generics/tree/FormalTypeParameter
Event: 0.536 Loading class sun/reflect/generics/tree/FormalTypeParameter done
Event: 0.537 Loading class sun/reflect/generics/tree/ClassSignature
Event: 0.537 Loading class sun/reflect/generics/tree/Signature
Event: 0.537 Loading class sun/reflect/generics/tree/Signature done
Event: 0.537 Loading class sun/reflect/generics/tree/ClassSignature done
Event: 0.537 Loading class java/lang/reflect/TypeVariable
Event: 0.537 Loading class java/lang/reflect/TypeVariable done
Event: 0.537 Loading class java/lang/reflect/WildcardType
Event: 0.537 Loading class java/lang/reflect/WildcardType done
Event: 0.539 Loading class sun/reflect/generics/tree/TypeVariableSignature
Event: 0.539 Loading class sun/reflect/generics/tree/TypeVariableSignature done
Event: 0.554 Loading class java/lang/annotation/IncompleteAnnotationException
Event: 0.554 Loading class java/lang/annotation/IncompleteAnnotationException done
Event: 0.613 Loading class jdk/internal/access/foreign/MemorySegmentProxy
Event: 0.613 Loading class jdk/internal/access/foreign/MemorySegmentProxy done

Classes unloaded (0 events):
No events

Classes redefined (0 events):
No events

Internal exceptions (12 events):
Event: 0.146 Thread 0x000001d18e7e38b0 Exception <a 'java/lang/NoSuchMethodError'{0x0000000711589f70}: 'java.lang.Object java.lang.invoke.Invokers$Holder.invokeExact_MT(java.lang.Object, java.lang.Object, java.lang.Object, java.lang.Object, java.lang.Object)'> (0x0000000711589f70) 
thrown [s\open\src\hotspot\share\interpreter\linkResolver.cpp, line 759]
Event: 0.155 Thread 0x000001d18e7e38b0 Exception <a 'java/lang/NullPointerException'{0x00000007115e2b68}> (0x00000007115e2b68) 
thrown [s\open\src\hotspot\share\interpreter\linkResolver.cpp, line 1350]
Event: 0.169 Thread 0x000001d18e7e38b0 Exception <a 'java/lang/NullPointerException'{0x00000007112130d8}> (0x00000007112130d8) 
thrown [s\open\src\hotspot\share\interpreter\linkResolver.cpp, line 1350]
Event: 0.169 Thread 0x000001d18e7e38b0 Exception <a 'java/lang/NullPointerException'{0x00000007112133b0}> (0x00000007112133b0) 
thrown [s\open\src\hotspot\share\interpreter\linkResolver.cpp, line 1350]
Event: 0.169 Thread 0x000001d18e7e38b0 Exception <a 'java/lang/NullPointerException'{0x0000000711213688}> (0x0000000711213688) 
thrown [s\open\src\hotspot\share\interpreter\linkResolver.cpp, line 1350]
Event: 0.170 Thread 0x000001d18e7e38b0 Exception <a 'java/lang/NullPointerException'{0x00000007112187e0}> (0x00000007112187e0) 
thrown [s\open\src\hotspot\share\interpreter\linkResolver.cpp, line 1350]
Event: 0.172 Thread 0x000001d18e7e38b0 Exception <a 'java/lang/NullPointerException'{0x000000071122d310}> (0x000000071122d310) 
thrown [s\open\src\hotspot\share\interpreter\linkResolver.cpp, line 1350]
Event: 0.172 Thread 0x000001d18e7e38b0 Exception <a 'java/lang/NullPointerException'{0x000000071122d5e8}> (0x000000071122d5e8) 
thrown [s\open\src\hotspot\share\interpreter\linkResolver.cpp, line 1350]
Event: 0.172 Thread 0x000001d18e7e38b0 Exception <a 'java/lang/NullPointerException'{0x000000071122d8c0}> (0x000000071122d8c0) 
thrown [s\open\src\hotspot\share\interpreter\linkResolver.cpp, line 1350]
Event: 0.172 Thread 0x000001d18e7e38b0 Exception <a 'java/lang/NullPointerException'{0x000000071122db98}> (0x000000071122db98) 
thrown [s\open\src\hotspot\share\interpreter\linkResolver.cpp, line 1350]
Event: 0.498 Thread 0x000001d18e7e38b0 Exception <a 'java/lang/NoSuchMethodError'{0x0000000710bdb588}: 'java.lang.Object java.lang.invoke.DirectMethodHandle$Holder.newInvokeSpecial(java.lang.Object, java.lang.Object, java.lang.Object, java.lang.Object, java.lang.Object)'> (0x0000000710bdb588) 
thrown [s\open\src\hotspot\share\interpreter\linkResolver.cpp, line 759]
Event: 0.554 Thread 0x000001d18e7e38b0 Exception <a 'java/lang/NoClassDefFoundError'{0x00000007109317c0}: javax/enterprise/inject/Typed> (0x00000007109317c0) 
thrown [s\open\src\hotspot\share\classfile\systemDictionary.cpp, line 244]

VM Operations (12 events):
Event: 0.070 Executing VM operation: HandshakeAllThreads
Event: 0.070 Executing VM operation: HandshakeAllThreads done
Event: 0.154 Executing VM operation: HandshakeAllThreads
Event: 0.154 Executing VM operation: HandshakeAllThreads done
Event: 0.163 Executing VM operation: HandshakeAllThreads
Event: 0.163 Executing VM operation: HandshakeAllThreads done
Event: 0.247 Executing VM operation: HandshakeAllThreads
Event: 0.247 Executing VM operation: HandshakeAllThreads done
Event: 0.627 Executing VM operation: ICBufferFull
Event: 0.641 Executing VM operation: ICBufferFull done
Event: 0.722 Executing VM operation: G1CollectForAllocation
Event: 0.734 Executing VM operation: G1CollectForAllocation done

Events (20 events):
Event: 0.020 Thread 0x000001d18e7e38b0 Thread added: 0x000001d18e7e38b0
Event: 0.022 Thread 0x000001d1a5d5b890 Thread added: 0x000001d1a5d5b890
Event: 0.023 Thread 0x000001d1a5d5c4f0 Thread added: 0x000001d1a5d5c4f0
Event: 0.034 Thread 0x000001d1a5d6e560 Thread added: 0x000001d1a5d6e560
Event: 0.034 Thread 0x000001d1b60030a0 Thread added: 0x000001d1b60030a0
Event: 0.034 Thread 0x000001d1b6003a40 Thread added: 0x000001d1b6003a40
Event: 0.034 Thread 0x000001d1b60043e0 Thread added: 0x000001d1b60043e0
Event: 0.034 Thread 0x000001d1b6009510 Thread added: 0x000001d1b6009510
Event: 0.034 Thread 0x000001d1b6006800 Thread added: 0x000001d1b6006800
Event: 0.034 Thread 0x000001d1b6015e70 Thread added: 0x000001d1b6015e70
Event: 0.054 Thread 0x000001d1b61417e0 Thread added: 0x000001d1b61417e0
Event: 0.057 Thread 0x000001d1b6145340 Thread added: 0x000001d1b6145340
Event: 0.062 Loaded shared library C:\Program Files\Java\jdk-18.0.2.1\bin\net.dll
Event: 0.065 Loaded shared library C:\Program Files\Java\jdk-18.0.2.1\bin\nio.dll
Event: 0.068 Loaded shared library C:\Program Files\Java\jdk-18.0.2.1\bin\zip.dll
Event: 0.159 Loaded shared library C:\Program Files\Java\jdk-18.0.2.1\bin\jimage.dll
Event: 0.168 Loaded shared library J:\.important\Documents\apache-maven-3.8.6\lib\jansi-native\Windows\x86_64\jansi.dll
Event: 0.177 Loaded shared library C:\Program Files\Java\jdk-18.0.2.1\bin\verify.dll
Event: 0.580 Thread 0x000001d1b65dd4e0 Thread added: 0x000001d1b65dd4e0
Event: 0.622 Thread 0x000001d1b65dd9e0 Thread added: 0x000001d1b65dd9e0


Dynamic libraries:
0x00007ff6ec040000 - 0x00007ff6ec050000 	C:\Program Files\Java\jdk-18.0.2.1\bin\java.exe
0x00007ffc40800000 - 0x00007ffc40a09000 	C:\WINDOWS\SYSTEM32\ntdll.dll
0x00007ffc3f5b0000 - 0x00007ffc3f66d000 	C:\WINDOWS\System32\KERNEL32.DLL
0x00007ffc3dfe0000 - 0x00007ffc3e364000 	C:\WINDOWS\System32\KERNELBASE.dll
0x00007ffc3dec0000 - 0x00007ffc3dfd1000 	C:\WINDOWS\System32\ucrtbase.dll
0x00007ffbf45f0000 - 0x00007ffbf4608000 	C:\Program Files\Java\jdk-18.0.2.1\bin\jli.dll
0x00007ffbf45d0000 - 0x00007ffbf45ea000 	C:\Program Files\Java\jdk-18.0.2.1\bin\VCRUNTIME140.dll
0x00007ffc3e840000 - 0x00007ffc3e8ee000 	C:\WINDOWS\System32\ADVAPI32.dll
0x00007ffc3fe50000 - 0x00007ffc3fef3000 	C:\WINDOWS\System32\msvcrt.dll
0x00007ffc406b0000 - 0x00007ffc4074e000 	C:\WINDOWS\System32\sechost.dll
0x00007ffc3ea50000 - 0x00007ffc3eb71000 	C:\WINDOWS\System32\RPCRT4.dll
0x00007ffc3f400000 - 0x00007ffc3f5ad000 	C:\WINDOWS\System32\USER32.dll
0x00007ffc3e370000 - 0x00007ffc3e396000 	C:\WINDOWS\System32\win32u.dll
0x00007ffc32500000 - 0x00007ffc327a5000 	C:\WINDOWS\WinSxS\amd64_microsoft.windows.common-controls_6595b64144ccf1df_6.0.22000.120_none_9d947278b86cc467\COMCTL32.dll
0x00007ffc401d0000 - 0x00007ffc401fa000 	C:\WINDOWS\System32\GDI32.dll
0x00007ffc3dd00000 - 0x00007ffc3de1e000 	C:\WINDOWS\System32\gdi32full.dll
0x00007ffc3de20000 - 0x00007ffc3debd000 	C:\WINDOWS\System32\msvcp_win.dll
0x00007ffc3d640000 - 0x00007ffc3d64a000 	C:\WINDOWS\SYSTEM32\VERSION.dll
0x00007ffc3ff70000 - 0x00007ffc3ffa1000 	C:\WINDOWS\System32\IMM32.DLL
0x00007ffc3d650000 - 0x00007ffc3d747000 	C:\Windows\system32\guard64.dll
0x00007ffc3f150000 - 0x00007ffc3f2ea000 	C:\WINDOWS\System32\ole32.dll
0x00007ffc40250000 - 0x00007ffc405c6000 	C:\WINDOWS\System32\combase.dll
0x00007ffc3d630000 - 0x00007ffc3d63b000 	C:\WINDOWS\system32\fltlib.dll
0x00007ffc3f670000 - 0x00007ffc3fe35000 	C:\WINDOWS\System32\shell32.dll
0x00007ffbf45c0000 - 0x00007ffbf45cc000 	C:\Program Files\Java\jdk-18.0.2.1\bin\vcruntime140_1.dll
0x00007ffbcb460000 - 0x00007ffbcb4ed000 	C:\Program Files\Java\jdk-18.0.2.1\bin\msvcp140.dll
0x00007ffbb9360000 - 0x00007ffbb9f71000 	C:\Program Files\Java\jdk-18.0.2.1\bin\server\jvm.dll
0x00007ffc3fe40000 - 0x00007ffc3fe48000 	C:\WINDOWS\System32\PSAPI.DLL
0x00007ffc06a80000 - 0x00007ffc06a89000 	C:\WINDOWS\SYSTEM32\WSOCK32.dll
0x00007ffc3e8f0000 - 0x00007ffc3e95f000 	C:\WINDOWS\System32\WS2_32.dll
0x00007ffc33c20000 - 0x00007ffc33c53000 	C:\WINDOWS\SYSTEM32\WINMM.dll
0x00007ffc3cb40000 - 0x00007ffc3cb58000 	C:\WINDOWS\SYSTEM32\kernel.appcore.dll
0x00007ffbf4420000 - 0x00007ffbf442a000 	C:\Program Files\Java\jdk-18.0.2.1\bin\jimage.dll
0x00007ffc3b840000 - 0x00007ffc3ba61000 	C:\WINDOWS\SYSTEM32\DBGHELP.DLL
0x00007ffc20440000 - 0x00007ffc20471000 	C:\WINDOWS\SYSTEM32\dbgcore.DLL
0x00007ffc3e3a0000 - 0x00007ffc3e41f000 	C:\WINDOWS\System32\bcryptPrimitives.dll
0x00007ffbd4280000 - 0x00007ffbd42a5000 	C:\Program Files\Java\jdk-18.0.2.1\bin\java.dll
0x00007ffbc3fc0000 - 0x00007ffbc4096000 	C:\Program Files\Java\jdk-18.0.2.1\bin\jsvml.dll
0x00007ffc3bc00000 - 0x00007ffc3c462000 	C:\WINDOWS\SYSTEM32\windows.storage.dll
0x00007ffc3ba90000 - 0x00007ffc3bbf7000 	C:\WINDOWS\SYSTEM32\wintypes.dll
0x00007ffc3eb80000 - 0x00007ffc3ec6a000 	C:\WINDOWS\System32\SHCORE.dll
0x00007ffc3ffb0000 - 0x00007ffc4000d000 	C:\WINDOWS\System32\shlwapi.dll
0x00007ffc3dbc0000 - 0x00007ffc3dbe5000 	C:\WINDOWS\SYSTEM32\profapi.dll
0x00007ffbd5c80000 - 0x00007ffbd5c93000 	C:\Program Files\Java\jdk-18.0.2.1\bin\net.dll
0x00007ffc37fe0000 - 0x00007ffc380f4000 	C:\WINDOWS\SYSTEM32\WINHTTP.dll
0x00007ffc3d040000 - 0x00007ffc3d0a7000 	C:\WINDOWS\system32\mswsock.dll
0x00007ffbd3740000 - 0x00007ffbd3756000 	C:\Program Files\Java\jdk-18.0.2.1\bin\nio.dll
0x00007ffbd3720000 - 0x00007ffbd3738000 	C:\Program Files\Java\jdk-18.0.2.1\bin\zip.dll
0x0000000069ac0000 - 0x0000000069ae4000 	J:\.important\Documents\apache-maven-3.8.6\lib\jansi-native\Windows\x86_64\jansi.dll
0x00007ffbf03f0000 - 0x00007ffbf0400000 	C:\Program Files\Java\jdk-18.0.2.1\bin\verify.dll

dbghelp: loaded successfully - version: 4.0.5 - missing functions: none
symbol engine: initialized successfully - sym options: 0x614 - pdb path: .;C:\Program Files\Java\jdk-18.0.2.1\bin;C:\WINDOWS\SYSTEM32;C:\WINDOWS\WinSxS\amd64_microsoft.windows.common-controls_6595b64144ccf1df_6.0.22000.120_none_9d947278b86cc467;C:\Program Files\Java\jdk-18.0.2.1\bin\server;J:\.important\Documents\apache-maven-3.8.6\lib\jansi-native\Windows\x86_64

VM Arguments:
jvm_args: -Dclassworlds.conf=J:\.important\Documents\apache-maven-3.8.6\bin\m2.conf -Dmaven.home=J:\.important\Documents\apache-maven-3.8.6 -Dlibrary.jansi.path=J:\.important\Documents\apache-maven-3.8.6\lib\jansi-native -Dmaven.multiModuleProjectDirectory=f:\memefesrec\memefest 
java_command: org.codehaus.plexus.classworlds.launcher.Launcher -q help:effective-pom -Doutput=f:\memefesrec\memefest\effective-pom.xml
java_class_path (initial): J:\.important\Documents\apache-maven-3.8.6\boot\plexus-classworlds-2.6.0.jar
Launcher Type: SUN_STANDARD

[Global flags]
     intx CICompilerCount                          = 4                                         {product} {ergonomic}
     uint ConcGCThreads                            = 2                                         {product} {ergonomic}
     uint G1ConcRefinementThreads                  = 8                                         {product} {ergonomic}
   size_t G1HeapRegionSize                         = 2097152                                   {product} {ergonomic}
    uintx GCDrainStackTargetSize                   = 64                                        {product} {ergonomic}
   size_t InitialHeapSize                          = 268435456                                 {product} {ergonomic}
   size_t MarkStackSize                            = 4194304                                   {product} {ergonomic}
   size_t MaxHeapSize                              = 4269801472                                {product} {ergonomic}
   size_t MaxNewSize                               = 2560622592                                {product} {ergonomic}
   size_t MinHeapDeltaBytes                        = 2097152                                   {product} {ergonomic}
   size_t MinHeapSize                              = 8388608                                   {product} {ergonomic}
    uintx NonNMethodCodeHeapSize                   = 5839372                                {pd product} {ergonomic}
    uintx NonProfiledCodeHeapSize                  = 122909434                              {pd product} {ergonomic}
    uintx ProfiledCodeHeapSize                     = 122909434                              {pd product} {ergonomic}
    uintx ReservedCodeCacheSize                    = 251658240                              {pd product} {ergonomic}
     bool SegmentedCodeCache                       = true                                      {product} {ergonomic}
   size_t SoftMaxHeapSize                          = 4269801472                             {manageable} {ergonomic}
     bool UseCompressedClassPointers               = true                           {product lp64_product} {ergonomic}
     bool UseCompressedOops                        = true                           {product lp64_product} {ergonomic}
     bool UseG1GC                                  = true                                      {product} {ergonomic}
     bool UseLargePagesIndividualAllocation        = false                                  {pd product} {ergonomic}

Logging:
Log output configuration:
 #0: stdout all=warning uptime,level,tags foldmultilines=false
 #1: stderr all=off uptime,level,tags foldmultilines=false

Environment Variables:
JAVA_HOME=C:\Program Files\Java\jdk-18.0.2.1
PATH=C:\Program Files\Common Files\Oracle\Java\javapath;C:\WINDOWS\system32;C:\WINDOWS;C:\WINDOWS\System32\Wbem;C:\WINDOWS\System32\WindowsPowerShell\v1.0\;C:\WINDOWS\System32\OpenSSH\;J:\.important\Documents\apache-maven-3.8.6\bin;C:\Program Files\Microsoft SQL Server\Client SDK\ODBC\170\Tools\Binn\;C:\Program Files (x86)\Microsoft SQL Server\150\Tools\Binn\;C:\Program Files\Microsoft SQL Server\150\Tools\Binn\;C:\Program Files\Microsoft SQL Server\150\DTS\Binn\;C:\Program Files (x86)\Microsoft SQL Server\160\DTS\Binn\;C:\Users\hyper\Downloads\curl-8.10.1_2-win64-mingw\curl-8.10.1_2-win64-mingw\bin;C:\C:\Program Files\Java\jdk-18.0.2.1\bin;C:\Program Files\OpenSSL-Win64\bin;C:\Program Files\dotnet\;C:\Program Files\Git\cmd;H:\;C:\Program Files (x86)\Microsoft SQL Server\160\Tools\Binn\;C:\Program Files\Microsoft SQL Server\160\Tools\Binn\;C:\Program Files\Microsoft SQL Server\160\DTS\Binn\;C:\Program Files (x86)\NVIDIA Corporation\PhysX\Common;F:\Docker\resources\bin;C:\Users\hyper\AppData\Local\Microsoft\WindowsApps;C:\Program Files\Java\jdk-18.0.2.1\bin;C:\Users\hyper\AppData\Roaming\npm;J:\Microsoft VS Code\bin
USERNAME=hyper
OS=Windows_NT
PROCESSOR_IDENTIFIER=Intel64 Family 6 Model 60 Stepping 3, GenuineIntel



---------------  S Y S T E M  ---------------

OS:
 Windows 11 , 64 bit Build 22000 (10.0.22000.2538)
OS uptime: 1 days 21:50 hours
Hyper-V role detected

CPU: total 8 (initial active 8) (4 cores per cpu, 2 threads per core) family 6 model 60 stepping 3 microcode 0x28, cx8, cmov, fxsr, ht, mmx, sse, sse2, sse3, ssse3, sse4.1, sse4.2, popcnt, lzcnt, tsc, tscinvbit, avx, avx2, aes, erms, clmul, bmi1, bmi2, fma, vzeroupper, clflush, hv

Memory: 4k page, system-wide physical 16283M (2363M free)
TotalPageFile size 36283M (AvailPageFile size 13M)
current process WorkingSet (physical memory assigned to process): 83M, peak: 83M
current process commit charge ("private bytes"): 364M, peak: 365M

vm_info: Java HotSpot(TM) 64-Bit Server VM (18.0.2.1+1-1) for windows-amd64 JRE (18.0.2.1+1-1), built on Aug 16 2022 01:46:33 by "mach5one" with MS VC++ 16.8 / 16.9 (VS2019)

END.
