#
# There is insufficient memory for the Java Runtime Environment to continue.
# Native memory allocation (mmap) failed to map 134217728 bytes. Error detail: G1 virtual space
# Possible reasons:
#   The system is out of physical RAM or swap space
#   This process is running with CompressedOops enabled, and the Java Heap may be blocking the growth of the native heap
# Possible solutions:
#   Reduce memory load on the system
#   Increase physical memory or swap space
#   Check if swap backing store is full
#   Decrease Java heap size (-Xmx/-Xms)
#   Decrease number of Java threads
#   Decrease Java thread stack sizes (-Xss)
#   Set larger code cache with -XX:ReservedCodeCacheSize=
#   JVM is running with Zero Based Compressed Oops mode in which the Java heap is
#     placed in the first 32GB address space. The Java Heap base address is the
#     maximum limit for the native heap growth. Please use -XX:HeapBaseMinAddress
#     to set the Java Heap base and to place the Java Heap above 32GB virtual address.
# This output file may be truncated or incomplete.
#
#  Out of Memory Error (os_windows.cpp:3686), pid=2412, tid=4712
#
# JRE version: OpenJDK Runtime Environment Temurin-21.0.6+7 (21.0.6+7) (build 21.0.6+7-LTS)
# Java VM: OpenJDK 64-Bit Server VM Temurin-21.0.6+7 (21.0.6+7-LTS, mixed mode, sharing, tiered, compressed oops, compressed class ptrs, g1 gc, windows-amd64)
# No core dump will be written. Minidumps are not enabled by default on client versions of Windows
#

---------------  S U M M A R Y ------------

Command Line: --add-modules=ALL-SYSTEM --add-opens=java.base/java.util=ALL-UNNAMED --add-opens=java.base/java.lang=ALL-UNNAMED --add-opens=java.base/sun.nio.fs=ALL-UNNAMED -Declipse.application=org.eclipse.jdt.ls.core.id1 -Dosgi.bundles.defaultStartLevel=4 -Declipse.product=org.eclipse.jdt.ls.core.product -Djava.import.generatesMetadataFilesAtProjectRoot=false -DDetectVMInstallationsJob.disabled=true -Dfile.encoding=utf8 -Xlog:disable -Xms100m -Xmx8G -javaagent:c:\Users\hyper\.vscode\extensions\redhat.java-1.42.2025041008-win32-x64\lombok\lombok-1.18.36.jar -XX:+HeapDumpOnOutOfMemoryError -XX:HeapDumpPath=c:\Users\hyper\AppData\Roaming\Code\User\workspaceStorage\9786f179f1d4055ca563254eef00c7fe\redhat.java -Daether.dependencyCollector.impl=bf c:\Users\hyper\.vscode\extensions\redhat.java-1.42.2025041008-win32-x64\server\plugins\org.eclipse.equinox.launcher_1.7.0.v20250404-1055.jar -configuration c:\Users\hyper\AppData\Roaming\Code\User\globalStorage\redhat.java\1.42.2025041008\config_win -data c:\Users\hyper\AppData\Roaming\Code\User\workspaceStorage\9786f179f1d4055ca563254eef00c7fe\redhat.java\jdt_ws --pipe=\\.\pipe\lsp-c7444be247c6efee1adc48c85a2395d5-sock

Host: Intel(R) Core(TM) i7-4770K CPU @ 3.50GHz, 8 cores, 15G,  Windows 11 , 64 bit Build 22000 (10.0.22000.2538)
Time: Fri Aug 29 08:19:08 2025 Volgograd Standard Time elapsed time: 45.371562 seconds (0d 0h 0m 45s)

---------------  T H R E A D  ---------------

Current thread (0x000001ea502ed3d0):  VMThread "VM Thread"          [id=4712, stack(0x00000040d4100000,0x00000040d4200000) (1024K)]

Stack: [0x00000040d4100000,0x00000040d4200000]
Native frames: (J=compiled Java code, j=interpreted, Vv=VM code, C=native code)
V  [jvm.dll+0x6cdee9]
V  [jvm.dll+0x8a83d1]
V  [jvm.dll+0x8aa8fe]
V  [jvm.dll+0x8aafe3]
V  [jvm.dll+0x27f706]
V  [jvm.dll+0x6ca755]
V  [jvm.dll+0x6bea3a]
V  [jvm.dll+0x355d6a]
V  [jvm.dll+0x35d936]
V  [jvm.dll+0x3af58e]
V  [jvm.dll+0x3af838]
V  [jvm.dll+0x329efc]
V  [jvm.dll+0x329f87]
V  [jvm.dll+0x36dd4c]
V  [jvm.dll+0x36c598]
V  [jvm.dll+0x3296c1]
V  [jvm.dll+0x36bc0a]
V  [jvm.dll+0x8b0cff]
V  [jvm.dll+0x8b2084]
V  [jvm.dll+0x8b25c0]
V  [jvm.dll+0x8b2863]
V  [jvm.dll+0x851f8b]
V  [jvm.dll+0x6cc5ed]
C  [ucrtbase.dll+0x26c0c]
C  [KERNEL32.DLL+0x153e0]
C  [ntdll.dll+0x485b]

VM_Operation (0x00000040d8cfe070): G1CollectForAllocation, mode: safepoint, requested by thread 0x000001eaa7ae8860


---------------  P R O C E S S  ---------------

Threads class SMR info:
_java_thread_list=0x000001eaa51a1170, length=71, elements={
0x000001ea3dc4eb50, 0x000001ea5cb876b0, 0x000001ea5cb88bb0, 0x000001ea5cb8ac60,
0x000001ea5cb8d540, 0x000001ea5cb8e0c0, 0x000001ea5cb8f740, 0x000001ea5cb921b0,
0x000001ea5cbb5ef0, 0x000001ea5ccaaeb0, 0x000001eaa208b650, 0x000001eaa2dde3e0,
0x000001eaa301a870, 0x000001eaa21f0fb0, 0x000001eaa283e9c0, 0x000001eaa2a046e0,
0x000001eaa34f20b0, 0x000001eaa31a8400, 0x000001eaa31a8a90, 0x000001eaa31a97b0,
0x000001ea5cd42c00, 0x000001ea5cd404a0, 0x000001ea5cd411c0, 0x000001ea5cd40b30,
0x000001ea5cd43290, 0x000001ea5cd43920, 0x000001ea5cd3e3d0, 0x000001ea5cd41850,
0x000001ea5cd43fb0, 0x000001ea5cd3ea60, 0x000001ea5cd3d6b0, 0x000001ea5cd44cd0,
0x000001ea5cd41ee0, 0x000001ea5cd3f780, 0x000001ea5cd3f0f0, 0x000001ea5cd3fe10,
0x000001ea5cd42570, 0x000001eaa31a9120, 0x000001eaa30cc930, 0x000001eaa30d17f0,
0x000001eaa30cd650, 0x000001eaa30cc2a0, 0x000001eaa30d1e80, 0x000001eaa30ccfc0,
0x000001eaa30d0ad0, 0x000001eaa30cdce0, 0x000001eaa30caef0, 0x000001eaa30cea00,
0x000001eaa30d2510, 0x000001eaa30cb580, 0x000001eaa30ce370, 0x000001eaa30cf090,
0x000001eaa30cf720, 0x000001eaa30cbc10, 0x000001eaa7ae5a70, 0x000001eaa7ae8ef0,
0x000001eaa7ae9580, 0x000001eaa7ae81d0, 0x000001eaa7ae6e20, 0x000001eaa7ae6790,
0x000001eaa7ae6100, 0x000001eaa7ae74b0, 0x000001eaa7ae39a0, 0x000001eaa7ae9c10,
0x000001eaa692ed40, 0x000001eaa32feaf0, 0x000001eaa7ae4d50, 0x000001eaa7ae53e0,
0x000001eaa7ae8860, 0x000001eaa7ae4030, 0x000001eaa7ae2c80
}

Java Threads: ( => current thread )
  0x000001ea3dc4eb50 JavaThread "main"                              [_thread_blocked, id=20884, stack(0x00000040d3a00000,0x00000040d3b00000) (1024K)]
  0x000001ea5cb876b0 JavaThread "Reference Handler"          daemon [_thread_blocked, id=15736, stack(0x00000040d4200000,0x00000040d4300000) (1024K)]
  0x000001ea5cb88bb0 JavaThread "Finalizer"                  daemon [_thread_blocked, id=1332, stack(0x00000040d4300000,0x00000040d4400000) (1024K)]
  0x000001ea5cb8ac60 JavaThread "Signal Dispatcher"          daemon [_thread_blocked, id=14900, stack(0x00000040d4400000,0x00000040d4500000) (1024K)]
  0x000001ea5cb8d540 JavaThread "Attach Listener"            daemon [_thread_blocked, id=9440, stack(0x00000040d4500000,0x00000040d4600000) (1024K)]
  0x000001ea5cb8e0c0 JavaThread "Service Thread"             daemon [_thread_blocked, id=14732, stack(0x00000040d4600000,0x00000040d4700000) (1024K)]
  0x000001ea5cb8f740 JavaThread "Monitor Deflation Thread"   daemon [_thread_blocked, id=4324, stack(0x00000040d4700000,0x00000040d4800000) (1024K)]
  0x000001ea5cb921b0 JavaThread "C2 CompilerThread0"         daemon [_thread_blocked, id=9412, stack(0x00000040d4800000,0x00000040d4900000) (1024K)]
  0x000001ea5cbb5ef0 JavaThread "C1 CompilerThread0"         daemon [_thread_blocked, id=10828, stack(0x00000040d4900000,0x00000040d4a00000) (1024K)]
  0x000001ea5ccaaeb0 JavaThread "Common-Cleaner"             daemon [_thread_blocked, id=2932, stack(0x00000040d4a00000,0x00000040d4b00000) (1024K)]
  0x000001eaa208b650 JavaThread "Notification Thread"        daemon [_thread_blocked, id=16028, stack(0x00000040d4c00000,0x00000040d4d00000) (1024K)]
  0x000001eaa2dde3e0 JavaThread "Active Thread: Equinox Container: 130c9131-200d-4a96-b647-7e46e1676c09"        [_thread_blocked, id=10512, stack(0x00000040d5300000,0x00000040d5400000) (1024K)]
  0x000001eaa301a870 JavaThread "Refresh Thread: Equinox Container: 130c9131-200d-4a96-b647-7e46e1676c09" daemon [_thread_blocked, id=9268, stack(0x00000040d5600000,0x00000040d5700000) (1024K)]
  0x000001eaa21f0fb0 JavaThread "Framework Event Dispatcher: Equinox Container: 130c9131-200d-4a96-b647-7e46e1676c09" daemon [_thread_blocked, id=10008, stack(0x00000040d5700000,0x00000040d5800000) (1024K)]
  0x000001eaa283e9c0 JavaThread "Start Level: Equinox Container: 130c9131-200d-4a96-b647-7e46e1676c09" daemon [_thread_blocked, id=9032, stack(0x00000040d4b00000,0x00000040d4c00000) (1024K)]
  0x000001eaa2a046e0 JavaThread "Bundle File Closer"         daemon [_thread_blocked, id=7840, stack(0x00000040d5800000,0x00000040d5900000) (1024K)]
  0x000001eaa34f20b0 JavaThread "SCR Component Actor"        daemon [_thread_blocked, id=26244, stack(0x00000040d4d00000,0x00000040d4e00000) (1024K)]
  0x000001eaa31a8400 JavaThread "Worker-JM"                         [_thread_blocked, id=21952, stack(0x00000040d5b00000,0x00000040d5c00000) (1024K)]
  0x000001eaa31a8a90 JavaThread "JNA Cleaner"                daemon [_thread_blocked, id=26476, stack(0x00000040d5a00000,0x00000040d5b00000) (1024K)]
  0x000001eaa31a97b0 JavaThread "Worker-0"                          [_thread_blocked, id=11440, stack(0x00000040d5c00000,0x00000040d5d00000) (1024K)]
  0x000001ea5cd42c00 JavaThread "Worker-1"                          [_thread_blocked, id=20624, stack(0x00000040d5d00000,0x00000040d5e00000) (1024K)]
  0x000001ea5cd404a0 JavaThread "Java indexing"              daemon [_thread_blocked, id=12008, stack(0x00000040d6100000,0x00000040d6200000) (1024K)]
  0x000001ea5cd411c0 JavaThread "Worker-2"                          [_thread_blocked, id=17488, stack(0x00000040d6200000,0x00000040d6300000) (1024K)]
  0x000001ea5cd40b30 JavaThread "Worker-3"                          [_thread_blocked, id=14748, stack(0x00000040d6500000,0x00000040d6600000) (1024K)]
  0x000001ea5cd43290 JavaThread "Worker-4"                          [_thread_blocked, id=26404, stack(0x00000040d6600000,0x00000040d6700000) (1024K)]
  0x000001ea5cd43920 JavaThread "Thread-2"                   daemon [_thread_in_native, id=6392, stack(0x00000040d6700000,0x00000040d6800000) (1024K)]
  0x000001ea5cd3e3d0 JavaThread "Thread-3"                   daemon [_thread_in_native, id=26636, stack(0x00000040d6800000,0x00000040d6900000) (1024K)]
  0x000001ea5cd41850 JavaThread "Thread-4"                   daemon [_thread_in_native, id=13432, stack(0x00000040d6900000,0x00000040d6a00000) (1024K)]
  0x000001ea5cd43fb0 JavaThread "Thread-5"                   daemon [_thread_in_native, id=4740, stack(0x00000040d6a00000,0x00000040d6b00000) (1024K)]
  0x000001ea5cd3ea60 JavaThread "Thread-6"                   daemon [_thread_in_native, id=6208, stack(0x00000040d6b00000,0x00000040d6c00000) (1024K)]
  0x000001ea5cd3d6b0 JavaThread "Thread-7"                   daemon [_thread_in_native, id=27236, stack(0x00000040d6c00000,0x00000040d6d00000) (1024K)]
  0x000001ea5cd44cd0 JavaThread "Thread-8"                   daemon [_thread_in_native, id=22092, stack(0x00000040d6d00000,0x00000040d6e00000) (1024K)]
  0x000001ea5cd41ee0 JavaThread "Thread-9"                   daemon [_thread_in_native, id=18448, stack(0x00000040d6e00000,0x00000040d6f00000) (1024K)]
  0x000001ea5cd3f780 JavaThread "Thread-10"                  daemon [_thread_in_native, id=25308, stack(0x00000040d6f00000,0x00000040d7000000) (1024K)]
  0x000001ea5cd3f0f0 JavaThread "pool-2-thread-1"                   [_thread_blocked, id=4484, stack(0x00000040d7000000,0x00000040d7100000) (1024K)]
  0x000001ea5cd3fe10 JavaThread "Worker-5: Building"                [_thread_blocked, id=22876, stack(0x00000040d7200000,0x00000040d7300000) (1024K)]
  0x000001ea5cd42570 JavaThread "WorkspaceEventsHandler"            [_thread_blocked, id=7344, stack(0x00000040d7300000,0x00000040d7400000) (1024K)]
  0x000001eaa31a9120 JavaThread "pool-1-thread-1"                   [_thread_blocked, id=4336, stack(0x00000040d7400000,0x00000040d7500000) (1024K)]
  0x000001eaa30cc930 JavaThread "Worker-6"                          [_thread_blocked, id=18352, stack(0x00000040d7500000,0x00000040d7600000) (1024K)]
  0x000001eaa30d17f0 JavaThread "LocalFile Deleter"          daemon [_thread_blocked, id=12684, stack(0x00000040d5900000,0x00000040d5a00000) (1024K)]
  0x000001eaa30cd650 JavaThread "LocalFile Deleter"          daemon [_thread_blocked, id=8384, stack(0x00000040d7700000,0x00000040d7800000) (1024K)]
  0x000001eaa30cc2a0 JavaThread "LocalFile Deleter"          daemon [_thread_blocked, id=24752, stack(0x00000040d7800000,0x00000040d7900000) (1024K)]
  0x000001eaa30d1e80 JavaThread "LocalFile Deleter"          daemon [_thread_blocked, id=9160, stack(0x00000040d7900000,0x00000040d7a00000) (1024K)]
  0x000001eaa30ccfc0 JavaThread "LocalFile Deleter"          daemon [_thread_blocked, id=24904, stack(0x00000040d7a00000,0x00000040d7b00000) (1024K)]
  0x000001eaa30d0ad0 JavaThread "LocalFile Deleter"          daemon [_thread_blocked, id=21900, stack(0x00000040d7b00000,0x00000040d7c00000) (1024K)]
  0x000001eaa30cdce0 JavaThread "LocalFile Deleter"          daemon [_thread_blocked, id=21976, stack(0x00000040d7c00000,0x00000040d7d00000) (1024K)]
  0x000001eaa30caef0 JavaThread "LocalFile Deleter"          daemon [_thread_blocked, id=16940, stack(0x00000040d7d00000,0x00000040d7e00000) (1024K)]
  0x000001eaa30cea00 JavaThread "Compiler Source File Reader" daemon [_thread_blocked, id=27488, stack(0x00000040d7e00000,0x00000040d7f00000) (1024K)]
  0x000001eaa30d2510 JavaThread "Compiler Source File Reader" daemon [_thread_blocked, id=10060, stack(0x00000040d7f00000,0x00000040d8000000) (1024K)]
  0x000001eaa30cb580 JavaThread "Compiler Source File Reader" daemon [_thread_blocked, id=3884, stack(0x00000040d8000000,0x00000040d8100000) (1024K)]
  0x000001eaa30ce370 JavaThread "Compiler Source File Reader" daemon [_thread_blocked, id=10432, stack(0x00000040d8100000,0x00000040d8200000) (1024K)]
  0x000001eaa30cf090 JavaThread "Compiler Source File Reader" daemon [_thread_blocked, id=17884, stack(0x00000040d8200000,0x00000040d8300000) (1024K)]
  0x000001eaa30cf720 JavaThread "Compiler Source File Reader" daemon [_thread_blocked, id=22016, stack(0x00000040d8300000,0x00000040d8400000) (1024K)]
  0x000001eaa30cbc10 JavaThread "Compiler Processing Task"   daemon [_thread_blocked, id=17352, stack(0x00000040d8400000,0x00000040d8500000) (1024K)]
  0x000001eaa7ae5a70 JavaThread "Compiler Class File Writer" daemon [_thread_blocked, id=17948, stack(0x00000040d8500000,0x00000040d8600000) (1024K)]
  0x000001eaa7ae8ef0 JavaThread "Compiler Class File Writer" daemon [_thread_blocked, id=7788, stack(0x00000040d8600000,0x00000040d8700000) (1024K)]
  0x000001eaa7ae9580 JavaThread "Compiler Class File Writer" daemon [_thread_blocked, id=10272, stack(0x00000040d8700000,0x00000040d8800000) (1024K)]
  0x000001eaa7ae81d0 JavaThread "Compiler Class File Writer" daemon [_thread_blocked, id=12520, stack(0x00000040d8800000,0x00000040d8900000) (1024K)]
  0x000001eaa7ae6e20 JavaThread "Compiler Class File Writer" daemon [_thread_blocked, id=5148, stack(0x00000040d8900000,0x00000040d8a00000) (1024K)]
  0x000001eaa7ae6790 JavaThread "Compiler Class File Writer" daemon [_thread_blocked, id=24472, stack(0x00000040d8a00000,0x00000040d8b00000) (1024K)]
  0x000001eaa7ae6100 JavaThread "ForkJoinPool.commonPool-worker-1" daemon [_thread_blocked, id=26496, stack(0x00000040d7600000,0x00000040d7700000) (1024K)]
  0x000001eaa7ae74b0 JavaThread "ForkJoinPool.commonPool-worker-2" daemon [_thread_blocked, id=22900, stack(0x00000040d3700000,0x00000040d3800000) (1024K)]
  0x000001eaa7ae39a0 JavaThread "ForkJoinPool.commonPool-worker-3" daemon [_thread_blocked, id=26992, stack(0x00000040d3800000,0x00000040d3900000) (1024K)]
  0x000001eaa7ae9c10 JavaThread "ForkJoinPool.commonPool-worker-4" daemon [_thread_blocked, id=21520, stack(0x00000040d3900000,0x00000040d3a00000) (1024K)]
  0x000001eaa692ed40 JavaThread "C2 CompilerThread1"         daemon [_thread_in_native, id=6620, stack(0x00000040d5e00000,0x00000040d5f00000) (1024K)]
  0x000001eaa32feaf0 JavaThread "C2 CompilerThread2"         daemon [_thread_blocked, id=22336, stack(0x00000040d8f00000,0x00000040d9000000) (1024K)]
  0x000001eaa7ae4d50 JavaThread "ParallelDescriptorResolver-1-0" daemon [_thread_blocked, id=8256, stack(0x00000040d6000000,0x00000040d6100000) (1024K)]
  0x000001eaa7ae53e0 JavaThread "ParallelDescriptorResolver-1-1" daemon [_thread_blocked, id=19852, stack(0x00000040d8b00000,0x00000040d8c00000) (1024K)]
  0x000001eaa7ae8860 JavaThread "ParallelDescriptorResolver-1-2" daemon [_thread_blocked, id=7564, stack(0x00000040d8c00000,0x00000040d8d00000) (1024K)]
  0x000001eaa7ae4030 JavaThread "ParallelDescriptorResolver-1-3" daemon [_thread_blocked, id=27104, stack(0x00000040d8d00000,0x00000040d8e00000) (1024K)]
  0x000001eaa7ae2c80 JavaThread "ParallelDescriptorResolver-1-4" daemon [_thread_blocked, id=14400, stack(0x00000040d8e00000,0x00000040d8f00000) (1024K)]
Total: 71

Other Threads:
=>0x000001ea502ed3d0 VMThread "VM Thread"                           [id=4712, stack(0x00000040d4100000,0x00000040d4200000) (1024K)]
  0x000001ea502df600 WatcherThread "VM Periodic Task Thread"        [id=15048, stack(0x00000040d4000000,0x00000040d4100000) (1024K)]
  0x000001ea50172740 WorkerThread "GC Thread#0"                     [id=15368, stack(0x00000040d3b00000,0x00000040d3c00000) (1024K)]
  0x000001eaa277c6a0 WorkerThread "GC Thread#1"                     [id=21908, stack(0x00000040d4e00000,0x00000040d4f00000) (1024K)]
  0x000001eaa25f5a00 WorkerThread "GC Thread#2"                     [id=21048, stack(0x00000040d4f00000,0x00000040d5000000) (1024K)]
  0x000001eaa25f6620 WorkerThread "GC Thread#3"                     [id=13756, stack(0x00000040d5000000,0x00000040d5100000) (1024K)]
  0x000001eaa287eb60 WorkerThread "GC Thread#4"                     [id=15640, stack(0x00000040d5100000,0x00000040d5200000) (1024K)]
  0x000001eaa287ef00 WorkerThread "GC Thread#5"                     [id=9760, stack(0x00000040d5200000,0x00000040d5300000) (1024K)]
  0x000001eaa2dc97e0 WorkerThread "GC Thread#6"                     [id=12580, stack(0x00000040d5400000,0x00000040d5500000) (1024K)]
  0x000001eaa2a4fcb0 WorkerThread "GC Thread#7"                     [id=10028, stack(0x00000040d5500000,0x00000040d5600000) (1024K)]
  0x000001ea3dc84af0 ConcurrentGCThread "G1 Main Marker"            [id=7732, stack(0x00000040d3c00000,0x00000040d3d00000) (1024K)]
  0x000001ea3b8ae4f0 WorkerThread "G1 Conc#0"                       [id=15072, stack(0x00000040d3d00000,0x00000040d3e00000) (1024K)]
  0x000001eaa2af0960 WorkerThread "G1 Conc#1"                       [id=19196, stack(0x00000040d5f00000,0x00000040d6000000) (1024K)]
  0x000001ea501a7a30 ConcurrentGCThread "G1 Refine#0"               [id=15740, stack(0x00000040d3e00000,0x00000040d3f00000) (1024K)]
  0x000001ea501aa260 ConcurrentGCThread "G1 Service"                [id=15224, stack(0x00000040d3f00000,0x00000040d4000000) (1024K)]
Total: 15

Threads with active compile tasks:
C2 CompilerThread0  45448 15621 % !   4       org.codehaus.plexus.util.xml.pull.MXParser::parseComment @ 81 (590 bytes)
C1 CompilerThread0  45449 15737   !   2       org.apache.maven.model.Activation::clone (127 bytes)
C2 CompilerThread1  45449 15347   !   4       org.eclipse.osgi.internal.loader.classpath.ClasspathManager::defineClass (636 bytes)
C2 CompilerThread2  45449 15240       4       java.lang.invoke.MethodType::makeImpl (109 bytes)
Total: 4

VM state: at safepoint (normal execution)

VM Mutex/Monitor currently owned by a thread:  ([mutex/lock_event])
[0x00007ffb9b5be380] Threads_lock - owner thread: 0x000001ea502ed3d0
[0x00007ffb9b5be480] Heap_lock - owner thread: 0x000001eaa7ae8860

Heap address: 0x0000000600000000, size: 8192 MB, Compressed Oops mode: Zero based, Oop shift amount: 3

CDS archive(s) mapped at: [0x000001ea5d000000-0x000001ea5dba0000-0x000001ea5dba0000), size 12189696, SharedBaseAddress: 0x000001ea5d000000, ArchiveRelocationMode: 1.
Compressed class space mapped at: 0x000001ea5e000000-0x000001ea9e000000, reserved size: 1073741824
Narrow klass base: 0x000001ea5d000000, Narrow klass shift: 0, Narrow klass range: 0x100000000

GC Precious Log:
 CardTable entry size: 512
 Card Set container configuration: InlinePtr #cards 4 size 8 Array Of Cards #cards 32 size 80 Howl #buckets 8 coarsen threshold 7372 Howl Bitmap #cards 1024 size 144 coarsen threshold 921 Card regions per heap region 1 cards per card region 8192
 CPUs: 8 total, 8 available
 Memory: 16283M
 Large Page Support: Disabled
 NUMA Support: Disabled
 Compressed Oops: Enabled (Zero based)
 Heap Region Size: 4M
 Heap Min Capacity: 100M
 Heap Initial Capacity: 100M
 Heap Max Capacity: 8G
 Pre-touch: Disabled
 Parallel Workers: 8
 Concurrent Workers: 2
 Concurrent Refinement Workers: 8
 Periodic GC: Disabled

Heap:
 garbage-first heap   total 655360K, used 399494K [0x0000000600000000, 0x0000000800000000)
  region size 4096K, 3 young (12288K), 3 survivors (12288K)
 Metaspace       used 72222K, committed 73856K, reserved 1179648K
  class space    used 7249K, committed 8000K, reserved 1048576K

Heap Regions: E=young(eden), S=young(survivor), O=old, HS=humongous(starts), HC=humongous(continues), CS=collection set, F=free, TAMS=top-at-mark-start, PB=parsable bottom
|   0|0x0000000600000000, 0x0000000600400000, 0x0000000600400000|100%| O|  |TAMS 0x0000000600000000| PB 0x0000000600000000| Untracked 
|   1|0x0000000600400000, 0x0000000600800000, 0x0000000600800000|100%| O|  |TAMS 0x0000000600400000| PB 0x0000000600400000| Untracked 
|   2|0x0000000600800000, 0x0000000600c00000, 0x0000000600c00000|100%| O|  |TAMS 0x0000000600800000| PB 0x0000000600800000| Untracked 
|   3|0x0000000600c00000, 0x0000000601000000, 0x0000000601000000|100%| O|  |TAMS 0x0000000600c00000| PB 0x0000000600c00000| Untracked 
|   4|0x0000000601000000, 0x0000000601400000, 0x0000000601400000|100%| O|  |TAMS 0x0000000601000000| PB 0x0000000601000000| Untracked 
|   5|0x0000000601400000, 0x0000000601800000, 0x0000000601800000|100%| O|  |TAMS 0x0000000601400000| PB 0x0000000601400000| Untracked 
|   6|0x0000000601800000, 0x0000000601c00000, 0x0000000601c00000|100%| O|  |TAMS 0x0000000601800000| PB 0x0000000601800000| Untracked 
|   7|0x0000000601c00000, 0x0000000602000000, 0x0000000602000000|100%| O|  |TAMS 0x0000000601c00000| PB 0x0000000601c00000| Untracked 
|   8|0x0000000602000000, 0x0000000602400000, 0x0000000602400000|100%| O|  |TAMS 0x0000000602000000| PB 0x0000000602000000| Untracked 
|   9|0x0000000602400000, 0x0000000602800000, 0x0000000602800000|100%| O|  |TAMS 0x0000000602400000| PB 0x0000000602400000| Untracked 
|  10|0x0000000602800000, 0x0000000602c00000, 0x0000000602c00000|100%| O|  |TAMS 0x0000000602800000| PB 0x0000000602800000| Untracked 
|  11|0x0000000602c00000, 0x0000000603000000, 0x0000000603000000|100%| O|  |TAMS 0x0000000602c00000| PB 0x0000000602c00000| Untracked 
|  12|0x0000000603000000, 0x0000000603400000, 0x0000000603400000|100%|HS|  |TAMS 0x0000000603000000| PB 0x0000000603000000| Complete 
|  13|0x0000000603400000, 0x0000000603800000, 0x0000000603800000|100%| O|  |TAMS 0x0000000603400000| PB 0x0000000603400000| Untracked 
|  14|0x0000000603800000, 0x0000000603c00000, 0x0000000603c00000|100%| O|  |TAMS 0x0000000603800000| PB 0x0000000603800000| Untracked 
|  15|0x0000000603c00000, 0x0000000604000000, 0x0000000604000000|100%| O|  |TAMS 0x0000000603c00000| PB 0x0000000603c00000| Untracked 
|  16|0x0000000604000000, 0x0000000604400000, 0x0000000604400000|100%| O|  |TAMS 0x0000000604000000| PB 0x0000000604000000| Untracked 
|  17|0x0000000604400000, 0x0000000604800000, 0x0000000604800000|100%| O|  |TAMS 0x0000000604400000| PB 0x0000000604400000| Untracked 
|  18|0x0000000604800000, 0x0000000604c00000, 0x0000000604c00000|100%| O|  |TAMS 0x0000000604800000| PB 0x0000000604800000| Untracked 
|  19|0x0000000604c00000, 0x0000000605000000, 0x0000000605000000|100%| O|  |TAMS 0x0000000604c00000| PB 0x0000000604c00000| Untracked 
|  20|0x0000000605000000, 0x0000000605400000, 0x0000000605400000|100%| O|  |TAMS 0x0000000605000000| PB 0x0000000605000000| Untracked 
|  21|0x0000000605400000, 0x0000000605800000, 0x0000000605800000|100%| O|  |TAMS 0x0000000605400000| PB 0x0000000605400000| Untracked 
|  22|0x0000000605800000, 0x0000000605c00000, 0x0000000605c00000|100%| O|  |TAMS 0x0000000605800000| PB 0x0000000605800000| Untracked 
|  23|0x0000000605c00000, 0x0000000606000000, 0x0000000606000000|100%| O|  |TAMS 0x0000000605c00000| PB 0x0000000605c00000| Untracked 
|  24|0x0000000606000000, 0x0000000606400000, 0x0000000606400000|100%| O|  |TAMS 0x0000000606000000| PB 0x0000000606000000| Untracked 
|  25|0x0000000606400000, 0x0000000606800000, 0x0000000606800000|100%| O|  |TAMS 0x0000000606400000| PB 0x0000000606400000| Untracked 
|  26|0x0000000606800000, 0x0000000606c00000, 0x0000000606c00000|100%| O|  |TAMS 0x0000000606800000| PB 0x0000000606800000| Untracked 
|  27|0x0000000606c00000, 0x0000000607000000, 0x0000000607000000|100%| O|  |TAMS 0x0000000606c00000| PB 0x0000000606c00000| Untracked 
|  28|0x0000000607000000, 0x0000000607400000, 0x0000000607400000|100%| O|  |TAMS 0x0000000607000000| PB 0x0000000607000000| Untracked 
|  29|0x0000000607400000, 0x0000000607800000, 0x0000000607800000|100%| O|  |TAMS 0x0000000607400000| PB 0x0000000607400000| Untracked 
|  30|0x0000000607800000, 0x0000000607c00000, 0x0000000607c00000|100%| O|  |TAMS 0x0000000607800000| PB 0x0000000607800000| Untracked 
|  31|0x0000000607c00000, 0x0000000608000000, 0x0000000608000000|100%| O|  |TAMS 0x0000000607c00000| PB 0x0000000607c00000| Untracked 
|  32|0x0000000608000000, 0x0000000608400000, 0x0000000608400000|100%| O|  |TAMS 0x0000000608000000| PB 0x0000000608000000| Untracked 
|  33|0x0000000608400000, 0x0000000608800000, 0x0000000608800000|100%| O|  |TAMS 0x0000000608400000| PB 0x0000000608400000| Untracked 
|  34|0x0000000608800000, 0x0000000608c00000, 0x0000000608c00000|100%| O|  |TAMS 0x0000000608800000| PB 0x0000000608800000| Untracked 
|  35|0x0000000608c00000, 0x0000000609000000, 0x0000000609000000|100%| O|  |TAMS 0x0000000608c00000| PB 0x0000000608c00000| Untracked 
|  36|0x0000000609000000, 0x0000000609400000, 0x0000000609400000|100%| O|  |TAMS 0x0000000609000000| PB 0x0000000609000000| Untracked 
|  37|0x0000000609400000, 0x0000000609800000, 0x0000000609800000|100%| O|  |TAMS 0x0000000609400000| PB 0x0000000609400000| Untracked 
|  38|0x0000000609800000, 0x0000000609c00000, 0x0000000609c00000|100%| O|  |TAMS 0x0000000609800000| PB 0x0000000609800000| Untracked 
|  39|0x0000000609c00000, 0x000000060a000000, 0x000000060a000000|100%| O|  |TAMS 0x0000000609c00000| PB 0x0000000609c00000| Untracked 
|  40|0x000000060a000000, 0x000000060a400000, 0x000000060a400000|100%| O|  |TAMS 0x000000060a000000| PB 0x000000060a000000| Untracked 
|  41|0x000000060a400000, 0x000000060a800000, 0x000000060a800000|100%| O|  |TAMS 0x000000060a400000| PB 0x000000060a400000| Untracked 
|  42|0x000000060a800000, 0x000000060ac00000, 0x000000060ac00000|100%| O|  |TAMS 0x000000060a800000| PB 0x000000060a800000| Untracked 
|  43|0x000000060ac00000, 0x000000060b000000, 0x000000060b000000|100%| O|  |TAMS 0x000000060ac00000| PB 0x000000060ac00000| Untracked 
|  44|0x000000060b000000, 0x000000060b400000, 0x000000060b400000|100%| O|  |TAMS 0x000000060b000000| PB 0x000000060b000000| Untracked 
|  45|0x000000060b400000, 0x000000060b400000, 0x000000060b800000|  0%| F|  |TAMS 0x000000060b400000| PB 0x000000060b400000| Untracked 
|  46|0x000000060b800000, 0x000000060bc00000, 0x000000060bc00000|100%| O|  |TAMS 0x000000060b800000| PB 0x000000060b800000| Untracked 
|  47|0x000000060bc00000, 0x000000060c000000, 0x000000060c000000|100%| O|  |TAMS 0x000000060bc00000| PB 0x000000060bc00000| Untracked 
|  48|0x000000060c000000, 0x000000060c400000, 0x000000060c400000|100%| O|  |TAMS 0x000000060c000000| PB 0x000000060c000000| Untracked 
|  49|0x000000060c400000, 0x000000060c800000, 0x000000060c800000|100%| O|  |TAMS 0x000000060c400000| PB 0x000000060c400000| Untracked 
|  50|0x000000060c800000, 0x000000060cc00000, 0x000000060cc00000|100%| O|  |TAMS 0x000000060c800000| PB 0x000000060c800000| Untracked 
|  51|0x000000060cc00000, 0x000000060d000000, 0x000000060d000000|100%| O|  |TAMS 0x000000060cc00000| PB 0x000000060cc00000| Untracked 
|  52|0x000000060d000000, 0x000000060d400000, 0x000000060d400000|100%| O|  |TAMS 0x000000060d000000| PB 0x000000060d000000| Untracked 
|  53|0x000000060d400000, 0x000000060d800000, 0x000000060d800000|100%| O|  |TAMS 0x000000060d400000| PB 0x000000060d400000| Untracked 
|  54|0x000000060d800000, 0x000000060dc00000, 0x000000060dc00000|100%| O|  |TAMS 0x000000060d800000| PB 0x000000060d800000| Untracked 
|  55|0x000000060dc00000, 0x000000060e000000, 0x000000060e000000|100%| O|  |TAMS 0x000000060dc00000| PB 0x000000060dc00000| Untracked 
|  56|0x000000060e000000, 0x000000060e000000, 0x000000060e400000|  0%| F|  |TAMS 0x000000060e000000| PB 0x000000060e000000| Untracked 
|  57|0x000000060e400000, 0x000000060e800000, 0x000000060e800000|100%| O|  |TAMS 0x000000060e400000| PB 0x000000060e400000| Untracked 
|  58|0x000000060e800000, 0x000000060ec00000, 0x000000060ec00000|100%| O|  |TAMS 0x000000060e800000| PB 0x000000060e800000| Untracked 
|  59|0x000000060ec00000, 0x000000060f000000, 0x000000060f000000|100%| O|  |TAMS 0x000000060ec00000| PB 0x000000060ec00000| Untracked 
|  60|0x000000060f000000, 0x000000060f000000, 0x000000060f400000|  0%| F|  |TAMS 0x000000060f000000| PB 0x000000060f000000| Untracked 
|  61|0x000000060f400000, 0x000000060f800000, 0x000000060f800000|100%| O|  |TAMS 0x000000060f400000| PB 0x000000060f400000| Untracked 
|  62|0x000000060f800000, 0x000000060fc00000, 0x000000060fc00000|100%| O|  |TAMS 0x000000060f800000| PB 0x000000060f800000| Untracked 
|  63|0x000000060fc00000, 0x000000060fc00000, 0x0000000610000000|  0%| F|  |TAMS 0x000000060fc00000| PB 0x000000060fc00000| Untracked 
|  64|0x0000000610000000, 0x0000000610400000, 0x0000000610400000|100%| O|  |TAMS 0x0000000610000000| PB 0x0000000610000000| Untracked 
|  65|0x0000000610400000, 0x0000000610800000, 0x0000000610800000|100%| O|  |TAMS 0x0000000610400000| PB 0x0000000610400000| Untracked 
|  66|0x0000000610800000, 0x0000000610800000, 0x0000000610c00000|  0%| F|  |TAMS 0x0000000610800000| PB 0x0000000610800000| Untracked 
|  67|0x0000000610c00000, 0x0000000611000000, 0x0000000611000000|100%| O|  |TAMS 0x0000000610c00000| PB 0x0000000610c00000| Untracked 
|  68|0x0000000611000000, 0x0000000611000000, 0x0000000611400000|  0%| F|  |TAMS 0x0000000611000000| PB 0x0000000611000000| Untracked 
|  69|0x0000000611400000, 0x0000000611400000, 0x0000000611800000|  0%| F|  |TAMS 0x0000000611400000| PB 0x0000000611400000| Untracked 
|  70|0x0000000611800000, 0x0000000611c00000, 0x0000000611c00000|100%| O|  |TAMS 0x0000000611800000| PB 0x0000000611800000| Untracked 
|  71|0x0000000611c00000, 0x0000000612000000, 0x0000000612000000|100%| O|  |TAMS 0x0000000611c00000| PB 0x0000000611c00000| Untracked 
|  72|0x0000000612000000, 0x0000000612400000, 0x0000000612400000|100%| O|  |TAMS 0x0000000612000000| PB 0x0000000612000000| Untracked 
|  73|0x0000000612400000, 0x0000000612800000, 0x0000000612800000|100%| O|  |TAMS 0x0000000612400000| PB 0x0000000612400000| Untracked 
|  74|0x0000000612800000, 0x0000000612c00000, 0x0000000612c00000|100%| O|  |TAMS 0x0000000612800000| PB 0x0000000612800000| Untracked 
|  75|0x0000000612c00000, 0x0000000613000000, 0x0000000613000000|100%| O|  |TAMS 0x0000000612c00000| PB 0x0000000612c00000| Untracked 
|  76|0x0000000613000000, 0x0000000613400000, 0x0000000613400000|100%| O|  |TAMS 0x0000000613000000| PB 0x0000000613000000| Untracked 
|  77|0x0000000613400000, 0x0000000613800000, 0x0000000613800000|100%| O|  |TAMS 0x0000000613400000| PB 0x0000000613400000| Untracked 
|  78|0x0000000613800000, 0x0000000613c00000, 0x0000000613c00000|100%| O|  |TAMS 0x0000000613800000| PB 0x0000000613800000| Untracked 
|  79|0x0000000613c00000, 0x0000000614000000, 0x0000000614000000|100%| O|  |TAMS 0x0000000613c00000| PB 0x0000000613c00000| Untracked 
|  80|0x0000000614000000, 0x0000000614000000, 0x0000000614400000|  0%| F|  |TAMS 0x0000000614000000| PB 0x0000000614000000| Untracked 
|  81|0x0000000614400000, 0x0000000614800000, 0x0000000614800000|100%| O|  |TAMS 0x0000000614400000| PB 0x0000000614400000| Untracked 
|  82|0x0000000614800000, 0x0000000614c00000, 0x0000000614c00000|100%| O|  |TAMS 0x0000000614800000| PB 0x0000000614800000| Untracked 
|  83|0x0000000614c00000, 0x0000000615000000, 0x0000000615000000|100%| O|  |TAMS 0x0000000614c00000| PB 0x0000000614c00000| Untracked 
|  84|0x0000000615000000, 0x0000000615400000, 0x0000000615400000|100%| O|  |TAMS 0x0000000615000000| PB 0x0000000615000000| Untracked 
|  85|0x0000000615400000, 0x0000000615800000, 0x0000000615800000|100%| O|  |TAMS 0x0000000615400000| PB 0x0000000615400000| Untracked 
|  86|0x0000000615800000, 0x0000000615c00000, 0x0000000615c00000|100%| O|  |TAMS 0x0000000615800000| PB 0x0000000615800000| Untracked 
|  87|0x0000000615c00000, 0x0000000615c00000, 0x0000000616000000|  0%| F|  |TAMS 0x0000000615c00000| PB 0x0000000615c00000| Untracked 
|  88|0x0000000616000000, 0x0000000616400000, 0x0000000616400000|100%| O|  |TAMS 0x0000000616000000| PB 0x0000000616000000| Untracked 
|  89|0x0000000616400000, 0x0000000616800000, 0x0000000616800000|100%| O|  |TAMS 0x0000000616400000| PB 0x0000000616400000| Untracked 
|  90|0x0000000616800000, 0x0000000616c00000, 0x0000000616c00000|100%| O|  |TAMS 0x0000000616800000| PB 0x0000000616800000| Untracked 
|  91|0x0000000616c00000, 0x0000000617000000, 0x0000000617000000|100%| O|  |TAMS 0x0000000616c00000| PB 0x0000000616c00000| Untracked 
|  92|0x0000000617000000, 0x0000000617400000, 0x0000000617400000|100%| O|  |TAMS 0x0000000617000000| PB 0x0000000617000000| Untracked 
|  93|0x0000000617400000, 0x0000000617800000, 0x0000000617800000|100%| O|  |TAMS 0x0000000617400000| PB 0x0000000617400000| Untracked 
|  94|0x0000000617800000, 0x0000000617c00000, 0x0000000617c00000|100%| O|  |TAMS 0x0000000617800000| PB 0x0000000617800000| Untracked 
|  95|0x0000000617c00000, 0x0000000618000000, 0x0000000618000000|100%| O|  |TAMS 0x0000000617c00000| PB 0x0000000617c00000| Untracked 
|  96|0x0000000618000000, 0x0000000618400000, 0x0000000618400000|100%| O|  |TAMS 0x0000000618000000| PB 0x0000000618000000| Untracked 
|  97|0x0000000618400000, 0x0000000618800000, 0x0000000618800000|100%| O|  |TAMS 0x0000000618400000| PB 0x0000000618400000| Untracked 
|  98|0x0000000618800000, 0x0000000618c00000, 0x0000000618c00000|100%| O|  |TAMS 0x0000000618800000| PB 0x0000000618800000| Untracked 
|  99|0x0000000618c00000, 0x0000000619000000, 0x0000000619000000|100%| O|  |TAMS 0x0000000618c00000| PB 0x0000000618c00000| Untracked 
| 100|0x0000000619000000, 0x0000000619400000, 0x0000000619400000|100%| O|  |TAMS 0x0000000619000000| PB 0x0000000619000000| Untracked 
| 101|0x0000000619400000, 0x0000000619800000, 0x0000000619800000|100%| O|  |TAMS 0x0000000619400000| PB 0x0000000619400000| Untracked 
| 102|0x0000000619800000, 0x0000000619c00000, 0x0000000619c00000|100%| O|  |TAMS 0x0000000619800000| PB 0x0000000619800000| Untracked 
| 103|0x0000000619c00000, 0x0000000619fe02e8, 0x000000061a000000| 96%| O|  |TAMS 0x0000000619c00000| PB 0x0000000619c00000| Untracked 
| 104|0x000000061a000000, 0x000000061a000000, 0x000000061a400000|  0%| F|  |TAMS 0x000000061a000000| PB 0x000000061a000000| Untracked 
| 105|0x000000061a400000, 0x000000061a400000, 0x000000061a800000|  0%| F|  |TAMS 0x000000061a400000| PB 0x000000061a400000| Untracked 
| 106|0x000000061a800000, 0x000000061a800000, 0x000000061ac00000|  0%| F|  |TAMS 0x000000061a800000| PB 0x000000061a800000| Untracked 
| 107|0x000000061ac00000, 0x000000061ac00000, 0x000000061b000000|  0%| F|  |TAMS 0x000000061ac00000| PB 0x000000061ac00000| Untracked 
| 108|0x000000061b000000, 0x000000061b000000, 0x000000061b400000|  0%| F|  |TAMS 0x000000061b000000| PB 0x000000061b000000| Untracked 
| 109|0x000000061b400000, 0x000000061b400000, 0x000000061b800000|  0%| F|  |TAMS 0x000000061b400000| PB 0x000000061b400000| Untracked 
| 110|0x000000061b800000, 0x000000061b800000, 0x000000061bc00000|  0%| F|  |TAMS 0x000000061b800000| PB 0x000000061b800000| Untracked 
| 111|0x000000061bc00000, 0x000000061bc00000, 0x000000061c000000|  0%| F|  |TAMS 0x000000061bc00000| PB 0x000000061bc00000| Untracked 
| 112|0x000000061c000000, 0x000000061c000000, 0x000000061c400000|  0%| F|  |TAMS 0x000000061c000000| PB 0x000000061c000000| Untracked 
| 113|0x000000061c400000, 0x000000061c400000, 0x000000061c800000|  0%| F|  |TAMS 0x000000061c400000| PB 0x000000061c400000| Untracked 
| 114|0x000000061c800000, 0x000000061c800000, 0x000000061cc00000|  0%| F|  |TAMS 0x000000061c800000| PB 0x000000061c800000| Untracked 
| 115|0x000000061cc00000, 0x000000061cc00000, 0x000000061d000000|  0%| F|  |TAMS 0x000000061cc00000| PB 0x000000061cc00000| Untracked 
| 116|0x000000061d000000, 0x000000061d000000, 0x000000061d400000|  0%| F|  |TAMS 0x000000061d000000| PB 0x000000061d000000| Untracked 
| 117|0x000000061d400000, 0x000000061d400000, 0x000000061d800000|  0%| F|  |TAMS 0x000000061d400000| PB 0x000000061d400000| Untracked 
| 118|0x000000061d800000, 0x000000061d800000, 0x000000061dc00000|  0%| F|  |TAMS 0x000000061d800000| PB 0x000000061d800000| Untracked 
| 119|0x000000061dc00000, 0x000000061dc00000, 0x000000061e000000|  0%| F|  |TAMS 0x000000061dc00000| PB 0x000000061dc00000| Untracked 
| 120|0x000000061e000000, 0x000000061e000000, 0x000000061e400000|  0%| F|  |TAMS 0x000000061e000000| PB 0x000000061e000000| Untracked 
| 121|0x000000061e400000, 0x000000061e400000, 0x000000061e800000|  0%| F|  |TAMS 0x000000061e400000| PB 0x000000061e400000| Untracked 
| 122|0x000000061e800000, 0x000000061e800000, 0x000000061ec00000|  0%| F|  |TAMS 0x000000061e800000| PB 0x000000061e800000| Untracked 
| 123|0x000000061ec00000, 0x000000061ec00000, 0x000000061f000000|  0%| F|  |TAMS 0x000000061ec00000| PB 0x000000061ec00000| Untracked 
| 124|0x000000061f000000, 0x000000061f000000, 0x000000061f400000|  0%| F|  |TAMS 0x000000061f000000| PB 0x000000061f000000| Untracked 
| 125|0x000000061f400000, 0x000000061f6417a8, 0x000000061f800000| 56%| S|CS|TAMS 0x000000061f400000| PB 0x000000061f400000| Complete 
| 126|0x000000061f800000, 0x000000061fc00000, 0x000000061fc00000|100%| S|CS|TAMS 0x000000061f800000| PB 0x000000061f800000| Complete 
| 127|0x000000061fc00000, 0x0000000620000000, 0x0000000620000000|100%| S|CS|TAMS 0x000000061fc00000| PB 0x000000061fc00000| Complete 
| 128|0x0000000620000000, 0x0000000620000000, 0x0000000620400000|  0%| F|  |TAMS 0x0000000620000000| PB 0x0000000620000000| Untracked 
| 129|0x0000000620400000, 0x0000000620400000, 0x0000000620800000|  0%| F|  |TAMS 0x0000000620400000| PB 0x0000000620400000| Untracked 
| 130|0x0000000620800000, 0x0000000620800000, 0x0000000620c00000|  0%| F|  |TAMS 0x0000000620800000| PB 0x0000000620800000| Untracked 
| 131|0x0000000620c00000, 0x0000000620c00000, 0x0000000621000000|  0%| F|  |TAMS 0x0000000620c00000| PB 0x0000000620c00000| Untracked 
| 132|0x0000000621000000, 0x0000000621000000, 0x0000000621400000|  0%| F|  |TAMS 0x0000000621000000| PB 0x0000000621000000| Untracked 
| 133|0x0000000621400000, 0x0000000621400000, 0x0000000621800000|  0%| F|  |TAMS 0x0000000621400000| PB 0x0000000621400000| Untracked 
| 134|0x0000000621800000, 0x0000000621800000, 0x0000000621c00000|  0%| F|  |TAMS 0x0000000621800000| PB 0x0000000621800000| Untracked 
| 135|0x0000000621c00000, 0x0000000621c00000, 0x0000000622000000|  0%| F|  |TAMS 0x0000000621c00000| PB 0x0000000621c00000| Untracked 
| 136|0x0000000622000000, 0x0000000622000000, 0x0000000622400000|  0%| F|  |TAMS 0x0000000622000000| PB 0x0000000622000000| Untracked 
| 137|0x0000000622400000, 0x0000000622400000, 0x0000000622800000|  0%| F|  |TAMS 0x0000000622400000| PB 0x0000000622400000| Untracked 
| 138|0x0000000622800000, 0x0000000622800000, 0x0000000622c00000|  0%| F|  |TAMS 0x0000000622800000| PB 0x0000000622800000| Untracked 
| 139|0x0000000622c00000, 0x0000000622c00000, 0x0000000623000000|  0%| F|  |TAMS 0x0000000622c00000| PB 0x0000000622c00000| Untracked 
| 140|0x0000000623000000, 0x0000000623000000, 0x0000000623400000|  0%| F|  |TAMS 0x0000000623000000| PB 0x0000000623000000| Untracked 
| 141|0x0000000623400000, 0x0000000623400000, 0x0000000623800000|  0%| F|  |TAMS 0x0000000623400000| PB 0x0000000623400000| Untracked 
| 142|0x0000000623800000, 0x0000000623800000, 0x0000000623c00000|  0%| F|  |TAMS 0x0000000623800000| PB 0x0000000623800000| Untracked 
| 143|0x0000000623c00000, 0x0000000623c00000, 0x0000000624000000|  0%| F|  |TAMS 0x0000000623c00000| PB 0x0000000623c00000| Untracked 
| 144|0x0000000624000000, 0x0000000624000000, 0x0000000624400000|  0%| F|  |TAMS 0x0000000624000000| PB 0x0000000624000000| Untracked 
| 145|0x0000000624400000, 0x0000000624400000, 0x0000000624800000|  0%| F|  |TAMS 0x0000000624400000| PB 0x0000000624400000| Untracked 
| 146|0x0000000624800000, 0x0000000624800000, 0x0000000624c00000|  0%| F|  |TAMS 0x0000000624800000| PB 0x0000000624800000| Untracked 
| 147|0x0000000624c00000, 0x0000000624c00000, 0x0000000625000000|  0%| F|  |TAMS 0x0000000624c00000| PB 0x0000000624c00000| Untracked 
| 148|0x0000000625000000, 0x0000000625000000, 0x0000000625400000|  0%| F|  |TAMS 0x0000000625000000| PB 0x0000000625000000| Untracked 
| 149|0x0000000625400000, 0x0000000625400000, 0x0000000625800000|  0%| F|  |TAMS 0x0000000625400000| PB 0x0000000625400000| Untracked 
| 150|0x0000000625800000, 0x0000000625800000, 0x0000000625c00000|  0%| F|  |TAMS 0x0000000625800000| PB 0x0000000625800000| Untracked 
| 151|0x0000000625c00000, 0x0000000625c00000, 0x0000000626000000|  0%| F|  |TAMS 0x0000000625c00000| PB 0x0000000625c00000| Untracked 
| 152|0x0000000626000000, 0x0000000626000000, 0x0000000626400000|  0%| F|  |TAMS 0x0000000626000000| PB 0x0000000626000000| Untracked 
| 153|0x0000000626400000, 0x0000000626400000, 0x0000000626800000|  0%| F|  |TAMS 0x0000000626400000| PB 0x0000000626400000| Untracked 
| 154|0x0000000626800000, 0x0000000626800000, 0x0000000626c00000|  0%| F|  |TAMS 0x0000000626800000| PB 0x0000000626800000| Untracked 
| 155|0x0000000626c00000, 0x0000000626c00000, 0x0000000627000000|  0%| F|  |TAMS 0x0000000626c00000| PB 0x0000000626c00000| Untracked 
| 156|0x0000000627000000, 0x0000000627000000, 0x0000000627400000|  0%| F|  |TAMS 0x0000000627000000| PB 0x0000000627000000| Untracked 
| 157|0x0000000627400000, 0x0000000627400000, 0x0000000627800000|  0%| F|  |TAMS 0x0000000627400000| PB 0x0000000627400000| Untracked 
| 158|0x0000000627800000, 0x0000000627800000, 0x0000000627c00000|  0%| F|  |TAMS 0x0000000627800000| PB 0x0000000627800000| Untracked 
|2047|0x00000007ffc00000, 0x00000007ffc00000, 0x0000000800000000|  0%| F|  |TAMS 0x00000007ffc00000| PB 0x00000007ffc00000| Untracked 

Card table byte_map: [0x000001ea512f0000,0x000001ea522f0000] _byte_map_base: 0x000001ea4e2f0000

Marking Bits: (CMBitMap*) 0x000001ea3dc766a0
 Bits: [0x000001ea522f0000, 0x000001ea5a2f0000)

Polling page: 0x000001ea3ba60000

Metaspace:

Usage:
  Non-class:     63.45 MB used.
      Class:      7.08 MB used.
       Both:     70.53 MB used.

Virtual space:
  Non-class space:      128.00 MB reserved,      64.31 MB ( 50%) committed,  2 nodes.
      Class space:        1.00 GB reserved,       7.81 MB ( <1%) committed,  1 nodes.
             Both:        1.12 GB reserved,      72.12 MB (  6%) committed. 

Chunk freelists:
   Non-Class:  15.45 MB
       Class:  8.25 MB
        Both:  23.70 MB

MaxMetaspaceSize: unlimited
CompressedClassSpaceSize: 1.00 GB
Initial GC threshold: 21.00 MB
Current GC threshold: 115.25 MB
CDS: on
 - commit_granule_bytes: 65536.
 - commit_granule_words: 8192.
 - virtual_space_node_default_size: 8388608.
 - enlarge_chunks_in_place: 1.
 - use_allocation_guard: 0.


Internal statistics:

num_allocs_failed_limit: 6.
num_arena_births: 1418.
num_arena_deaths: 14.
num_vsnodes_births: 3.
num_vsnodes_deaths: 0.
num_space_committed: 1154.
num_space_uncommitted: 0.
num_chunks_returned_to_freelist: 20.
num_chunks_taken_from_freelist: 4893.
num_chunk_merges: 12.
num_chunk_splits: 2875.
num_chunks_enlarged: 1497.
num_inconsistent_stats: 0.

CodeHeap 'non-profiled nmethods': size=120000Kb used=11320Kb max_used=11320Kb free=108679Kb
 bounds [0x000001ea48890000, 0x000001ea493a0000, 0x000001ea4fdc0000]
CodeHeap 'profiled nmethods': size=120000Kb used=31348Kb max_used=31348Kb free=88651Kb
 bounds [0x000001ea40dc0000, 0x000001ea42c60000, 0x000001ea482f0000]
CodeHeap 'non-nmethods': size=5760Kb used=1774Kb max_used=1871Kb free=3985Kb
 bounds [0x000001ea482f0000, 0x000001ea48560000, 0x000001ea48890000]
 total_blobs=14135 nmethods=13350 adapters=687
 compilation: enabled
              stopped_count=0, restarted_count=0
 full_count=0

Compilation events (20 events):
Event: 45.321 Thread 0x000001ea5cbb5ef0 nmethod 15728 0x000001ea42c57310 code [0x000001ea42c574c0, 0x000001ea42c576c0]
Event: 45.321 Thread 0x000001ea5cbb5ef0 15724       1       org.eclipse.aether.resolution.VersionRangeRequest::getArtifact (5 bytes)
Event: 45.321 Thread 0x000001ea5cbb5ef0 nmethod 15724 0x000001ea4939d790 code [0x000001ea4939d920, 0x000001ea4939d9f0]
Event: 45.321 Thread 0x000001ea5cbb5ef0 15729       2       org.apache.maven.model.ModelBase::getPluginRepositories (23 bytes)
Event: 45.321 Thread 0x000001ea5cbb5ef0 nmethod 15729 0x000001ea42c57790 code [0x000001ea42c57940, 0x000001ea42c57b98]
Event: 45.321 Thread 0x000001ea5cbb5ef0 15730       1       org.apache.maven.model.ModelBase::setReporting (6 bytes)
Event: 45.321 Thread 0x000001ea5cbb5ef0 nmethod 15730 0x000001ea4939da90 code [0x000001ea4939dc20, 0x000001ea4939dd38]
Event: 45.322 Thread 0x000001ea5cbb5ef0 15726       1       org.eclipse.aether.DefaultRepositorySystemSession::getMirrorSelector (5 bytes)
Event: 45.322 Thread 0x000001ea5cbb5ef0 nmethod 15726 0x000001ea4939dd90 code [0x000001ea4939df20, 0x000001ea4939dff0]
Event: 45.322 Thread 0x000001ea5cbb5ef0 15731       3       org.codehaus.plexus.util.xml.pull.MXParser::nextImpl (1203 bytes)
Event: 45.327 Thread 0x000001ea5cbb5ef0 nmethod 15731 0x000001ea42c57c90 code [0x000001ea42c582e0, 0x000001ea42c5b040]
Event: 45.328 Thread 0x000001ea5cbb5ef0 15735       2       org.apache.maven.model.normalization.DefaultModelNormalizer::injectDependencyDefaults (46 bytes)
Event: 45.328 Thread 0x000001ea5cbb5ef0 nmethod 15735 0x000001ea42c5bd90 code [0x000001ea42c5bf80, 0x000001ea42c5c290]
Event: 45.328 Thread 0x000001ea5cbb5ef0 15734       2       org.codehaus.plexus.util.StringUtils::clean (14 bytes)
Event: 45.329 Thread 0x000001ea5cbb5ef0 nmethod 15734 0x000001ea42c5c490 code [0x000001ea42c5c640, 0x000001ea42c5c7f0]
Event: 45.329 Thread 0x000001ea5cbb5ef0 15733       2       org.apache.maven.model.building.ModelData::getArtifactId (17 bytes)
Event: 45.329 Thread 0x000001ea5cbb5ef0 nmethod 15733 0x000001ea42c5c910 code [0x000001ea42c5caa0, 0x000001ea42c5cbc0]
Event: 45.329 Thread 0x000001ea5cbb5ef0 15732       2       org.apache.maven.model.Model::getLicenses (23 bytes)
Event: 45.329 Thread 0x000001ea5cbb5ef0 nmethod 15732 0x000001ea42c5cc90 code [0x000001ea42c5ce40, 0x000001ea42c5d0a0]
Event: 45.329 Thread 0x000001ea5cbb5ef0 15737   !   2       org.apache.maven.model.Activation::clone (127 bytes)

GC Heap History (20 events):
Event: 20.527 GC heap after
{Heap after GC invocations=35 (full 0):
 garbage-first heap   total 372736K, used 180748K [0x0000000600000000, 0x0000000800000000)
  region size 4096K, 3 young (12288K), 3 survivors (12288K)
 Metaspace       used 64819K, committed 66240K, reserved 1114112K
  class space    used 6580K, committed 7232K, reserved 1048576K
}
Event: 21.409 GC heap before
{Heap before GC invocations=35 (full 0):
 garbage-first heap   total 372736K, used 307724K [0x0000000600000000, 0x0000000800000000)
  region size 4096K, 33 young (135168K), 3 survivors (12288K)
 Metaspace       used 64915K, committed 66240K, reserved 1114112K
  class space    used 6588K, committed 7232K, reserved 1048576K
}
Event: 21.426 GC heap after
{Heap after GC invocations=36 (full 0):
 garbage-first heap   total 372736K, used 212234K [0x0000000600000000, 0x0000000800000000)
  region size 4096K, 5 young (20480K), 5 survivors (20480K)
 Metaspace       used 64915K, committed 66240K, reserved 1114112K
  class space    used 6588K, committed 7232K, reserved 1048576K
}
Event: 22.057 GC heap before
{Heap before GC invocations=36 (full 0):
 garbage-first heap   total 372736K, used 306442K [0x0000000600000000, 0x0000000800000000)
  region size 4096K, 28 young (114688K), 5 survivors (20480K)
 Metaspace       used 64945K, committed 66304K, reserved 1114112K
  class space    used 6588K, committed 7232K, reserved 1048576K
}
Event: 22.073 GC heap after
{Heap after GC invocations=37 (full 0):
 garbage-first heap   total 372736K, used 232592K [0x0000000600000000, 0x0000000800000000)
  region size 4096K, 4 young (16384K), 4 survivors (16384K)
 Metaspace       used 64945K, committed 66304K, reserved 1114112K
  class space    used 6588K, committed 7232K, reserved 1048576K
}
Event: 22.719 GC heap before
{Heap before GC invocations=37 (full 0):
 garbage-first heap   total 372736K, used 314512K [0x0000000600000000, 0x0000000800000000)
  region size 4096K, 25 young (102400K), 4 survivors (16384K)
 Metaspace       used 65233K, committed 66624K, reserved 1114112K
  class space    used 6615K, committed 7296K, reserved 1048576K
}
Event: 22.733 GC heap after
{Heap after GC invocations=38 (full 0):
 garbage-first heap   total 372736K, used 252475K [0x0000000600000000, 0x0000000800000000)
  region size 4096K, 4 young (16384K), 4 survivors (16384K)
 Metaspace       used 65233K, committed 66624K, reserved 1114112K
  class space    used 6615K, committed 7296K, reserved 1048576K
}
Event: 24.562 GC heap before
{Heap before GC invocations=39 (full 0):
 garbage-first heap   total 425984K, used 322107K [0x0000000600000000, 0x0000000800000000)
  region size 4096K, 22 young (90112K), 4 survivors (16384K)
 Metaspace       used 67111K, committed 68608K, reserved 1114112K
  class space    used 6801K, committed 7488K, reserved 1048576K
}
Event: 24.583 GC heap after
{Heap after GC invocations=40 (full 0):
 garbage-first heap   total 425984K, used 269779K [0x0000000600000000, 0x0000000800000000)
  region size 4096K, 3 young (12288K), 3 survivors (12288K)
 Metaspace       used 67111K, committed 68608K, reserved 1114112K
  class space    used 6801K, committed 7488K, reserved 1048576K
}
Event: 25.280 GC heap before
{Heap before GC invocations=40 (full 0):
 garbage-first heap   total 425984K, used 372179K [0x0000000600000000, 0x0000000800000000)
  region size 4096K, 28 young (114688K), 3 survivors (12288K)
 Metaspace       used 67698K, committed 69184K, reserved 1114112K
  class space    used 6855K, committed 7552K, reserved 1048576K
}
Event: 25.304 GC heap after
{Heap after GC invocations=41 (full 0):
 garbage-first heap   total 512000K, used 276625K [0x0000000600000000, 0x0000000800000000)
  region size 4096K, 4 young (16384K), 4 survivors (16384K)
 Metaspace       used 67698K, committed 69184K, reserved 1114112K
  class space    used 6855K, committed 7552K, reserved 1048576K
}
Event: 26.094 GC heap before
{Heap before GC invocations=41 (full 0):
 garbage-first heap   total 512000K, used 432273K [0x0000000600000000, 0x0000000800000000)
  region size 4096K, 42 young (172032K), 4 survivors (16384K)
 Metaspace       used 68538K, committed 70016K, reserved 1114112K
  class space    used 6930K, committed 7616K, reserved 1048576K
}
Event: 26.119 GC heap after
{Heap after GC invocations=42 (full 0):
 garbage-first heap   total 512000K, used 308518K [0x0000000600000000, 0x0000000800000000)
  region size 4096K, 6 young (24576K), 6 survivors (24576K)
 Metaspace       used 68538K, committed 70016K, reserved 1114112K
  class space    used 6930K, committed 7616K, reserved 1048576K
}
Event: 27.109 GC heap before
{Heap before GC invocations=42 (full 0):
 garbage-first heap   total 512000K, used 435494K [0x0000000600000000, 0x0000000800000000)
  region size 4096K, 38 young (155648K), 6 survivors (24576K)
 Metaspace       used 68885K, committed 70400K, reserved 1114112K
  class space    used 6943K, committed 7680K, reserved 1048576K
}
Event: 27.135 GC heap after
{Heap after GC invocations=43 (full 0):
 garbage-first heap   total 512000K, used 356352K [0x0000000600000000, 0x0000000800000000)
  region size 4096K, 5 young (20480K), 5 survivors (20480K)
 Metaspace       used 68885K, committed 70400K, reserved 1114112K
  class space    used 6943K, committed 7680K, reserved 1048576K
}
Event: 28.363 GC heap before
{Heap before GC invocations=43 (full 0):
 garbage-first heap   total 512000K, used 442368K [0x0000000600000000, 0x0000000800000000)
  region size 4096K, 27 young (110592K), 5 survivors (20480K)
 Metaspace       used 69257K, committed 70784K, reserved 1114112K
  class space    used 6952K, committed 7680K, reserved 1048576K
}
Event: 28.393 GC heap after
{Heap after GC invocations=44 (full 0):
 garbage-first heap   total 512000K, used 392147K [0x0000000600000000, 0x0000000800000000)
  region size 4096K, 4 young (16384K), 4 survivors (16384K)
 Metaspace       used 69257K, committed 70784K, reserved 1114112K
  class space    used 6952K, committed 7680K, reserved 1048576K
}
Event: 30.362 GC heap before
{Heap before GC invocations=45 (full 0):
 garbage-first heap   total 655360K, used 449491K [0x0000000600000000, 0x0000000800000000)
  region size 4096K, 19 young (77824K), 4 survivors (16384K)
 Metaspace       used 69599K, committed 71168K, reserved 1114112K
  class space    used 6966K, committed 7680K, reserved 1048576K
}
Event: 30.389 GC heap after
{Heap after GC invocations=46 (full 0):
 garbage-first heap   total 655360K, used 412079K [0x0000000600000000, 0x0000000800000000)
  region size 4096K, 3 young (12288K), 3 survivors (12288K)
 Metaspace       used 69599K, committed 71168K, reserved 1114112K
  class space    used 6966K, committed 7680K, reserved 1048576K
}
Event: 45.341 GC heap before
{Heap before GC invocations=46 (full 0):
 garbage-first heap   total 655360K, used 526767K [0x0000000600000000, 0x0000000800000000)
  region size 4096K, 32 young (131072K), 3 survivors (12288K)
 Metaspace       used 72222K, committed 73856K, reserved 1179648K
  class space    used 7249K, committed 8000K, reserved 1048576K
}

Dll operation events (12 events):
Event: 0.022 Loaded shared library c:\Users\hyper\.vscode\extensions\redhat.java-1.42.2025041008-win32-x64\jre\21.0.6-win32-x86_64\bin\java.dll
Event: 0.131 Loaded shared library c:\Users\hyper\.vscode\extensions\redhat.java-1.42.2025041008-win32-x64\jre\21.0.6-win32-x86_64\bin\zip.dll
Event: 0.165 Loaded shared library C:\Users\hyper\.vscode\extensions\redhat.java-1.42.2025041008-win32-x64\jre\21.0.6-win32-x86_64\bin\instrument.dll
Event: 0.171 Loaded shared library C:\Users\hyper\.vscode\extensions\redhat.java-1.42.2025041008-win32-x64\jre\21.0.6-win32-x86_64\bin\net.dll
Event: 0.177 Loaded shared library C:\Users\hyper\.vscode\extensions\redhat.java-1.42.2025041008-win32-x64\jre\21.0.6-win32-x86_64\bin\nio.dll
Event: 0.182 Loaded shared library C:\Users\hyper\.vscode\extensions\redhat.java-1.42.2025041008-win32-x64\jre\21.0.6-win32-x86_64\bin\zip.dll
Event: 0.229 Loaded shared library C:\Users\hyper\.vscode\extensions\redhat.java-1.42.2025041008-win32-x64\jre\21.0.6-win32-x86_64\bin\jimage.dll
Event: 0.360 Loaded shared library c:\Users\hyper\.vscode\extensions\redhat.java-1.42.2025041008-win32-x64\jre\21.0.6-win32-x86_64\bin\verify.dll
Event: 2.513 Loaded shared library C:\Users\hyper\AppData\Roaming\Code\User\globalStorage\redhat.java\1.42.2025041008\config_win\org.eclipse.equinox.launcher\org.eclipse.equinox.launcher.win32.win32.x86_64_1.2.1300.v20250331-1702\eclipse_11911.dll
Event: 5.772 Loaded shared library C:\Users\hyper\AppData\Local\Temp\jna-99761772\jna8700018938299632125.dll
Event: 8.176 Loaded shared library C:\Users\hyper\.vscode\extensions\redhat.java-1.42.2025041008-win32-x64\jre\21.0.6-win32-x86_64\bin\sunmscapi.dll
Event: 8.761 Loaded shared library C:\Users\hyper\.vscode\extensions\redhat.java-1.42.2025041008-win32-x64\jre\21.0.6-win32-x86_64\bin\extnet.dll

Deoptimization events (20 events):
Event: 45.265 Thread 0x000001eaa7ae4d50 DEOPT PACKING pc=0x000001ea42c0522a sp=0x00000040d60fe2a0
Event: 45.265 Thread 0x000001eaa7ae4d50 DEOPT UNPACKING pc=0x000001ea48344e42 sp=0x00000040d60fd7e8 mode 0
Event: 45.278 Thread 0x000001eaa7ae4d50 DEOPT PACKING pc=0x000001ea42c0522a sp=0x00000040d60fe2d0
Event: 45.278 Thread 0x000001eaa7ae4d50 DEOPT UNPACKING pc=0x000001ea48344e42 sp=0x00000040d60fd818 mode 0
Event: 45.282 Thread 0x000001eaa7ae8860 DEOPT PACKING pc=0x000001ea42c0522a sp=0x00000040d8cfdd80
Event: 45.282 Thread 0x000001eaa7ae8860 DEOPT UNPACKING pc=0x000001ea48344e42 sp=0x00000040d8cfd2c8 mode 0
Event: 45.286 Thread 0x000001eaa7ae2c80 DEOPT PACKING pc=0x000001ea42c0522a sp=0x00000040d8efdd30
Event: 45.286 Thread 0x000001eaa7ae2c80 DEOPT UNPACKING pc=0x000001ea48344e42 sp=0x00000040d8efd278 mode 0
Event: 45.293 Thread 0x000001eaa7ae4030 DEOPT PACKING pc=0x000001ea42c0522a sp=0x00000040d8dfddf0
Event: 45.293 Thread 0x000001eaa7ae4030 DEOPT UNPACKING pc=0x000001ea48344e42 sp=0x00000040d8dfd338 mode 0
Event: 45.295 Thread 0x000001eaa7ae4030 DEOPT PACKING pc=0x000001ea42c0522a sp=0x00000040d8dfdcf0
Event: 45.297 Thread 0x000001eaa7ae4d50 DEOPT PACKING pc=0x000001ea42c0522a sp=0x00000040d60fe2d0
Event: 45.297 Thread 0x000001eaa7ae4d50 DEOPT UNPACKING pc=0x000001ea48344e42 sp=0x00000040d60fd818 mode 0
Event: 45.303 Thread 0x000001eaa7ae4030 DEOPT UNPACKING pc=0x000001ea48344e42 sp=0x00000040d8dfd238 mode 0
Event: 45.316 Thread 0x000001eaa7ae8860 DEOPT PACKING pc=0x000001ea41c30cb2 sp=0x00000040d8cfe1b0
Event: 45.316 Thread 0x000001eaa7ae8860 DEOPT UNPACKING pc=0x000001ea48344e42 sp=0x00000040d8cfd690 mode 0
Event: 45.321 Thread 0x000001eaa7ae4030 Uncommon trap: trap_request=0xffffff45 fr.pc=0x000001ea49396678 relative=0x00000000000018d8
Event: 45.321 Thread 0x000001eaa7ae4030 Uncommon trap: reason=unstable_if action=reinterpret pc=0x000001ea49396678 method=org.codehaus.plexus.util.xml.pull.MXParser.nextImpl()I @ 731 c2
Event: 45.322 Thread 0x000001eaa7ae4030 DEOPT PACKING pc=0x000001ea49396678 sp=0x00000040d8dfddd0
Event: 45.322 Thread 0x000001eaa7ae4030 DEOPT UNPACKING pc=0x000001ea483446a2 sp=0x00000040d8dfdd80 mode 2

Classes loaded (20 events):
Event: 31.512 Loading class java/util/concurrent/CompletableFuture$UniApply
Event: 31.512 Loading class java/util/concurrent/CompletableFuture$UniCompletion
Event: 31.513 Loading class java/util/concurrent/CompletableFuture$UniCompletion done
Event: 31.513 Loading class java/util/concurrent/CompletableFuture$UniApply done
Event: 31.513 Loading class java/util/concurrent/CompletableFuture$UniAccept
Event: 31.513 Loading class java/util/concurrent/CompletableFuture$UniAccept done
Event: 31.514 Loading class java/util/concurrent/CompletableFuture$UniExceptionally
Event: 31.514 Loading class java/util/concurrent/CompletableFuture$UniExceptionally done
Event: 44.245 Loading class java/util/stream/DistinctOps
Event: 44.245 Loading class java/util/stream/DistinctOps done
Event: 44.245 Loading class java/util/stream/DistinctOps$1
Event: 44.246 Loading class java/util/stream/DistinctOps$1 done
Event: 44.246 Loading class java/util/stream/DistinctOps$1$2
Event: 44.247 Loading class java/util/stream/DistinctOps$1$2 done
Event: 44.487 Loading class java/util/stream/IntPipeline$Head
Event: 44.487 Loading class java/util/stream/IntPipeline$Head done
Event: 44.774 Loading class java/util/stream/Streams$RangeIntSpliterator
Event: 44.774 Loading class java/util/stream/Streams$RangeIntSpliterator done
Event: 44.915 Loading class sun/nio/cs/ISO_8859_1$Decoder
Event: 44.915 Loading class sun/nio/cs/ISO_8859_1$Decoder done

Classes unloaded (7 events):
Event: 8.404 Thread 0x000001ea502ed3d0 Unloading class 0x000001ea5e19bc00 'java/lang/invoke/LambdaForm$MH+0x000001ea5e19bc00'
Event: 8.404 Thread 0x000001ea502ed3d0 Unloading class 0x000001ea5e19b800 'java/lang/invoke/LambdaForm$MH+0x000001ea5e19b800'
Event: 8.404 Thread 0x000001ea502ed3d0 Unloading class 0x000001ea5e19b400 'java/lang/invoke/LambdaForm$MH+0x000001ea5e19b400'
Event: 8.404 Thread 0x000001ea502ed3d0 Unloading class 0x000001ea5e19b000 'java/lang/invoke/LambdaForm$MH+0x000001ea5e19b000'
Event: 8.404 Thread 0x000001ea502ed3d0 Unloading class 0x000001ea5e19ac00 'java/lang/invoke/LambdaForm$BMH+0x000001ea5e19ac00'
Event: 8.404 Thread 0x000001ea502ed3d0 Unloading class 0x000001ea5e19a800 'java/lang/invoke/LambdaForm$DMH+0x000001ea5e19a800'
Event: 8.404 Thread 0x000001ea502ed3d0 Unloading class 0x000001ea5e199400 'java/lang/invoke/LambdaForm$DMH+0x000001ea5e199400'

Classes redefined (0 events):
No events

Internal exceptions (20 events):
Event: 36.478 Thread 0x000001eaa7ae74b0 Exception <a 'sun/nio/fs/WindowsException'{0x00000006234bfe20}> (0x00000006234bfe20) 
thrown [s\src\hotspot\share\prims\jni.cpp, line 520]
Event: 36.478 Thread 0x000001eaa7ae74b0 Exception <a 'sun/nio/fs/WindowsException'{0x00000006234c0720}> (0x00000006234c0720) 
thrown [s\src\hotspot\share\prims\jni.cpp, line 520]
Event: 36.478 Thread 0x000001eaa7ae74b0 Exception <a 'sun/nio/fs/WindowsException'{0x00000006234c1fa8}> (0x00000006234c1fa8) 
thrown [s\src\hotspot\share\prims\jni.cpp, line 520]
Event: 36.478 Thread 0x000001eaa7ae74b0 Exception <a 'sun/nio/fs/WindowsException'{0x00000006234c28a8}> (0x00000006234c28a8) 
thrown [s\src\hotspot\share\prims\jni.cpp, line 520]
Event: 36.484 Thread 0x000001eaa7ae74b0 Exception <a 'sun/nio/fs/WindowsException'{0x00000006234e48a0}> (0x00000006234e48a0) 
thrown [s\src\hotspot\share\prims\jni.cpp, line 520]
Event: 36.484 Thread 0x000001eaa7ae74b0 Exception <a 'sun/nio/fs/WindowsException'{0x00000006234e51a0}> (0x00000006234e51a0) 
thrown [s\src\hotspot\share\prims\jni.cpp, line 520]
Event: 44.487 Thread 0x000001ea5cd3fe10 Exception <a 'java/lang/NoSuchMethodError'{0x00000006233ddfb8}: 'void java.lang.invoke.DirectMethodHandle$Holder.invokeStatic(java.lang.Object, java.lang.Object, java.lang.Object, int)'> (0x00000006233ddfb8) 
thrown [s\src\hotspot\share\interpreter\linkResolver.cpp, line 773]
Event: 44.493 Thread 0x000001ea5cd3fe10 Exception <a 'java/lang/NoSuchMethodError'{0x0000000622c02d98}: 'void java.lang.invoke.DirectMethodHandle$Holder.invokeVirtual(java.lang.Object, java.lang.Object, int)'> (0x0000000622c02d98) 
thrown [s\src\hotspot\share\interpreter\linkResolver.cpp, line 773]
Event: 44.522 Thread 0x000001ea5cd3fe10 Exception <a 'java/lang/NoSuchMethodError'{0x0000000622cfe0b0}: 'java.lang.Object java.lang.invoke.DirectMethodHandle$Holder.newInvokeSpecial(java.lang.Object, java.lang.Object, java.lang.Object, java.lang.Object, java.lang.Object, java.lang.Object, java.lang.Object, java.lang.Object)'> (0x0000000622cfe0b0) 
thrown [s\src\hotspot\share\interpreter\linkResolver.cpp, line 773]
Event: 44.525 Thread 0x000001ea5cd3fe10 Exception <a 'java/lang/NoSuchMethodError'{0x0000000622d11fe8}: 'java.lang.Object java.lang.invoke.DirectMethodHandle$Holder.invokeStatic(java.lang.Object, java.lang.Object, int, java.lang.Object, java.lang.Object)'> (0x0000000622d11fe8) 
thrown [s\src\hotspot\share\interpreter\linkResolver.cpp, line 773]
Event: 44.564 Thread 0x000001ea5cd3fe10 Exception <a 'java/io/FileNotFoundException'{0x0000000622f007d8}> (0x0000000622f007d8) 
thrown [s\src\hotspot\share\prims\jni.cpp, line 520]
Event: 44.565 Thread 0x000001ea5cd3fe10 Exception <a 'java/lang/NoSuchMethodError'{0x0000000622f08868}: 'void java.lang.invoke.DirectMethodHandle$Holder.invokeStatic(java.lang.Object, int)'> (0x0000000622f08868) 
thrown [s\src\hotspot\share\interpreter\linkResolver.cpp, line 773]
Event: 44.609 Thread 0x000001ea5cd3fe10 Implicit null exception at 0x000001ea48f124ca to 0x000001ea48f12e10
Event: 44.833 Thread 0x000001ea5cd3fe10 Exception <a 'java/lang/NoSuchMethodError'{0x00000006225d0eb8}: 'void java.lang.invoke.DirectMethodHandle$Holder.invokeInterface(java.lang.Object, java.lang.Object)'> (0x00000006225d0eb8) 
thrown [s\src\hotspot\share\interpreter\linkResolver.cpp, line 773]
Event: 44.840 Thread 0x000001eaa7ae53e0 Exception <a 'java/lang/NoSuchMethodError'{0x0000000622691f38}: 'void java.lang.invoke.DirectMethodHandle$Holder.invokeSpecial(java.lang.Object, java.lang.Object, java.lang.Object, java.lang.Object, java.lang.Object, java.lang.Object, java.lang.Object, java.lang.Object)'> (0x0000000622691f38) 
thrown [s\src\hotspot\share\interpreter\linkResolver.cpp, line 773]
Event: 44.840 Thread 0x000001eaa7ae4d50 Exception <a 'java/lang/NoSuchMethodError'{0x00000006226775b8}: 'void java.lang.invoke.DirectMethodHandle$Holder.invokeSpecial(java.lang.Object, java.lang.Object, java.lang.Object, java.lang.Object, java.lang.Object, java.lang.Object, java.lang.Object, java.lang.Object)'> (0x00000006226775b8) 
thrown [s\src\hotspot\share\interpreter\linkResolver.cpp, line 773]
Event: 44.840 Thread 0x000001eaa7ae4030 Exception <a 'java/lang/NoSuchMethodError'{0x0000000622640070}: 'void java.lang.invoke.DirectMethodHandle$Holder.invokeSpecial(java.lang.Object, java.lang.Object, java.lang.Object, java.lang.Object, java.lang.Object, java.lang.Object, java.lang.Object, java.lang.Object)'> (0x0000000622640070) 
thrown [s\src\hotspot\share\interpreter\linkResolver.cpp, line 773]
Event: 44.840 Thread 0x000001eaa7ae8860 Exception <a 'java/lang/NoSuchMethodError'{0x000000062265f4a0}: 'void java.lang.invoke.DirectMethodHandle$Holder.invokeSpecial(java.lang.Object, java.lang.Object, java.lang.Object, java.lang.Object, java.lang.Object, java.lang.Object, java.lang.Object, java.lang.Object)'> (0x000000062265f4a0) 
thrown [s\src\hotspot\share\interpreter\linkResolver.cpp, line 773]
Event: 44.840 Thread 0x000001eaa7ae2c80 Exception <a 'java/lang/NoSuchMethodError'{0x00000006226af050}: 'void java.lang.invoke.DirectMethodHandle$Holder.invokeSpecial(java.lang.Object, java.lang.Object, java.lang.Object, java.lang.Object, java.lang.Object, java.lang.Object, java.lang.Object, java.lang.Object)'> (0x00000006226af050) 
thrown [s\src\hotspot\share\interpreter\linkResolver.cpp, line 773]
Event: 45.000 Thread 0x000001ea5cd3fe10 Implicit null exception at 0x000001ea48d0f0ee to 0x000001ea48d0fd64

ZGC Phase Switch (0 events):
No events

VM Operations (20 events):
Event: 33.139 Executing VM operation: Cleanup done
Event: 34.154 Executing VM operation: Cleanup
Event: 34.154 Executing VM operation: Cleanup done
Event: 35.166 Executing VM operation: Cleanup
Event: 35.166 Executing VM operation: Cleanup done
Event: 37.188 Executing VM operation: Cleanup
Event: 37.188 Executing VM operation: Cleanup done
Event: 37.925 Executing VM operation: HandshakeAllThreads (Deoptimize)
Event: 37.925 Executing VM operation: HandshakeAllThreads (Deoptimize) done
Event: 38.935 Executing VM operation: Cleanup
Event: 38.935 Executing VM operation: Cleanup done
Event: 44.560 Executing VM operation: HandshakeAllThreads (Deoptimize)
Event: 44.560 Executing VM operation: HandshakeAllThreads (Deoptimize) done
Event: 44.560 Executing VM operation: Cleanup
Event: 44.560 Executing VM operation: Cleanup done
Event: 45.193 Executing VM operation: ICBufferFull
Event: 45.194 Executing VM operation: ICBufferFull done
Event: 45.194 Executing VM operation: ICBufferFull
Event: 45.194 Executing VM operation: ICBufferFull done
Event: 45.329 Executing VM operation: G1CollectForAllocation (G1 Evacuation Pause)

Memory protections (0 events):
No events

Nmethod flushes (20 events):
Event: 28.686 Thread 0x000001ea502ed3d0 flushing  nmethod 0x000001ea411f0710
Event: 28.686 Thread 0x000001ea502ed3d0 flushing  nmethod 0x000001ea41401010
Event: 28.686 Thread 0x000001ea502ed3d0 flushing  nmethod 0x000001ea41404010
Event: 28.686 Thread 0x000001ea502ed3d0 flushing  nmethod 0x000001ea41404b90
Event: 28.686 Thread 0x000001ea502ed3d0 flushing  nmethod 0x000001ea4144b190
Event: 28.686 Thread 0x000001ea502ed3d0 flushing  nmethod 0x000001ea4144bf10
Event: 28.686 Thread 0x000001ea502ed3d0 flushing  nmethod 0x000001ea4144c890
Event: 28.686 Thread 0x000001ea502ed3d0 flushing  nmethod 0x000001ea415e1990
Event: 28.686 Thread 0x000001ea502ed3d0 flushing  nmethod 0x000001ea4168a610
Event: 28.686 Thread 0x000001ea502ed3d0 flushing  nmethod 0x000001ea41726510
Event: 28.686 Thread 0x000001ea502ed3d0 flushing  nmethod 0x000001ea4172b190
Event: 28.686 Thread 0x000001ea502ed3d0 flushing  nmethod 0x000001ea41757c10
Event: 28.686 Thread 0x000001ea502ed3d0 flushing  nmethod 0x000001ea4187e510
Event: 28.686 Thread 0x000001ea502ed3d0 flushing  nmethod 0x000001ea419e0a90
Event: 28.686 Thread 0x000001ea502ed3d0 flushing  nmethod 0x000001ea419ef790
Event: 28.686 Thread 0x000001ea502ed3d0 flushing  nmethod 0x000001ea41af3810
Event: 28.686 Thread 0x000001ea502ed3d0 flushing  nmethod 0x000001ea41c08390
Event: 28.686 Thread 0x000001ea502ed3d0 flushing  nmethod 0x000001ea41c14810
Event: 28.686 Thread 0x000001ea502ed3d0 flushing  nmethod 0x000001ea41e9c090
Event: 28.686 Thread 0x000001ea502ed3d0 flushing  nmethod 0x000001ea41e9d990

Events (20 events):
Event: 33.011 Thread 0x000001eaa6929b80 Thread exited: 0x000001eaa6929b80
Event: 44.260 Thread 0x000001ea5cbb5ef0 Thread added: 0x000001eaa692ed40
Event: 44.430 Thread 0x000001eaa692ed40 Thread exited: 0x000001eaa692ed40
Event: 44.534 Thread 0x000001ea5cb921b0 Thread added: 0x000001eaa692ed40
Event: 44.838 Thread 0x000001ea5cd3fe10 Thread added: 0x000001eaa7ae4030
Event: 44.838 Thread 0x000001ea5cd3fe10 Thread added: 0x000001eaa7ae8860
Event: 44.838 Thread 0x000001ea5cd3fe10 Thread added: 0x000001eaa7ae4d50
Event: 44.838 Thread 0x000001ea5cd3fe10 Thread added: 0x000001eaa7ae53e0
Event: 44.839 Thread 0x000001ea5cd3fe10 Thread added: 0x000001eaa7ae2c80
Event: 44.872 Thread 0x000001eaa692ed40 Thread added: 0x000001eaa32feaf0
Event: 44.947 Thread 0x000001eaa7ae2c80 Thread exited: 0x000001eaa7ae2c80
Event: 44.947 Thread 0x000001eaa7ae4d50 Thread exited: 0x000001eaa7ae4d50
Event: 44.947 Thread 0x000001eaa7ae53e0 Thread exited: 0x000001eaa7ae53e0
Event: 44.947 Thread 0x000001eaa7ae4030 Thread exited: 0x000001eaa7ae4030
Event: 44.948 Thread 0x000001eaa7ae8860 Thread exited: 0x000001eaa7ae8860
Event: 45.191 Thread 0x000001ea5cd3fe10 Thread added: 0x000001eaa7ae4d50
Event: 45.191 Thread 0x000001ea5cd3fe10 Thread added: 0x000001eaa7ae53e0
Event: 45.192 Thread 0x000001ea5cd3fe10 Thread added: 0x000001eaa7ae8860
Event: 45.192 Thread 0x000001ea5cd3fe10 Thread added: 0x000001eaa7ae4030
Event: 45.192 Thread 0x000001ea5cd3fe10 Thread added: 0x000001eaa7ae2c80


Dynamic libraries:
0x00007ff79b960000 - 0x00007ff79b96e000 	c:\Users\hyper\.vscode\extensions\redhat.java-1.42.2025041008-win32-x64\jre\21.0.6-win32-x86_64\bin\java.exe
0x00007ffc40800000 - 0x00007ffc40a09000 	C:\WINDOWS\SYSTEM32\ntdll.dll
0x00007ffc3f5b0000 - 0x00007ffc3f66d000 	C:\WINDOWS\System32\KERNEL32.DLL
0x00007ffc3dfe0000 - 0x00007ffc3e364000 	C:\WINDOWS\System32\KERNELBASE.dll
0x00007ffc3dec0000 - 0x00007ffc3dfd1000 	C:\WINDOWS\System32\ucrtbase.dll
0x00007ffbe9de0000 - 0x00007ffbe9df8000 	c:\Users\hyper\.vscode\extensions\redhat.java-1.42.2025041008-win32-x64\jre\21.0.6-win32-x86_64\bin\jli.dll
0x00007ffc3f400000 - 0x00007ffc3f5ad000 	C:\WINDOWS\System32\USER32.dll
0x00007ffc3e370000 - 0x00007ffc3e396000 	C:\WINDOWS\System32\win32u.dll
0x00007ffc401d0000 - 0x00007ffc401fa000 	C:\WINDOWS\System32\GDI32.dll
0x00007ffc3dd00000 - 0x00007ffc3de1e000 	C:\WINDOWS\System32\gdi32full.dll
0x00007ffc3de20000 - 0x00007ffc3debd000 	C:\WINDOWS\System32\msvcp_win.dll
0x00007ffbe9d90000 - 0x00007ffbe9dae000 	c:\Users\hyper\.vscode\extensions\redhat.java-1.42.2025041008-win32-x64\jre\21.0.6-win32-x86_64\bin\VCRUNTIME140.dll
0x00007ffc32500000 - 0x00007ffc327a5000 	C:\WINDOWS\WinSxS\amd64_microsoft.windows.common-controls_6595b64144ccf1df_6.0.22000.120_none_9d947278b86cc467\COMCTL32.dll
0x00007ffc3fe50000 - 0x00007ffc3fef3000 	C:\WINDOWS\System32\msvcrt.dll
0x00007ffc3ff70000 - 0x00007ffc3ffa1000 	C:\WINDOWS\System32\IMM32.DLL
0x00007ffc3d650000 - 0x00007ffc3d747000 	C:\Windows\system32\guard64.dll
0x00007ffc3e840000 - 0x00007ffc3e8ee000 	C:\WINDOWS\System32\ADVAPI32.dll
0x00007ffc406b0000 - 0x00007ffc4074e000 	C:\WINDOWS\System32\sechost.dll
0x00007ffc3ea50000 - 0x00007ffc3eb71000 	C:\WINDOWS\System32\RPCRT4.dll
0x00007ffc3d640000 - 0x00007ffc3d64a000 	C:\WINDOWS\system32\version.dll
0x00007ffc3f150000 - 0x00007ffc3f2ea000 	C:\WINDOWS\System32\ole32.dll
0x00007ffc40250000 - 0x00007ffc405c6000 	C:\WINDOWS\System32\combase.dll
0x00007ffc3d630000 - 0x00007ffc3d63b000 	C:\WINDOWS\system32\fltlib.dll
0x00007ffc3f670000 - 0x00007ffc3fe35000 	C:\WINDOWS\System32\shell32.dll
0x00007ffbee390000 - 0x00007ffbee39c000 	c:\Users\hyper\.vscode\extensions\redhat.java-1.42.2025041008-win32-x64\jre\21.0.6-win32-x86_64\bin\vcruntime140_1.dll
0x00007ffbe8ff0000 - 0x00007ffbe907d000 	c:\Users\hyper\.vscode\extensions\redhat.java-1.42.2025041008-win32-x64\jre\21.0.6-win32-x86_64\bin\msvcp140.dll
0x00007ffb9a910000 - 0x00007ffb9b6a0000 	c:\Users\hyper\.vscode\extensions\redhat.java-1.42.2025041008-win32-x64\jre\21.0.6-win32-x86_64\bin\server\jvm.dll
0x00007ffc3e8f0000 - 0x00007ffc3e95f000 	C:\WINDOWS\System32\WS2_32.dll
0x00007ffc3db60000 - 0x00007ffc3dbad000 	C:\WINDOWS\SYSTEM32\POWRPROF.dll
0x00007ffc33c20000 - 0x00007ffc33c53000 	C:\WINDOWS\SYSTEM32\WINMM.dll
0x00007ffc3db40000 - 0x00007ffc3db53000 	C:\WINDOWS\SYSTEM32\UMPDC.dll
0x00007ffc3cb40000 - 0x00007ffc3cb58000 	C:\WINDOWS\SYSTEM32\kernel.appcore.dll
0x00007ffbeb640000 - 0x00007ffbeb64a000 	c:\Users\hyper\.vscode\extensions\redhat.java-1.42.2025041008-win32-x64\jre\21.0.6-win32-x86_64\bin\jimage.dll
0x00007ffc3b840000 - 0x00007ffc3ba61000 	C:\WINDOWS\SYSTEM32\DBGHELP.DLL
0x00007ffc20440000 - 0x00007ffc20471000 	C:\WINDOWS\SYSTEM32\dbgcore.DLL
0x00007ffc3e3a0000 - 0x00007ffc3e41f000 	C:\WINDOWS\System32\bcryptPrimitives.dll
0x00007ffbe9ea0000 - 0x00007ffbe9eaf000 	c:\Users\hyper\.vscode\extensions\redhat.java-1.42.2025041008-win32-x64\jre\21.0.6-win32-x86_64\bin\instrument.dll
0x00007ffbe9c10000 - 0x00007ffbe9c2f000 	c:\Users\hyper\.vscode\extensions\redhat.java-1.42.2025041008-win32-x64\jre\21.0.6-win32-x86_64\bin\java.dll
0x00007ffc3bc00000 - 0x00007ffc3c462000 	C:\WINDOWS\SYSTEM32\windows.storage.dll
0x00007ffc3ba90000 - 0x00007ffc3bbf7000 	C:\WINDOWS\SYSTEM32\wintypes.dll
0x00007ffc3eb80000 - 0x00007ffc3ec6a000 	C:\WINDOWS\System32\SHCORE.dll
0x00007ffc3ffb0000 - 0x00007ffc4000d000 	C:\WINDOWS\System32\shlwapi.dll
0x00007ffc3dbc0000 - 0x00007ffc3dbe5000 	C:\WINDOWS\SYSTEM32\profapi.dll
0x00007ffbe9bf0000 - 0x00007ffbe9c08000 	c:\Users\hyper\.vscode\extensions\redhat.java-1.42.2025041008-win32-x64\jre\21.0.6-win32-x86_64\bin\zip.dll
0x00007ffbe9d80000 - 0x00007ffbe9d90000 	C:\Users\hyper\.vscode\extensions\redhat.java-1.42.2025041008-win32-x64\jre\21.0.6-win32-x86_64\bin\net.dll
0x00007ffc37fe0000 - 0x00007ffc380f4000 	C:\WINDOWS\SYSTEM32\WINHTTP.dll
0x00007ffc3d040000 - 0x00007ffc3d0a7000 	C:\WINDOWS\system32\mswsock.dll
0x00007ffbe9b30000 - 0x00007ffbe9b46000 	C:\Users\hyper\.vscode\extensions\redhat.java-1.42.2025041008-win32-x64\jre\21.0.6-win32-x86_64\bin\nio.dll
0x00007ffbe9be0000 - 0x00007ffbe9bf0000 	c:\Users\hyper\.vscode\extensions\redhat.java-1.42.2025041008-win32-x64\jre\21.0.6-win32-x86_64\bin\verify.dll
0x00007ffbeb6e0000 - 0x00007ffbeb725000 	C:\Users\hyper\AppData\Roaming\Code\User\globalStorage\redhat.java\1.42.2025041008\config_win\org.eclipse.equinox.launcher\org.eclipse.equinox.launcher.win32.win32.x86_64_1.2.1300.v20250331-1702\eclipse_11911.dll
0x00007ffc3d760000 - 0x00007ffc3d778000 	C:\WINDOWS\SYSTEM32\CRYPTSP.dll
0x00007ffc3cb00000 - 0x00007ffc3cb35000 	C:\WINDOWS\system32\rsaenh.dll
0x00007ffc3d0e0000 - 0x00007ffc3d10c000 	C:\WINDOWS\SYSTEM32\USERENV.dll
0x00007ffc3d7a0000 - 0x00007ffc3d7c7000 	C:\WINDOWS\SYSTEM32\bcrypt.dll
0x00007ffc3d230000 - 0x00007ffc3d23c000 	C:\WINDOWS\SYSTEM32\CRYPTBASE.dll
0x00007ffc3c6c0000 - 0x00007ffc3c6ed000 	C:\WINDOWS\SYSTEM32\IPHLPAPI.DLL
0x00007ffc3e770000 - 0x00007ffc3e779000 	C:\WINDOWS\System32\NSI.dll
0x00007ffbf3860000 - 0x00007ffbf38a9000 	C:\Users\hyper\AppData\Local\Temp\jna-99761772\jna8700018938299632125.dll
0x00007ffc3fe40000 - 0x00007ffc3fe48000 	C:\WINDOWS\System32\PSAPI.DLL
0x00007ffc37860000 - 0x00007ffc37879000 	C:\WINDOWS\SYSTEM32\dhcpcsvc6.DLL
0x00007ffc383c0000 - 0x00007ffc383de000 	C:\WINDOWS\SYSTEM32\dhcpcsvc.DLL
0x00007ffc06470000 - 0x00007ffc0647e000 	C:\Users\hyper\.vscode\extensions\redhat.java-1.42.2025041008-win32-x64\jre\21.0.6-win32-x86_64\bin\sunmscapi.dll
0x00007ffc3e4e0000 - 0x00007ffc3e642000 	C:\WINDOWS\System32\CRYPT32.dll
0x00007ffc3d340000 - 0x00007ffc3d368000 	C:\WINDOWS\SYSTEM32\ncrypt.dll
0x00007ffc3d300000 - 0x00007ffc3d337000 	C:\WINDOWS\SYSTEM32\NTASN1.dll
0x00007ffc3c730000 - 0x00007ffc3c817000 	C:\WINDOWS\SYSTEM32\DNSAPI.dll
0x00007ffc33fa0000 - 0x00007ffc33faa000 	C:\Windows\System32\rasadhlp.dll
0x00007ffc35ab0000 - 0x00007ffc35b31000 	C:\WINDOWS\System32\fwpuclnt.dll
0x00007ffbee3c0000 - 0x00007ffbee3c9000 	C:\Users\hyper\.vscode\extensions\redhat.java-1.42.2025041008-win32-x64\jre\21.0.6-win32-x86_64\bin\extnet.dll

dbghelp: loaded successfully - version: 4.0.5 - missing functions: none
symbol engine: initialized successfully - sym options: 0x614 - pdb path: .;c:\Users\hyper\.vscode\extensions\redhat.java-1.42.2025041008-win32-x64\jre\21.0.6-win32-x86_64\bin;C:\WINDOWS\SYSTEM32;C:\WINDOWS\WinSxS\amd64_microsoft.windows.common-controls_6595b64144ccf1df_6.0.22000.120_none_9d947278b86cc467;c:\Users\hyper\.vscode\extensions\redhat.java-1.42.2025041008-win32-x64\jre\21.0.6-win32-x86_64\bin\server;C:\Users\hyper\AppData\Roaming\Code\User\globalStorage\redhat.java\1.42.2025041008\config_win\org.eclipse.equinox.launcher\org.eclipse.equinox.launcher.win32.win32.x86_64_1.2.1300.v20250331-1702;C:\Users\hyper\AppData\Local\Temp\jna-99761772

VM Arguments:
jvm_args: --add-modules=ALL-SYSTEM --add-opens=java.base/java.util=ALL-UNNAMED --add-opens=java.base/java.lang=ALL-UNNAMED --add-opens=java.base/sun.nio.fs=ALL-UNNAMED -Declipse.application=org.eclipse.jdt.ls.core.id1 -Dosgi.bundles.defaultStartLevel=4 -Declipse.product=org.eclipse.jdt.ls.core.product -Djava.import.generatesMetadataFilesAtProjectRoot=false -DDetectVMInstallationsJob.disabled=true -Dfile.encoding=utf8 -Xlog:disable -Xms100m -Xmx8G -javaagent:c:\Users\hyper\.vscode\extensions\redhat.java-1.42.2025041008-win32-x64\lombok\lombok-1.18.36.jar -XX:+HeapDumpOnOutOfMemoryError -XX:HeapDumpPath=c:\Users\hyper\AppData\Roaming\Code\User\workspaceStorage\9786f179f1d4055ca563254eef00c7fe\redhat.java -Daether.dependencyCollector.impl=bf 
java_command: c:\Users\hyper\.vscode\extensions\redhat.java-1.42.2025041008-win32-x64\server\plugins\org.eclipse.equinox.launcher_1.7.0.v20250404-1055.jar -configuration c:\Users\hyper\AppData\Roaming\Code\User\globalStorage\redhat.java\1.42.2025041008\config_win -data c:\Users\hyper\AppData\Roaming\Code\User\workspaceStorage\9786f179f1d4055ca563254eef00c7fe\redhat.java\jdt_ws --pipe=\\.\pipe\lsp-c7444be247c6efee1adc48c85a2395d5-sock
java_class_path (initial): c:\Users\hyper\.vscode\extensions\redhat.java-1.42.2025041008-win32-x64\server\plugins\org.eclipse.equinox.launcher_1.7.0.v20250404-1055.jar
Launcher Type: SUN_STANDARD

[Global flags]
     intx CICompilerCount                          = 4                                         {product} {ergonomic}
     uint ConcGCThreads                            = 2                                         {product} {ergonomic}
     uint G1ConcRefinementThreads                  = 8                                         {product} {ergonomic}
   size_t G1HeapRegionSize                         = 4194304                                   {product} {ergonomic}
    uintx GCDrainStackTargetSize                   = 64                                        {product} {ergonomic}
     bool HeapDumpOnOutOfMemoryError               = true                                   {manageable} {command line}
    ccstr HeapDumpPath                             = c:\Users\hyper\AppData\Roaming\Code\User\workspaceStorage\9786f179f1d4055ca563254eef00c7fe\redhat.java         {manageable} {command line}
   size_t InitialHeapSize                          = 104857600                                 {product} {command line}
   size_t MarkStackSize                            = 4194304                                   {product} {ergonomic}
   size_t MaxHeapSize                              = 8589934592                                {product} {command line}
   size_t MaxNewSize                               = 5150605312                                {product} {ergonomic}
   size_t MinHeapDeltaBytes                        = 4194304                                   {product} {ergonomic}
   size_t MinHeapSize                              = 104857600                                 {product} {command line}
    uintx NonNMethodCodeHeapSize                   = 5839372                                {pd product} {ergonomic}
    uintx NonProfiledCodeHeapSize                  = 122909434                              {pd product} {ergonomic}
    uintx ProfiledCodeHeapSize                     = 122909434                              {pd product} {ergonomic}
    uintx ReservedCodeCacheSize                    = 251658240                              {pd product} {ergonomic}
     bool SegmentedCodeCache                       = true                                      {product} {ergonomic}
   size_t SoftMaxHeapSize                          = 8589934592                             {manageable} {ergonomic}
     bool UseCompressedOops                        = true                           {product lp64_product} {ergonomic}
     bool UseG1GC                                  = true                                      {product} {ergonomic}
     bool UseLargePagesIndividualAllocation        = false                                  {pd product} {ergonomic}

Logging:
Log output configuration:
 #0: stdout all=off uptime,level,tags foldmultilines=false
 #1: stderr all=off uptime,level,tags foldmultilines=false

Environment Variables:
JAVA_HOME=C:\Program Files\Java\jdk-18.0.2.1
PATH=C:\Program Files\Common Files\Oracle\Java\javapath;C:\WINDOWS\system32;C:\WINDOWS;C:\WINDOWS\System32\Wbem;C:\WINDOWS\System32\WindowsPowerShell\v1.0\;C:\WINDOWS\System32\OpenSSH\;J:\.important\Documents\apache-maven-3.8.6\bin;C:\Program Files\Microsoft SQL Server\Client SDK\ODBC\170\Tools\Binn\;C:\Program Files (x86)\Microsoft SQL Server\150\Tools\Binn\;C:\Program Files\Microsoft SQL Server\150\Tools\Binn\;C:\Program Files\Microsoft SQL Server\150\DTS\Binn\;C:\Program Files (x86)\Microsoft SQL Server\160\DTS\Binn\;C:\Users\hyper\Downloads\curl-8.10.1_2-win64-mingw\curl-8.10.1_2-win64-mingw\bin;C:\C:\Program Files\Java\jdk-18.0.2.1\bin;C:\Program Files\OpenSSL-Win64\bin;C:\Program Files\dotnet\;C:\Program Files\Git\cmd;H:\;C:\Program Files (x86)\Microsoft SQL Server\160\Tools\Binn\;C:\Program Files\Microsoft SQL Server\160\Tools\Binn\;C:\Program Files\Microsoft SQL Server\160\DTS\Binn\;C:\Program Files (x86)\NVIDIA Corporation\PhysX\Common;F:\Docker\resources\bin;C:\Users\hyper\AppData\Local\Microsoft\WindowsApps;C:\Program Files\Java\jdk-18.0.2.1\bin;C:\Users\hyper\AppData\Roaming\npm;J:\Microsoft VS Code\bin
USERNAME=hyper
OS=Windows_NT
PROCESSOR_IDENTIFIER=Intel64 Family 6 Model 60 Stepping 3, GenuineIntel
TMP=C:\Users\hyper\AppData\Local\Temp
TEMP=C:\Users\hyper\AppData\Local\Temp




Periodic native trim disabled

---------------  S Y S T E M  ---------------

OS:
 Windows 11 , 64 bit Build 22000 (10.0.22000.2538)
OS uptime: 1 days 22:37 hours
Hyper-V role detected

CPU: total 8 (initial active 8) (4 cores per cpu, 2 threads per core) family 6 model 60 stepping 3 microcode 0x28, cx8, cmov, fxsr, ht, mmx, sse, sse2, sse3, ssse3, sse4.1, sse4.2, popcnt, lzcnt, tsc, tscinvbit, avx, avx2, aes, erms, clmul, bmi1, bmi2, fma, vzeroupper, clflush, hv, rdtscp, f16c
Processor Information for the first 8 processors :
  Max Mhz: 3501, Current Mhz: 3501, Mhz Limit: 3501

Memory: 4k page, system-wide physical 16283M (1852M free)
TotalPageFile size 36283M (AvailPageFile size 47M)
current process WorkingSet (physical memory assigned to process): 1020M, peak: 1023M
current process commit charge ("private bytes"): 948M, peak: 1079M

vm_info: OpenJDK 64-Bit Server VM (21.0.6+7-LTS) for windows-amd64 JRE (21.0.6+7-LTS), built on 2025-01-21T00:00:00Z by "admin" with MS VC++ 17.7 (VS2022)

END.
