#
# There is insufficient memory for the Java Runtime Environment to continue.
# Native memory allocation (mmap) failed to map 268435456 bytes for G1 virtual space
# Possible reasons:
#   The system is out of physical RAM or swap space
#   The process is running with CompressedOops enabled, and the Java Heap may be blocking the growth of the native heap
# Possible solutions:
#   Reduce memory load on the system
#   Increase physical memory or swap space
#   Check if swap backing store is full
#   Decrease Java heap size (-Xmx/-Xms)
#   Decrease number of Java threads
#   Decrease Java thread stack sizes (-Xss)
#   Set larger code cache with -XX:ReservedCodeCacheSize=
#   JVM is running with Zero Based Compressed Oops mode in which the Java heap is
#     placed in the first 32GB address space. The Java Heap base address is the
#     maximum limit for the native heap growth. Please use -XX:HeapBaseMinAddress
#     to set the Java Heap base and to place the Java Heap above 32GB virtual address.
# This output file may be truncated or incomplete.
#
#  Out of Memory Error (os_windows.cpp:3530), pid=19940, tid=2620
#
# JRE version:  (18.0.2.1+1) (build )
# Java VM: Java HotSpot(TM) 64-Bit Server VM (18.0.2.1+1-1, mixed mode, sharing, tiered, compressed oops, compressed class ptrs, g1 gc, windows-amd64)
# No core dump will be written. Minidumps are not enabled by default on client versions of Windows
#

---------------  S U M M A R Y ------------

Command Line: J:\.important\Documents\GLASSFISH_SERVER3\bin\..\glassfish\lib\client\appserver-cli.jar deploy --force F:\Memefesrec\memefest\target\Memefest-SNAPSHOT-01.war

Host: Intel(R) Core(TM) i7-4770K CPU @ 3.50GHz, 8 cores, 15G,  Windows 11 , 64 bit Build 22000 (10.0.22000.2538)
Time: Thu Aug 14 04:21:14 2025 Volgograd Standard Time elapsed time: 0.027990 seconds (0d 0h 0m 0s)

---------------  T H R E A D  ---------------

Current thread (0x0000027745b97e50):  JavaThread "Unknown thread" [_thread_in_vm, id=2620, stack(0x000000a9b7600000,0x000000a9b7700000)]

Stack: [0x000000a9b7600000,0x000000a9b7700000]
Native frames: (J=compiled Java code, j=interpreted, Vv=VM code, C=native code)
V  [jvm.dll+0x6993aa]
V  [jvm.dll+0x7f46dd]
V  [jvm.dll+0x7f5fee]
V  [jvm.dll+0x7f66a3]
V  [jvm.dll+0x25cf1f]
V  [jvm.dll+0x6962f9]
V  [jvm.dll+0x68ae2a]
V  [jvm.dll+0x32255b]
V  [jvm.dll+0x329f36]
V  [jvm.dll+0x37eade]
V  [jvm.dll+0x37ed0f]
V  [jvm.dll+0x2fa2da]
V  [jvm.dll+0x2fb33d]
V  [jvm.dll+0x7c3310]
V  [jvm.dll+0x38be61]
V  [jvm.dll+0x7a2023]
V  [jvm.dll+0x40dc3f]
V  [jvm.dll+0x40f611]
C  [jli.dll+0x526b]
C  [ucrtbase.dll+0x26c0c]
C  [KERNEL32.DLL+0x153e0]
C  [ntdll.dll+0x485b]


---------------  P R O C E S S  ---------------

Threads class SMR info:
_java_thread_list=0x00007ff8c7b7e550, length=0, elements={
}

Java Threads: ( => current thread )

Other Threads:
  0x0000027745c080a0 WorkerThread "GC Thread#0" [stack: 0x000000a9b7700000,0x000000a9b7800000] [id=29292]
  0x0000027745c18e50 ConcurrentGCThread "G1 Main Marker" [stack: 0x000000a9b7800000,0x000000a9b7900000] [id=10048]
  0x0000027745c1a850 WorkerThread "G1 Conc#0" [stack: 0x000000a9b7900000,0x000000a9b7a00000] [id=14320]

[error occurred during error reporting (printing all threads), id 0xc0000005, EXCEPTION_ACCESS_VIOLATION (0xc0000005) at pc=0x00007ff8c73aa877]

VM state: not at safepoint (not fully initialized)

VM Mutex/Monitor currently owned by a thread:  ([mutex/lock_event])
[0x0000027745b94bd0] Heap_lock - owner thread: 0x0000027745b97e50

Heap address: 0x0000000701800000, size: 4072 MB, Compressed Oops mode: Zero based, Oop shift amount: 3

CDS archive(s) mapped at: [0x0000000000000000-0x0000000000000000-0x0000000000000000), size 0, SharedBaseAddress: 0x0000000800000000, ArchiveRelocationMode: 0.
Narrow klass base: 0x0000000000000000, Narrow klass shift: 0, Narrow klass range: 0x0

GC Precious Log:
 CardTable entry size: 512
 Card Set container configuration: InlinePtr #cards 4 size 8 Array Of Cards #cards 16 size 48 Howl #buckets 8 coarsen threshold 3686 Howl Bitmap #cards 512 size 80 coarsen threshold 460 Card regions per heap region 1 cards per card region 4096

Heap:
 garbage-first heap   total 0K, used 0K [0x0000000701800000, 0x0000000800000000)
  region size 2048K, 0 young (0K), 0 survivors (0K)

[error occurred during error reporting (printing heap information), id 0xc0000005, EXCEPTION_ACCESS_VIOLATION (0xc0000005) at pc=0x00007ff8c7791839]

GC Heap History (0 events):
No events

Deoptimization events (0 events):
No events

Classes loaded (0 events):
No events

Classes unloaded (0 events):
No events

Classes redefined (0 events):
No events

Internal exceptions (0 events):
No events

VM Operations (0 events):
No events

Events (1 events):
Event: 0.008 Loaded shared library C:\Program Files\Java\jdk-18.0.2.1\bin\java.dll


Dynamic libraries:
0x00007ff7159c0000 - 0x00007ff7159d0000 	C:\Program Files\Java\jdk-18.0.2.1\bin\java.exe
0x00007ff926520000 - 0x00007ff926729000 	C:\WINDOWS\SYSTEM32\ntdll.dll
0x00007ff925790000 - 0x00007ff92584d000 	C:\WINDOWS\System32\KERNEL32.DLL
0x00007ff923ae0000 - 0x00007ff923e64000 	C:\WINDOWS\System32\KERNELBASE.dll
0x00007ff924130000 - 0x00007ff924241000 	C:\WINDOWS\System32\ucrtbase.dll
0x00007ff90f400000 - 0x00007ff90f41a000 	C:\Program Files\Java\jdk-18.0.2.1\bin\VCRUNTIME140.dll
0x00007ff90f430000 - 0x00007ff90f448000 	C:\Program Files\Java\jdk-18.0.2.1\bin\jli.dll
0x00007ff925250000 - 0x00007ff9252fe000 	C:\WINDOWS\System32\ADVAPI32.dll
0x00007ff924e20000 - 0x00007ff924ec3000 	C:\WINDOWS\System32\msvcrt.dll
0x00007ff9254b0000 - 0x00007ff92554e000 	C:\WINDOWS\System32\sechost.dll
0x00007ff924f80000 - 0x00007ff9250a1000 	C:\WINDOWS\System32\RPCRT4.dll
0x00007ff925300000 - 0x00007ff9254ad000 	C:\WINDOWS\System32\USER32.dll
0x00007ff924100000 - 0x00007ff924126000 	C:\WINDOWS\System32\win32u.dll
0x00007ff9250c0000 - 0x00007ff9250ea000 	C:\WINDOWS\System32\GDI32.dll
0x00007ff918250000 - 0x00007ff9184f5000 	C:\WINDOWS\WinSxS\amd64_microsoft.windows.common-controls_6595b64144ccf1df_6.0.22000.120_none_9d947278b86cc467\COMCTL32.dll
0x00007ff924250000 - 0x00007ff92436e000 	C:\WINDOWS\System32\gdi32full.dll
0x00007ff924060000 - 0x00007ff9240fd000 	C:\WINDOWS\System32\msvcp_win.dll
0x00007ff923360000 - 0x00007ff92336a000 	C:\WINDOWS\SYSTEM32\VERSION.dll
0x00007ff924dd0000 - 0x00007ff924e01000 	C:\WINDOWS\System32\IMM32.DLL
0x00007ff925b00000 - 0x00007ff925c9a000 	C:\WINDOWS\System32\ole32.dll
0x00007ff924370000 - 0x00007ff9246e6000 	C:\WINDOWS\System32\combase.dll
0x00007ff923350000 - 0x00007ff92335b000 	C:\WINDOWS\system32\fltlib.dll
0x00007ff91fe50000 - 0x00007ff91fe5c000 	C:\Program Files\Java\jdk-18.0.2.1\bin\vcruntime140_1.dll
0x00007ff8fc210000 - 0x00007ff8fc29d000 	C:\Program Files\Java\jdk-18.0.2.1\bin\msvcp140.dll
0x00007ff8c70a0000 - 0x00007ff8c7cb1000 	C:\Program Files\Java\jdk-18.0.2.1\bin\server\jvm.dll
0x00007ff9250b0000 - 0x00007ff9250b8000 	C:\WINDOWS\System32\PSAPI.DLL
0x00007ff9199f0000 - 0x00007ff919a23000 	C:\WINDOWS\SYSTEM32\WINMM.dll
0x00007ff8fba10000 - 0x00007ff8fba19000 	C:\WINDOWS\SYSTEM32\WSOCK32.dll
0x00007ff9251d0000 - 0x00007ff92523f000 	C:\WINDOWS\System32\WS2_32.dll
0x00007ff922860000 - 0x00007ff922878000 	C:\WINDOWS\SYSTEM32\kernel.appcore.dll
0x00007ff9192e0000 - 0x00007ff9192ea000 	C:\Program Files\Java\jdk-18.0.2.1\bin\jimage.dll
0x00007ff921400000 - 0x00007ff921621000 	C:\WINDOWS\SYSTEM32\DBGHELP.DLL
0x00007ff9191f0000 - 0x00007ff919221000 	C:\WINDOWS\SYSTEM32\dbgcore.DLL
0x00007ff923fe0000 - 0x00007ff92405f000 	C:\WINDOWS\System32\bcryptPrimitives.dll
0x00007ff90f3d0000 - 0x00007ff90f3f5000 	C:\Program Files\Java\jdk-18.0.2.1\bin\java.dll

dbghelp: loaded successfully - version: 4.0.5 - missing functions: none
symbol engine: initialized successfully - sym options: 0x614 - pdb path: .;C:\Program Files\Java\jdk-18.0.2.1\bin;C:\WINDOWS\SYSTEM32;C:\WINDOWS\WinSxS\amd64_microsoft.windows.common-controls_6595b64144ccf1df_6.0.22000.120_none_9d947278b86cc467;C:\Program Files\Java\jdk-18.0.2.1\bin\server

VM Arguments:
java_command: J:\.important\Documents\GLASSFISH_SERVER3\bin\..\glassfish\lib\client\appserver-cli.jar deploy --force F:\Memefesrec\memefest\target\Memefest-SNAPSHOT-01.war
java_class_path (initial): J:\.important\Documents\GLASSFISH_SERVER3\bin\..\glassfish\lib\client\appserver-cli.jar
Launcher Type: SUN_STANDARD

[Global flags]
     intx CICompilerCount                          = 4                                         {product} {ergonomic}
     uint ConcGCThreads                            = 2                                         {product} {ergonomic}
     uint G1ConcRefinementThreads                  = 8                                         {product} {ergonomic}
   size_t G1HeapRegionSize                         = 2097152                                   {product} {ergonomic}
    uintx GCDrainStackTargetSize                   = 64                                        {product} {ergonomic}
   size_t InitialHeapSize                          = 268435456                                 {product} {ergonomic}
   size_t MarkStackSize                            = 4194304                                   {product} {ergonomic}
   size_t MaxHeapSize                              = 4269801472                                {product} {ergonomic}
   size_t MinHeapDeltaBytes                        = 2097152                                   {product} {ergonomic}
   size_t MinHeapSize                              = 8388608                                   {product} {ergonomic}
    uintx NonNMethodCodeHeapSize                   = 5839372                                {pd product} {ergonomic}
    uintx NonProfiledCodeHeapSize                  = 122909434                              {pd product} {ergonomic}
    uintx ProfiledCodeHeapSize                     = 122909434                              {pd product} {ergonomic}
    uintx ReservedCodeCacheSize                    = 251658240                              {pd product} {ergonomic}
     bool SegmentedCodeCache                       = true                                      {product} {ergonomic}
   size_t SoftMaxHeapSize                          = 4269801472                             {manageable} {ergonomic}
     bool UseCompressedClassPointers               = true                           {product lp64_product} {ergonomic}
     bool UseCompressedOops                        = true                           {product lp64_product} {ergonomic}
     bool UseG1GC                                  = true                                      {product} {ergonomic}
     bool UseLargePagesIndividualAllocation        = false                                  {pd product} {ergonomic}

Logging:
Log output configuration:
 #0: stdout all=warning uptime,level,tags foldmultilines=false
 #1: stderr all=off uptime,level,tags foldmultilines=false

Environment Variables:
JAVA_HOME=C:\Program Files\Java\jdk-18.0.2.1
PATH=C:\Program Files\Common Files\Oracle\Java\javapath;C:\WINDOWS\system32;C:\WINDOWS;C:\WINDOWS\System32\Wbem;C:\WINDOWS\System32\WindowsPowerShell\v1.0\;C:\WINDOWS\System32\OpenSSH\;J:\.important\Documents\apache-maven-3.8.6\bin;C:\Program Files\Microsoft SQL Server\Client SDK\ODBC\170\Tools\Binn\;C:\Program Files (x86)\Microsoft SQL Server\150\Tools\Binn\;C:\Program Files\Microsoft SQL Server\150\Tools\Binn\;C:\Program Files\Microsoft SQL Server\150\DTS\Binn\;C:\Program Files (x86)\Microsoft SQL Server\160\DTS\Binn\;C:\Users\hyper\Downloads\curl-8.10.1_2-win64-mingw\curl-8.10.1_2-win64-mingw\bin;C:\C:\Program Files\Java\jdk-18.0.2.1\bin;C:\Program Files\OpenSSL-Win64\bin;C:\Program Files\dotnet\;C:\Program Files\Git\cmd;H:\;C:\Program Files (x86)\Microsoft SQL Server\160\Tools\Binn\;C:\Program Files\Microsoft SQL Server\160\Tools\Binn\;C:\Program Files\Microsoft SQL Server\160\DTS\Binn\;C:\Program Files (x86)\NVIDIA Corporation\PhysX\Common;F:\Docker\resources\bin;C:\Users\hyper\AppData\Local\Microsoft\WindowsApps;C:\Program Files\Java\jdk-18.0.2.1\bin;C:\Users\hyper\AppData\Roaming\npm;J:\Microsoft VS Code\bin
USERNAME=hyper
OS=Windows_NT
PROCESSOR_IDENTIFIER=Intel64 Family 6 Model 60 Stepping 3, GenuineIntel



---------------  S Y S T E M  ---------------

OS:
 Windows 11 , 64 bit Build 22000 (10.0.22000.2538)
OS uptime: 2 days 15:53 hours
Hyper-V role detected

CPU: total 8 (initial active 8) (4 cores per cpu, 2 threads per core) family 6 model 60 stepping 3 microcode 0x28, cx8, cmov, fxsr, ht, mmx, sse, sse2, sse3, ssse3, sse4.1, sse4.2, popcnt, lzcnt, tsc, tscinvbit, avx, avx2, aes, erms, clmul, bmi1, bmi2, fma, vzeroupper, clflush, hv

Memory: 4k page, system-wide physical 16283M (312M free)
TotalPageFile size 36283M (AvailPageFile size 53M)
current process WorkingSet (physical memory assigned to process): 11M, peak: 11M
current process commit charge ("private bytes"): 61M, peak: 317M

vm_info: Java HotSpot(TM) 64-Bit Server VM (18.0.2.1+1-1) for windows-amd64 JRE (18.0.2.1+1-1), built on Aug 16 2022 01:46:33 by "mach5one" with MS VC++ 16.8 / 16.9 (VS2019)

END.
