#
# There is insufficient memory for the Java Runtime Environment to continue.
# Native memory allocation (malloc) failed to allocate 32744 bytes for Chunk::new
# Possible reasons:
#   The system is out of physical RAM or swap space
#   The process is running with CompressedOops enabled, and the Java Heap may be blocking the growth of the native heap
# Possible solutions:
#   Reduce memory load on the system
#   Increase physical memory or swap space
#   Check if swap backing store is full
#   Decrease Java heap size (-Xmx/-Xms)
#   Decrease number of Java threads
#   Decrease Java thread stack sizes (-Xss)
#   Set larger code cache with -XX:ReservedCodeCacheSize=
#   JVM is running with Zero Based Compressed Oops mode in which the Java heap is
#     placed in the first 32GB address space. The Java Heap base address is the
#     maximum limit for the native heap growth. Please use -XX:HeapBaseMinAddress
#     to set the Java Heap base and to place the Java Heap above 32GB virtual address.
# This output file may be truncated or incomplete.
#
#  Out of Memory Error (arena.cpp:184), pid=7800, tid=26244
#
# JRE version: Java(TM) SE Runtime Environment (18.0.2.1+1) (build 18.0.2.1+1-1)
# Java VM: Java HotSpot(TM) 64-Bit Server VM (18.0.2.1+1-1, mixed mode, sharing, tiered, compressed oops, compressed class ptrs, g1 gc, windows-amd64)
# No core dump will be written. Minidumps are not enabled by default on client versions of Windows
#

---------------  S U M M A R Y ------------

Command Line: -Dclassworlds.conf=J:\.important\Documents\apache-maven-3.8.6\bin\m2.conf -Dmaven.home=J:\.important\Documents\apache-maven-3.8.6 -Dlibrary.jansi.path=J:\.important\Documents\apache-maven-3.8.6\lib\jansi-native -Dmaven.multiModuleProjectDirectory=f:\memefesrec\memefest org.codehaus.plexus.classworlds.launcher.Launcher -q help:effective-pom -Doutput=f:\memefesrec\memefest\effective-pom.xml

Host: Intel(R) Core(TM) i7-4770K CPU @ 3.50GHz, 8 cores, 15G,  Windows 11 , 64 bit Build 22000 (10.0.22000.2538)
Time: Fri Aug 29 08:17:27 2025 Volgograd Standard Time elapsed time: 2.327373 seconds (0d 0h 0m 2s)

---------------  T H R E A D  ---------------

Current thread (0x0000020bab366300):  JavaThread "main" [_thread_in_vm, id=26244, stack(0x000000973e800000,0x000000973e900000)]

Stack: [0x000000973e800000,0x000000973e900000]
Native frames: (J=compiled Java code, j=interpreted, Vv=VM code, C=native code)
V  [jvm.dll+0x6993aa]
V  [jvm.dll+0x7f46dd]
V  [jvm.dll+0x7f5fee]
V  [jvm.dll+0x7f66a3]
V  [jvm.dll+0x25cf1f]
V  [jvm.dll+0xb8c2f]
V  [jvm.dll+0xb8fa5]
V  [jvm.dll+0x2020c1]
V  [jvm.dll+0x202e95]
V  [jvm.dll+0x2038cf]
V  [jvm.dll+0x1f8d61]
V  [jvm.dll+0x55dc05]
V  [jvm.dll+0x76e943]
V  [jvm.dll+0x76ea24]
V  [jvm.dll+0x42d7b4]
V  [jvm.dll+0x4334bf]
C  [java.dll+0x17ec]

Java frames: (J=compiled Java code, j=interpreted, Vv=VM code)
J 828  java.lang.ClassLoader.defineClass1(Ljava/lang/ClassLoader;Ljava/lang/String;[BIILjava/security/ProtectionDomain;Ljava/lang/String;)Ljava/lang/Class; java.base@18.0.2.1 (0 bytes) @ 0x0000020bba7d9b63 [0x0000020bba7d9aa0+0x00000000000000c3]
J 982 c1 java.lang.ClassLoader.defineClass(Ljava/lang/String;[BIILjava/security/ProtectionDomain;)Ljava/lang/Class; java.base@18.0.2.1 (43 bytes) @ 0x0000020bb3456b5c [0x0000020bb3456800+0x000000000000035c]
J 844 c1 java.security.SecureClassLoader.defineClass(Ljava/lang/String;[BIILjava/security/CodeSource;)Ljava/lang/Class; java.base@18.0.2.1 (16 bytes) @ 0x0000020bb340f28c [0x0000020bb340f1c0+0x00000000000000cc]
J 751 c1 java.net.URLClassLoader.defineClass(Ljava/lang/String;Ljdk/internal/loader/Resource;)Ljava/lang/Class; java.base@18.0.2.1 (224 bytes) @ 0x0000020bb33ea074 [0x0000020bb33e89a0+0x00000000000016d4]
J 750 c1 java.net.URLClassLoader$1.run()Ljava/lang/Class; java.base@18.0.2.1 (81 bytes) @ 0x0000020bb33e73f4 [0x0000020bb33e67a0+0x0000000000000c54]
J 749 c1 java.net.URLClassLoader$1.run()Ljava/lang/Object; java.base@18.0.2.1 (5 bytes) @ 0x0000020bb33e62c4 [0x0000020bb33e6240+0x0000000000000084]
J 468 c1 java.security.AccessController.doPrivileged(Ljava/security/PrivilegedExceptionAction;Ljava/security/AccessControlContext;)Ljava/lang/Object; java.base@18.0.2.1 (26 bytes) @ 0x0000020bb33219fc [0x0000020bb3321820+0x00000000000001dc]
J 757 c1 java.net.URLClassLoader.findClass(Ljava/lang/String;)Ljava/lang/Class; java.base@18.0.2.1 (47 bytes) @ 0x0000020bb33ee4a4 [0x0000020bb33ee300+0x00000000000001a4]
J 693 c1 org.codehaus.plexus.classworlds.realm.ClassRealm.loadClassFromSelf(Ljava/lang/String;)Ljava/lang/Class; (40 bytes) @ 0x0000020bb33b3cd4 [0x0000020bb33b3a80+0x0000000000000254]
J 698 c1 org.codehaus.plexus.classworlds.strategy.SelfFirstStrategy.loadClass(Ljava/lang/String;)Ljava/lang/Class; (50 bytes) @ 0x0000020bb33b56a4 [0x0000020bb33b5440+0x0000000000000264]
J 485 c1 org.codehaus.plexus.classworlds.realm.ClassRealm.loadClass(Ljava/lang/String;Z)Ljava/lang/Class; (33 bytes) @ 0x0000020bb33297d4 [0x0000020bb3329660+0x0000000000000174]
J 484 c1 org.codehaus.plexus.classworlds.realm.ClassRealm.loadClass(Ljava/lang/String;)Ljava/lang/Class; (7 bytes) @ 0x0000020bb332934c [0x0000020bb33292c0+0x000000000000008c]
v  ~StubRoutines::call_stub
j  org.eclipse.sisu.plexus.ComponentDescriptorBeanModule.configure(Lcom/google/inject/Binder;)Lorg/eclipse/sisu/plexus/PlexusBeanSource;+83
j  org.eclipse.sisu.plexus.PlexusBindingModule.configure(Lcom/google/inject/Binder;)V+37
j  com.google.inject.spi.Elements$RecordingBinder.install(Lcom/google/inject/Module;)V+161
j  com.google.inject.spi.Elements.getElements(Lcom/google/inject/Stage;Ljava/lang/Iterable;)Ljava/util/List;+40
j  com.google.inject.spi.Elements.getElements(Ljava/lang/Iterable;)Ljava/util/List;+4
j  org.eclipse.sisu.wire.WireModule.configure(Lcom/google/inject/Binder;)V+13
j  com.google.inject.spi.Elements$RecordingBinder.install(Lcom/google/inject/Module;)V+161
j  com.google.inject.spi.Elements.getElements(Lcom/google/inject/Stage;Ljava/lang/Iterable;)Ljava/util/List;+40
j  com.google.inject.internal.InjectorShell$Builder.build(Lcom/google/inject/internal/Initializer;Lcom/google/inject/internal/ProcessedBindingData;Lcom/google/inject/internal/util/Stopwatch;Lcom/google/inject/internal/Errors;)Ljava/util/List;+122
j  com.google.inject.internal.InternalInjectorCreator.build()Lcom/google/inject/Injector;+48
j  com.google.inject.Guice.createInjector(Lcom/google/inject/Stage;Ljava/lang/Iterable;)Lcom/google/inject/Injector;+15
j  com.google.inject.Guice.createInjector(Ljava/lang/Iterable;)Lcom/google/inject/Injector;+4
j  com.google.inject.Guice.createInjector([Lcom/google/inject/Module;)Lcom/google/inject/Injector;+4
j  org.codehaus.plexus.DefaultPlexusContainer.addPlexusInjector(Ljava/util/List;[Lcom/google/inject/Module;)Lcom/google/inject/Injector;+88
j  org.codehaus.plexus.DefaultPlexusContainer.discoverComponents(Lorg/codehaus/plexus/classworlds/realm/ClassRealm;[Lcom/google/inject/Module;)Ljava/util/List;+174
j  org.apache.maven.plugin.internal.DefaultMavenPluginManager.discoverPluginComponents(Lorg/codehaus/plexus/classworlds/realm/ClassRealm;Lorg/apache/maven/model/Plugin;Lorg/apache/maven/plugin/descriptor/PluginDescriptor;)V+97
j  org.apache.maven.plugin.internal.DefaultMavenPluginManager.createPluginRealm(Lorg/apache/maven/plugin/descriptor/PluginDescriptor;Lorg/apache/maven/execution/MavenSession;Ljava/lang/ClassLoader;Ljava/util/Map;Lorg/eclipse/aether/graph/DependencyFilter;)V+141
j  org.apache.maven.plugin.internal.DefaultMavenPluginManager.setupPluginRealm(Lorg/apache/maven/plugin/descriptor/PluginDescriptor;Lorg/apache/maven/execution/MavenSession;Ljava/lang/ClassLoader;Ljava/util/List;Lorg/eclipse/aether/graph/DependencyFilter;)V+263
j  org.apache.maven.plugin.DefaultBuildPluginManager.getPluginRealm(Lorg/apache/maven/execution/MavenSession;Lorg/apache/maven/plugin/descriptor/PluginDescriptor;)Lorg/codehaus/plexus/classworlds/realm/ClassRealm;+20
j  org.apache.maven.plugin.DefaultBuildPluginManager.executeMojo(Lorg/apache/maven/execution/MavenSession;Lorg/apache/maven/plugin/MojoExecution;)V+21
j  org.apache.maven.lifecycle.internal.MojoExecutor.doExecute2(Lorg/apache/maven/execution/MavenSession;Lorg/apache/maven/plugin/MojoExecution;)V+20
j  org.apache.maven.lifecycle.internal.MojoExecutor.doExecute(Lorg/apache/maven/execution/MavenSession;Lorg/apache/maven/plugin/MojoExecution;Lorg/apache/maven/lifecycle/internal/ProjectIndex;Lorg/apache/maven/lifecycle/internal/DependencyContext;)V+43
j  org.apache.maven.lifecycle.internal.MojoExecutor.execute(Lorg/apache/maven/execution/MavenSession;Lorg/apache/maven/plugin/MojoExecution;Lorg/apache/maven/lifecycle/internal/ProjectIndex;Lorg/apache/maven/lifecycle/internal/DependencyContext;)V+183
j  org.apache.maven.lifecycle.internal.MojoExecutor.execute(Lorg/apache/maven/execution/MavenSession;Lorg/apache/maven/plugin/MojoExecution;Lorg/apache/maven/lifecycle/internal/ProjectIndex;Lorg/apache/maven/lifecycle/internal/DependencyContext;Lorg/apache/maven/lifecycle/internal/PhaseRecorder;)V+6
j  org.apache.maven.lifecycle.internal.MojoExecutor.execute(Lorg/apache/maven/execution/MavenSession;Ljava/util/List;Lorg/apache/maven/lifecycle/internal/ProjectIndex;)V+60
j  org.apache.maven.lifecycle.internal.LifecycleModuleBuilder.buildProject(Lorg/apache/maven/execution/MavenSession;Lorg/apache/maven/execution/MavenSession;Lorg/apache/maven/lifecycle/internal/ReactorContext;Lorg/apache/maven/project/MavenProject;Lorg/apache/maven/lifecycle/internal/TaskSegment;)V+179
j  org.apache.maven.lifecycle.internal.LifecycleModuleBuilder.buildProject(Lorg/apache/maven/execution/MavenSession;Lorg/apache/maven/lifecycle/internal/ReactorContext;Lorg/apache/maven/project/MavenProject;Lorg/apache/maven/lifecycle/internal/TaskSegment;)V+7
j  org.apache.maven.lifecycle.internal.builder.singlethreaded.SingleThreadedBuilder.build(Lorg/apache/maven/execution/MavenSession;Lorg/apache/maven/lifecycle/internal/ReactorContext;Lorg/apache/maven/lifecycle/internal/ProjectBuildList;Ljava/util/List;Lorg/apache/maven/lifecycle/internal/ReactorBuildStatus;)V+77
j  org.apache.maven.lifecycle.internal.LifecycleStarter.execute(Lorg/apache/maven/execution/MavenSession;)V+348
j  org.apache.maven.DefaultMaven.doExecute(Lorg/apache/maven/execution/MavenExecutionRequest;Lorg/apache/maven/execution/MavenSession;Lorg/apache/maven/execution/MavenExecutionResult;Lorg/eclipse/aether/DefaultRepositorySystemSession;)Lorg/apache/maven/execution/MavenExecutionResult;+398
j  org.apache.maven.DefaultMaven.doExecute(Lorg/apache/maven/execution/MavenExecutionRequest;)Lorg/apache/maven/execution/MavenExecutionResult;+98
j  org.apache.maven.DefaultMaven.execute(Lorg/apache/maven/execution/MavenExecutionRequest;)Lorg/apache/maven/execution/MavenExecutionResult;+2
j  org.apache.maven.cli.MavenCli.execute(Lorg/apache/maven/cli/CliRequest;)I+27
j  org.apache.maven.cli.MavenCli.doMain(Lorg/apache/maven/cli/CliRequest;)I+71
j  org.apache.maven.cli.MavenCli.main([Ljava/lang/String;Lorg/codehaus/plexus/classworlds/ClassWorld;)I+24
j  java.lang.invoke.DirectMethodHandle$Holder.invokeStatic(Ljava/lang/Object;Ljava/lang/Object;Ljava/lang/Object;)I+11 java.base@18.0.2.1
j  java.lang.invoke.LambdaForm$MH+0x0000000800c08800.invoke(Ljava/lang/Object;Ljava/lang/Object;Ljava/lang/Object;Ljava/lang/Object;)Ljava/lang/Object;+54 java.base@18.0.2.1
j  java.lang.invoke.LambdaForm$MH+0x0000000800c08c00.invokeExact_MT(Ljava/lang/Object;Ljava/lang/Object;Ljava/lang/Object;Ljava/lang/Object;Ljava/lang/Object;)Ljava/lang/Object;+22 java.base@18.0.2.1
j  jdk.internal.reflect.DirectMethodHandleAccessor.invokeImpl(Ljava/lang/Object;[Ljava/lang/Object;)Ljava/lang/Object;+72 java.base@18.0.2.1
j  jdk.internal.reflect.DirectMethodHandleAccessor.invoke(Ljava/lang/Object;[Ljava/lang/Object;)Ljava/lang/Object;+23 java.base@18.0.2.1
j  java.lang.reflect.Method.invoke(Ljava/lang/Object;[Ljava/lang/Object;)Ljava/lang/Object;+102 java.base@18.0.2.1
j  org.codehaus.plexus.classworlds.launcher.Launcher.launchEnhanced([Ljava/lang/String;)V+45
j  org.codehaus.plexus.classworlds.launcher.Launcher.launch([Ljava/lang/String;)V+2
j  org.codehaus.plexus.classworlds.launcher.Launcher.mainWithExitCode([Ljava/lang/String;)I+101
j  org.codehaus.plexus.classworlds.launcher.Launcher.main([Ljava/lang/String;)V+1
v  ~StubRoutines::call_stub

---------------  P R O C E S S  ---------------

Threads class SMR info:
_java_thread_list=0x0000020bd37383b0, length=14, elements={
0x0000020bab366300, 0x0000020bc291ea70, 0x0000020bc291f6d0, 0x0000020bc292db20,
0x0000020bc292e4c0, 0x0000020bd2c040a0, 0x0000020bd2c06960, 0x0000020bd2c0a380,
0x0000020bd2c19540, 0x0000020bd2c1a730, 0x0000020bd2d46620, 0x0000020bd2d67580,
0x0000020bd3481cf0, 0x0000020bd31ede30
}

Java Threads: ( => current thread )
=>0x0000020bab366300 JavaThread "main" [_thread_in_vm, id=26244, stack(0x000000973e800000,0x000000973e900000)]
  0x0000020bc291ea70 JavaThread "Reference Handler" daemon [_thread_blocked, id=6476, stack(0x000000973ef00000,0x000000973f000000)]
  0x0000020bc291f6d0 JavaThread "Finalizer" daemon [_thread_blocked, id=17112, stack(0x000000973f000000,0x000000973f100000)]
  0x0000020bc292db20 JavaThread "Signal Dispatcher" daemon [_thread_blocked, id=20988, stack(0x000000973f100000,0x000000973f200000)]
  0x0000020bc292e4c0 JavaThread "Attach Listener" daemon [_thread_blocked, id=16284, stack(0x000000973f200000,0x000000973f300000)]
  0x0000020bd2c040a0 JavaThread "Service Thread" daemon [_thread_blocked, id=24712, stack(0x000000973f300000,0x000000973f400000)]
  0x0000020bd2c06960 JavaThread "Monitor Deflation Thread" daemon [_thread_blocked, id=26384, stack(0x000000973f400000,0x000000973f500000)]
  0x0000020bd2c0a380 JavaThread "C2 CompilerThread0" daemon [_thread_in_native, id=20472, stack(0x000000973f500000,0x000000973f600000)]
  0x0000020bd2c19540 JavaThread "C1 CompilerThread0" daemon [_thread_blocked, id=26456, stack(0x000000973f600000,0x000000973f700000)]
  0x0000020bd2c1a730 JavaThread "Sweeper thread" daemon [_thread_blocked, id=27584, stack(0x000000973f700000,0x000000973f800000)]
  0x0000020bd2d46620 JavaThread "Notification Thread" daemon [_thread_blocked, id=10420, stack(0x000000973f800000,0x000000973f900000)]
  0x0000020bd2d67580 JavaThread "Common-Cleaner" daemon [_thread_blocked, id=11124, stack(0x000000973fa00000,0x000000973fb00000)]
  0x0000020bd3481cf0 JavaThread "C2 CompilerThread1" daemon [_thread_in_native, id=9380, stack(0x000000973fb00000,0x000000973fc00000)]
  0x0000020bd31ede30 JavaThread "C2 CompilerThread2" daemon [_thread_blocked, id=12472, stack(0x000000973fc00000,0x000000973fd00000)]

Other Threads:
  0x0000020bc2791870 VMThread "VM Thread" [stack: 0x000000973ee00000,0x000000973ef00000] [id=25388]
  0x0000020bd2d66f00 WatcherThread "VM Periodic Task Thread" [stack: 0x000000973f900000,0x000000973fa00000] [id=23412]
  0x0000020bc2770880 WorkerThread "GC Thread#0" [stack: 0x000000973e900000,0x000000973ea00000] [id=23844]
  0x0000020bd2e21ca0 WorkerThread "GC Thread#1" [stack: 0x000000973fd00000,0x000000973fe00000] [id=21640]
  0x0000020bd37cd7e0 WorkerThread "GC Thread#2" [stack: 0x000000973fe00000,0x000000973ff00000] [id=21432]
  0x0000020bd37cda80 WorkerThread "GC Thread#3" [stack: 0x000000973ff00000,0x0000009740000000] [id=24444]
  0x0000020bd37cdd20 WorkerThread "GC Thread#4" [stack: 0x0000009740000000,0x0000009740100000] [id=10744]
  0x0000020bd37cdfc0 WorkerThread "GC Thread#5" [stack: 0x0000009740100000,0x0000009740200000] [id=8960]
  0x0000020bd35e55c0 WorkerThread "GC Thread#6" [stack: 0x0000009740200000,0x0000009740300000] [id=22192]
  0x0000020bd3adf010 WorkerThread "GC Thread#7" [stack: 0x0000009740300000,0x0000009740400000] [id=7220]
  0x0000020bab39c5c0 ConcurrentGCThread "G1 Main Marker" [stack: 0x000000973ea00000,0x000000973eb00000] [id=25512]
  0x0000020bab39cdc0 WorkerThread "G1 Conc#0" [stack: 0x000000973eb00000,0x000000973ec00000] [id=23672]
  0x0000020bc27cdce0 ConcurrentGCThread "G1 Refine#0" [stack: 0x000000973ec00000,0x000000973ed00000] [id=17520]
  0x0000020bc27ce5f0 ConcurrentGCThread "G1 Service" [stack: 0x000000973ed00000,0x000000973ee00000] [id=26664]

Threads with active compile tasks:
C2 CompilerThread0     2369 2944       4       java.util.regex.Pattern$CharPropertyGreedy::match (160 bytes)
C2 CompilerThread1     2370 2869 %     4       org.codehaus.plexus.util.xml.Xpp3DomBuilder::build @ 28 (413 bytes)

VM state: not at safepoint (normal execution)

VM Mutex/Monitor currently owned by a thread: None

Heap address: 0x0000000701800000, size: 4072 MB, Compressed Oops mode: Zero based, Oop shift amount: 3

CDS archive(s) mapped at: [0x0000000800000000-0x0000000800ba0000-0x0000000800ba0000), size 12189696, SharedBaseAddress: 0x0000000800000000, ArchiveRelocationMode: 0.
Compressed class space mapped at: 0x0000000800c00000-0x0000000840c00000, reserved size: 1073741824
Narrow klass base: 0x0000000800000000, Narrow klass shift: 0, Narrow klass range: 0x100000000

GC Precious Log:
 CardTable entry size: 512
 Card Set container configuration: InlinePtr #cards 4 size 8 Array Of Cards #cards 16 size 48 Howl #buckets 8 coarsen threshold 3686 Howl Bitmap #cards 512 size 80 coarsen threshold 460 Card regions per heap region 1 cards per card region 4096
 CPUs: 8 total, 8 available
 Memory: 16283M
 Large Page Support: Disabled
 NUMA Support: Disabled
 Compressed Oops: Enabled (Zero based)
 Heap Region Size: 2M
 Heap Min Capacity: 8M
 Heap Initial Capacity: 256M
 Heap Max Capacity: 4072M
 Pre-touch: Disabled
 Parallel Workers: 8
 Concurrent Workers: 2
 Concurrent Refinement Workers: 8
 Periodic GC: Disabled

Heap:
 garbage-first heap   total 262144K, used 49444K [0x0000000701800000, 0x0000000800000000)
  region size 2048K, 24 young (49152K), 2 survivors (4096K)
 Metaspace       used 13288K, committed 13568K, reserved 1114112K
  class space    used 1490K, committed 1600K, reserved 1048576K

Heap Regions: E=young(eden), S=young(survivor), O=old, HS=humongous(starts), HC=humongous(continues), CS=collection set, F=free, OA=open archive, CA=closed archive, TAMS=top-at-mark-start (previous, next)
|   0|0x0000000701800000, 0x0000000701a00000, 0x0000000701a00000|100%| O|  |TAMS 0x0000000701800000, 0x0000000701800000| Untracked 
|   1|0x0000000701a00000, 0x0000000701b77e00, 0x0000000701c00000| 73%| O|  |TAMS 0x0000000701a00000, 0x0000000701a00000| Untracked 
|   2|0x0000000701c00000, 0x0000000701c00000, 0x0000000701e00000|  0%| F|  |TAMS 0x0000000701c00000, 0x0000000701c00000| Untracked 
|   3|0x0000000701e00000, 0x0000000701e00000, 0x0000000702000000|  0%| F|  |TAMS 0x0000000701e00000, 0x0000000701e00000| Untracked 
|   4|0x0000000702000000, 0x0000000702000000, 0x0000000702200000|  0%| F|  |TAMS 0x0000000702000000, 0x0000000702000000| Untracked 
|   5|0x0000000702200000, 0x0000000702200000, 0x0000000702400000|  0%| F|  |TAMS 0x0000000702200000, 0x0000000702200000| Untracked 
|   6|0x0000000702400000, 0x0000000702400000, 0x0000000702600000|  0%| F|  |TAMS 0x0000000702400000, 0x0000000702400000| Untracked 
|   7|0x0000000702600000, 0x0000000702600000, 0x0000000702800000|  0%| F|  |TAMS 0x0000000702600000, 0x0000000702600000| Untracked 
|   8|0x0000000702800000, 0x0000000702800000, 0x0000000702a00000|  0%| F|  |TAMS 0x0000000702800000, 0x0000000702800000| Untracked 
|   9|0x0000000702a00000, 0x0000000702a00000, 0x0000000702c00000|  0%| F|  |TAMS 0x0000000702a00000, 0x0000000702a00000| Untracked 
|  10|0x0000000702c00000, 0x0000000702c00000, 0x0000000702e00000|  0%| F|  |TAMS 0x0000000702c00000, 0x0000000702c00000| Untracked 
|  11|0x0000000702e00000, 0x0000000702e00000, 0x0000000703000000|  0%| F|  |TAMS 0x0000000702e00000, 0x0000000702e00000| Untracked 
|  12|0x0000000703000000, 0x0000000703000000, 0x0000000703200000|  0%| F|  |TAMS 0x0000000703000000, 0x0000000703000000| Untracked 
|  13|0x0000000703200000, 0x0000000703200000, 0x0000000703400000|  0%| F|  |TAMS 0x0000000703200000, 0x0000000703200000| Untracked 
|  14|0x0000000703400000, 0x0000000703400000, 0x0000000703600000|  0%| F|  |TAMS 0x0000000703400000, 0x0000000703400000| Untracked 
|  15|0x0000000703600000, 0x0000000703600000, 0x0000000703800000|  0%| F|  |TAMS 0x0000000703600000, 0x0000000703600000| Untracked 
|  16|0x0000000703800000, 0x0000000703800000, 0x0000000703a00000|  0%| F|  |TAMS 0x0000000703800000, 0x0000000703800000| Untracked 
|  17|0x0000000703a00000, 0x0000000703a00000, 0x0000000703c00000|  0%| F|  |TAMS 0x0000000703a00000, 0x0000000703a00000| Untracked 
|  18|0x0000000703c00000, 0x0000000703c00000, 0x0000000703e00000|  0%| F|  |TAMS 0x0000000703c00000, 0x0000000703c00000| Untracked 
|  19|0x0000000703e00000, 0x0000000703e00000, 0x0000000704000000|  0%| F|  |TAMS 0x0000000703e00000, 0x0000000703e00000| Untracked 
|  20|0x0000000704000000, 0x0000000704000000, 0x0000000704200000|  0%| F|  |TAMS 0x0000000704000000, 0x0000000704000000| Untracked 
|  21|0x0000000704200000, 0x0000000704200000, 0x0000000704400000|  0%| F|  |TAMS 0x0000000704200000, 0x0000000704200000| Untracked 
|  22|0x0000000704400000, 0x0000000704400000, 0x0000000704600000|  0%| F|  |TAMS 0x0000000704400000, 0x0000000704400000| Untracked 
|  23|0x0000000704600000, 0x0000000704600000, 0x0000000704800000|  0%| F|  |TAMS 0x0000000704600000, 0x0000000704600000| Untracked 
|  24|0x0000000704800000, 0x0000000704800000, 0x0000000704a00000|  0%| F|  |TAMS 0x0000000704800000, 0x0000000704800000| Untracked 
|  25|0x0000000704a00000, 0x0000000704a00000, 0x0000000704c00000|  0%| F|  |TAMS 0x0000000704a00000, 0x0000000704a00000| Untracked 
|  26|0x0000000704c00000, 0x0000000704c00000, 0x0000000704e00000|  0%| F|  |TAMS 0x0000000704c00000, 0x0000000704c00000| Untracked 
|  27|0x0000000704e00000, 0x0000000704e00000, 0x0000000705000000|  0%| F|  |TAMS 0x0000000704e00000, 0x0000000704e00000| Untracked 
|  28|0x0000000705000000, 0x0000000705000000, 0x0000000705200000|  0%| F|  |TAMS 0x0000000705000000, 0x0000000705000000| Untracked 
|  29|0x0000000705200000, 0x0000000705200000, 0x0000000705400000|  0%| F|  |TAMS 0x0000000705200000, 0x0000000705200000| Untracked 
|  30|0x0000000705400000, 0x0000000705400000, 0x0000000705600000|  0%| F|  |TAMS 0x0000000705400000, 0x0000000705400000| Untracked 
|  31|0x0000000705600000, 0x0000000705600000, 0x0000000705800000|  0%| F|  |TAMS 0x0000000705600000, 0x0000000705600000| Untracked 
|  32|0x0000000705800000, 0x0000000705800000, 0x0000000705a00000|  0%| F|  |TAMS 0x0000000705800000, 0x0000000705800000| Untracked 
|  33|0x0000000705a00000, 0x0000000705a00000, 0x0000000705c00000|  0%| F|  |TAMS 0x0000000705a00000, 0x0000000705a00000| Untracked 
|  34|0x0000000705c00000, 0x0000000705c00000, 0x0000000705e00000|  0%| F|  |TAMS 0x0000000705c00000, 0x0000000705c00000| Untracked 
|  35|0x0000000705e00000, 0x0000000705e00000, 0x0000000706000000|  0%| F|  |TAMS 0x0000000705e00000, 0x0000000705e00000| Untracked 
|  36|0x0000000706000000, 0x0000000706000000, 0x0000000706200000|  0%| F|  |TAMS 0x0000000706000000, 0x0000000706000000| Untracked 
|  37|0x0000000706200000, 0x0000000706200000, 0x0000000706400000|  0%| F|  |TAMS 0x0000000706200000, 0x0000000706200000| Untracked 
|  38|0x0000000706400000, 0x0000000706400000, 0x0000000706600000|  0%| F|  |TAMS 0x0000000706400000, 0x0000000706400000| Untracked 
|  39|0x0000000706600000, 0x0000000706600000, 0x0000000706800000|  0%| F|  |TAMS 0x0000000706600000, 0x0000000706600000| Untracked 
|  40|0x0000000706800000, 0x0000000706800000, 0x0000000706a00000|  0%| F|  |TAMS 0x0000000706800000, 0x0000000706800000| Untracked 
|  41|0x0000000706a00000, 0x0000000706a00000, 0x0000000706c00000|  0%| F|  |TAMS 0x0000000706a00000, 0x0000000706a00000| Untracked 
|  42|0x0000000706c00000, 0x0000000706c00000, 0x0000000706e00000|  0%| F|  |TAMS 0x0000000706c00000, 0x0000000706c00000| Untracked 
|  43|0x0000000706e00000, 0x0000000706e00000, 0x0000000707000000|  0%| F|  |TAMS 0x0000000706e00000, 0x0000000706e00000| Untracked 
|  44|0x0000000707000000, 0x0000000707000000, 0x0000000707200000|  0%| F|  |TAMS 0x0000000707000000, 0x0000000707000000| Untracked 
|  45|0x0000000707200000, 0x0000000707200000, 0x0000000707400000|  0%| F|  |TAMS 0x0000000707200000, 0x0000000707200000| Untracked 
|  46|0x0000000707400000, 0x0000000707400000, 0x0000000707600000|  0%| F|  |TAMS 0x0000000707400000, 0x0000000707400000| Untracked 
|  47|0x0000000707600000, 0x0000000707600000, 0x0000000707800000|  0%| F|  |TAMS 0x0000000707600000, 0x0000000707600000| Untracked 
|  48|0x0000000707800000, 0x0000000707800000, 0x0000000707a00000|  0%| F|  |TAMS 0x0000000707800000, 0x0000000707800000| Untracked 
|  49|0x0000000707a00000, 0x0000000707a00000, 0x0000000707c00000|  0%| F|  |TAMS 0x0000000707a00000, 0x0000000707a00000| Untracked 
|  50|0x0000000707c00000, 0x0000000707c00000, 0x0000000707e00000|  0%| F|  |TAMS 0x0000000707c00000, 0x0000000707c00000| Untracked 
|  51|0x0000000707e00000, 0x0000000707e00000, 0x0000000708000000|  0%| F|  |TAMS 0x0000000707e00000, 0x0000000707e00000| Untracked 
|  52|0x0000000708000000, 0x0000000708000000, 0x0000000708200000|  0%| F|  |TAMS 0x0000000708000000, 0x0000000708000000| Untracked 
|  53|0x0000000708200000, 0x0000000708200000, 0x0000000708400000|  0%| F|  |TAMS 0x0000000708200000, 0x0000000708200000| Untracked 
|  54|0x0000000708400000, 0x0000000708400000, 0x0000000708600000|  0%| F|  |TAMS 0x0000000708400000, 0x0000000708400000| Untracked 
|  55|0x0000000708600000, 0x0000000708600000, 0x0000000708800000|  0%| F|  |TAMS 0x0000000708600000, 0x0000000708600000| Untracked 
|  56|0x0000000708800000, 0x0000000708800000, 0x0000000708a00000|  0%| F|  |TAMS 0x0000000708800000, 0x0000000708800000| Untracked 
|  57|0x0000000708a00000, 0x0000000708a00000, 0x0000000708c00000|  0%| F|  |TAMS 0x0000000708a00000, 0x0000000708a00000| Untracked 
|  58|0x0000000708c00000, 0x0000000708c00000, 0x0000000708e00000|  0%| F|  |TAMS 0x0000000708c00000, 0x0000000708c00000| Untracked 
|  59|0x0000000708e00000, 0x0000000708e00000, 0x0000000709000000|  0%| F|  |TAMS 0x0000000708e00000, 0x0000000708e00000| Untracked 
|  60|0x0000000709000000, 0x0000000709000000, 0x0000000709200000|  0%| F|  |TAMS 0x0000000709000000, 0x0000000709000000| Untracked 
|  61|0x0000000709200000, 0x0000000709200000, 0x0000000709400000|  0%| F|  |TAMS 0x0000000709200000, 0x0000000709200000| Untracked 
|  62|0x0000000709400000, 0x0000000709400000, 0x0000000709600000|  0%| F|  |TAMS 0x0000000709400000, 0x0000000709400000| Untracked 
|  63|0x0000000709600000, 0x0000000709600000, 0x0000000709800000|  0%| F|  |TAMS 0x0000000709600000, 0x0000000709600000| Untracked 
|  64|0x0000000709800000, 0x0000000709800000, 0x0000000709a00000|  0%| F|  |TAMS 0x0000000709800000, 0x0000000709800000| Untracked 
|  65|0x0000000709a00000, 0x0000000709a00000, 0x0000000709c00000|  0%| F|  |TAMS 0x0000000709a00000, 0x0000000709a00000| Untracked 
|  66|0x0000000709c00000, 0x0000000709c00000, 0x0000000709e00000|  0%| F|  |TAMS 0x0000000709c00000, 0x0000000709c00000| Untracked 
|  67|0x0000000709e00000, 0x0000000709e00000, 0x000000070a000000|  0%| F|  |TAMS 0x0000000709e00000, 0x0000000709e00000| Untracked 
|  68|0x000000070a000000, 0x000000070a000000, 0x000000070a200000|  0%| F|  |TAMS 0x000000070a000000, 0x000000070a000000| Untracked 
|  69|0x000000070a200000, 0x000000070a200000, 0x000000070a400000|  0%| F|  |TAMS 0x000000070a200000, 0x000000070a200000| Untracked 
|  70|0x000000070a400000, 0x000000070a400000, 0x000000070a600000|  0%| F|  |TAMS 0x000000070a400000, 0x000000070a400000| Untracked 
|  71|0x000000070a600000, 0x000000070a600000, 0x000000070a800000|  0%| F|  |TAMS 0x000000070a600000, 0x000000070a600000| Untracked 
|  72|0x000000070a800000, 0x000000070a800000, 0x000000070aa00000|  0%| F|  |TAMS 0x000000070a800000, 0x000000070a800000| Untracked 
|  73|0x000000070aa00000, 0x000000070aa00000, 0x000000070ac00000|  0%| F|  |TAMS 0x000000070aa00000, 0x000000070aa00000| Untracked 
|  74|0x000000070ac00000, 0x000000070ac00000, 0x000000070ae00000|  0%| F|  |TAMS 0x000000070ac00000, 0x000000070ac00000| Untracked 
|  75|0x000000070ae00000, 0x000000070ae00000, 0x000000070b000000|  0%| F|  |TAMS 0x000000070ae00000, 0x000000070ae00000| Untracked 
|  76|0x000000070b000000, 0x000000070b000000, 0x000000070b200000|  0%| F|  |TAMS 0x000000070b000000, 0x000000070b000000| Untracked 
|  77|0x000000070b200000, 0x000000070b200000, 0x000000070b400000|  0%| F|  |TAMS 0x000000070b200000, 0x000000070b200000| Untracked 
|  78|0x000000070b400000, 0x000000070b400000, 0x000000070b600000|  0%| F|  |TAMS 0x000000070b400000, 0x000000070b400000| Untracked 
|  79|0x000000070b600000, 0x000000070b600000, 0x000000070b800000|  0%| F|  |TAMS 0x000000070b600000, 0x000000070b600000| Untracked 
|  80|0x000000070b800000, 0x000000070b800000, 0x000000070ba00000|  0%| F|  |TAMS 0x000000070b800000, 0x000000070b800000| Untracked 
|  81|0x000000070ba00000, 0x000000070ba00000, 0x000000070bc00000|  0%| F|  |TAMS 0x000000070ba00000, 0x000000070ba00000| Untracked 
|  82|0x000000070bc00000, 0x000000070bc00000, 0x000000070be00000|  0%| F|  |TAMS 0x000000070bc00000, 0x000000070bc00000| Untracked 
|  83|0x000000070be00000, 0x000000070be00000, 0x000000070c000000|  0%| F|  |TAMS 0x000000070be00000, 0x000000070be00000| Untracked 
|  84|0x000000070c000000, 0x000000070c000000, 0x000000070c200000|  0%| F|  |TAMS 0x000000070c000000, 0x000000070c000000| Untracked 
|  85|0x000000070c200000, 0x000000070c200000, 0x000000070c400000|  0%| F|  |TAMS 0x000000070c200000, 0x000000070c200000| Untracked 
|  86|0x000000070c400000, 0x000000070c400000, 0x000000070c600000|  0%| F|  |TAMS 0x000000070c400000, 0x000000070c400000| Untracked 
|  87|0x000000070c600000, 0x000000070c600000, 0x000000070c800000|  0%| F|  |TAMS 0x000000070c600000, 0x000000070c600000| Untracked 
|  88|0x000000070c800000, 0x000000070c800000, 0x000000070ca00000|  0%| F|  |TAMS 0x000000070c800000, 0x000000070c800000| Untracked 
|  89|0x000000070ca00000, 0x000000070ca00000, 0x000000070cc00000|  0%| F|  |TAMS 0x000000070ca00000, 0x000000070ca00000| Untracked 
|  90|0x000000070cc00000, 0x000000070cc00000, 0x000000070ce00000|  0%| F|  |TAMS 0x000000070cc00000, 0x000000070cc00000| Untracked 
|  91|0x000000070ce00000, 0x000000070ce00000, 0x000000070d000000|  0%| F|  |TAMS 0x000000070ce00000, 0x000000070ce00000| Untracked 
|  92|0x000000070d000000, 0x000000070d000000, 0x000000070d200000|  0%| F|  |TAMS 0x000000070d000000, 0x000000070d000000| Untracked 
|  93|0x000000070d200000, 0x000000070d200000, 0x000000070d400000|  0%| F|  |TAMS 0x000000070d200000, 0x000000070d200000| Untracked 
|  94|0x000000070d400000, 0x000000070d400000, 0x000000070d600000|  0%| F|  |TAMS 0x000000070d400000, 0x000000070d400000| Untracked 
|  95|0x000000070d600000, 0x000000070d600000, 0x000000070d800000|  0%| F|  |TAMS 0x000000070d600000, 0x000000070d600000| Untracked 
|  96|0x000000070d800000, 0x000000070d800000, 0x000000070da00000|  0%| F|  |TAMS 0x000000070d800000, 0x000000070d800000| Untracked 
|  97|0x000000070da00000, 0x000000070da00000, 0x000000070dc00000|  0%| F|  |TAMS 0x000000070da00000, 0x000000070da00000| Untracked 
|  98|0x000000070dc00000, 0x000000070dc00000, 0x000000070de00000|  0%| F|  |TAMS 0x000000070dc00000, 0x000000070dc00000| Untracked 
|  99|0x000000070de00000, 0x000000070de00000, 0x000000070e000000|  0%| F|  |TAMS 0x000000070de00000, 0x000000070de00000| Untracked 
| 100|0x000000070e000000, 0x000000070e000000, 0x000000070e200000|  0%| F|  |TAMS 0x000000070e000000, 0x000000070e000000| Untracked 
| 101|0x000000070e200000, 0x000000070e200000, 0x000000070e400000|  0%| F|  |TAMS 0x000000070e200000, 0x000000070e200000| Untracked 
| 102|0x000000070e400000, 0x000000070e400000, 0x000000070e600000|  0%| F|  |TAMS 0x000000070e400000, 0x000000070e400000| Untracked 
| 103|0x000000070e600000, 0x000000070e600000, 0x000000070e800000|  0%| F|  |TAMS 0x000000070e600000, 0x000000070e600000| Untracked 
| 104|0x000000070e800000, 0x000000070e897748, 0x000000070ea00000| 29%| E|  |TAMS 0x000000070e800000, 0x000000070e800000| Complete 
| 105|0x000000070ea00000, 0x000000070ec00000, 0x000000070ec00000|100%| E|CS|TAMS 0x000000070ea00000, 0x000000070ea00000| Complete 
| 106|0x000000070ec00000, 0x000000070ee00000, 0x000000070ee00000|100%| E|CS|TAMS 0x000000070ec00000, 0x000000070ec00000| Complete 
| 107|0x000000070ee00000, 0x000000070f000000, 0x000000070f000000|100%| E|CS|TAMS 0x000000070ee00000, 0x000000070ee00000| Complete 
| 108|0x000000070f000000, 0x000000070f200000, 0x000000070f200000|100%| E|CS|TAMS 0x000000070f000000, 0x000000070f000000| Complete 
| 109|0x000000070f200000, 0x000000070f2d1250, 0x000000070f400000| 40%| S|CS|TAMS 0x000000070f200000, 0x000000070f200000| Complete 
| 110|0x000000070f400000, 0x000000070f600000, 0x000000070f600000|100%| S|CS|TAMS 0x000000070f400000, 0x000000070f400000| Complete 
| 111|0x000000070f600000, 0x000000070f800000, 0x000000070f800000|100%| E|CS|TAMS 0x000000070f600000, 0x000000070f600000| Complete 
| 112|0x000000070f800000, 0x000000070fa00000, 0x000000070fa00000|100%| E|CS|TAMS 0x000000070f800000, 0x000000070f800000| Complete 
| 113|0x000000070fa00000, 0x000000070fc00000, 0x000000070fc00000|100%| E|CS|TAMS 0x000000070fa00000, 0x000000070fa00000| Complete 
| 114|0x000000070fc00000, 0x000000070fe00000, 0x000000070fe00000|100%| E|CS|TAMS 0x000000070fc00000, 0x000000070fc00000| Complete 
| 115|0x000000070fe00000, 0x0000000710000000, 0x0000000710000000|100%| E|CS|TAMS 0x000000070fe00000, 0x000000070fe00000| Complete 
| 116|0x0000000710000000, 0x0000000710200000, 0x0000000710200000|100%| E|CS|TAMS 0x0000000710000000, 0x0000000710000000| Complete 
| 117|0x0000000710200000, 0x0000000710400000, 0x0000000710400000|100%| E|CS|TAMS 0x0000000710200000, 0x0000000710200000| Complete 
| 118|0x0000000710400000, 0x0000000710600000, 0x0000000710600000|100%| E|CS|TAMS 0x0000000710400000, 0x0000000710400000| Complete 
| 119|0x0000000710600000, 0x0000000710800000, 0x0000000710800000|100%| E|CS|TAMS 0x0000000710600000, 0x0000000710600000| Complete 
| 120|0x0000000710800000, 0x0000000710a00000, 0x0000000710a00000|100%| E|CS|TAMS 0x0000000710800000, 0x0000000710800000| Complete 
| 121|0x0000000710a00000, 0x0000000710c00000, 0x0000000710c00000|100%| E|CS|TAMS 0x0000000710a00000, 0x0000000710a00000| Complete 
| 122|0x0000000710c00000, 0x0000000710e00000, 0x0000000710e00000|100%| E|CS|TAMS 0x0000000710c00000, 0x0000000710c00000| Complete 
| 123|0x0000000710e00000, 0x0000000711000000, 0x0000000711000000|100%| E|CS|TAMS 0x0000000710e00000, 0x0000000710e00000| Complete 
| 124|0x0000000711000000, 0x0000000711200000, 0x0000000711200000|100%| E|CS|TAMS 0x0000000711000000, 0x0000000711000000| Complete 
| 125|0x0000000711200000, 0x0000000711400000, 0x0000000711400000|100%| E|CS|TAMS 0x0000000711200000, 0x0000000711200000| Complete 
| 126|0x0000000711400000, 0x0000000711600000, 0x0000000711600000|100%| E|CS|TAMS 0x0000000711400000, 0x0000000711400000| Complete 
| 127|0x0000000711600000, 0x0000000711800000, 0x0000000711800000|100%| E|CS|TAMS 0x0000000711600000, 0x0000000711600000| Complete 

Card table byte_map: [0x0000020bc3130000,0x0000020bc3930000] _byte_map_base: 0x0000020bbf924000

Marking Bits (Prev, Next): (CMBitMap*) 0x0000020bab391d50, (CMBitMap*) 0x0000020bab391d90
 Prev Bits: [0x0000020bc4130000, 0x0000020bc80d0000)
 Next Bits: [0x0000020bc80d0000, 0x0000020bcc070000)

Polling page: 0x0000020ba9ab0000

Metaspace:

Usage:
  Non-class:     11.52 MB used.
      Class:      1.46 MB used.
       Both:     12.98 MB used.

Virtual space:
  Non-class space:       64.00 MB reserved,      11.69 MB ( 18%) committed,  1 nodes.
      Class space:        1.00 GB reserved,       1.56 MB ( <1%) committed,  1 nodes.
             Both:        1.06 GB reserved,      13.25 MB (  1%) committed. 

Chunk freelists:
   Non-Class:  3.34 MB
       Class:  2.45 MB
        Both:  5.79 MB

MaxMetaspaceSize: unlimited
CompressedClassSpaceSize: 1.00 GB
Initial GC threshold: 21.00 MB
Current GC threshold: 21.00 MB
CDS: on
MetaspaceReclaimPolicy: balanced
 - commit_granule_bytes: 65536.
 - commit_granule_words: 8192.
 - virtual_space_node_default_size: 8388608.
 - enlarge_chunks_in_place: 1.
 - new_chunks_are_fully_committed: 0.
 - uncommit_free_chunks: 1.
 - use_allocation_guard: 0.


Internal statistics:

num_allocs_failed_limit: 0.
num_arena_births: 248.
num_arena_deaths: 0.
num_vsnodes_births: 2.
num_vsnodes_deaths: 0.
num_space_committed: 212.
num_space_uncommitted: 0.
num_chunks_returned_to_freelist: 0.
num_chunks_taken_from_freelist: 687.
num_chunk_merges: 0.
num_chunk_splits: 496.
num_chunks_enlarged: 377.
num_inconsistent_stats: 0.

CodeHeap 'non-profiled nmethods': size=120000Kb used=1362Kb max_used=1362Kb free=118638Kb
 bounds [0x0000020bba7a0000, 0x0000020bbaa10000, 0x0000020bc1cd0000]
CodeHeap 'profiled nmethods': size=120000Kb used=6133Kb max_used=6133Kb free=113866Kb
 bounds [0x0000020bb3270000, 0x0000020bb3870000, 0x0000020bba7a0000]
CodeHeap 'non-nmethods': size=5760Kb used=1179Kb max_used=1208Kb free=4580Kb
 bounds [0x0000020bb2cd0000, 0x0000020bb2f40000, 0x0000020bb3270000]
 total_blobs=3522 nmethods=3058 adapters=376
 compilation: enabled
              stopped_count=0, restarted_count=0
 full_count=0

Compilation events (20 events):
Event: 2.309 Thread 0x0000020bd2c19540 3052       3       java.util.regex.Pattern$Begin::match (62 bytes)
Event: 2.309 Thread 0x0000020bd2c19540 nmethod 3052 0x0000020bb3864e90 code [0x0000020bb3865040, 0x0000020bb38653a8]
Event: 2.313 Thread 0x0000020bd2c19540 3054       3       java.util.TreeMap::successor (66 bytes)
Event: 2.313 Thread 0x0000020bd2c19540 nmethod 3054 0x0000020bb3865510 code [0x0000020bb38656e0, 0x0000020bb3865a58]
Event: 2.313 Thread 0x0000020bd2c19540 3053       3       java.util.TreeMap$PrivateEntryIterator::nextEntry (54 bytes)
Event: 2.314 Thread 0x0000020bd2c19540 nmethod 3053 0x0000020bb3865b90 code [0x0000020bb3865d60, 0x0000020bb38661a8]
Event: 2.315 Thread 0x0000020bd2c19540 3055       3       java.util.TreeMap$KeyIterator::next (8 bytes)
Event: 2.315 Thread 0x0000020bd2c19540 nmethod 3055 0x0000020bb3866310 code [0x0000020bb38664c0, 0x0000020bb3866608]
Event: 2.315 Thread 0x0000020bd2c19540 3056       3       org.codehaus.plexus.classworlds.realm.Entry::matches (282 bytes)
Event: 2.318 Thread 0x0000020bd2c19540 nmethod 3056 0x0000020bb3866710 code [0x0000020bb3866e00, 0x0000020bb386a8f8]
Event: 2.321 Thread 0x0000020bd2c19540 3057       3       java.util.Collections$UnmodifiableList::get (11 bytes)
Event: 2.321 Thread 0x0000020bd2c19540 nmethod 3057 0x0000020bb386bc90 code [0x0000020bb386be40, 0x0000020bb386c028]
Event: 2.321 Thread 0x0000020bd2c19540 3058       3       com.google.inject.internal.util.SourceProvider::shouldBeSkipped (35 bytes)
Event: 2.321 Thread 0x0000020bd2c19540 nmethod 3058 0x0000020bb386c110 code [0x0000020bb386c2e0, 0x0000020bb386c808]
Event: 2.321 Thread 0x0000020bd2c19540 3059       1       java.lang.StackTraceElement::getClassName (5 bytes)
Event: 2.322 Thread 0x0000020bd2c19540 nmethod 3059 0x0000020bba8ece90 code [0x0000020bba8ed020, 0x0000020bba8ed0f8]
Event: 2.322 Thread 0x0000020bd2c19540 3060       3       java.util.ArrayList::set (24 bytes)
Event: 2.322 Thread 0x0000020bd2c19540 nmethod 3060 0x0000020bb386c990 code [0x0000020bb386cb40, 0x0000020bb386cfb8]
Event: 2.322 Thread 0x0000020bd2c19540 3061       3       com.google.inject.internal.Scoping::isExplicitlyScoped (13 bytes)
Event: 2.322 Thread 0x0000020bd2c19540 nmethod 3061 0x0000020bb386d190 code [0x0000020bb386d320, 0x0000020bb386d498]

GC Heap History (4 events):
Event: 0.792 GC heap before
{Heap before GC invocations=0 (full 0):
 garbage-first heap   total 262144K, used 22528K [0x0000000701800000, 0x0000000800000000)
  region size 2048K, 11 young (22528K), 0 survivors (0K)
 Metaspace       used 4835K, committed 5056K, reserved 1114112K
  class space    used 562K, committed 640K, reserved 1048576K
}
Event: 0.802 GC heap after
{Heap after GC invocations=1 (full 0):
 garbage-first heap   total 262144K, used 3557K [0x0000000701800000, 0x0000000800000000)
  region size 2048K, 2 young (4096K), 2 survivors (4096K)
 Metaspace       used 4835K, committed 5056K, reserved 1114112K
  class space    used 562K, committed 640K, reserved 1048576K
}
Event: 1.710 GC heap before
{Heap before GC invocations=1 (full 0):
 garbage-first heap   total 262144K, used 34277K [0x0000000701800000, 0x0000000800000000)
  region size 2048K, 17 young (34816K), 2 survivors (4096K)
 Metaspace       used 10588K, committed 10880K, reserved 1114112K
  class space    used 1259K, committed 1408K, reserved 1048576K
}
Event: 1.717 GC heap after
{Heap after GC invocations=2 (full 0):
 garbage-first heap   total 262144K, used 6436K [0x0000000701800000, 0x0000000800000000)
  region size 2048K, 2 young (4096K), 2 survivors (4096K)
 Metaspace       used 10588K, committed 10880K, reserved 1114112K
  class space    used 1259K, committed 1408K, reserved 1048576K
}

Deoptimization events (20 events):
Event: 2.179 Thread 0x0000020bab366300 DEOPT PACKING pc=0x0000020bba8a95fc sp=0x000000973e8fe3a0
Event: 2.179 Thread 0x0000020bab366300 DEOPT UNPACKING pc=0x0000020bb2d223a3 sp=0x000000973e8fe2c0 mode 2
Event: 2.179 Thread 0x0000020bab366300 Uncommon trap: trap_request=0xffffff45 fr.pc=0x0000020bba83e5d8 relative=0x0000000000000238
Event: 2.179 Thread 0x0000020bab366300 Uncommon trap: reason=unstable_if action=reinterpret pc=0x0000020bba83e5d8 method=java.util.HashMap.hash(Ljava/lang/Object;)I @ 1 c2
Event: 2.179 Thread 0x0000020bab366300 DEOPT PACKING pc=0x0000020bba83e5d8 sp=0x000000973e8fe410
Event: 2.179 Thread 0x0000020bab366300 DEOPT UNPACKING pc=0x0000020bb2d223a3 sp=0x000000973e8fe2a8 mode 2
Event: 2.179 Thread 0x0000020bab366300 Uncommon trap: trap_request=0xffffff45 fr.pc=0x0000020bba88f35c relative=0x00000000000008dc
Event: 2.179 Thread 0x0000020bab366300 Uncommon trap: reason=unstable_if action=reinterpret pc=0x0000020bba88f35c method=java.util.HashMap.hash(Ljava/lang/Object;)I @ 1 c2
Event: 2.179 Thread 0x0000020bab366300 DEOPT PACKING pc=0x0000020bba88f35c sp=0x000000973e8fe420
Event: 2.179 Thread 0x0000020bab366300 DEOPT UNPACKING pc=0x0000020bb2d223a3 sp=0x000000973e8fe3b0 mode 2
Event: 2.198 Thread 0x0000020bab366300 DEOPT PACKING pc=0x0000020bb3716d96 sp=0x000000973e8fd100
Event: 2.198 Thread 0x0000020bab366300 DEOPT UNPACKING pc=0x0000020bb2d22b43 sp=0x000000973e8fc608 mode 0
Event: 2.202 Thread 0x0000020bab366300 Uncommon trap: trap_request=0xffffffcc fr.pc=0x0000020bba8cfd5c relative=0x000000000000033c
Event: 2.202 Thread 0x0000020bab366300 Uncommon trap: reason=intrinsic_or_type_checked_inlining action=make_not_entrant pc=0x0000020bba8cfd5c method=java.util.Arrays.copyOf([Ljava/lang/Object;ILjava/lang/Class;)[Ljava/lang/Object; @ 35 c2
Event: 2.202 Thread 0x0000020bab366300 DEOPT PACKING pc=0x0000020bba8cfd5c sp=0x000000973e8fd1a0
Event: 2.202 Thread 0x0000020bab366300 DEOPT UNPACKING pc=0x0000020bb2d223a3 sp=0x000000973e8fd130 mode 2
Event: 2.213 Thread 0x0000020bab366300 Uncommon trap: trap_request=0xffffff45 fr.pc=0x0000020bba895300 relative=0x0000000000000d60
Event: 2.213 Thread 0x0000020bab366300 Uncommon trap: reason=unstable_if action=reinterpret pc=0x0000020bba895300 method=org.codehaus.plexus.util.xml.pull.MXParser.nextImpl()I @ 280 c2
Event: 2.213 Thread 0x0000020bab366300 DEOPT PACKING pc=0x0000020bba895300 sp=0x000000973e8fcb20
Event: 2.213 Thread 0x0000020bab366300 DEOPT UNPACKING pc=0x0000020bb2d223a3 sp=0x000000973e8fca90 mode 2

Classes loaded (20 events):
Event: 2.124 Loading class java/lang/constant/DirectMethodHandleDescImpl$1
Event: 2.124 Loading class java/lang/constant/DirectMethodHandleDescImpl$1 done
Event: 2.124 Loading class java/lang/constant/DirectMethodHandleDesc$1
Event: 2.124 Loading class java/lang/constant/DirectMethodHandleDesc$1 done
Event: 2.124 Loading class java/lang/constant/PrimitiveClassDescImpl
Event: 2.124 Loading class java/lang/constant/DynamicConstantDesc
Event: 2.125 Loading class java/lang/constant/DynamicConstantDesc done
Event: 2.125 Loading class java/lang/constant/PrimitiveClassDescImpl done
Event: 2.125 Loading class java/lang/constant/DynamicConstantDesc$AnonymousDynamicConstantDesc
Event: 2.125 Loading class java/lang/constant/DynamicConstantDesc$AnonymousDynamicConstantDesc done
Event: 2.166 Loading class java/util/concurrent/locks/ReentrantReadWriteLock$NonfairSync
Event: 2.167 Loading class java/util/concurrent/locks/ReentrantReadWriteLock$Sync
Event: 2.167 Loading class java/util/concurrent/locks/ReentrantReadWriteLock$Sync done
Event: 2.167 Loading class java/util/concurrent/locks/ReentrantReadWriteLock$NonfairSync done
Event: 2.168 Loading class java/util/concurrent/locks/ReentrantReadWriteLock$Sync$ThreadLocalHoldCounter
Event: 2.168 Loading class java/util/concurrent/locks/ReentrantReadWriteLock$Sync$ThreadLocalHoldCounter done
Event: 2.168 Loading class java/util/concurrent/locks/ReentrantReadWriteLock$ReadLock
Event: 2.168 Loading class java/util/concurrent/locks/ReentrantReadWriteLock$ReadLock done
Event: 2.168 Loading class java/util/concurrent/locks/ReentrantReadWriteLock$WriteLock
Event: 2.168 Loading class java/util/concurrent/locks/ReentrantReadWriteLock$WriteLock done

Classes unloaded (0 events):
No events

Classes redefined (0 events):
No events

Internal exceptions (20 events):
Event: 1.573 Thread 0x0000020bab366300 Exception <a 'java/lang/NoSuchMethodError'{0x000000070f8cede8}: 'java.lang.Object java.lang.invoke.DirectMethodHandle$Holder.invokeStatic(java.lang.Object, java.lang.Object, int)'> (0x000000070f8cede8) 
thrown [s\open\src\hotspot\share\interpreter\linkResolver.cpp, line 759]
Event: 1.574 Thread 0x0000020bab366300 Exception <a 'java/lang/NoSuchMethodError'{0x000000070f8d4070}: 'void java.lang.invoke.DirectMethodHandle$Holder.invokeStatic(java.lang.Object, java.lang.Object, int, java.lang.Object)'> (0x000000070f8d4070) 
thrown [s\open\src\hotspot\share\interpreter\linkResolver.cpp, line 759]
Event: 1.575 Thread 0x0000020bab366300 Exception <a 'java/lang/NoSuchMethodError'{0x000000070f8dc010}: 'void java.lang.invoke.DelegatingMethodHandle$Holder.delegate(java.lang.Object, java.lang.Object, int, java.lang.Object)'> (0x000000070f8dc010) 
thrown [s\open\src\hotspot\share\interpreter\linkResolver.cpp, line 759]
Event: 1.575 Thread 0x0000020bab366300 Exception <a 'java/lang/NoSuchMethodError'{0x000000070f8e0be0}: 'int java.lang.invoke.DirectMethodHandle$Holder.invokeSpecial(java.lang.Object, java.lang.Object, java.lang.Object)'> (0x000000070f8e0be0) 
thrown [s\open\src\hotspot\share\interpreter\linkResolver.cpp, line 759]
Event: 1.598 Thread 0x0000020bab366300 Exception <a 'java/lang/NoSuchMethodError'{0x000000070f96fbd0}: 'java.lang.Object java.lang.invoke.DirectMethodHandle$Holder.newInvokeSpecial(java.lang.Object, java.lang.Object, java.lang.Object, java.lang.Object, java.lang.Object, java.lang.Object, java.lang.Object)'> (0x000000070f96fbd0) 
thrown [s\open\src\hotspot\share\interpreter\linkResolver.cpp, line 759]
Event: 1.605 Thread 0x0000020bab366300 Exception <a 'java/lang/NoSuchMethodError'{0x000000070f9ae1f8}: 'java.lang.Object java.lang.invoke.DirectMethodHandle$Holder.newInvokeSpecial(java.lang.Object, java.lang.Object, java.lang.Object, java.lang.Object, java.lang.Object, java.lang.Object, java.lang.Object, java.lang.Object, java.lang.Object)'> (0x000000070f9ae1f8) 
thrown [s\open\src\hotspot\share\interpreter\linkResolver.cpp, line 759]
Event: 1.606 Thread 0x0000020bab366300 Exception <a 'java/lang/NoSuchMethodError'{0x000000070f9b4508}: 'java.lang.Object java.lang.invoke.DirectMethodHandle$Holder.invokeSpecial(java.lang.Object, java.lang.Object, java.lang.Object, java.lang.Object, java.lang.Object, java.lang.Object, java.lang.Object, java.lang.Object, java.lang.Object, java.lang.Object)'> (0x000000070f9b4508) 
thrown [s\open\src\hotspot\share\interpreter\linkResolver.cpp, line 759]
Event: 1.631 Thread 0x0000020bab366300 Exception <a 'java/lang/NoSuchMethodError'{0x000000070f661c90}: 'java.lang.Object java.lang.invoke.DirectMethodHandle$Holder.newInvokeSpecial(java.lang.Object, java.lang.Object, java.lang.Object, java.lang.Object, java.lang.Object, java.lang.Object, java.lang.Object, java.lang.Object, java.lang.Object, java.lang.Object, java.lang.Object, java.lang.Object)'> (0x000000070f661c90) 
thrown [s\open\src\hotspot\share\interpreter\linkResolver.cpp, line 759]
Event: 1.632 Thread 0x0000020bab366300 Exception <a 'java/lang/NoSuchMethodError'{0x000000070f667dc0}: 'java.lang.Object java.lang.invoke.DirectMethodHandle$Holder.invokeSpecial(java.lang.Object, java.lang.Object, java.lang.Object, java.lang.Object, java.lang.Object, java.lang.Object, java.lang.Object, java.lang.Object, java.lang.Object, java.lang.Object, java.lang.Object, java.lang.Object, java.lang.Object)'> (0x000000070f667dc0) 
thrown [s\open\src\hotspot\share\interpreter\linkResolver.cpp, line 759]
Event: 1.657 Thread 0x0000020bab366300 Exception <a 'java/lang/NoSuchMethodError'{0x000000070f70ce38}: 'java.lang.Object java.lang.invoke.DirectMethodHandle$Holder.invokeStaticInit(java.lang.Object, int, int, int, int)'> (0x000000070f70ce38) 
thrown [s\open\src\hotspot\share\interpreter\linkResolver.cpp, line 759]
Event: 1.830 Thread 0x0000020bab366300 Exception <a 'java/lang/NoSuchMethodError'{0x000000071134f880}: 'void java.lang.invoke.DirectMethodHandle$Holder.invokeVirtual(java.lang.Object, java.lang.Object, int)'> (0x000000071134f880) 
thrown [s\open\src\hotspot\share\interpreter\linkResolver.cpp, line 759]
Event: 1.830 Thread 0x0000020bab366300 Exception <a 'java/lang/NoSuchMethodError'{0x0000000711353d20}: 'int java.lang.invoke.DirectMethodHandle$Holder.invokeSpecial(java.lang.Object, java.lang.Object, java.lang.Object, int)'> (0x0000000711353d20) 
thrown [s\open\src\hotspot\share\interpreter\linkResolver.cpp, line 759]
Event: 1.832 Thread 0x0000020bab366300 Exception <a 'java/lang/NoSuchMethodError'{0x00000007113666c0}: 'java.lang.Object java.lang.invoke.DirectMethodHandle$Holder.invokeStatic(java.lang.Object, java.lang.Object, java.lang.Object, java.lang.Object, int)'> (0x00000007113666c0) 
thrown [s\open\src\hotspot\share\interpreter\linkResolver.cpp, line 759]
Event: 1.833 Thread 0x0000020bab366300 Exception <a 'java/lang/NoSuchMethodError'{0x0000000711372000}: 'void java.lang.invoke.DelegatingMethodHandle$Holder.reinvoke_L(java.lang.Object, java.lang.Object, int)'> (0x0000000711372000) 
thrown [s\open\src\hotspot\share\interpreter\linkResolver.cpp, line 759]
Event: 2.138 Thread 0x0000020bab366300 Exception <a 'java/lang/NoSuchMethodError'{0x000000070faa1f70}: 'java.lang.Object java.lang.invoke.DirectMethodHandle$Holder.invokeInterface(java.lang.Object, java.lang.Object, java.lang.Object, java.lang.Object, java.lang.Object)'> (0x000000070faa1f70) 
thrown [s\open\src\hotspot\share\interpreter\linkResolver.cpp, line 759]
Event: 2.140 Thread 0x0000020bab366300 Exception <a 'java/lang/NoSuchMethodError'{0x000000070faae858}: 'java.lang.Object java.lang.invoke.Invokers$Holder.invokeExact_MT(java.lang.Object, java.lang.Object, java.lang.Object, java.lang.Object, java.lang.Object, java.lang.Object)'> (0x000000070faae858) 
thrown [s\open\src\hotspot\share\interpreter\linkResolver.cpp, line 759]
Event: 2.161 Thread 0x0000020bab366300 Exception <a 'java/lang/NoSuchMethodError'{0x000000070f8b41e0}: 'void java.lang.invoke.DirectMethodHandle$Holder.invokeInterface(java.lang.Object, java.lang.Object, java.lang.Object)'> (0x000000070f8b41e0) 
thrown [s\open\src\hotspot\share\interpreter\linkResolver.cpp, line 759]
Event: 2.179 Thread 0x0000020bab366300 Implicit null exception at 0x0000020bba8a7ecb to 0x0000020bba8a95e8
Event: 2.179 Thread 0x0000020bab366300 Implicit null exception at 0x0000020bba83e3ed to 0x0000020bba83e5b8
Event: 2.179 Thread 0x0000020bab366300 Implicit null exception at 0x0000020bba88eabe to 0x0000020bba88f340

VM Operations (20 events):
Event: 1.573 Executing VM operation: HandshakeAllThreads
Event: 1.573 Executing VM operation: HandshakeAllThreads done
Event: 1.647 Executing VM operation: HandshakeAllThreads
Event: 1.647 Executing VM operation: HandshakeAllThreads done
Event: 1.676 Executing VM operation: HandshakeAllThreads
Event: 1.676 Executing VM operation: HandshakeAllThreads done
Event: 1.706 Executing VM operation: ICBufferFull
Event: 1.706 Executing VM operation: ICBufferFull done
Event: 1.710 Executing VM operation: G1CollectForAllocation
Event: 1.717 Executing VM operation: G1CollectForAllocation done
Event: 1.734 Executing VM operation: HandshakeAllThreads
Event: 1.734 Executing VM operation: HandshakeAllThreads done
Event: 2.165 Executing VM operation: ICBufferFull
Event: 2.165 Executing VM operation: ICBufferFull done
Event: 2.167 Executing VM operation: HandshakeAllThreads
Event: 2.167 Executing VM operation: HandshakeAllThreads done
Event: 2.168 Executing VM operation: HandshakeAllThreads
Event: 2.168 Executing VM operation: HandshakeAllThreads done
Event: 2.168 Executing VM operation: HandshakeAllThreads
Event: 2.168 Executing VM operation: HandshakeAllThreads done

Events (20 events):
Event: 0.019 Thread 0x0000020bab366300 Thread added: 0x0000020bab366300
Event: 0.021 Thread 0x0000020bc291ea70 Thread added: 0x0000020bc291ea70
Event: 0.021 Thread 0x0000020bc291f6d0 Thread added: 0x0000020bc291f6d0
Event: 0.032 Thread 0x0000020bc292db20 Thread added: 0x0000020bc292db20
Event: 0.032 Thread 0x0000020bc292e4c0 Thread added: 0x0000020bc292e4c0
Event: 0.032 Thread 0x0000020bd2c040a0 Thread added: 0x0000020bd2c040a0
Event: 0.032 Thread 0x0000020bd2c06960 Thread added: 0x0000020bd2c06960
Event: 0.033 Thread 0x0000020bd2c0a380 Thread added: 0x0000020bd2c0a380
Event: 0.033 Thread 0x0000020bd2c19540 Thread added: 0x0000020bd2c19540
Event: 0.033 Thread 0x0000020bd2c1a730 Thread added: 0x0000020bd2c1a730
Event: 0.056 Thread 0x0000020bd2d46620 Thread added: 0x0000020bd2d46620
Event: 0.059 Thread 0x0000020bd2d67580 Thread added: 0x0000020bd2d67580
Event: 0.066 Loaded shared library C:\Program Files\Java\jdk-18.0.2.1\bin\net.dll
Event: 0.070 Loaded shared library C:\Program Files\Java\jdk-18.0.2.1\bin\nio.dll
Event: 0.074 Loaded shared library C:\Program Files\Java\jdk-18.0.2.1\bin\zip.dll
Event: 0.224 Loaded shared library C:\Program Files\Java\jdk-18.0.2.1\bin\jimage.dll
Event: 0.235 Loaded shared library J:\.important\Documents\apache-maven-3.8.6\lib\jansi-native\Windows\x86_64\jansi.dll
Event: 0.248 Loaded shared library C:\Program Files\Java\jdk-18.0.2.1\bin\verify.dll
Event: 0.674 Thread 0x0000020bd3481cf0 Thread added: 0x0000020bd3481cf0
Event: 0.696 Thread 0x0000020bd31ede30 Thread added: 0x0000020bd31ede30


Dynamic libraries:
0x00007ff6ec040000 - 0x00007ff6ec050000 	C:\Program Files\Java\jdk-18.0.2.1\bin\java.exe
0x00007ffc40800000 - 0x00007ffc40a09000 	C:\WINDOWS\SYSTEM32\ntdll.dll
0x00007ffc3f5b0000 - 0x00007ffc3f66d000 	C:\WINDOWS\System32\KERNEL32.DLL
0x00007ffc3dfe0000 - 0x00007ffc3e364000 	C:\WINDOWS\System32\KERNELBASE.dll
0x00007ffc3dec0000 - 0x00007ffc3dfd1000 	C:\WINDOWS\System32\ucrtbase.dll
0x00007ffbf45f0000 - 0x00007ffbf4608000 	C:\Program Files\Java\jdk-18.0.2.1\bin\jli.dll
0x00007ffc3e840000 - 0x00007ffc3e8ee000 	C:\WINDOWS\System32\ADVAPI32.dll
0x00007ffbf45d0000 - 0x00007ffbf45ea000 	C:\Program Files\Java\jdk-18.0.2.1\bin\VCRUNTIME140.dll
0x00007ffc3fe50000 - 0x00007ffc3fef3000 	C:\WINDOWS\System32\msvcrt.dll
0x00007ffc406b0000 - 0x00007ffc4074e000 	C:\WINDOWS\System32\sechost.dll
0x00007ffc3ea50000 - 0x00007ffc3eb71000 	C:\WINDOWS\System32\RPCRT4.dll
0x00007ffc3f400000 - 0x00007ffc3f5ad000 	C:\WINDOWS\System32\USER32.dll
0x00007ffc3e370000 - 0x00007ffc3e396000 	C:\WINDOWS\System32\win32u.dll
0x00007ffc401d0000 - 0x00007ffc401fa000 	C:\WINDOWS\System32\GDI32.dll
0x00007ffc32500000 - 0x00007ffc327a5000 	C:\WINDOWS\WinSxS\amd64_microsoft.windows.common-controls_6595b64144ccf1df_6.0.22000.120_none_9d947278b86cc467\COMCTL32.dll
0x00007ffc3dd00000 - 0x00007ffc3de1e000 	C:\WINDOWS\System32\gdi32full.dll
0x00007ffc3de20000 - 0x00007ffc3debd000 	C:\WINDOWS\System32\msvcp_win.dll
0x00007ffc3d640000 - 0x00007ffc3d64a000 	C:\WINDOWS\SYSTEM32\VERSION.dll
0x00007ffc3ff70000 - 0x00007ffc3ffa1000 	C:\WINDOWS\System32\IMM32.DLL
0x00007ffc3d650000 - 0x00007ffc3d747000 	C:\Windows\system32\guard64.dll
0x00007ffc3f150000 - 0x00007ffc3f2ea000 	C:\WINDOWS\System32\ole32.dll
0x00007ffc40250000 - 0x00007ffc405c6000 	C:\WINDOWS\System32\combase.dll
0x00007ffc3d630000 - 0x00007ffc3d63b000 	C:\WINDOWS\system32\fltlib.dll
0x00007ffc3f670000 - 0x00007ffc3fe35000 	C:\WINDOWS\System32\shell32.dll
0x00007ffbf45c0000 - 0x00007ffbf45cc000 	C:\Program Files\Java\jdk-18.0.2.1\bin\vcruntime140_1.dll
0x00007ffbcb460000 - 0x00007ffbcb4ed000 	C:\Program Files\Java\jdk-18.0.2.1\bin\msvcp140.dll
0x00007ffbb9360000 - 0x00007ffbb9f71000 	C:\Program Files\Java\jdk-18.0.2.1\bin\server\jvm.dll
0x00007ffc3fe40000 - 0x00007ffc3fe48000 	C:\WINDOWS\System32\PSAPI.DLL
0x00007ffc06a80000 - 0x00007ffc06a89000 	C:\WINDOWS\SYSTEM32\WSOCK32.dll
0x00007ffc3e8f0000 - 0x00007ffc3e95f000 	C:\WINDOWS\System32\WS2_32.dll
0x00007ffc33c20000 - 0x00007ffc33c53000 	C:\WINDOWS\SYSTEM32\WINMM.dll
0x00007ffc3cb40000 - 0x00007ffc3cb58000 	C:\WINDOWS\SYSTEM32\kernel.appcore.dll
0x00007ffbf4420000 - 0x00007ffbf442a000 	C:\Program Files\Java\jdk-18.0.2.1\bin\jimage.dll
0x00007ffc3b840000 - 0x00007ffc3ba61000 	C:\WINDOWS\SYSTEM32\DBGHELP.DLL
0x00007ffc20440000 - 0x00007ffc20471000 	C:\WINDOWS\SYSTEM32\dbgcore.DLL
0x00007ffc3e3a0000 - 0x00007ffc3e41f000 	C:\WINDOWS\System32\bcryptPrimitives.dll
0x00007ffbd4280000 - 0x00007ffbd42a5000 	C:\Program Files\Java\jdk-18.0.2.1\bin\java.dll
0x00007ffbc3fc0000 - 0x00007ffbc4096000 	C:\Program Files\Java\jdk-18.0.2.1\bin\jsvml.dll
0x00007ffc3bc00000 - 0x00007ffc3c462000 	C:\WINDOWS\SYSTEM32\windows.storage.dll
0x00007ffc3ba90000 - 0x00007ffc3bbf7000 	C:\WINDOWS\SYSTEM32\wintypes.dll
0x00007ffc3eb80000 - 0x00007ffc3ec6a000 	C:\WINDOWS\System32\SHCORE.dll
0x00007ffc3ffb0000 - 0x00007ffc4000d000 	C:\WINDOWS\System32\shlwapi.dll
0x00007ffc3dbc0000 - 0x00007ffc3dbe5000 	C:\WINDOWS\SYSTEM32\profapi.dll
0x00007ffbd5c80000 - 0x00007ffbd5c93000 	C:\Program Files\Java\jdk-18.0.2.1\bin\net.dll
0x00007ffc37fe0000 - 0x00007ffc380f4000 	C:\WINDOWS\SYSTEM32\WINHTTP.dll
0x00007ffc3d040000 - 0x00007ffc3d0a7000 	C:\WINDOWS\system32\mswsock.dll
0x00007ffbd3740000 - 0x00007ffbd3756000 	C:\Program Files\Java\jdk-18.0.2.1\bin\nio.dll
0x00007ffbd3720000 - 0x00007ffbd3738000 	C:\Program Files\Java\jdk-18.0.2.1\bin\zip.dll
0x0000000069ac0000 - 0x0000000069ae4000 	J:\.important\Documents\apache-maven-3.8.6\lib\jansi-native\Windows\x86_64\jansi.dll
0x00007ffbf03f0000 - 0x00007ffbf0400000 	C:\Program Files\Java\jdk-18.0.2.1\bin\verify.dll

dbghelp: loaded successfully - version: 4.0.5 - missing functions: none
symbol engine: initialized successfully - sym options: 0x614 - pdb path: .;C:\Program Files\Java\jdk-18.0.2.1\bin;C:\WINDOWS\SYSTEM32;C:\WINDOWS\WinSxS\amd64_microsoft.windows.common-controls_6595b64144ccf1df_6.0.22000.120_none_9d947278b86cc467;C:\Program Files\Java\jdk-18.0.2.1\bin\server;J:\.important\Documents\apache-maven-3.8.6\lib\jansi-native\Windows\x86_64

VM Arguments:
jvm_args: -Dclassworlds.conf=J:\.important\Documents\apache-maven-3.8.6\bin\m2.conf -Dmaven.home=J:\.important\Documents\apache-maven-3.8.6 -Dlibrary.jansi.path=J:\.important\Documents\apache-maven-3.8.6\lib\jansi-native -Dmaven.multiModuleProjectDirectory=f:\memefesrec\memefest 
java_command: org.codehaus.plexus.classworlds.launcher.Launcher -q help:effective-pom -Doutput=f:\memefesrec\memefest\effective-pom.xml
java_class_path (initial): J:\.important\Documents\apache-maven-3.8.6\boot\plexus-classworlds-2.6.0.jar
Launcher Type: SUN_STANDARD

[Global flags]
     intx CICompilerCount                          = 4                                         {product} {ergonomic}
     uint ConcGCThreads                            = 2                                         {product} {ergonomic}
     uint G1ConcRefinementThreads                  = 8                                         {product} {ergonomic}
   size_t G1HeapRegionSize                         = 2097152                                   {product} {ergonomic}
    uintx GCDrainStackTargetSize                   = 64                                        {product} {ergonomic}
   size_t InitialHeapSize                          = 268435456                                 {product} {ergonomic}
   size_t MarkStackSize                            = 4194304                                   {product} {ergonomic}
   size_t MaxHeapSize                              = 4269801472                                {product} {ergonomic}
   size_t MaxNewSize                               = 2560622592                                {product} {ergonomic}
   size_t MinHeapDeltaBytes                        = 2097152                                   {product} {ergonomic}
   size_t MinHeapSize                              = 8388608                                   {product} {ergonomic}
    uintx NonNMethodCodeHeapSize                   = 5839372                                {pd product} {ergonomic}
    uintx NonProfiledCodeHeapSize                  = 122909434                              {pd product} {ergonomic}
    uintx ProfiledCodeHeapSize                     = 122909434                              {pd product} {ergonomic}
    uintx ReservedCodeCacheSize                    = 251658240                              {pd product} {ergonomic}
     bool SegmentedCodeCache                       = true                                      {product} {ergonomic}
   size_t SoftMaxHeapSize                          = 4269801472                             {manageable} {ergonomic}
     bool UseCompressedClassPointers               = true                           {product lp64_product} {ergonomic}
     bool UseCompressedOops                        = true                           {product lp64_product} {ergonomic}
     bool UseG1GC                                  = true                                      {product} {ergonomic}
     bool UseLargePagesIndividualAllocation        = false                                  {pd product} {ergonomic}

Logging:
Log output configuration:
 #0: stdout all=warning uptime,level,tags foldmultilines=false
 #1: stderr all=off uptime,level,tags foldmultilines=false

Environment Variables:
JAVA_HOME=C:\Program Files\Java\jdk-18.0.2.1
PATH=C:\Program Files\Common Files\Oracle\Java\javapath;C:\WINDOWS\system32;C:\WINDOWS;C:\WINDOWS\System32\Wbem;C:\WINDOWS\System32\WindowsPowerShell\v1.0\;C:\WINDOWS\System32\OpenSSH\;J:\.important\Documents\apache-maven-3.8.6\bin;C:\Program Files\Microsoft SQL Server\Client SDK\ODBC\170\Tools\Binn\;C:\Program Files (x86)\Microsoft SQL Server\150\Tools\Binn\;C:\Program Files\Microsoft SQL Server\150\Tools\Binn\;C:\Program Files\Microsoft SQL Server\150\DTS\Binn\;C:\Program Files (x86)\Microsoft SQL Server\160\DTS\Binn\;C:\Users\hyper\Downloads\curl-8.10.1_2-win64-mingw\curl-8.10.1_2-win64-mingw\bin;C:\C:\Program Files\Java\jdk-18.0.2.1\bin;C:\Program Files\OpenSSL-Win64\bin;C:\Program Files\dotnet\;C:\Program Files\Git\cmd;H:\;C:\Program Files (x86)\Microsoft SQL Server\160\Tools\Binn\;C:\Program Files\Microsoft SQL Server\160\Tools\Binn\;C:\Program Files\Microsoft SQL Server\160\DTS\Binn\;C:\Program Files (x86)\NVIDIA Corporation\PhysX\Common;F:\Docker\resources\bin;C:\Users\hyper\AppData\Local\Microsoft\WindowsApps;C:\Program Files\Java\jdk-18.0.2.1\bin;C:\Users\hyper\AppData\Roaming\npm;J:\Microsoft VS Code\bin
USERNAME=hyper
OS=Windows_NT
PROCESSOR_IDENTIFIER=Intel64 Family 6 Model 60 Stepping 3, GenuineIntel



---------------  S Y S T E M  ---------------

OS:
 Windows 11 , 64 bit Build 22000 (10.0.22000.2538)
OS uptime: 1 days 22:35 hours
Hyper-V role detected

CPU: total 8 (initial active 8) (4 cores per cpu, 2 threads per core) family 6 model 60 stepping 3 microcode 0x28, cx8, cmov, fxsr, ht, mmx, sse, sse2, sse3, ssse3, sse4.1, sse4.2, popcnt, lzcnt, tsc, tscinvbit, avx, avx2, aes, erms, clmul, bmi1, bmi2, fma, vzeroupper, clflush, hv

Memory: 4k page, system-wide physical 16283M (2192M free)
TotalPageFile size 36283M (AvailPageFile size 14M)
current process WorkingSet (physical memory assigned to process): 130M, peak: 135M
current process commit charge ("private bytes"): 388M, peak: 392M

vm_info: Java HotSpot(TM) 64-Bit Server VM (18.0.2.1+1-1) for windows-amd64 JRE (18.0.2.1+1-1), built on Aug 16 2022 01:46:33 by "mach5one" with MS VC++ 16.8 / 16.9 (VS2019)

END.
