#
# There is insufficient memory for the Java Runtime Environment to continue.
# Native memory allocation (malloc) failed to allocate 992832 bytes for Chunk::new
# Possible reasons:
#   The system is out of physical RAM or swap space
#   The process is running with CompressedOops enabled, and the Java Heap may be blocking the growth of the native heap
# Possible solutions:
#   Reduce memory load on the system
#   Increase physical memory or swap space
#   Check if swap backing store is full
#   Decrease Java heap size (-Xmx/-Xms)
#   Decrease number of Java threads
#   Decrease Java thread stack sizes (-Xss)
#   Set larger code cache with -XX:ReservedCodeCacheSize=
#   JVM is running with Zero Based Compressed Oops mode in which the Java heap is
#     placed in the first 32GB address space. The Java Heap base address is the
#     maximum limit for the native heap growth. Please use -XX:HeapBaseMinAddress
#     to set the Java Heap base and to place the Java Heap above 32GB virtual address.
# This output file may be truncated or incomplete.
#
#  Out of Memory Error (arena.cpp:184), pid=25868, tid=27172
#
# JRE version: Java(TM) SE Runtime Environment (18.0.2.1+1) (build 18.0.2.1+1-1)
# Java VM: Java HotSpot(TM) 64-Bit Server VM (18.0.2.1+1-1, mixed mode, sharing, tiered, compressed oops, compressed class ptrs, g1 gc, windows-amd64)
# No core dump will be written. Minidumps are not enabled by default on client versions of Windows
#

---------------  S U M M A R Y ------------

Command Line: J:\.important\Documents\GLASSFISH_SERVER3\bin\..\glassfish\lib\client\appserver-cli.jar start-domain memefest

Host: Intel(R) Core(TM) i7-4770K CPU @ 3.50GHz, 8 cores, 15G,  Windows 11 , 64 bit Build 22000 (10.0.22000.2538)
Time: Thu Aug 14 03:22:09 2025 Volgograd Standard Time elapsed time: 0.594921 seconds (0d 0h 0m 0s)

---------------  T H R E A D  ---------------

Current thread (0x000001de2dee81b0):  JavaThread "C2 CompilerThread1" daemon [_thread_in_native, id=27172, stack(0x0000002d22700000,0x0000002d22800000)]


Current CompileTask:
C2:    595  848       4       org.glassfish.hk2.utilities.reflection.ReflectionHelper::internalReadSet (284 bytes)

Stack: [0x0000002d22700000,0x0000002d22800000]
Native frames: (J=compiled Java code, j=interpreted, Vv=VM code, C=native code)
V  [jvm.dll+0x6993aa]
V  [jvm.dll+0x7f46dd]
V  [jvm.dll+0x7f5fee]
V  [jvm.dll+0x7f66a3]
V  [jvm.dll+0x25cf1f]
V  [jvm.dll+0xb8c2f]
V  [jvm.dll+0xb8fa5]
V  [jvm.dll+0x3860cb]
V  [jvm.dll+0x1d2b72]
V  [jvm.dll+0x230259]
V  [jvm.dll+0x22f4d1]
V  [jvm.dll+0x1ba01c]
V  [jvm.dll+0x23ee0a]
V  [jvm.dll+0x23d0f5]
V  [jvm.dll+0x7a6dd1]
V  [jvm.dll+0x7a120a]
V  [jvm.dll+0x698255]
C  [ucrtbase.dll+0x26c0c]
C  [KERNEL32.DLL+0x153e0]
C  [ntdll.dll+0x485b]


---------------  P R O C E S S  ---------------

Threads class SMR info:
_java_thread_list=0x000001de2e08fee0, length=14, elements={
0x000001de06ca99f0, 0x000001de292b8d70, 0x000001de292b98e0, 0x000001de292d2ef0,
0x000001de292d47b0, 0x000001de292d5470, 0x000001de292d5d20, 0x000001de292d7640,
0x000001de292d7f30, 0x000001de292d8820, 0x000001de2dcfe930, 0x000001de2dd03490,
0x000001de2dee81b0, 0x000001de2dff4110
}

Java Threads: ( => current thread )
  0x000001de06ca99f0 JavaThread "main" [_thread_in_vm, id=21372, stack(0x0000002d21400000,0x0000002d21500000)]
  0x000001de292b8d70 JavaThread "Reference Handler" daemon [_thread_blocked, id=22608, stack(0x0000002d21b00000,0x0000002d21c00000)]
  0x000001de292b98e0 JavaThread "Finalizer" daemon [_thread_blocked, id=24940, stack(0x0000002d21c00000,0x0000002d21d00000)]
  0x000001de292d2ef0 JavaThread "Signal Dispatcher" daemon [_thread_blocked, id=6020, stack(0x0000002d21d00000,0x0000002d21e00000)]
  0x000001de292d47b0 JavaThread "Attach Listener" daemon [_thread_blocked, id=19624, stack(0x0000002d21e00000,0x0000002d21f00000)]
  0x000001de292d5470 JavaThread "Service Thread" daemon [_thread_blocked, id=17928, stack(0x0000002d21f00000,0x0000002d22000000)]
  0x000001de292d5d20 JavaThread "Monitor Deflation Thread" daemon [_thread_blocked, id=10020, stack(0x0000002d22000000,0x0000002d22100000)]
  0x000001de292d7640 JavaThread "C2 CompilerThread0" daemon [_thread_in_native, id=14036, stack(0x0000002d22100000,0x0000002d22200000)]
  0x000001de292d7f30 JavaThread "C1 CompilerThread0" daemon [_thread_blocked, id=7888, stack(0x0000002d22200000,0x0000002d22300000)]
  0x000001de292d8820 JavaThread "Sweeper thread" daemon [_thread_blocked, id=28180, stack(0x0000002d22300000,0x0000002d22400000)]
  0x000001de2dcfe930 JavaThread "Notification Thread" daemon [_thread_blocked, id=1372, stack(0x0000002d22400000,0x0000002d22500000)]
  0x000001de2dd03490 JavaThread "Common-Cleaner" daemon [_thread_blocked, id=18076, stack(0x0000002d22600000,0x0000002d22700000)]
=>0x000001de2dee81b0 JavaThread "C2 CompilerThread1" daemon [_thread_in_native, id=27172, stack(0x0000002d22700000,0x0000002d22800000)]
  0x000001de2dff4110 JavaThread "C2 CompilerThread2" daemon [_thread_blocked, id=15120, stack(0x0000002d22800000,0x0000002d22900000)]

Other Threads:
  0x000001de29124f20 VMThread "VM Thread" [stack: 0x0000002d21a00000,0x0000002d21b00000] [id=28532]
  0x000001de2dd03220 WatcherThread "VM Periodic Task Thread" [stack: 0x0000002d22500000,0x0000002d22600000] [id=4952]
  0x000001de06d19900 WorkerThread "GC Thread#0" [stack: 0x0000002d21500000,0x0000002d21600000] [id=15848]
  0x000001de2e819610 WorkerThread "GC Thread#1" [stack: 0x0000002d22900000,0x0000002d22a00000] [id=27644]
  0x000001de2e8198b0 WorkerThread "GC Thread#2" [stack: 0x0000002d22a00000,0x0000002d22b00000] [id=27912]
  0x000001de2ebc8780 WorkerThread "GC Thread#3" [stack: 0x0000002d22b00000,0x0000002d22c00000] [id=16348]
  0x000001de2ecd5630 WorkerThread "GC Thread#4" [stack: 0x0000002d22c00000,0x0000002d22d00000] [id=13556]
  0x000001de2ecd58d0 WorkerThread "GC Thread#5" [stack: 0x0000002d22d00000,0x0000002d22e00000] [id=27208]
  0x000001de06d2a4c0 ConcurrentGCThread "G1 Main Marker" [stack: 0x0000002d21600000,0x0000002d21700000] [id=25820]
  0x000001de06d2acc0 WorkerThread "G1 Conc#0" [stack: 0x0000002d21700000,0x0000002d21800000] [id=28580]
  0x000001de29170c70 ConcurrentGCThread "G1 Refine#0" [stack: 0x0000002d21800000,0x0000002d21900000] [id=23068]
  0x000001de29171490 ConcurrentGCThread "G1 Service" [stack: 0x0000002d21900000,0x0000002d21a00000] [id=24876]

Threads with active compile tasks:
C2 CompilerThread0      617 1190       4       java.util.Properties$LineReader::readLine (584 bytes)
C2 CompilerThread1      617  848       4       org.glassfish.hk2.utilities.reflection.ReflectionHelper::internalReadSet (284 bytes)

VM state: not at safepoint (normal execution)

VM Mutex/Monitor currently owned by a thread: None

Heap address: 0x0000000701800000, size: 4072 MB, Compressed Oops mode: Zero based, Oop shift amount: 3

CDS archive(s) mapped at: [0x0000000800000000-0x0000000800ba0000-0x0000000800ba0000), size 12189696, SharedBaseAddress: 0x0000000800000000, ArchiveRelocationMode: 0.
Compressed class space mapped at: 0x0000000800c00000-0x0000000840c00000, reserved size: 1073741824
Narrow klass base: 0x0000000800000000, Narrow klass shift: 0, Narrow klass range: 0x100000000

GC Precious Log:
 CardTable entry size: 512
 Card Set container configuration: InlinePtr #cards 4 size 8 Array Of Cards #cards 16 size 48 Howl #buckets 8 coarsen threshold 3686 Howl Bitmap #cards 512 size 80 coarsen threshold 460 Card regions per heap region 1 cards per card region 4096
 CPUs: 8 total, 8 available
 Memory: 16283M
 Large Page Support: Disabled
 NUMA Support: Disabled
 Compressed Oops: Enabled (Zero based)
 Heap Region Size: 2M
 Heap Min Capacity: 8M
 Heap Initial Capacity: 256M
 Heap Max Capacity: 4072M
 Pre-touch: Disabled
 Parallel Workers: 8
 Concurrent Workers: 2
 Concurrent Refinement Workers: 8
 Periodic GC: Disabled

Heap:
 garbage-first heap   total 262144K, used 7402K [0x0000000701800000, 0x0000000800000000)
  region size 2048K, 4 young (8192K), 2 survivors (4096K)
 Metaspace       used 5430K, committed 5568K, reserved 1114112K
  class space    used 534K, committed 576K, reserved 1048576K

Heap Regions: E=young(eden), S=young(survivor), O=old, HS=humongous(starts), HC=humongous(continues), CS=collection set, F=free, OA=open archive, CA=closed archive, TAMS=top-at-mark-start (previous, next)
|   0|0x0000000701800000, 0x000000070193aa00, 0x0000000701a00000| 61%| O|  |TAMS 0x0000000701800000, 0x0000000701800000| Untracked 
|   1|0x0000000701a00000, 0x0000000701a00000, 0x0000000701c00000|  0%| F|  |TAMS 0x0000000701a00000, 0x0000000701a00000| Untracked 
|   2|0x0000000701c00000, 0x0000000701c00000, 0x0000000701e00000|  0%| F|  |TAMS 0x0000000701c00000, 0x0000000701c00000| Untracked 
|   3|0x0000000701e00000, 0x0000000701e00000, 0x0000000702000000|  0%| F|  |TAMS 0x0000000701e00000, 0x0000000701e00000| Untracked 
|   4|0x0000000702000000, 0x0000000702000000, 0x0000000702200000|  0%| F|  |TAMS 0x0000000702000000, 0x0000000702000000| Untracked 
|   5|0x0000000702200000, 0x0000000702200000, 0x0000000702400000|  0%| F|  |TAMS 0x0000000702200000, 0x0000000702200000| Untracked 
|   6|0x0000000702400000, 0x0000000702400000, 0x0000000702600000|  0%| F|  |TAMS 0x0000000702400000, 0x0000000702400000| Untracked 
|   7|0x0000000702600000, 0x0000000702600000, 0x0000000702800000|  0%| F|  |TAMS 0x0000000702600000, 0x0000000702600000| Untracked 
|   8|0x0000000702800000, 0x0000000702800000, 0x0000000702a00000|  0%| F|  |TAMS 0x0000000702800000, 0x0000000702800000| Untracked 
|   9|0x0000000702a00000, 0x0000000702a00000, 0x0000000702c00000|  0%| F|  |TAMS 0x0000000702a00000, 0x0000000702a00000| Untracked 
|  10|0x0000000702c00000, 0x0000000702c00000, 0x0000000702e00000|  0%| F|  |TAMS 0x0000000702c00000, 0x0000000702c00000| Untracked 
|  11|0x0000000702e00000, 0x0000000702e00000, 0x0000000703000000|  0%| F|  |TAMS 0x0000000702e00000, 0x0000000702e00000| Untracked 
|  12|0x0000000703000000, 0x0000000703000000, 0x0000000703200000|  0%| F|  |TAMS 0x0000000703000000, 0x0000000703000000| Untracked 
|  13|0x0000000703200000, 0x0000000703200000, 0x0000000703400000|  0%| F|  |TAMS 0x0000000703200000, 0x0000000703200000| Untracked 
|  14|0x0000000703400000, 0x0000000703400000, 0x0000000703600000|  0%| F|  |TAMS 0x0000000703400000, 0x0000000703400000| Untracked 
|  15|0x0000000703600000, 0x0000000703600000, 0x0000000703800000|  0%| F|  |TAMS 0x0000000703600000, 0x0000000703600000| Untracked 
|  16|0x0000000703800000, 0x0000000703800000, 0x0000000703a00000|  0%| F|  |TAMS 0x0000000703800000, 0x0000000703800000| Untracked 
|  17|0x0000000703a00000, 0x0000000703a00000, 0x0000000703c00000|  0%| F|  |TAMS 0x0000000703a00000, 0x0000000703a00000| Untracked 
|  18|0x0000000703c00000, 0x0000000703c00000, 0x0000000703e00000|  0%| F|  |TAMS 0x0000000703c00000, 0x0000000703c00000| Untracked 
|  19|0x0000000703e00000, 0x0000000703e00000, 0x0000000704000000|  0%| F|  |TAMS 0x0000000703e00000, 0x0000000703e00000| Untracked 
|  20|0x0000000704000000, 0x0000000704000000, 0x0000000704200000|  0%| F|  |TAMS 0x0000000704000000, 0x0000000704000000| Untracked 
|  21|0x0000000704200000, 0x0000000704200000, 0x0000000704400000|  0%| F|  |TAMS 0x0000000704200000, 0x0000000704200000| Untracked 
|  22|0x0000000704400000, 0x0000000704400000, 0x0000000704600000|  0%| F|  |TAMS 0x0000000704400000, 0x0000000704400000| Untracked 
|  23|0x0000000704600000, 0x0000000704600000, 0x0000000704800000|  0%| F|  |TAMS 0x0000000704600000, 0x0000000704600000| Untracked 
|  24|0x0000000704800000, 0x0000000704800000, 0x0000000704a00000|  0%| F|  |TAMS 0x0000000704800000, 0x0000000704800000| Untracked 
|  25|0x0000000704a00000, 0x0000000704a00000, 0x0000000704c00000|  0%| F|  |TAMS 0x0000000704a00000, 0x0000000704a00000| Untracked 
|  26|0x0000000704c00000, 0x0000000704c00000, 0x0000000704e00000|  0%| F|  |TAMS 0x0000000704c00000, 0x0000000704c00000| Untracked 
|  27|0x0000000704e00000, 0x0000000704e00000, 0x0000000705000000|  0%| F|  |TAMS 0x0000000704e00000, 0x0000000704e00000| Untracked 
|  28|0x0000000705000000, 0x0000000705000000, 0x0000000705200000|  0%| F|  |TAMS 0x0000000705000000, 0x0000000705000000| Untracked 
|  29|0x0000000705200000, 0x0000000705200000, 0x0000000705400000|  0%| F|  |TAMS 0x0000000705200000, 0x0000000705200000| Untracked 
|  30|0x0000000705400000, 0x0000000705400000, 0x0000000705600000|  0%| F|  |TAMS 0x0000000705400000, 0x0000000705400000| Untracked 
|  31|0x0000000705600000, 0x0000000705600000, 0x0000000705800000|  0%| F|  |TAMS 0x0000000705600000, 0x0000000705600000| Untracked 
|  32|0x0000000705800000, 0x0000000705800000, 0x0000000705a00000|  0%| F|  |TAMS 0x0000000705800000, 0x0000000705800000| Untracked 
|  33|0x0000000705a00000, 0x0000000705a00000, 0x0000000705c00000|  0%| F|  |TAMS 0x0000000705a00000, 0x0000000705a00000| Untracked 
|  34|0x0000000705c00000, 0x0000000705c00000, 0x0000000705e00000|  0%| F|  |TAMS 0x0000000705c00000, 0x0000000705c00000| Untracked 
|  35|0x0000000705e00000, 0x0000000705e00000, 0x0000000706000000|  0%| F|  |TAMS 0x0000000705e00000, 0x0000000705e00000| Untracked 
|  36|0x0000000706000000, 0x0000000706000000, 0x0000000706200000|  0%| F|  |TAMS 0x0000000706000000, 0x0000000706000000| Untracked 
|  37|0x0000000706200000, 0x0000000706200000, 0x0000000706400000|  0%| F|  |TAMS 0x0000000706200000, 0x0000000706200000| Untracked 
|  38|0x0000000706400000, 0x0000000706400000, 0x0000000706600000|  0%| F|  |TAMS 0x0000000706400000, 0x0000000706400000| Untracked 
|  39|0x0000000706600000, 0x0000000706600000, 0x0000000706800000|  0%| F|  |TAMS 0x0000000706600000, 0x0000000706600000| Untracked 
|  40|0x0000000706800000, 0x0000000706800000, 0x0000000706a00000|  0%| F|  |TAMS 0x0000000706800000, 0x0000000706800000| Untracked 
|  41|0x0000000706a00000, 0x0000000706a00000, 0x0000000706c00000|  0%| F|  |TAMS 0x0000000706a00000, 0x0000000706a00000| Untracked 
|  42|0x0000000706c00000, 0x0000000706c00000, 0x0000000706e00000|  0%| F|  |TAMS 0x0000000706c00000, 0x0000000706c00000| Untracked 
|  43|0x0000000706e00000, 0x0000000706e00000, 0x0000000707000000|  0%| F|  |TAMS 0x0000000706e00000, 0x0000000706e00000| Untracked 
|  44|0x0000000707000000, 0x0000000707000000, 0x0000000707200000|  0%| F|  |TAMS 0x0000000707000000, 0x0000000707000000| Untracked 
|  45|0x0000000707200000, 0x0000000707200000, 0x0000000707400000|  0%| F|  |TAMS 0x0000000707200000, 0x0000000707200000| Untracked 
|  46|0x0000000707400000, 0x0000000707400000, 0x0000000707600000|  0%| F|  |TAMS 0x0000000707400000, 0x0000000707400000| Untracked 
|  47|0x0000000707600000, 0x0000000707600000, 0x0000000707800000|  0%| F|  |TAMS 0x0000000707600000, 0x0000000707600000| Untracked 
|  48|0x0000000707800000, 0x0000000707800000, 0x0000000707a00000|  0%| F|  |TAMS 0x0000000707800000, 0x0000000707800000| Untracked 
|  49|0x0000000707a00000, 0x0000000707a00000, 0x0000000707c00000|  0%| F|  |TAMS 0x0000000707a00000, 0x0000000707a00000| Untracked 
|  50|0x0000000707c00000, 0x0000000707c00000, 0x0000000707e00000|  0%| F|  |TAMS 0x0000000707c00000, 0x0000000707c00000| Untracked 
|  51|0x0000000707e00000, 0x0000000707e00000, 0x0000000708000000|  0%| F|  |TAMS 0x0000000707e00000, 0x0000000707e00000| Untracked 
|  52|0x0000000708000000, 0x0000000708000000, 0x0000000708200000|  0%| F|  |TAMS 0x0000000708000000, 0x0000000708000000| Untracked 
|  53|0x0000000708200000, 0x0000000708200000, 0x0000000708400000|  0%| F|  |TAMS 0x0000000708200000, 0x0000000708200000| Untracked 
|  54|0x0000000708400000, 0x0000000708400000, 0x0000000708600000|  0%| F|  |TAMS 0x0000000708400000, 0x0000000708400000| Untracked 
|  55|0x0000000708600000, 0x0000000708600000, 0x0000000708800000|  0%| F|  |TAMS 0x0000000708600000, 0x0000000708600000| Untracked 
|  56|0x0000000708800000, 0x0000000708800000, 0x0000000708a00000|  0%| F|  |TAMS 0x0000000708800000, 0x0000000708800000| Untracked 
|  57|0x0000000708a00000, 0x0000000708a00000, 0x0000000708c00000|  0%| F|  |TAMS 0x0000000708a00000, 0x0000000708a00000| Untracked 
|  58|0x0000000708c00000, 0x0000000708c00000, 0x0000000708e00000|  0%| F|  |TAMS 0x0000000708c00000, 0x0000000708c00000| Untracked 
|  59|0x0000000708e00000, 0x0000000708e00000, 0x0000000709000000|  0%| F|  |TAMS 0x0000000708e00000, 0x0000000708e00000| Untracked 
|  60|0x0000000709000000, 0x0000000709000000, 0x0000000709200000|  0%| F|  |TAMS 0x0000000709000000, 0x0000000709000000| Untracked 
|  61|0x0000000709200000, 0x0000000709200000, 0x0000000709400000|  0%| F|  |TAMS 0x0000000709200000, 0x0000000709200000| Untracked 
|  62|0x0000000709400000, 0x0000000709400000, 0x0000000709600000|  0%| F|  |TAMS 0x0000000709400000, 0x0000000709400000| Untracked 
|  63|0x0000000709600000, 0x0000000709600000, 0x0000000709800000|  0%| F|  |TAMS 0x0000000709600000, 0x0000000709600000| Untracked 
|  64|0x0000000709800000, 0x0000000709800000, 0x0000000709a00000|  0%| F|  |TAMS 0x0000000709800000, 0x0000000709800000| Untracked 
|  65|0x0000000709a00000, 0x0000000709a00000, 0x0000000709c00000|  0%| F|  |TAMS 0x0000000709a00000, 0x0000000709a00000| Untracked 
|  66|0x0000000709c00000, 0x0000000709c00000, 0x0000000709e00000|  0%| F|  |TAMS 0x0000000709c00000, 0x0000000709c00000| Untracked 
|  67|0x0000000709e00000, 0x0000000709e00000, 0x000000070a000000|  0%| F|  |TAMS 0x0000000709e00000, 0x0000000709e00000| Untracked 
|  68|0x000000070a000000, 0x000000070a000000, 0x000000070a200000|  0%| F|  |TAMS 0x000000070a000000, 0x000000070a000000| Untracked 
|  69|0x000000070a200000, 0x000000070a200000, 0x000000070a400000|  0%| F|  |TAMS 0x000000070a200000, 0x000000070a200000| Untracked 
|  70|0x000000070a400000, 0x000000070a400000, 0x000000070a600000|  0%| F|  |TAMS 0x000000070a400000, 0x000000070a400000| Untracked 
|  71|0x000000070a600000, 0x000000070a600000, 0x000000070a800000|  0%| F|  |TAMS 0x000000070a600000, 0x000000070a600000| Untracked 
|  72|0x000000070a800000, 0x000000070a800000, 0x000000070aa00000|  0%| F|  |TAMS 0x000000070a800000, 0x000000070a800000| Untracked 
|  73|0x000000070aa00000, 0x000000070aa00000, 0x000000070ac00000|  0%| F|  |TAMS 0x000000070aa00000, 0x000000070aa00000| Untracked 
|  74|0x000000070ac00000, 0x000000070ac00000, 0x000000070ae00000|  0%| F|  |TAMS 0x000000070ac00000, 0x000000070ac00000| Untracked 
|  75|0x000000070ae00000, 0x000000070ae00000, 0x000000070b000000|  0%| F|  |TAMS 0x000000070ae00000, 0x000000070ae00000| Untracked 
|  76|0x000000070b000000, 0x000000070b000000, 0x000000070b200000|  0%| F|  |TAMS 0x000000070b000000, 0x000000070b000000| Untracked 
|  77|0x000000070b200000, 0x000000070b200000, 0x000000070b400000|  0%| F|  |TAMS 0x000000070b200000, 0x000000070b200000| Untracked 
|  78|0x000000070b400000, 0x000000070b400000, 0x000000070b600000|  0%| F|  |TAMS 0x000000070b400000, 0x000000070b400000| Untracked 
|  79|0x000000070b600000, 0x000000070b600000, 0x000000070b800000|  0%| F|  |TAMS 0x000000070b600000, 0x000000070b600000| Untracked 
|  80|0x000000070b800000, 0x000000070b800000, 0x000000070ba00000|  0%| F|  |TAMS 0x000000070b800000, 0x000000070b800000| Untracked 
|  81|0x000000070ba00000, 0x000000070ba00000, 0x000000070bc00000|  0%| F|  |TAMS 0x000000070ba00000, 0x000000070ba00000| Untracked 
|  82|0x000000070bc00000, 0x000000070bc00000, 0x000000070be00000|  0%| F|  |TAMS 0x000000070bc00000, 0x000000070bc00000| Untracked 
|  83|0x000000070be00000, 0x000000070be00000, 0x000000070c000000|  0%| F|  |TAMS 0x000000070be00000, 0x000000070be00000| Untracked 
|  84|0x000000070c000000, 0x000000070c000000, 0x000000070c200000|  0%| F|  |TAMS 0x000000070c000000, 0x000000070c000000| Untracked 
|  85|0x000000070c200000, 0x000000070c200000, 0x000000070c400000|  0%| F|  |TAMS 0x000000070c200000, 0x000000070c200000| Untracked 
|  86|0x000000070c400000, 0x000000070c400000, 0x000000070c600000|  0%| F|  |TAMS 0x000000070c400000, 0x000000070c400000| Untracked 
|  87|0x000000070c600000, 0x000000070c600000, 0x000000070c800000|  0%| F|  |TAMS 0x000000070c600000, 0x000000070c600000| Untracked 
|  88|0x000000070c800000, 0x000000070c800000, 0x000000070ca00000|  0%| F|  |TAMS 0x000000070c800000, 0x000000070c800000| Untracked 
|  89|0x000000070ca00000, 0x000000070ca00000, 0x000000070cc00000|  0%| F|  |TAMS 0x000000070ca00000, 0x000000070ca00000| Untracked 
|  90|0x000000070cc00000, 0x000000070cc00000, 0x000000070ce00000|  0%| F|  |TAMS 0x000000070cc00000, 0x000000070cc00000| Untracked 
|  91|0x000000070ce00000, 0x000000070ce00000, 0x000000070d000000|  0%| F|  |TAMS 0x000000070ce00000, 0x000000070ce00000| Untracked 
|  92|0x000000070d000000, 0x000000070d000000, 0x000000070d200000|  0%| F|  |TAMS 0x000000070d000000, 0x000000070d000000| Untracked 
|  93|0x000000070d200000, 0x000000070d200000, 0x000000070d400000|  0%| F|  |TAMS 0x000000070d200000, 0x000000070d200000| Untracked 
|  94|0x000000070d400000, 0x000000070d400000, 0x000000070d600000|  0%| F|  |TAMS 0x000000070d400000, 0x000000070d400000| Untracked 
|  95|0x000000070d600000, 0x000000070d600000, 0x000000070d800000|  0%| F|  |TAMS 0x000000070d600000, 0x000000070d600000| Untracked 
|  96|0x000000070d800000, 0x000000070d800000, 0x000000070da00000|  0%| F|  |TAMS 0x000000070d800000, 0x000000070d800000| Untracked 
|  97|0x000000070da00000, 0x000000070da00000, 0x000000070dc00000|  0%| F|  |TAMS 0x000000070da00000, 0x000000070da00000| Untracked 
|  98|0x000000070dc00000, 0x000000070dc00000, 0x000000070de00000|  0%| F|  |TAMS 0x000000070dc00000, 0x000000070dc00000| Untracked 
|  99|0x000000070de00000, 0x000000070de00000, 0x000000070e000000|  0%| F|  |TAMS 0x000000070de00000, 0x000000070de00000| Untracked 
| 100|0x000000070e000000, 0x000000070e000000, 0x000000070e200000|  0%| F|  |TAMS 0x000000070e000000, 0x000000070e000000| Untracked 
| 101|0x000000070e200000, 0x000000070e200000, 0x000000070e400000|  0%| F|  |TAMS 0x000000070e200000, 0x000000070e200000| Untracked 
| 102|0x000000070e400000, 0x000000070e400000, 0x000000070e600000|  0%| F|  |TAMS 0x000000070e400000, 0x000000070e400000| Untracked 
| 103|0x000000070e600000, 0x000000070e600000, 0x000000070e800000|  0%| F|  |TAMS 0x000000070e600000, 0x000000070e600000| Untracked 
| 104|0x000000070e800000, 0x000000070e800000, 0x000000070ea00000|  0%| F|  |TAMS 0x000000070e800000, 0x000000070e800000| Untracked 
| 105|0x000000070ea00000, 0x000000070ea00000, 0x000000070ec00000|  0%| F|  |TAMS 0x000000070ea00000, 0x000000070ea00000| Untracked 
| 106|0x000000070ec00000, 0x000000070ec00000, 0x000000070ee00000|  0%| F|  |TAMS 0x000000070ec00000, 0x000000070ec00000| Untracked 
| 107|0x000000070ee00000, 0x000000070ee00000, 0x000000070f000000|  0%| F|  |TAMS 0x000000070ee00000, 0x000000070ee00000| Untracked 
| 108|0x000000070f000000, 0x000000070f000000, 0x000000070f200000|  0%| F|  |TAMS 0x000000070f000000, 0x000000070f000000| Untracked 
| 109|0x000000070f200000, 0x000000070f200000, 0x000000070f400000|  0%| F|  |TAMS 0x000000070f200000, 0x000000070f200000| Untracked 
| 110|0x000000070f400000, 0x000000070f400000, 0x000000070f600000|  0%| F|  |TAMS 0x000000070f400000, 0x000000070f400000| Untracked 
| 111|0x000000070f600000, 0x000000070f600000, 0x000000070f800000|  0%| F|  |TAMS 0x000000070f600000, 0x000000070f600000| Untracked 
| 112|0x000000070f800000, 0x000000070f800000, 0x000000070fa00000|  0%| F|  |TAMS 0x000000070f800000, 0x000000070f800000| Untracked 
| 113|0x000000070fa00000, 0x000000070fa00000, 0x000000070fc00000|  0%| F|  |TAMS 0x000000070fa00000, 0x000000070fa00000| Untracked 
| 114|0x000000070fc00000, 0x000000070fc00000, 0x000000070fe00000|  0%| F|  |TAMS 0x000000070fc00000, 0x000000070fc00000| Untracked 
| 115|0x000000070fe00000, 0x0000000710000000, 0x0000000710000000|100%| S|CS|TAMS 0x000000070fe00000, 0x000000070fe00000| Complete 
| 116|0x0000000710000000, 0x0000000710200000, 0x0000000710200000|100%| S|CS|TAMS 0x0000000710000000, 0x0000000710000000| Complete 
| 117|0x0000000710200000, 0x0000000710200000, 0x0000000710400000|  0%| F|  |TAMS 0x0000000710200000, 0x0000000710200000| Untracked 
| 118|0x0000000710400000, 0x0000000710400000, 0x0000000710600000|  0%| F|  |TAMS 0x0000000710400000, 0x0000000710400000| Untracked 
| 119|0x0000000710600000, 0x0000000710600000, 0x0000000710800000|  0%| F|  |TAMS 0x0000000710600000, 0x0000000710600000| Untracked 
| 120|0x0000000710800000, 0x0000000710800000, 0x0000000710a00000|  0%| F|  |TAMS 0x0000000710800000, 0x0000000710800000| Untracked 
| 121|0x0000000710a00000, 0x0000000710a00000, 0x0000000710c00000|  0%| F|  |TAMS 0x0000000710a00000, 0x0000000710a00000| Untracked 
| 122|0x0000000710c00000, 0x0000000710c00000, 0x0000000710e00000|  0%| F|  |TAMS 0x0000000710c00000, 0x0000000710c00000| Untracked 
| 123|0x0000000710e00000, 0x0000000710e00000, 0x0000000711000000|  0%| F|  |TAMS 0x0000000710e00000, 0x0000000710e00000| Untracked 
| 124|0x0000000711000000, 0x0000000711000000, 0x0000000711200000|  0%| F|  |TAMS 0x0000000711000000, 0x0000000711000000| Untracked 
| 125|0x0000000711200000, 0x000000071125b508, 0x0000000711400000| 17%| E|  |TAMS 0x0000000711200000, 0x0000000711200000| Complete 
| 126|0x0000000711400000, 0x0000000711600000, 0x0000000711600000|100%| E|CS|TAMS 0x0000000711400000, 0x0000000711400000| Complete 
| 127|0x0000000711600000, 0x0000000711800000, 0x0000000711800000|100%| E|CS|TAMS 0x0000000711600000, 0x0000000711600000| Complete 

Card table byte_map: [0x000001de1e0d0000,0x000001de1e8d0000] _byte_map_base: 0x000001de1a8c4000

Marking Bits (Prev, Next): (CMBitMap*) 0x000001de06d19d10, (CMBitMap*) 0x000001de06d19d50
 Prev Bits: [0x000001de1f0d0000, 0x000001de23070000)
 Next Bits: [0x000001de23070000, 0x000001de27010000)

Polling page: 0x000001de06360000

Metaspace:

Usage:
  Non-class:      4.88 MB used.
      Class:    544.77 KB used.
       Both:      5.41 MB used.

Virtual space:
  Non-class space:       64.00 MB reserved,       5.00 MB (  8%) committed,  1 nodes.
      Class space:        1.00 GB reserved,     576.00 KB ( <1%) committed,  1 nodes.
             Both:        1.06 GB reserved,       5.56 MB ( <1%) committed. 

Chunk freelists:
   Non-Class:  1.70 MB
       Class:  3.44 MB
        Both:  5.14 MB

MaxMetaspaceSize: unlimited
CompressedClassSpaceSize: 1.00 GB
Initial GC threshold: 21.00 MB
Current GC threshold: 21.00 MB
CDS: on
MetaspaceReclaimPolicy: balanced
 - commit_granule_bytes: 65536.
 - commit_granule_words: 8192.
 - virtual_space_node_default_size: 8388608.
 - enlarge_chunks_in_place: 1.
 - new_chunks_are_fully_committed: 0.
 - uncommit_free_chunks: 1.
 - use_allocation_guard: 0.


Internal statistics:

num_allocs_failed_limit: 0.
num_arena_births: 86.
num_arena_deaths: 0.
num_vsnodes_births: 2.
num_vsnodes_deaths: 0.
num_space_committed: 89.
num_space_uncommitted: 0.
num_chunks_returned_to_freelist: 0.
num_chunks_taken_from_freelist: 196.
num_chunk_merges: 0.
num_chunk_splits: 142.
num_chunks_enlarged: 115.
num_inconsistent_stats: 0.

CodeHeap 'non-profiled nmethods': size=120000Kb used=452Kb max_used=452Kb free=119547Kb
 bounds [0x000001de16070000, 0x000001de162e0000, 0x000001de1d5a0000]
CodeHeap 'profiled nmethods': size=120000Kb used=2188Kb max_used=2188Kb free=117811Kb
 bounds [0x000001de0eb40000, 0x000001de0edb0000, 0x000001de16070000]
CodeHeap 'non-nmethods': size=5760Kb used=1158Kb max_used=1169Kb free=4601Kb
 bounds [0x000001de0e5a0000, 0x000001de0e810000, 0x000001de0eb40000]
 total_blobs=1624 nmethods=1192 adapters=344
 compilation: enabled
              stopped_count=0, restarted_count=0
 full_count=0

Compilation events (20 events):
Event: 0.578 Thread 0x000001de292d7f30 1113       1       java.lang.invoke.MethodHandles$Lookup::previousLookupClass (5 bytes)
Event: 0.578 Thread 0x000001de292d7f30 nmethod 1113 0x000001de160dd090 code [0x000001de160dd220, 0x000001de160dd2f8]
Event: 0.579 Thread 0x000001de292d7f30 1137       3       java.lang.invoke.DirectMethodHandle::<init> (148 bytes)
Event: 0.580 Thread 0x000001de292d7f30 nmethod 1137 0x000001de0ed37890 code [0x000001de0ed37b40, 0x000001de0ed38aa8]
Event: 0.580 Thread 0x000001de292d7f30 1138       3       java.lang.invoke.MethodHandles$Lookup::checkAccess (232 bytes)
Event: 0.581 Thread 0x000001de292d7f30 nmethod 1138 0x000001de0ed38f90 code [0x000001de0ed39280, 0x000001de0ed3a338]
Event: 0.581 Thread 0x000001de292d7f30 1139       3       java.lang.invoke.LambdaFormEditor$Transform::equals (32 bytes)
Event: 0.582 Thread 0x000001de292d7f30 nmethod 1139 0x000001de0ed3a790 code [0x000001de0ed3a940, 0x000001de0ed3ab28]
Event: 0.582 Thread 0x000001de292d7f30 1140       3       java.lang.invoke.MethodTypeForm::cachedLambdaForm (23 bytes)
Event: 0.582 Thread 0x000001de292d7f30 nmethod 1140 0x000001de0ed3ac10 code [0x000001de0ed3adc0, 0x000001de0ed3b128]
Event: 0.583 Thread 0x000001de292d7f30 1141       3       java.lang.Boolean::valueOf (14 bytes)
Event: 0.583 Thread 0x000001de292d7f30 nmethod 1141 0x000001de0ed3b290 code [0x000001de0ed3b420, 0x000001de0ed3b598]
Event: 0.584 Thread 0x000001de292d7f30 1142       3       sun.invoke.util.Wrapper::forBasicType (16 bytes)
Event: 0.584 Thread 0x000001de292d7f30 nmethod 1142 0x000001de0ed3b610 code [0x000001de0ed3b7c0, 0x000001de0ed3b968]
Event: 0.588 Thread 0x000001de292d7640 nmethod 1134 0x000001de160dd990 code [0x000001de160ddb20, 0x000001de160de398]
Event: 0.589 Thread 0x000001de292d7640 1143       4       java.lang.System::getSecurityManager (12 bytes)
Event: 0.590 Thread 0x000001de292d7640 nmethod 1143 0x000001de160de690 code [0x000001de160de800, 0x000001de160de858]
Event: 0.591 Thread 0x000001de292d7f30 1144       3       com.sun.org.apache.xerces.internal.utils.XMLSecurityManager$Limit::is (35 bytes)
Event: 0.591 Thread 0x000001de292d7f30 nmethod 1144 0x000001de0ed3ba10 code [0x000001de0ed3bbc0, 0x000001de0ed3be38]
Event: 0.592 Thread 0x000001de292d7f30 1145       3       java.util.Arrays::rangeCheck (74 bytes)

GC Heap History (2 events):
Event: 0.442 GC heap before
{Heap before GC invocations=0 (full 0):
 garbage-first heap   total 262144K, used 22528K [0x0000000701800000, 0x0000000800000000)
  region size 2048K, 11 young (22528K), 0 survivors (0K)
 Metaspace       used 3625K, committed 3712K, reserved 1114112K
  class space    used 354K, committed 384K, reserved 1048576K
}
Event: 0.447 GC heap after
{Heap after GC invocations=1 (full 0):
 garbage-first heap   total 262144K, used 5354K [0x0000000701800000, 0x0000000800000000)
  region size 2048K, 2 young (4096K), 2 survivors (4096K)
 Metaspace       used 3625K, committed 3712K, reserved 1114112K
  class space    used 354K, committed 384K, reserved 1048576K
}

Deoptimization events (20 events):
Event: 0.160 Thread 0x000001de06ca99f0 DEOPT PACKING pc=0x000001de0eb57ce5 sp=0x0000002d214fda90
Event: 0.160 Thread 0x000001de06ca99f0 DEOPT UNPACKING pc=0x000001de0e5f2b43 sp=0x0000002d214fcee0 mode 0
Event: 0.188 Thread 0x000001de06ca99f0 Uncommon trap: trap_request=0xffffff45 fr.pc=0x000001de1608ff44 relative=0x00000000000002a4
Event: 0.188 Thread 0x000001de06ca99f0 Uncommon trap: reason=unstable_if action=reinterpret pc=0x000001de1608ff44 method=java.lang.String.startsWith(Ljava/lang/String;I)Z @ 14 c2
Event: 0.188 Thread 0x000001de06ca99f0 DEOPT PACKING pc=0x000001de1608ff44 sp=0x0000002d214feef0
Event: 0.188 Thread 0x000001de06ca99f0 DEOPT UNPACKING pc=0x000001de0e5f23a3 sp=0x0000002d214fee50 mode 2
Event: 0.355 Thread 0x000001de06ca99f0 Uncommon trap: trap_request=0xffffff54 fr.pc=0x000001de160aabe0 relative=0x00000000000002a0
Event: 0.355 Thread 0x000001de06ca99f0 Uncommon trap: reason=speculate_null_assert action=make_not_entrant pc=0x000001de160aabe0 method=jdk.internal.loader.URLClassPath.getLoader(I)Ljdk/internal/loader/URLClassPath$Loader; @ 41 c2
Event: 0.355 Thread 0x000001de06ca99f0 DEOPT PACKING pc=0x000001de160aabe0 sp=0x0000002d214fe5c0
Event: 0.355 Thread 0x000001de06ca99f0 DEOPT UNPACKING pc=0x000001de0e5f23a3 sp=0x0000002d214fe570 mode 2
Event: 0.355 Thread 0x000001de06ca99f0 Uncommon trap: trap_request=0xffffff45 fr.pc=0x000001de160a7fdc relative=0x000000000000005c
Event: 0.355 Thread 0x000001de06ca99f0 Uncommon trap: reason=unstable_if action=reinterpret pc=0x000001de160a7fdc method=jdk.internal.loader.URLClassPath$JarLoader.ensureOpen()V @ 4 c2
Event: 0.355 Thread 0x000001de06ca99f0 DEOPT PACKING pc=0x000001de160a7fdc sp=0x0000002d214fe2a0
Event: 0.355 Thread 0x000001de06ca99f0 DEOPT UNPACKING pc=0x000001de0e5f23a3 sp=0x0000002d214fe238 mode 2
Event: 0.426 Thread 0x000001de06ca99f0 DEOPT PACKING pc=0x000001de0ebfe53e sp=0x0000002d214fe300
Event: 0.426 Thread 0x000001de06ca99f0 DEOPT UNPACKING pc=0x000001de0e5f2b43 sp=0x0000002d214fd7a0 mode 0
Event: 0.551 Thread 0x000001de06ca99f0 Uncommon trap: trap_request=0xffffff45 fr.pc=0x000001de160be098 relative=0x0000000000000998
Event: 0.551 Thread 0x000001de06ca99f0 Uncommon trap: reason=unstable_if action=reinterpret pc=0x000001de160be098 method=java.io.BufferedReader.readLine(Z[Z)Ljava/lang/String; @ 168 c2
Event: 0.551 Thread 0x000001de06ca99f0 DEOPT PACKING pc=0x000001de160be098 sp=0x0000002d214fec60
Event: 0.551 Thread 0x000001de06ca99f0 DEOPT UNPACKING pc=0x000001de0e5f23a3 sp=0x0000002d214fec08 mode 2

Classes loaded (20 events):
Event: 0.590 Loading class com/sun/org/apache/xerces/internal/impl/msg/XMLMessageFormatter
Event: 0.590 Loading class com/sun/org/apache/xerces/internal/util/MessageFormatter
Event: 0.590 Loading class com/sun/org/apache/xerces/internal/util/MessageFormatter done
Event: 0.590 Loading class com/sun/org/apache/xerces/internal/impl/msg/XMLMessageFormatter done
Event: 0.590 Loading class com/sun/org/apache/xerces/internal/utils/XMLLimitAnalyzer
Event: 0.590 Loading class com/sun/org/apache/xerces/internal/utils/XMLLimitAnalyzer done
Event: 0.591 Loading class com/sun/org/apache/xerces/internal/util/XMLSymbols
Event: 0.591 Loading class com/sun/org/apache/xerces/internal/util/XMLSymbols done
Event: 0.591 Loading class com/sun/org/apache/xerces/internal/util/URI
Event: 0.591 Loading class com/sun/org/apache/xerces/internal/util/URI done
Event: 0.591 Loading class com/sun/xml/internal/stream/Entity$ScannedEntity
Event: 0.591 Loading class com/sun/xml/internal/stream/Entity
Event: 0.591 Loading class com/sun/xml/internal/stream/Entity done
Event: 0.591 Loading class com/sun/xml/internal/stream/Entity$ScannedEntity done
Event: 0.591 Loading class com/sun/xml/internal/stream/util/ThreadLocalBufferAllocator
Event: 0.591 Loading class com/sun/xml/internal/stream/util/ThreadLocalBufferAllocator done
Event: 0.591 Loading class com/sun/xml/internal/stream/util/BufferAllocator
Event: 0.591 Loading class com/sun/xml/internal/stream/util/BufferAllocator done
Event: 0.591 Loading class com/sun/org/apache/xerces/internal/util/XMLChar
Event: 0.592 Loading class com/sun/org/apache/xerces/internal/util/XMLChar done

Classes unloaded (0 events):
No events

Classes redefined (0 events):
No events

Internal exceptions (7 events):
Event: 0.252 Thread 0x000001de06ca99f0 Exception <a 'java/lang/NoClassDefFoundError'{0x0000000710c04500}: org/glassfish/hk2/osgiresourcelocator/ServiceLoader> (0x0000000710c04500) 
thrown [s\open\src\hotspot\share\classfile\systemDictionary.cpp, line 244]
Event: 0.289 Thread 0x000001de06ca99f0 Exception <a 'java/lang/NoSuchMethodError'{0x0000000710d85158}: 'java.lang.Object java.lang.invoke.DirectMethodHandle$Holder.invokeInterface(java.lang.Object, java.lang.Object)'> (0x0000000710d85158) 
thrown [s\open\src\hotspot\share\interpreter\linkResolver.cpp, line 759]
Event: 0.314 Thread 0x000001de06ca99f0 Exception <a 'java/lang/NoSuchMethodError'{0x0000000710a2ae60}: 'java.lang.Object java.lang.invoke.DirectMethodHandle$Holder.newInvokeSpecial(java.lang.Object, java.lang.Object, java.lang.Object, java.lang.Object, java.lang.Object)'> (0x0000000710a2ae60) 
thrown [s\open\src\hotspot\share\interpreter\linkResolver.cpp, line 759]
Event: 0.489 Thread 0x000001de06ca99f0 Exception <a 'java/lang/NoSuchMethodError'{0x00000007117e0ee0}: 'void java.lang.invoke.Invokers$Holder.invokeExact_MT(java.lang.Object, java.lang.Object, java.lang.Object, java.lang.Object)'> (0x00000007117e0ee0) 
thrown [s\open\src\hotspot\share\interpreter\linkResolver.cpp, line 759]
Event: 0.492 Thread 0x000001de06ca99f0 Exception <a 'java/lang/NoSuchMethodError'{0x00000007117faa58}: 'java.lang.Object java.lang.invoke.DirectMethodHandle$Holder.invokeStaticInit(java.lang.Object)'> (0x00000007117faa58) 
thrown [s\open\src\hotspot\share\interpreter\linkResolver.cpp, line 759]
Event: 0.545 Thread 0x000001de06ca99f0 Exception <a 'java/lang/NoSuchMethodError'{0x0000000711490ff0}: 'int java.lang.invoke.DirectMethodHandle$Holder.invokeSpecial(java.lang.Object, java.lang.Object, java.lang.Object)'> (0x0000000711490ff0) 
thrown [s\open\src\hotspot\share\interpreter\linkResolver.cpp, line 759]
Event: 0.546 Thread 0x000001de06ca99f0 Exception <a 'java/lang/NoSuchMethodError'{0x000000071149bed8}: 'void java.lang.invoke.DelegatingMethodHandle$Holder.reinvoke_L(java.lang.Object, java.lang.Object, int)'> (0x000000071149bed8) 
thrown [s\open\src\hotspot\share\interpreter\linkResolver.cpp, line 759]

VM Operations (8 events):
Event: 0.064 Executing VM operation: HandshakeAllThreads
Event: 0.064 Executing VM operation: HandshakeAllThreads done
Event: 0.248 Executing VM operation: HandshakeAllThreads
Event: 0.248 Executing VM operation: HandshakeAllThreads done
Event: 0.442 Executing VM operation: G1CollectForAllocation
Event: 0.447 Executing VM operation: G1CollectForAllocation done
Event: 0.499 Executing VM operation: HandshakeAllThreads
Event: 0.499 Executing VM operation: HandshakeAllThreads done

Events (20 events):
Event: 0.023 Thread 0x000001de292b8d70 Thread added: 0x000001de292b8d70
Event: 0.024 Thread 0x000001de292b98e0 Thread added: 0x000001de292b98e0
Event: 0.035 Thread 0x000001de292d2ef0 Thread added: 0x000001de292d2ef0
Event: 0.035 Thread 0x000001de292d47b0 Thread added: 0x000001de292d47b0
Event: 0.035 Thread 0x000001de292d5470 Thread added: 0x000001de292d5470
Event: 0.035 Thread 0x000001de292d5d20 Thread added: 0x000001de292d5d20
Event: 0.036 Thread 0x000001de292d7640 Thread added: 0x000001de292d7640
Event: 0.036 Thread 0x000001de292d7f30 Thread added: 0x000001de292d7f30
Event: 0.036 Thread 0x000001de292d8820 Thread added: 0x000001de292d8820
Event: 0.050 Thread 0x000001de2dcfe930 Thread added: 0x000001de2dcfe930
Event: 0.053 Thread 0x000001de2dd03490 Thread added: 0x000001de2dd03490
Event: 0.058 Loaded shared library C:\Program Files\Java\jdk-18.0.2.1\bin\net.dll
Event: 0.060 Loaded shared library C:\Program Files\Java\jdk-18.0.2.1\bin\nio.dll
Event: 0.064 Loaded shared library C:\Program Files\Java\jdk-18.0.2.1\bin\zip.dll
Event: 0.114 Loaded shared library C:\Program Files\Java\jdk-18.0.2.1\bin\jimage.dll
Event: 0.135 Thread 0x000001de2dee81b0 Thread added: 0x000001de2dee81b0
Event: 0.140 Thread 0x000001de2dff4110 Thread added: 0x000001de2dff4110
Event: 0.209 Thread 0x000001de2e1e1a20 Thread added: 0x000001de2e1e1a20
Event: 0.250 Thread 0x000001de2e1e1a20 Thread exited: 0x000001de2e1e1a20
Event: 0.286 Loaded shared library C:\Program Files\Java\jdk-18.0.2.1\bin\verify.dll


Dynamic libraries:
0x00007ff7159c0000 - 0x00007ff7159d0000 	C:\Program Files\Java\jdk-18.0.2.1\bin\java.exe
0x00007ff926520000 - 0x00007ff926729000 	C:\WINDOWS\SYSTEM32\ntdll.dll
0x00007ff925790000 - 0x00007ff92584d000 	C:\WINDOWS\System32\KERNEL32.DLL
0x00007ff923ae0000 - 0x00007ff923e64000 	C:\WINDOWS\System32\KERNELBASE.dll
0x00007ff924130000 - 0x00007ff924241000 	C:\WINDOWS\System32\ucrtbase.dll
0x00007ff90f400000 - 0x00007ff90f41a000 	C:\Program Files\Java\jdk-18.0.2.1\bin\VCRUNTIME140.dll
0x00007ff90f430000 - 0x00007ff90f448000 	C:\Program Files\Java\jdk-18.0.2.1\bin\jli.dll
0x00007ff925250000 - 0x00007ff9252fe000 	C:\WINDOWS\System32\ADVAPI32.dll
0x00007ff924e20000 - 0x00007ff924ec3000 	C:\WINDOWS\System32\msvcrt.dll
0x00007ff9254b0000 - 0x00007ff92554e000 	C:\WINDOWS\System32\sechost.dll
0x00007ff924f80000 - 0x00007ff9250a1000 	C:\WINDOWS\System32\RPCRT4.dll
0x00007ff925300000 - 0x00007ff9254ad000 	C:\WINDOWS\System32\USER32.dll
0x00007ff924100000 - 0x00007ff924126000 	C:\WINDOWS\System32\win32u.dll
0x00007ff9250c0000 - 0x00007ff9250ea000 	C:\WINDOWS\System32\GDI32.dll
0x00007ff918250000 - 0x00007ff9184f5000 	C:\WINDOWS\WinSxS\amd64_microsoft.windows.common-controls_6595b64144ccf1df_6.0.22000.120_none_9d947278b86cc467\COMCTL32.dll
0x00007ff924250000 - 0x00007ff92436e000 	C:\WINDOWS\System32\gdi32full.dll
0x00007ff924060000 - 0x00007ff9240fd000 	C:\WINDOWS\System32\msvcp_win.dll
0x00007ff923360000 - 0x00007ff92336a000 	C:\WINDOWS\SYSTEM32\VERSION.dll
0x00007ff924dd0000 - 0x00007ff924e01000 	C:\WINDOWS\System32\IMM32.DLL
0x00007ff925b00000 - 0x00007ff925c9a000 	C:\WINDOWS\System32\ole32.dll
0x00007ff924370000 - 0x00007ff9246e6000 	C:\WINDOWS\System32\combase.dll
0x00007ff923350000 - 0x00007ff92335b000 	C:\WINDOWS\system32\fltlib.dll
0x00007ff91fe50000 - 0x00007ff91fe5c000 	C:\Program Files\Java\jdk-18.0.2.1\bin\vcruntime140_1.dll
0x00007ff8fc210000 - 0x00007ff8fc29d000 	C:\Program Files\Java\jdk-18.0.2.1\bin\msvcp140.dll
0x00007ff8c70a0000 - 0x00007ff8c7cb1000 	C:\Program Files\Java\jdk-18.0.2.1\bin\server\jvm.dll
0x00007ff9250b0000 - 0x00007ff9250b8000 	C:\WINDOWS\System32\PSAPI.DLL
0x00007ff9199f0000 - 0x00007ff919a23000 	C:\WINDOWS\SYSTEM32\WINMM.dll
0x00007ff8fba10000 - 0x00007ff8fba19000 	C:\WINDOWS\SYSTEM32\WSOCK32.dll
0x00007ff9251d0000 - 0x00007ff92523f000 	C:\WINDOWS\System32\WS2_32.dll
0x00007ff922860000 - 0x00007ff922878000 	C:\WINDOWS\SYSTEM32\kernel.appcore.dll
0x00007ff9192e0000 - 0x00007ff9192ea000 	C:\Program Files\Java\jdk-18.0.2.1\bin\jimage.dll
0x00007ff921400000 - 0x00007ff921621000 	C:\WINDOWS\SYSTEM32\DBGHELP.DLL
0x00007ff9191f0000 - 0x00007ff919221000 	C:\WINDOWS\SYSTEM32\dbgcore.DLL
0x00007ff923fe0000 - 0x00007ff92405f000 	C:\WINDOWS\System32\bcryptPrimitives.dll
0x00007ff90f3d0000 - 0x00007ff90f3f5000 	C:\Program Files\Java\jdk-18.0.2.1\bin\java.dll
0x00007ff8fbea0000 - 0x00007ff8fbf76000 	C:\Program Files\Java\jdk-18.0.2.1\bin\jsvml.dll
0x00007ff925d10000 - 0x00007ff9264d5000 	C:\WINDOWS\System32\SHELL32.dll
0x00007ff921920000 - 0x00007ff922182000 	C:\WINDOWS\SYSTEM32\windows.storage.dll
0x00007ff9217b0000 - 0x00007ff921917000 	C:\WINDOWS\SYSTEM32\wintypes.dll
0x00007ff9246f0000 - 0x00007ff9247da000 	C:\WINDOWS\System32\SHCORE.dll
0x00007ff9259f0000 - 0x00007ff925a4d000 	C:\WINDOWS\System32\shlwapi.dll
0x00007ff9238e0000 - 0x00007ff923905000 	C:\WINDOWS\SYSTEM32\profapi.dll
0x00007ff904a60000 - 0x00007ff904a73000 	C:\Program Files\Java\jdk-18.0.2.1\bin\net.dll
0x00007ff91d930000 - 0x00007ff91da44000 	C:\WINDOWS\SYSTEM32\WINHTTP.dll
0x00007ff922d60000 - 0x00007ff922dc7000 	C:\WINDOWS\system32\mswsock.dll
0x00007ff903870000 - 0x00007ff903886000 	C:\Program Files\Java\jdk-18.0.2.1\bin\nio.dll
0x00007ff8ff9c0000 - 0x00007ff8ff9d8000 	C:\Program Files\Java\jdk-18.0.2.1\bin\zip.dll
0x00007ff90f4d0000 - 0x00007ff90f4e0000 	C:\Program Files\Java\jdk-18.0.2.1\bin\verify.dll
0x00007ff8ee5b0000 - 0x00007ff8ee5c7000 	C:\WINDOWS\system32\napinsp.dll
0x00007ff8ee2f0000 - 0x00007ff8ee30b000 	C:\WINDOWS\system32\pnrpnsp.dll
0x00007ff922410000 - 0x00007ff9224f7000 	C:\WINDOWS\SYSTEM32\DNSAPI.dll
0x00007ff9223e0000 - 0x00007ff92240d000 	C:\WINDOWS\SYSTEM32\IPHLPAPI.DLL
0x00007ff925240000 - 0x00007ff925249000 	C:\WINDOWS\System32\NSI.dll
0x00007ff8ee2d0000 - 0x00007ff8ee2e2000 	C:\WINDOWS\System32\winrnr.dll
0x00007ff91c9c0000 - 0x00007ff91c9d5000 	C:\WINDOWS\system32\wshbth.dll
0x00007ff8ee2b0000 - 0x00007ff8ee2cf000 	C:\WINDOWS\system32\nlansp_c.dll
0x00007ff919450000 - 0x00007ff91945a000 	C:\Windows\System32\rasadhlp.dll
0x00007ff91ba70000 - 0x00007ff91baf1000 	C:\WINDOWS\System32\fwpuclnt.dll

dbghelp: loaded successfully - version: 4.0.5 - missing functions: none
symbol engine: initialized successfully - sym options: 0x614 - pdb path: .;C:\Program Files\Java\jdk-18.0.2.1\bin;C:\WINDOWS\SYSTEM32;C:\WINDOWS\WinSxS\amd64_microsoft.windows.common-controls_6595b64144ccf1df_6.0.22000.120_none_9d947278b86cc467;C:\Program Files\Java\jdk-18.0.2.1\bin\server

VM Arguments:
java_command: J:\.important\Documents\GLASSFISH_SERVER3\bin\..\glassfish\lib\client\appserver-cli.jar start-domain memefest
java_class_path (initial): J:\.important\Documents\GLASSFISH_SERVER3\bin\..\glassfish\lib\client\appserver-cli.jar
Launcher Type: SUN_STANDARD

[Global flags]
     intx CICompilerCount                          = 4                                         {product} {ergonomic}
     uint ConcGCThreads                            = 2                                         {product} {ergonomic}
     uint G1ConcRefinementThreads                  = 8                                         {product} {ergonomic}
   size_t G1HeapRegionSize                         = 2097152                                   {product} {ergonomic}
    uintx GCDrainStackTargetSize                   = 64                                        {product} {ergonomic}
   size_t InitialHeapSize                          = 268435456                                 {product} {ergonomic}
   size_t MarkStackSize                            = 4194304                                   {product} {ergonomic}
   size_t MaxHeapSize                              = 4269801472                                {product} {ergonomic}
   size_t MaxNewSize                               = 2560622592                                {product} {ergonomic}
   size_t MinHeapDeltaBytes                        = 2097152                                   {product} {ergonomic}
   size_t MinHeapSize                              = 8388608                                   {product} {ergonomic}
    uintx NonNMethodCodeHeapSize                   = 5839372                                {pd product} {ergonomic}
    uintx NonProfiledCodeHeapSize                  = 122909434                              {pd product} {ergonomic}
    uintx ProfiledCodeHeapSize                     = 122909434                              {pd product} {ergonomic}
    uintx ReservedCodeCacheSize                    = 251658240                              {pd product} {ergonomic}
     bool SegmentedCodeCache                       = true                                      {product} {ergonomic}
   size_t SoftMaxHeapSize                          = 4269801472                             {manageable} {ergonomic}
     bool UseCompressedClassPointers               = true                           {product lp64_product} {ergonomic}
     bool UseCompressedOops                        = true                           {product lp64_product} {ergonomic}
     bool UseG1GC                                  = true                                      {product} {ergonomic}
     bool UseLargePagesIndividualAllocation        = false                                  {pd product} {ergonomic}

Logging:
Log output configuration:
 #0: stdout all=warning uptime,level,tags foldmultilines=false
 #1: stderr all=off uptime,level,tags foldmultilines=false

Environment Variables:
JAVA_HOME=C:\Program Files\Java\jdk-18.0.2.1
PATH=C:\Program Files\Common Files\Oracle\Java\javapath;C:\WINDOWS\system32;C:\WINDOWS;C:\WINDOWS\System32\Wbem;C:\WINDOWS\System32\WindowsPowerShell\v1.0\;C:\WINDOWS\System32\OpenSSH\;J:\.important\Documents\apache-maven-3.8.6\bin;C:\Program Files\Microsoft SQL Server\Client SDK\ODBC\170\Tools\Binn\;C:\Program Files (x86)\Microsoft SQL Server\150\Tools\Binn\;C:\Program Files\Microsoft SQL Server\150\Tools\Binn\;C:\Program Files\Microsoft SQL Server\150\DTS\Binn\;C:\Program Files (x86)\Microsoft SQL Server\160\DTS\Binn\;C:\Users\hyper\Downloads\curl-8.10.1_2-win64-mingw\curl-8.10.1_2-win64-mingw\bin;C:\C:\Program Files\Java\jdk-18.0.2.1\bin;C:\Program Files\OpenSSL-Win64\bin;C:\Program Files\dotnet\;C:\Program Files\Git\cmd;H:\;C:\Program Files (x86)\Microsoft SQL Server\160\Tools\Binn\;C:\Program Files\Microsoft SQL Server\160\Tools\Binn\;C:\Program Files\Microsoft SQL Server\160\DTS\Binn\;C:\Program Files (x86)\NVIDIA Corporation\PhysX\Common;F:\Docker\resources\bin;C:\Users\hyper\AppData\Local\Microsoft\WindowsApps;C:\Program Files\Java\jdk-18.0.2.1\bin;C:\Users\hyper\AppData\Roaming\npm;J:\Microsoft VS Code\bin
USERNAME=hyper
OS=Windows_NT
PROCESSOR_IDENTIFIER=Intel64 Family 6 Model 60 Stepping 3, GenuineIntel



---------------  S Y S T E M  ---------------

OS:
 Windows 11 , 64 bit Build 22000 (10.0.22000.2538)
OS uptime: 2 days 14:54 hours
Hyper-V role detected

CPU: total 8 (initial active 8) (4 cores per cpu, 2 threads per core) family 6 model 60 stepping 3 microcode 0x28, cx8, cmov, fxsr, ht, mmx, sse, sse2, sse3, ssse3, sse4.1, sse4.2, popcnt, lzcnt, tsc, tscinvbit, avx, avx2, aes, erms, clmul, bmi1, bmi2, fma, vzeroupper, clflush, hv

Memory: 4k page, system-wide physical 16283M (777M free)
TotalPageFile size 36283M (AvailPageFile size 5M)
current process WorkingSet (physical memory assigned to process): 94M, peak: 95M
current process commit charge ("private bytes"): 376M, peak: 377M

vm_info: Java HotSpot(TM) 64-Bit Server VM (18.0.2.1+1-1) for windows-amd64 JRE (18.0.2.1+1-1), built on Aug 16 2022 01:46:33 by "mach5one" with MS VC++ 16.8 / 16.9 (VS2019)

END.
