#
# There is insufficient memory for the Java Runtime Environment to continue.
# Native memory allocation (malloc) failed to allocate 5891440 bytes. Error detail: Chunk::new
# Possible reasons:
#   The system is out of physical RAM or swap space
#   This process is running with CompressedOops enabled, and the Java Heap may be blocking the growth of the native heap
# Possible solutions:
#   Reduce memory load on the system
#   Increase physical memory or swap space
#   Check if swap backing store is full
#   Decrease Java heap size (-Xmx/-Xms)
#   Decrease number of Java threads
#   Decrease Java thread stack sizes (-Xss)
#   Set larger code cache with -XX:ReservedCodeCacheSize=
#   JVM is running with Zero Based Compressed Oops mode in which the Java heap is
#     placed in the first 32GB address space. The Java Heap base address is the
#     maximum limit for the native heap growth. Please use -XX:HeapBaseMinAddress
#     to set the Java Heap base and to place the Java Heap above 32GB virtual address.
# This output file may be truncated or incomplete.
#
#  Out of Memory Error (arena.cpp:168), pid=11560, tid=23972
#
# JRE version: OpenJDK Runtime Environment Temurin-21.0.6+7 (21.0.6+7) (build 21.0.6+7-LTS)
# Java VM: OpenJDK 64-Bit Server VM Temurin-21.0.6+7 (21.0.6+7-LTS, mixed mode, sharing, tiered, compressed oops, compressed class ptrs, g1 gc, windows-amd64)
# No core dump will be written. Minidumps are not enabled by default on client versions of Windows
#

---------------  S U M M A R Y ------------

Command Line: --add-modules=ALL-SYSTEM --add-opens=java.base/java.util=ALL-UNNAMED --add-opens=java.base/java.lang=ALL-UNNAMED --add-opens=java.base/sun.nio.fs=ALL-UNNAMED -Declipse.application=org.eclipse.jdt.ls.core.id1 -Dosgi.bundles.defaultStartLevel=4 -Declipse.product=org.eclipse.jdt.ls.core.product -Djava.import.generatesMetadataFilesAtProjectRoot=false -DDetectVMInstallationsJob.disabled=true -Dfile.encoding=utf8 -Xlog:disable -Xms100m -Xmx8G -javaagent:c:\Users\hyper\.vscode\extensions\redhat.java-1.42.2025041008-win32-x64\lombok\lombok-1.18.36.jar -XX:+HeapDumpOnOutOfMemoryError -XX:HeapDumpPath=c:\Users\hyper\AppData\Roaming\Code\User\workspaceStorage\9786f179f1d4055ca563254eef00c7fe\redhat.java -Daether.dependencyCollector.impl=bf c:\Users\hyper\.vscode\extensions\redhat.java-1.42.2025041008-win32-x64\server\plugins\org.eclipse.equinox.launcher_1.7.0.v20250404-1055.jar -configuration c:\Users\hyper\AppData\Roaming\Code\User\globalStorage\redhat.java\1.42.2025041008\config_win -data c:\Users\hyper\AppData\Roaming\Code\User\workspaceStorage\9786f179f1d4055ca563254eef00c7fe\redhat.java\jdt_ws --pipe=\\.\pipe\lsp-af6893ef71dc643d2097e6247594fcc4-sock

Host: Intel(R) Core(TM) i7-4770K CPU @ 3.50GHz, 8 cores, 15G,  Windows 11 , 64 bit Build 22000 (10.0.22000.2538)
Time: Fri Aug 29 08:20:07 2025 Volgograd Standard Time elapsed time: 57.974280 seconds (0d 0h 0m 57s)

---------------  T H R E A D  ---------------

Current thread (0x00000296b5862c00):  JavaThread "C2 CompilerThread2" daemon [_thread_in_native, id=23972, stack(0x000000c3cd000000,0x000000c3cd100000) (1024K)]


Current CompileTask:
C2:57974 18564   !   4       lombok.eclipse.agent.PatchExtensionMethod::resolveType (870 bytes)

Stack: [0x000000c3cd000000,0x000000c3cd100000]
Native frames: (J=compiled Java code, j=interpreted, Vv=VM code, C=native code)
V  [jvm.dll+0x6cdee9]
V  [jvm.dll+0x8a83d1]
V  [jvm.dll+0x8aa8fe]
V  [jvm.dll+0x8aafe3]
V  [jvm.dll+0x27f706]
V  [jvm.dll+0xc500d]
V  [jvm.dll+0xc5543]
V  [jvm.dll+0x3b678c]
V  [jvm.dll+0x382935]
V  [jvm.dll+0x381d9a]
V  [jvm.dll+0x2479f0]
V  [jvm.dll+0x246fcf]
V  [jvm.dll+0x1c75ee]
V  [jvm.dll+0x25685a]
V  [jvm.dll+0x254dfa]
V  [jvm.dll+0x3f0256]
V  [jvm.dll+0x851f8b]
V  [jvm.dll+0x6cc5ed]
C  [ucrtbase.dll+0x26c0c]
C  [KERNEL32.DLL+0x153e0]
C  [ntdll.dll+0x485b]


---------------  P R O C E S S  ---------------

Threads class SMR info:
_java_thread_list=0x00000296fe1e6da0, length=68, elements={
0x0000029696127fb0, 0x00000296b5072560, 0x00000296b5073e30, 0x00000296b5076c00,
0x00000296b5078810, 0x00000296b507a030, 0x00000296b509bd70, 0x00000296b50a1c10,
0x00000296b50b99a0, 0x00000296b51acac0, 0x00000296b53b6980, 0x00000296fb3438b0,
0x00000296b559a5a0, 0x00000296fb33b450, 0x00000296fb33bab0, 0x00000296fb69d700,
0x00000296fb62b1a0, 0x00000296fb4ff380, 0x00000296fb5000a0, 0x00000296fb4ffa10,
0x00000296fb500730, 0x00000296fb501450, 0x00000296fb500dc0, 0x00000296fb501ae0,
0x00000296fb502170, 0x00000296fb502800, 0x00000296b5990c30, 0x00000296b5995460,
0x00000296b5996ea0, 0x00000296b59912c0, 0x00000296b5995af0, 0x00000296b5993390,
0x00000296b5993a20, 0x00000296b5997530, 0x00000296b59905a0, 0x00000296b5994dd0,
0x00000296b5994740, 0x00000296b5992d00, 0x00000296b5991950, 0x00000296b5997bc0,
0x00000296b5991fe0, 0x00000296b5992670, 0x00000296fc774160, 0x00000296fc771370,
0x00000296fc775510, 0x00000296fc773ad0, 0x00000296fc7768c0, 0x00000296fc776f50,
0x00000296fc76ffc0, 0x00000296fc7775e0, 0x00000296fc770650, 0x00000296fc770ce0,
0x00000296fcf5cd80, 0x00000296fcf5c060, 0x00000296fcf59270, 0x00000296fcf5acb0,
0x00000296fcf5daa0, 0x00000296fcf5b9d0, 0x00000296fcf5e7c0, 0x00000296fcf5b340,
0x00000296fcf5f4e0, 0x00000296fcf5a620, 0x00000296fcf58be0, 0x00000296fcf5e130,
0x00000296fcf58550, 0x00000296fcf5fb70, 0x00000296b5864740, 0x00000296b5862c00
}

Java Threads: ( => current thread )
  0x0000029696127fb0 JavaThread "main"                              [_thread_blocked, id=10400, stack(0x000000c3cd100000,0x000000c3cd200000) (1024K)]
  0x00000296b5072560 JavaThread "Reference Handler"          daemon [_thread_blocked, id=15536, stack(0x000000c3cd900000,0x000000c3cda00000) (1024K)]
  0x00000296b5073e30 JavaThread "Finalizer"                  daemon [_thread_blocked, id=14568, stack(0x000000c3cda00000,0x000000c3cdb00000) (1024K)]
  0x00000296b5076c00 JavaThread "Signal Dispatcher"          daemon [_thread_blocked, id=18076, stack(0x000000c3cdb00000,0x000000c3cdc00000) (1024K)]
  0x00000296b5078810 JavaThread "Attach Listener"            daemon [_thread_blocked, id=9240, stack(0x000000c3cdc00000,0x000000c3cdd00000) (1024K)]
  0x00000296b507a030 JavaThread "Service Thread"             daemon [_thread_blocked, id=24556, stack(0x000000c3cdd00000,0x000000c3cde00000) (1024K)]
  0x00000296b509bd70 JavaThread "Monitor Deflation Thread"   daemon [_thread_blocked, id=16828, stack(0x000000c3cde00000,0x000000c3cdf00000) (1024K)]
  0x00000296b50a1c10 JavaThread "C2 CompilerThread0"         daemon [_thread_in_native, id=2828, stack(0x000000c3cdf00000,0x000000c3ce000000) (1024K)]
  0x00000296b50b99a0 JavaThread "C1 CompilerThread0"         daemon [_thread_blocked, id=23968, stack(0x000000c3ce000000,0x000000c3ce100000) (1024K)]
  0x00000296b51acac0 JavaThread "Common-Cleaner"             daemon [_thread_blocked, id=10560, stack(0x000000c3ce100000,0x000000c3ce200000) (1024K)]
  0x00000296b53b6980 JavaThread "Notification Thread"        daemon [_thread_blocked, id=20860, stack(0x000000c3ce200000,0x000000c3ce300000) (1024K)]
  0x00000296fb3438b0 JavaThread "Active Thread: Equinox Container: bf278087-d357-4e0c-8181-9571ff50b140"        [_thread_blocked, id=9376, stack(0x000000c3cea00000,0x000000c3ceb00000) (1024K)]
  0x00000296b559a5a0 JavaThread "Refresh Thread: Equinox Container: bf278087-d357-4e0c-8181-9571ff50b140" daemon [_thread_blocked, id=6280, stack(0x000000c3ce400000,0x000000c3ce500000) (1024K)]
  0x00000296fb33b450 JavaThread "Framework Event Dispatcher: Equinox Container: bf278087-d357-4e0c-8181-9571ff50b140" daemon [_thread_blocked, id=5548, stack(0x000000c3ced00000,0x000000c3cee00000) (1024K)]
  0x00000296fb33bab0 JavaThread "Start Level: Equinox Container: bf278087-d357-4e0c-8181-9571ff50b140" daemon [_thread_blocked, id=18608, stack(0x000000c3cee00000,0x000000c3cef00000) (1024K)]
  0x00000296fb69d700 JavaThread "Bundle File Closer"         daemon [_thread_blocked, id=27092, stack(0x000000c3cef00000,0x000000c3cf000000) (1024K)]
  0x00000296fb62b1a0 JavaThread "SCR Component Actor"        daemon [_thread_blocked, id=2440, stack(0x000000c3cf000000,0x000000c3cf100000) (1024K)]
  0x00000296fb4ff380 JavaThread "Worker-JM"                         [_thread_blocked, id=8712, stack(0x000000c3cf200000,0x000000c3cf300000) (1024K)]
  0x00000296fb5000a0 JavaThread "JNA Cleaner"                daemon [_thread_blocked, id=11300, stack(0x000000c3ce300000,0x000000c3ce400000) (1024K)]
  0x00000296fb4ffa10 JavaThread "Worker-0"                          [_thread_blocked, id=17764, stack(0x000000c3cf300000,0x000000c3cf400000) (1024K)]
  0x00000296fb500730 JavaThread "Worker-1: Building"                [_thread_in_native, id=2344, stack(0x000000c3cf400000,0x000000c3cf500000) (1024K)]
  0x00000296fb501450 JavaThread "Java indexing"              daemon [_thread_in_Java, id=10512, stack(0x000000c3cf800000,0x000000c3cf900000) (1024K)]
  0x00000296fb500dc0 JavaThread "Worker-2"                          [_thread_blocked, id=26476, stack(0x000000c3cf900000,0x000000c3cfa00000) (1024K)]
  0x00000296fb501ae0 JavaThread "Worker-3: Updating workspace"        [_thread_blocked, id=22336, stack(0x000000c3cfc00000,0x000000c3cfd00000) (1024K)]
  0x00000296fb502170 JavaThread "Worker-4"                          [_thread_blocked, id=21520, stack(0x000000c3cfd00000,0x000000c3cfe00000) (1024K)]
  0x00000296fb502800 JavaThread "Thread-2"                   daemon [_thread_in_native, id=26992, stack(0x000000c3cfe00000,0x000000c3cff00000) (1024K)]
  0x00000296b5990c30 JavaThread "Thread-3"                   daemon [_thread_in_native, id=23772, stack(0x000000c3cff00000,0x000000c3d0000000) (1024K)]
  0x00000296b5995460 JavaThread "Thread-4"                   daemon [_thread_in_native, id=6620, stack(0x000000c3d0000000,0x000000c3d0100000) (1024K)]
  0x00000296b5996ea0 JavaThread "Thread-5"                   daemon [_thread_in_native, id=5984, stack(0x000000c3d0100000,0x000000c3d0200000) (1024K)]
  0x00000296b59912c0 JavaThread "Thread-6"                   daemon [_thread_in_native, id=7232, stack(0x000000c3d0200000,0x000000c3d0300000) (1024K)]
  0x00000296b5995af0 JavaThread "Thread-7"                   daemon [_thread_in_native, id=4712, stack(0x000000c3d0300000,0x000000c3d0400000) (1024K)]
  0x00000296b5993390 JavaThread "Thread-8"                   daemon [_thread_in_native, id=8592, stack(0x000000c3d0400000,0x000000c3d0500000) (1024K)]
  0x00000296b5993a20 JavaThread "Thread-9"                   daemon [_thread_in_native, id=17236, stack(0x000000c3d0500000,0x000000c3d0600000) (1024K)]
  0x00000296b5997530 JavaThread "Thread-10"                  daemon [_thread_in_native, id=8320, stack(0x000000c3d0600000,0x000000c3d0700000) (1024K)]
  0x00000296b59905a0 JavaThread "pool-2-thread-1"                   [_thread_blocked, id=21436, stack(0x000000c3d0700000,0x000000c3d0800000) (1024K)]
  0x00000296b5994dd0 JavaThread "WorkspaceEventsHandler"            [_thread_blocked, id=21176, stack(0x000000c3d0800000,0x000000c3d0900000) (1024K)]
  0x00000296b5994740 JavaThread "pool-1-thread-1"                   [_thread_blocked, id=12200, stack(0x000000c3d0900000,0x000000c3d0a00000) (1024K)]
  0x00000296b5992d00 JavaThread "Worker-5: Java indexing... "        [_thread_blocked, id=27408, stack(0x000000c3cf100000,0x000000c3cf200000) (1024K)]
  0x00000296b5991950 JavaThread "LocalFile Deleter"          daemon [_thread_blocked, id=8424, stack(0x000000c3d0a00000,0x000000c3d0b00000) (1024K)]
  0x00000296b5997bc0 JavaThread "LocalFile Deleter"          daemon [_thread_blocked, id=6732, stack(0x000000c3d0b00000,0x000000c3d0c00000) (1024K)]
  0x00000296b5991fe0 JavaThread "LocalFile Deleter"          daemon [_thread_blocked, id=12752, stack(0x000000c3d0c00000,0x000000c3d0d00000) (1024K)]
  0x00000296b5992670 JavaThread "LocalFile Deleter"          daemon [_thread_blocked, id=9728, stack(0x000000c3d0d00000,0x000000c3d0e00000) (1024K)]
  0x00000296fc774160 JavaThread "LocalFile Deleter"          daemon [_thread_blocked, id=15088, stack(0x000000c3d0e00000,0x000000c3d0f00000) (1024K)]
  0x00000296fc771370 JavaThread "LocalFile Deleter"          daemon [_thread_blocked, id=27460, stack(0x000000c3d0f00000,0x000000c3d1000000) (1024K)]
  0x00000296fc775510 JavaThread "LocalFile Deleter"          daemon [_thread_blocked, id=22192, stack(0x000000c3d1000000,0x000000c3d1100000) (1024K)]
  0x00000296fc773ad0 JavaThread "LocalFile Deleter"          daemon [_thread_blocked, id=8876, stack(0x000000c3d1100000,0x000000c3d1200000) (1024K)]
  0x00000296fc7768c0 JavaThread "ForkJoinPool.commonPool-worker-1" daemon [_thread_blocked, id=15380, stack(0x000000c3d1700000,0x000000c3d1800000) (1024K)]
  0x00000296fc776f50 JavaThread "ForkJoinPool.commonPool-worker-2" daemon [_thread_blocked, id=25860, stack(0x000000c3d1800000,0x000000c3d1900000) (1024K)]
  0x00000296fc76ffc0 JavaThread "ForkJoinPool.commonPool-worker-3" daemon [_thread_blocked, id=23604, stack(0x000000c3d1900000,0x000000c3d1a00000) (1024K)]
  0x00000296fc7775e0 JavaThread "ForkJoinPool.commonPool-worker-4" daemon [_thread_blocked, id=24008, stack(0x000000c3d1a00000,0x000000c3d1b00000) (1024K)]
  0x00000296fc770650 JavaThread "ForkJoinPool.commonPool-worker-5" daemon [_thread_blocked, id=9988, stack(0x000000c3d1b00000,0x000000c3d1c00000) (1024K)]
  0x00000296fc770ce0 JavaThread "ForkJoinPool.commonPool-worker-6" daemon [_thread_blocked, id=12440, stack(0x000000c3d1c00000,0x000000c3d1d00000) (1024K)]
  0x00000296fcf5cd80 JavaThread "ForkJoinPool.commonPool-worker-7" daemon [_thread_blocked, id=25736, stack(0x000000c3d1d00000,0x000000c3d1e00000) (1024K)]
  0x00000296fcf5c060 JavaThread "Compiler Source File Reader" daemon [_thread_blocked, id=17352, stack(0x000000c3cf600000,0x000000c3cf700000) (1024K)]
  0x00000296fcf59270 JavaThread "Compiler Source File Reader" daemon [_thread_blocked, id=10060, stack(0x000000c3d1200000,0x000000c3d1300000) (1024K)]
  0x00000296fcf5acb0 JavaThread "Compiler Source File Reader" daemon [_thread_blocked, id=16488, stack(0x000000c3d1300000,0x000000c3d1400000) (1024K)]
  0x00000296fcf5daa0 JavaThread "Compiler Source File Reader" daemon [_thread_blocked, id=6208, stack(0x000000c3d1400000,0x000000c3d1500000) (1024K)]
  0x00000296fcf5b9d0 JavaThread "Compiler Source File Reader" daemon [_thread_blocked, id=4740, stack(0x000000c3d1500000,0x000000c3d1600000) (1024K)]
  0x00000296fcf5e7c0 JavaThread "Compiler Source File Reader" daemon [_thread_blocked, id=12140, stack(0x000000c3d1600000,0x000000c3d1700000) (1024K)]
  0x00000296fcf5b340 JavaThread "Compiler Processing Task"   daemon [_thread_blocked, id=15420, stack(0x000000c3d1f00000,0x000000c3d2000000) (1024K)]
  0x00000296fcf5f4e0 JavaThread "Compiler Class File Writer" daemon [_thread_blocked, id=25816, stack(0x000000c3d2000000,0x000000c3d2100000) (1024K)]
  0x00000296fcf5a620 JavaThread "Compiler Class File Writer" daemon [_thread_blocked, id=10788, stack(0x000000c3d2100000,0x000000c3d2200000) (1024K)]
  0x00000296fcf58be0 JavaThread "Compiler Class File Writer" daemon [_thread_blocked, id=22176, stack(0x000000c3d2200000,0x000000c3d2300000) (1024K)]
  0x00000296fcf5e130 JavaThread "Compiler Class File Writer" daemon [_thread_blocked, id=18668, stack(0x000000c3d2300000,0x000000c3d2400000) (1024K)]
  0x00000296fcf58550 JavaThread "Compiler Class File Writer" daemon [_thread_blocked, id=20656, stack(0x000000c3d2400000,0x000000c3d2500000) (1024K)]
  0x00000296fcf5fb70 JavaThread "Compiler Class File Writer" daemon [_thread_blocked, id=13676, stack(0x000000c3d2500000,0x000000c3d2600000) (1024K)]
  0x00000296b5864740 JavaThread "C2 CompilerThread1"         daemon [_thread_in_native, id=7344, stack(0x000000c3ccf00000,0x000000c3cd000000) (1024K)]
=>0x00000296b5862c00 JavaThread "C2 CompilerThread2"         daemon [_thread_in_native, id=23972, stack(0x000000c3cd000000,0x000000c3cd100000) (1024K)]
Total: 68

Other Threads:
  0x00000296a87c9b50 VMThread "VM Thread"                           [id=24444, stack(0x000000c3cd800000,0x000000c3cd900000) (1024K)]
  0x00000296a87b8800 WatcherThread "VM Periodic Task Thread"        [id=6052, stack(0x000000c3cd700000,0x000000c3cd800000) (1024K)]
  0x00000296a8652740 WorkerThread "GC Thread#0"                     [id=21748, stack(0x000000c3cd200000,0x000000c3cd300000) (1024K)]
  0x00000296b5555640 WorkerThread "GC Thread#1"                     [id=23828, stack(0x000000c3ce500000,0x000000c3ce600000) (1024K)]
  0x00000296fb040420 WorkerThread "GC Thread#2"                     [id=21784, stack(0x000000c3ce600000,0x000000c3ce700000) (1024K)]
  0x00000296fb0407c0 WorkerThread "GC Thread#3"                     [id=12584, stack(0x000000c3ce700000,0x000000c3ce800000) (1024K)]
  0x00000296fb040b60 WorkerThread "GC Thread#4"                     [id=22620, stack(0x000000c3ce800000,0x000000c3ce900000) (1024K)]
  0x00000296fb040f00 WorkerThread "GC Thread#5"                     [id=13440, stack(0x000000c3ce900000,0x000000c3cea00000) (1024K)]
  0x00000296fb0dd530 WorkerThread "GC Thread#6"                     [id=25888, stack(0x000000c3ceb00000,0x000000c3cec00000) (1024K)]
  0x00000296fb0dd8d0 WorkerThread "GC Thread#7"                     [id=1956, stack(0x000000c3cec00000,0x000000c3ced00000) (1024K)]
  0x0000029696162700 ConcurrentGCThread "G1 Main Marker"            [id=9720, stack(0x000000c3cd300000,0x000000c3cd400000) (1024K)]
  0x0000029696163110 WorkerThread "G1 Conc#0"                       [id=16612, stack(0x000000c3cd400000,0x000000c3cd500000) (1024K)]
  0x00000296fb7bf640 WorkerThread "G1 Conc#1"                       [id=14732, stack(0x000000c3cf700000,0x000000c3cf800000) (1024K)]
  0x00000296a8685900 ConcurrentGCThread "G1 Refine#0"               [id=7220, stack(0x000000c3cd500000,0x000000c3cd600000) (1024K)]
  0x00000296a8688290 ConcurrentGCThread "G1 Service"                [id=9676, stack(0x000000c3cd600000,0x000000c3cd700000) (1024K)]
Total: 15

Threads with active compile tasks:
C2 CompilerThread0  58044 18838       4       lombok.eclipse.handlers.HandleFieldDefaults::visitType (428 bytes)
C2 CompilerThread1  58044 18837       4       java.lang.invoke.LambdaForm$MH/0x00000296b76c5000::invoke (66 bytes)
C2 CompilerThread2  58044 18564   !   4       lombok.eclipse.agent.PatchExtensionMethod::resolveType (870 bytes)
Total: 3

VM state: not at safepoint (normal execution)

VM Mutex/Monitor currently owned by a thread: None

Heap address: 0x0000000600000000, size: 8192 MB, Compressed Oops mode: Zero based, Oop shift amount: 3

CDS archive(s) mapped at: [0x00000296b6000000-0x00000296b6ba0000-0x00000296b6ba0000), size 12189696, SharedBaseAddress: 0x00000296b6000000, ArchiveRelocationMode: 1.
Compressed class space mapped at: 0x00000296b7000000-0x00000296f7000000, reserved size: 1073741824
Narrow klass base: 0x00000296b6000000, Narrow klass shift: 0, Narrow klass range: 0x100000000

GC Precious Log:
 CardTable entry size: 512
 Card Set container configuration: InlinePtr #cards 4 size 8 Array Of Cards #cards 32 size 80 Howl #buckets 8 coarsen threshold 7372 Howl Bitmap #cards 1024 size 144 coarsen threshold 921 Card regions per heap region 1 cards per card region 8192
 CPUs: 8 total, 8 available
 Memory: 16283M
 Large Page Support: Disabled
 NUMA Support: Disabled
 Compressed Oops: Enabled (Zero based)
 Heap Region Size: 4M
 Heap Min Capacity: 100M
 Heap Initial Capacity: 100M
 Heap Max Capacity: 8G
 Pre-touch: Disabled
 Parallel Workers: 8
 Concurrent Workers: 2
 Concurrent Refinement Workers: 8
 Periodic GC: Disabled

Heap:
 garbage-first heap   total 811008K, used 476767K [0x0000000600000000, 0x0000000800000000)
  region size 4096K, 38 young (155648K), 6 survivors (24576K)
 Metaspace       used 72234K, committed 74048K, reserved 1179648K
  class space    used 6980K, committed 7808K, reserved 1048576K

Heap Regions: E=young(eden), S=young(survivor), O=old, HS=humongous(starts), HC=humongous(continues), CS=collection set, F=free, TAMS=top-at-mark-start, PB=parsable bottom
|   0|0x0000000600000000, 0x0000000600400000, 0x0000000600400000|100%| O|  |TAMS 0x0000000600000000| PB 0x0000000600000000| Untracked 
|   1|0x0000000600400000, 0x0000000600800000, 0x0000000600800000|100%| O|  |TAMS 0x0000000600400000| PB 0x0000000600400000| Untracked 
|   2|0x0000000600800000, 0x0000000600c00000, 0x0000000600c00000|100%| O|  |TAMS 0x0000000600800000| PB 0x0000000600800000| Untracked 
|   3|0x0000000600c00000, 0x0000000601000000, 0x0000000601000000|100%| O|Cm|TAMS 0x0000000600c00000| PB 0x0000000600c00000| Complete 
|   4|0x0000000601000000, 0x0000000601400000, 0x0000000601400000|100%| O|  |TAMS 0x0000000601000000| PB 0x0000000601000000| Untracked 
|   5|0x0000000601400000, 0x0000000601800000, 0x0000000601800000|100%| O|  |TAMS 0x0000000601400000| PB 0x0000000601400000| Untracked 
|   6|0x0000000601800000, 0x0000000601c00000, 0x0000000601c00000|100%| O|  |TAMS 0x0000000601800000| PB 0x0000000601800000| Untracked 
|   7|0x0000000601c00000, 0x0000000602000000, 0x0000000602000000|100%| O|  |TAMS 0x0000000601c00000| PB 0x0000000601c00000| Untracked 
|   8|0x0000000602000000, 0x0000000602400000, 0x0000000602400000|100%| O|  |TAMS 0x0000000602000000| PB 0x0000000602000000| Untracked 
|   9|0x0000000602400000, 0x0000000602800000, 0x0000000602800000|100%| O|  |TAMS 0x0000000602400000| PB 0x0000000602400000| Untracked 
|  10|0x0000000602800000, 0x0000000602c00000, 0x0000000602c00000|100%| O|  |TAMS 0x0000000602800000| PB 0x0000000602800000| Untracked 
|  11|0x0000000602c00000, 0x0000000603000000, 0x0000000603000000|100%| O|Cm|TAMS 0x0000000602c00000| PB 0x0000000602c00000| Complete 
|  12|0x0000000603000000, 0x0000000603400000, 0x0000000603400000|100%| O|Cm|TAMS 0x0000000603000000| PB 0x0000000603000000| Complete 
|  13|0x0000000603400000, 0x0000000603800000, 0x0000000603800000|100%| O|  |TAMS 0x0000000603400000| PB 0x0000000603400000| Untracked 
|  14|0x0000000603800000, 0x0000000603c00000, 0x0000000603c00000|100%| O|Cm|TAMS 0x0000000603800000| PB 0x0000000603800000| Complete 
|  15|0x0000000603c00000, 0x0000000604000000, 0x0000000604000000|100%| O|  |TAMS 0x0000000603c00000| PB 0x0000000603c00000| Untracked 
|  16|0x0000000604000000, 0x0000000604400000, 0x0000000604400000|100%| O|  |TAMS 0x0000000604000000| PB 0x0000000604000000| Untracked 
|  17|0x0000000604400000, 0x0000000604800000, 0x0000000604800000|100%| O|  |TAMS 0x0000000604400000| PB 0x0000000604400000| Untracked 
|  18|0x0000000604800000, 0x0000000604c00000, 0x0000000604c00000|100%| O|  |TAMS 0x0000000604800000| PB 0x0000000604800000| Untracked 
|  19|0x0000000604c00000, 0x0000000605000000, 0x0000000605000000|100%| O|  |TAMS 0x0000000604c00000| PB 0x0000000604c00000| Untracked 
|  20|0x0000000605000000, 0x0000000605400000, 0x0000000605400000|100%| O|Cm|TAMS 0x0000000605000000| PB 0x0000000605000000| Complete 
|  21|0x0000000605400000, 0x0000000605800000, 0x0000000605800000|100%| O|  |TAMS 0x0000000605400000| PB 0x0000000605400000| Untracked 
|  22|0x0000000605800000, 0x0000000605c00000, 0x0000000605c00000|100%| O|Cm|TAMS 0x0000000605800000| PB 0x0000000605800000| Complete 
|  23|0x0000000605c00000, 0x0000000606000000, 0x0000000606000000|100%| O|Cm|TAMS 0x0000000605c00000| PB 0x0000000605c00000| Complete 
|  24|0x0000000606000000, 0x0000000606400000, 0x0000000606400000|100%| O|Cm|TAMS 0x0000000606000000| PB 0x0000000606000000| Complete 
|  25|0x0000000606400000, 0x0000000606800000, 0x0000000606800000|100%| O|  |TAMS 0x0000000606400000| PB 0x0000000606400000| Untracked 
|  26|0x0000000606800000, 0x0000000606c00000, 0x0000000606c00000|100%| O|Cm|TAMS 0x0000000606800000| PB 0x0000000606800000| Complete 
|  27|0x0000000606c00000, 0x0000000607000000, 0x0000000607000000|100%| O|Cm|TAMS 0x0000000606c00000| PB 0x0000000606c00000| Complete 
|  28|0x0000000607000000, 0x0000000607400000, 0x0000000607400000|100%| O|  |TAMS 0x0000000607000000| PB 0x0000000607000000| Untracked 
|  29|0x0000000607400000, 0x0000000607800000, 0x0000000607800000|100%| O|Cm|TAMS 0x0000000607400000| PB 0x0000000607400000| Complete 
|  30|0x0000000607800000, 0x0000000607c00000, 0x0000000607c00000|100%| O|Cm|TAMS 0x0000000607800000| PB 0x0000000607800000| Complete 
|  31|0x0000000607c00000, 0x0000000608000000, 0x0000000608000000|100%| O|  |TAMS 0x0000000607c00000| PB 0x0000000607c00000| Untracked 
|  32|0x0000000608000000, 0x0000000608400000, 0x0000000608400000|100%| O|Cm|TAMS 0x0000000608000000| PB 0x0000000608000000| Complete 
|  33|0x0000000608400000, 0x0000000608800000, 0x0000000608800000|100%| O|Cm|TAMS 0x0000000608400000| PB 0x0000000608400000| Complete 
|  34|0x0000000608800000, 0x0000000608c00000, 0x0000000608c00000|100%| O|  |TAMS 0x0000000608800000| PB 0x0000000608800000| Untracked 
|  35|0x0000000608c00000, 0x0000000609000000, 0x0000000609000000|100%| O|Cm|TAMS 0x0000000608c00000| PB 0x0000000608c00000| Complete 
|  36|0x0000000609000000, 0x0000000609400000, 0x0000000609400000|100%| O|Cm|TAMS 0x0000000609000000| PB 0x0000000609000000| Complete 
|  37|0x0000000609400000, 0x0000000609800000, 0x0000000609800000|100%| O|Cm|TAMS 0x0000000609400000| PB 0x0000000609400000| Complete 
|  38|0x0000000609800000, 0x0000000609c00000, 0x0000000609c00000|100%| O|Cm|TAMS 0x0000000609800000| PB 0x0000000609800000| Complete 
|  39|0x0000000609c00000, 0x000000060a000000, 0x000000060a000000|100%| O|  |TAMS 0x0000000609c00000| PB 0x0000000609c00000| Untracked 
|  40|0x000000060a000000, 0x000000060a400000, 0x000000060a400000|100%| O|  |TAMS 0x000000060a000000| PB 0x000000060a000000| Untracked 
|  41|0x000000060a400000, 0x000000060a800000, 0x000000060a800000|100%| O|  |TAMS 0x000000060a400000| PB 0x000000060a400000| Untracked 
|  42|0x000000060a800000, 0x000000060ac00000, 0x000000060ac00000|100%| O|Cm|TAMS 0x000000060a800000| PB 0x000000060a800000| Complete 
|  43|0x000000060ac00000, 0x000000060ac00000, 0x000000060b000000|  0%| F|  |TAMS 0x000000060ac00000| PB 0x000000060ac00000| Untracked 
|  44|0x000000060b000000, 0x000000060b400000, 0x000000060b400000|100%| O|Cm|TAMS 0x000000060b000000| PB 0x000000060b000000| Complete 
|  45|0x000000060b400000, 0x000000060b800000, 0x000000060b800000|100%| O|Cm|TAMS 0x000000060b400000| PB 0x000000060b400000| Complete 
|  46|0x000000060b800000, 0x000000060bc00000, 0x000000060bc00000|100%| O|  |TAMS 0x000000060b800000| PB 0x000000060b800000| Untracked 
|  47|0x000000060bc00000, 0x000000060c000000, 0x000000060c000000|100%| O|Cm|TAMS 0x000000060bc00000| PB 0x000000060bc00000| Complete 
|  48|0x000000060c000000, 0x000000060c400000, 0x000000060c400000|100%| O|Cm|TAMS 0x000000060c000000| PB 0x000000060c000000| Complete 
|  49|0x000000060c400000, 0x000000060c800000, 0x000000060c800000|100%| O|Cm|TAMS 0x000000060c400000| PB 0x000000060c400000| Complete 
|  50|0x000000060c800000, 0x000000060cc00000, 0x000000060cc00000|100%| O|Cm|TAMS 0x000000060c800000| PB 0x000000060c800000| Complete 
|  51|0x000000060cc00000, 0x000000060d000000, 0x000000060d000000|100%| O|Cm|TAMS 0x000000060cc00000| PB 0x000000060cc00000| Complete 
|  52|0x000000060d000000, 0x000000060d400000, 0x000000060d400000|100%| O|Cm|TAMS 0x000000060d000000| PB 0x000000060d000000| Complete 
|  53|0x000000060d400000, 0x000000060d800000, 0x000000060d800000|100%| O|  |TAMS 0x000000060d400000| PB 0x000000060d400000| Untracked 
|  54|0x000000060d800000, 0x000000060dc00000, 0x000000060dc00000|100%| O|Cm|TAMS 0x000000060d800000| PB 0x000000060d800000| Complete 
|  55|0x000000060dc00000, 0x000000060e000000, 0x000000060e000000|100%| O|Cm|TAMS 0x000000060dc00000| PB 0x000000060dc00000| Complete 
|  56|0x000000060e000000, 0x000000060e400000, 0x000000060e400000|100%| O|  |TAMS 0x000000060e000000| PB 0x000000060e000000| Untracked 
|  57|0x000000060e400000, 0x000000060e800000, 0x000000060e800000|100%| O|Cm|TAMS 0x000000060e400000| PB 0x000000060e400000| Complete 
|  58|0x000000060e800000, 0x000000060ec00000, 0x000000060ec00000|100%| O|  |TAMS 0x000000060e800000| PB 0x000000060e800000| Untracked 
|  59|0x000000060ec00000, 0x000000060f000000, 0x000000060f000000|100%| O|Cm|TAMS 0x000000060ec00000| PB 0x000000060ec00000| Complete 
|  60|0x000000060f000000, 0x000000060f400000, 0x000000060f400000|100%| O|  |TAMS 0x000000060f000000| PB 0x000000060f000000| Untracked 
|  61|0x000000060f400000, 0x000000060f800000, 0x000000060f800000|100%| O|Cm|TAMS 0x000000060f400000| PB 0x000000060f400000| Complete 
|  62|0x000000060f800000, 0x000000060fc00000, 0x000000060fc00000|100%| O|Cm|TAMS 0x000000060f800000| PB 0x000000060f800000| Complete 
|  63|0x000000060fc00000, 0x0000000610000000, 0x0000000610000000|100%| O|Cm|TAMS 0x000000060fc00000| PB 0x000000060fc00000| Complete 
|  64|0x0000000610000000, 0x0000000610400000, 0x0000000610400000|100%| O|Cm|TAMS 0x0000000610000000| PB 0x0000000610000000| Complete 
|  65|0x0000000610400000, 0x0000000610800000, 0x0000000610800000|100%| O|  |TAMS 0x0000000610400000| PB 0x0000000610400000| Untracked 
|  66|0x0000000610800000, 0x0000000610c00000, 0x0000000610c00000|100%| O|  |TAMS 0x0000000610800000| PB 0x0000000610800000| Untracked 
|  67|0x0000000610c00000, 0x0000000611000000, 0x0000000611000000|100%| O|Cm|TAMS 0x0000000610c00000| PB 0x0000000610c00000| Complete 
|  68|0x0000000611000000, 0x0000000611400000, 0x0000000611400000|100%| O|Cm|TAMS 0x0000000611000000| PB 0x0000000611000000| Complete 
|  69|0x0000000611400000, 0x0000000611800000, 0x0000000611800000|100%| O|Cm|TAMS 0x0000000611400000| PB 0x0000000611400000| Complete 
|  70|0x0000000611800000, 0x0000000611c00000, 0x0000000611c00000|100%| O|  |TAMS 0x0000000611800000| PB 0x0000000611800000| Untracked 
|  71|0x0000000611c00000, 0x0000000612000000, 0x0000000612000000|100%| O|  |TAMS 0x0000000611c00000| PB 0x0000000611c00000| Untracked 
|  72|0x0000000612000000, 0x0000000612400000, 0x0000000612400000|100%| O|Cm|TAMS 0x0000000612000000| PB 0x0000000612000000| Complete 
|  73|0x0000000612400000, 0x0000000612800000, 0x0000000612800000|100%| O|  |TAMS 0x0000000612400000| PB 0x0000000612400000| Untracked 
|  74|0x0000000612800000, 0x0000000612c00000, 0x0000000612c00000|100%| O|  |TAMS 0x0000000612800000| PB 0x0000000612800000| Untracked 
|  75|0x0000000612c00000, 0x0000000613000000, 0x0000000613000000|100%| O|  |TAMS 0x0000000612c00000| PB 0x0000000612c00000| Untracked 
|  76|0x0000000613000000, 0x0000000613400000, 0x0000000613400000|100%| O|  |TAMS 0x0000000613000000| PB 0x0000000613000000| Untracked 
|  77|0x0000000613400000, 0x0000000613800000, 0x0000000613800000|100%| O|Cm|TAMS 0x0000000613400000| PB 0x0000000613400000| Complete 
|  78|0x0000000613800000, 0x0000000613c00000, 0x0000000613c00000|100%| O|Cm|TAMS 0x0000000613800000| PB 0x0000000613800000| Complete 
|  79|0x0000000613c00000, 0x0000000613f169b0, 0x0000000614000000| 77%| O|  |TAMS 0x0000000613c00000| PB 0x0000000613c00000| Untracked 
|  80|0x0000000614000000, 0x0000000614000000, 0x0000000614400000|  0%| F|  |TAMS 0x0000000614000000| PB 0x0000000614000000| Untracked 
|  81|0x0000000614400000, 0x0000000614400000, 0x0000000614800000|  0%| F|  |TAMS 0x0000000614400000| PB 0x0000000614400000| Untracked 
|  82|0x0000000614800000, 0x0000000614800000, 0x0000000614c00000|  0%| F|  |TAMS 0x0000000614800000| PB 0x0000000614800000| Untracked 
|  83|0x0000000614c00000, 0x0000000614c00000, 0x0000000615000000|  0%| F|  |TAMS 0x0000000614c00000| PB 0x0000000614c00000| Untracked 
|  84|0x0000000615000000, 0x0000000615000000, 0x0000000615400000|  0%| F|  |TAMS 0x0000000615000000| PB 0x0000000615000000| Untracked 
|  85|0x0000000615400000, 0x0000000615400000, 0x0000000615800000|  0%| F|  |TAMS 0x0000000615400000| PB 0x0000000615400000| Untracked 
|  86|0x0000000615800000, 0x0000000615800000, 0x0000000615c00000|  0%| F|  |TAMS 0x0000000615800000| PB 0x0000000615800000| Untracked 
|  87|0x0000000615c00000, 0x0000000615c00000, 0x0000000616000000|  0%| F|  |TAMS 0x0000000615c00000| PB 0x0000000615c00000| Untracked 
|  88|0x0000000616000000, 0x0000000616000000, 0x0000000616400000|  0%| F|  |TAMS 0x0000000616000000| PB 0x0000000616000000| Untracked 
|  89|0x0000000616400000, 0x0000000616400000, 0x0000000616800000|  0%| F|  |TAMS 0x0000000616400000| PB 0x0000000616400000| Untracked 
|  90|0x0000000616800000, 0x0000000616800000, 0x0000000616c00000|  0%| F|  |TAMS 0x0000000616800000| PB 0x0000000616800000| Untracked 
|  91|0x0000000616c00000, 0x0000000616c00000, 0x0000000617000000|  0%| F|  |TAMS 0x0000000616c00000| PB 0x0000000616c00000| Untracked 
|  92|0x0000000617000000, 0x00000006172814f0, 0x0000000617400000| 62%| S|CS|TAMS 0x0000000617000000| PB 0x0000000617000000| Complete 
|  93|0x0000000617400000, 0x0000000617800000, 0x0000000617800000|100%| S|CS|TAMS 0x0000000617400000| PB 0x0000000617400000| Complete 
|  94|0x0000000617800000, 0x0000000617c00000, 0x0000000617c00000|100%| S|CS|TAMS 0x0000000617800000| PB 0x0000000617800000| Complete 
|  95|0x0000000617c00000, 0x0000000618000000, 0x0000000618000000|100%| S|CS|TAMS 0x0000000617c00000| PB 0x0000000617c00000| Complete 
|  96|0x0000000618000000, 0x0000000618400000, 0x0000000618400000|100%| S|CS|TAMS 0x0000000618000000| PB 0x0000000618000000| Complete 
|  97|0x0000000618400000, 0x0000000618800000, 0x0000000618800000|100%| S|CS|TAMS 0x0000000618400000| PB 0x0000000618400000| Complete 
|  98|0x0000000618800000, 0x0000000618800000, 0x0000000618c00000|  0%| F|  |TAMS 0x0000000618800000| PB 0x0000000618800000| Untracked 
|  99|0x0000000618c00000, 0x0000000618c00000, 0x0000000619000000|  0%| F|  |TAMS 0x0000000618c00000| PB 0x0000000618c00000| Untracked 
| 100|0x0000000619000000, 0x0000000619000000, 0x0000000619400000|  0%| F|  |TAMS 0x0000000619000000| PB 0x0000000619000000| Untracked 
| 101|0x0000000619400000, 0x0000000619400000, 0x0000000619800000|  0%| F|  |TAMS 0x0000000619400000| PB 0x0000000619400000| Untracked 
| 102|0x0000000619800000, 0x0000000619800000, 0x0000000619c00000|  0%| F|  |TAMS 0x0000000619800000| PB 0x0000000619800000| Untracked 
| 103|0x0000000619c00000, 0x0000000619c00000, 0x000000061a000000|  0%| F|  |TAMS 0x0000000619c00000| PB 0x0000000619c00000| Untracked 
| 104|0x000000061a000000, 0x000000061a000000, 0x000000061a400000|  0%| F|  |TAMS 0x000000061a000000| PB 0x000000061a000000| Untracked 
| 105|0x000000061a400000, 0x000000061a400000, 0x000000061a800000|  0%| F|  |TAMS 0x000000061a400000| PB 0x000000061a400000| Untracked 
| 106|0x000000061a800000, 0x000000061a800000, 0x000000061ac00000|  0%| F|  |TAMS 0x000000061a800000| PB 0x000000061a800000| Untracked 
| 107|0x000000061ac00000, 0x000000061ac00000, 0x000000061b000000|  0%| F|  |TAMS 0x000000061ac00000| PB 0x000000061ac00000| Untracked 
| 108|0x000000061b000000, 0x000000061b000000, 0x000000061b400000|  0%| F|  |TAMS 0x000000061b000000| PB 0x000000061b000000| Untracked 
| 109|0x000000061b400000, 0x000000061b400000, 0x000000061b800000|  0%| F|  |TAMS 0x000000061b400000| PB 0x000000061b400000| Untracked 
| 110|0x000000061b800000, 0x000000061b800000, 0x000000061bc00000|  0%| F|  |TAMS 0x000000061b800000| PB 0x000000061b800000| Untracked 
| 111|0x000000061bc00000, 0x000000061bc00000, 0x000000061c000000|  0%| F|  |TAMS 0x000000061bc00000| PB 0x000000061bc00000| Untracked 
| 112|0x000000061c000000, 0x000000061c000000, 0x000000061c400000|  0%| F|  |TAMS 0x000000061c000000| PB 0x000000061c000000| Untracked 
| 113|0x000000061c400000, 0x000000061c400000, 0x000000061c800000|  0%| F|  |TAMS 0x000000061c400000| PB 0x000000061c400000| Untracked 
| 114|0x000000061c800000, 0x000000061c800000, 0x000000061cc00000|  0%| F|  |TAMS 0x000000061c800000| PB 0x000000061c800000| Untracked 
| 115|0x000000061cc00000, 0x000000061cc00000, 0x000000061d000000|  0%| F|  |TAMS 0x000000061cc00000| PB 0x000000061cc00000| Untracked 
| 116|0x000000061d000000, 0x000000061d000000, 0x000000061d400000|  0%| F|  |TAMS 0x000000061d000000| PB 0x000000061d000000| Untracked 
| 117|0x000000061d400000, 0x000000061d400000, 0x000000061d800000|  0%| F|  |TAMS 0x000000061d400000| PB 0x000000061d400000| Untracked 
| 118|0x000000061d800000, 0x000000061d800000, 0x000000061dc00000|  0%| F|  |TAMS 0x000000061d800000| PB 0x000000061d800000| Untracked 
| 119|0x000000061dc00000, 0x000000061dc00000, 0x000000061e000000|  0%| F|  |TAMS 0x000000061dc00000| PB 0x000000061dc00000| Untracked 
| 120|0x000000061e000000, 0x000000061e000000, 0x000000061e400000|  0%| F|  |TAMS 0x000000061e000000| PB 0x000000061e000000| Untracked 
| 121|0x000000061e400000, 0x000000061e400000, 0x000000061e800000|  0%| F|  |TAMS 0x000000061e400000| PB 0x000000061e400000| Untracked 
| 122|0x000000061e800000, 0x000000061e800000, 0x000000061ec00000|  0%| F|  |TAMS 0x000000061e800000| PB 0x000000061e800000| Untracked 
| 123|0x000000061ec00000, 0x000000061ec00000, 0x000000061f000000|  0%| F|  |TAMS 0x000000061ec00000| PB 0x000000061ec00000| Untracked 
| 124|0x000000061f000000, 0x000000061f000000, 0x000000061f400000|  0%| F|  |TAMS 0x000000061f000000| PB 0x000000061f000000| Untracked 
| 125|0x000000061f400000, 0x000000061f400000, 0x000000061f800000|  0%| F|  |TAMS 0x000000061f400000| PB 0x000000061f400000| Untracked 
| 126|0x000000061f800000, 0x000000061f800000, 0x000000061fc00000|  0%| F|  |TAMS 0x000000061f800000| PB 0x000000061f800000| Untracked 
| 127|0x000000061fc00000, 0x000000061fc00000, 0x0000000620000000|  0%| F|  |TAMS 0x000000061fc00000| PB 0x000000061fc00000| Untracked 
| 128|0x0000000620000000, 0x0000000620000000, 0x0000000620400000|  0%| F|  |TAMS 0x0000000620000000| PB 0x0000000620000000| Untracked 
| 129|0x0000000620400000, 0x0000000620400000, 0x0000000620800000|  0%| F|  |TAMS 0x0000000620400000| PB 0x0000000620400000| Untracked 
| 130|0x0000000620800000, 0x0000000620800000, 0x0000000620c00000|  0%| F|  |TAMS 0x0000000620800000| PB 0x0000000620800000| Untracked 
| 131|0x0000000620c00000, 0x0000000620c00000, 0x0000000621000000|  0%| F|  |TAMS 0x0000000620c00000| PB 0x0000000620c00000| Untracked 
| 132|0x0000000621000000, 0x0000000621000000, 0x0000000621400000|  0%| F|  |TAMS 0x0000000621000000| PB 0x0000000621000000| Untracked 
| 133|0x0000000621400000, 0x0000000621400000, 0x0000000621800000|  0%| F|  |TAMS 0x0000000621400000| PB 0x0000000621400000| Untracked 
| 134|0x0000000621800000, 0x0000000621800000, 0x0000000621c00000|  0%| F|  |TAMS 0x0000000621800000| PB 0x0000000621800000| Untracked 
| 135|0x0000000621c00000, 0x0000000621c00000, 0x0000000622000000|  0%| F|  |TAMS 0x0000000621c00000| PB 0x0000000621c00000| Untracked 
| 136|0x0000000622000000, 0x0000000622000000, 0x0000000622400000|  0%| F|  |TAMS 0x0000000622000000| PB 0x0000000622000000| Untracked 
| 137|0x0000000622400000, 0x0000000622400000, 0x0000000622800000|  0%| F|  |TAMS 0x0000000622400000| PB 0x0000000622400000| Untracked 
| 138|0x0000000622800000, 0x0000000622800000, 0x0000000622c00000|  0%| F|  |TAMS 0x0000000622800000| PB 0x0000000622800000| Untracked 
| 139|0x0000000622c00000, 0x0000000622c00000, 0x0000000623000000|  0%| F|  |TAMS 0x0000000622c00000| PB 0x0000000622c00000| Untracked 
| 140|0x0000000623000000, 0x0000000623000000, 0x0000000623400000|  0%| F|  |TAMS 0x0000000623000000| PB 0x0000000623000000| Untracked 
| 141|0x0000000623400000, 0x0000000623400000, 0x0000000623800000|  0%| F|  |TAMS 0x0000000623400000| PB 0x0000000623400000| Untracked 
| 142|0x0000000623800000, 0x0000000623800000, 0x0000000623c00000|  0%| F|  |TAMS 0x0000000623800000| PB 0x0000000623800000| Untracked 
| 143|0x0000000623c00000, 0x0000000623c00000, 0x0000000624000000|  0%| F|  |TAMS 0x0000000623c00000| PB 0x0000000623c00000| Untracked 
| 144|0x0000000624000000, 0x0000000624000000, 0x0000000624400000|  0%| F|  |TAMS 0x0000000624000000| PB 0x0000000624000000| Untracked 
| 145|0x0000000624400000, 0x0000000624400000, 0x0000000624800000|  0%| F|  |TAMS 0x0000000624400000| PB 0x0000000624400000| Untracked 
| 146|0x0000000624800000, 0x0000000624800000, 0x0000000624c00000|  0%| F|  |TAMS 0x0000000624800000| PB 0x0000000624800000| Untracked 
| 147|0x0000000624c00000, 0x0000000624c00000, 0x0000000625000000|  0%| F|  |TAMS 0x0000000624c00000| PB 0x0000000624c00000| Untracked 
| 148|0x0000000625000000, 0x0000000625000000, 0x0000000625400000|  0%| F|  |TAMS 0x0000000625000000| PB 0x0000000625000000| Untracked 
| 149|0x0000000625400000, 0x0000000625400000, 0x0000000625800000|  0%| F|  |TAMS 0x0000000625400000| PB 0x0000000625400000| Untracked 
| 150|0x0000000625800000, 0x0000000625800000, 0x0000000625c00000|  0%| F|  |TAMS 0x0000000625800000| PB 0x0000000625800000| Untracked 
| 151|0x0000000625c00000, 0x0000000625c00000, 0x0000000626000000|  0%| F|  |TAMS 0x0000000625c00000| PB 0x0000000625c00000| Untracked 
| 152|0x0000000626000000, 0x0000000626000000, 0x0000000626400000|  0%| F|  |TAMS 0x0000000626000000| PB 0x0000000626000000| Untracked 
| 153|0x0000000626400000, 0x0000000626400000, 0x0000000626800000|  0%| F|  |TAMS 0x0000000626400000| PB 0x0000000626400000| Untracked 
| 154|0x0000000626800000, 0x0000000626800000, 0x0000000626c00000|  0%| F|  |TAMS 0x0000000626800000| PB 0x0000000626800000| Untracked 
| 155|0x0000000626c00000, 0x0000000626c00000, 0x0000000627000000|  0%| F|  |TAMS 0x0000000626c00000| PB 0x0000000626c00000| Untracked 
| 156|0x0000000627000000, 0x0000000627000000, 0x0000000627400000|  0%| F|  |TAMS 0x0000000627000000| PB 0x0000000627000000| Untracked 
| 157|0x0000000627400000, 0x0000000627400000, 0x0000000627800000|  0%| F|  |TAMS 0x0000000627400000| PB 0x0000000627400000| Untracked 
| 158|0x0000000627800000, 0x0000000627800000, 0x0000000627c00000|  0%| F|  |TAMS 0x0000000627800000| PB 0x0000000627800000| Untracked 
| 159|0x0000000627c00000, 0x0000000627c00000, 0x0000000628000000|  0%| F|  |TAMS 0x0000000627c00000| PB 0x0000000627c00000| Untracked 
| 160|0x0000000628000000, 0x0000000628000000, 0x0000000628400000|  0%| F|  |TAMS 0x0000000628000000| PB 0x0000000628000000| Untracked 
| 161|0x0000000628400000, 0x0000000628400000, 0x0000000628800000|  0%| F|  |TAMS 0x0000000628400000| PB 0x0000000628400000| Untracked 
| 162|0x0000000628800000, 0x0000000628800000, 0x0000000628c00000|  0%| F|  |TAMS 0x0000000628800000| PB 0x0000000628800000| Untracked 
| 163|0x0000000628c00000, 0x0000000628c00000, 0x0000000629000000|  0%| F|  |TAMS 0x0000000628c00000| PB 0x0000000628c00000| Untracked 
| 164|0x0000000629000000, 0x0000000629000000, 0x0000000629400000|  0%| F|  |TAMS 0x0000000629000000| PB 0x0000000629000000| Untracked 
| 165|0x0000000629400000, 0x00000006294e5cf8, 0x0000000629800000| 22%| E|  |TAMS 0x0000000629400000| PB 0x0000000629400000| Complete 
| 166|0x0000000629800000, 0x0000000629c00000, 0x0000000629c00000|100%| E|CS|TAMS 0x0000000629800000| PB 0x0000000629800000| Complete 
| 167|0x0000000629c00000, 0x000000062a000000, 0x000000062a000000|100%| E|CS|TAMS 0x0000000629c00000| PB 0x0000000629c00000| Complete 
| 168|0x000000062a000000, 0x000000062a400000, 0x000000062a400000|100%| E|CS|TAMS 0x000000062a000000| PB 0x000000062a000000| Complete 
| 169|0x000000062a400000, 0x000000062a800000, 0x000000062a800000|100%| E|CS|TAMS 0x000000062a400000| PB 0x000000062a400000| Complete 
| 170|0x000000062a800000, 0x000000062ac00000, 0x000000062ac00000|100%| E|CS|TAMS 0x000000062a800000| PB 0x000000062a800000| Complete 
| 171|0x000000062ac00000, 0x000000062b000000, 0x000000062b000000|100%| E|CS|TAMS 0x000000062ac00000| PB 0x000000062ac00000| Complete 
| 172|0x000000062b000000, 0x000000062b400000, 0x000000062b400000|100%| E|CS|TAMS 0x000000062b000000| PB 0x000000062b000000| Complete 
| 173|0x000000062b400000, 0x000000062b800000, 0x000000062b800000|100%| E|CS|TAMS 0x000000062b400000| PB 0x000000062b400000| Complete 
| 174|0x000000062b800000, 0x000000062bc00000, 0x000000062bc00000|100%| E|CS|TAMS 0x000000062b800000| PB 0x000000062b800000| Complete 
| 175|0x000000062bc00000, 0x000000062c000000, 0x000000062c000000|100%| E|CS|TAMS 0x000000062bc00000| PB 0x000000062bc00000| Complete 
| 176|0x000000062c000000, 0x000000062c400000, 0x000000062c400000|100%| E|CS|TAMS 0x000000062c000000| PB 0x000000062c000000| Complete 
| 177|0x000000062c400000, 0x000000062c800000, 0x000000062c800000|100%| E|CS|TAMS 0x000000062c400000| PB 0x000000062c400000| Complete 
| 178|0x000000062c800000, 0x000000062cc00000, 0x000000062cc00000|100%| E|CS|TAMS 0x000000062c800000| PB 0x000000062c800000| Complete 
| 179|0x000000062cc00000, 0x000000062d000000, 0x000000062d000000|100%| E|CS|TAMS 0x000000062cc00000| PB 0x000000062cc00000| Complete 
| 180|0x000000062d000000, 0x000000062d400000, 0x000000062d400000|100%| E|CS|TAMS 0x000000062d000000| PB 0x000000062d000000| Complete 
| 181|0x000000062d400000, 0x000000062d800000, 0x000000062d800000|100%| E|CS|TAMS 0x000000062d400000| PB 0x000000062d400000| Complete 
| 182|0x000000062d800000, 0x000000062dc00000, 0x000000062dc00000|100%| E|CS|TAMS 0x000000062d800000| PB 0x000000062d800000| Complete 
| 183|0x000000062dc00000, 0x000000062e000000, 0x000000062e000000|100%| E|CS|TAMS 0x000000062dc00000| PB 0x000000062dc00000| Complete 
| 184|0x000000062e000000, 0x000000062e400000, 0x000000062e400000|100%| E|CS|TAMS 0x000000062e000000| PB 0x000000062e000000| Complete 
| 185|0x000000062e400000, 0x000000062e800000, 0x000000062e800000|100%| E|CS|TAMS 0x000000062e400000| PB 0x000000062e400000| Complete 
| 186|0x000000062e800000, 0x000000062ec00000, 0x000000062ec00000|100%| E|CS|TAMS 0x000000062e800000| PB 0x000000062e800000| Complete 
| 187|0x000000062ec00000, 0x000000062f000000, 0x000000062f000000|100%| E|CS|TAMS 0x000000062ec00000| PB 0x000000062ec00000| Complete 
| 188|0x000000062f000000, 0x000000062f400000, 0x000000062f400000|100%| E|CS|TAMS 0x000000062f000000| PB 0x000000062f000000| Complete 
| 189|0x000000062f400000, 0x000000062f800000, 0x000000062f800000|100%| E|CS|TAMS 0x000000062f400000| PB 0x000000062f400000| Complete 
| 190|0x000000062f800000, 0x000000062fc00000, 0x000000062fc00000|100%| E|CS|TAMS 0x000000062f800000| PB 0x000000062f800000| Complete 
| 191|0x000000062fc00000, 0x0000000630000000, 0x0000000630000000|100%| E|CS|TAMS 0x000000062fc00000| PB 0x000000062fc00000| Complete 
| 192|0x0000000630000000, 0x0000000630400000, 0x0000000630400000|100%| E|CS|TAMS 0x0000000630000000| PB 0x0000000630000000| Complete 
| 193|0x0000000630400000, 0x0000000630800000, 0x0000000630800000|100%| E|CS|TAMS 0x0000000630400000| PB 0x0000000630400000| Complete 
| 194|0x0000000630800000, 0x0000000630c00000, 0x0000000630c00000|100%| E|CS|TAMS 0x0000000630800000| PB 0x0000000630800000| Complete 
| 195|0x0000000630c00000, 0x0000000631000000, 0x0000000631000000|100%| E|CS|TAMS 0x0000000630c00000| PB 0x0000000630c00000| Complete 
| 196|0x0000000631000000, 0x0000000631400000, 0x0000000631400000|100%| E|CS|TAMS 0x0000000631000000| PB 0x0000000631000000| Complete 
|2047|0x00000007ffc00000, 0x0000000800000000, 0x0000000800000000|100%| O|Cm|TAMS 0x00000007ffc00000| PB 0x00000007ffc00000| Complete 

Card table byte_map: [0x00000296a97d0000,0x00000296aa7d0000] _byte_map_base: 0x00000296a67d0000

Marking Bits: (CMBitMap*) 0x0000029696151050
 Bits: [0x00000296aa7d0000, 0x00000296b27d0000)

Polling page: 0x0000029695700000

Metaspace:

Usage:
  Non-class:     63.72 MB used.
      Class:      6.82 MB used.
       Both:     70.54 MB used.

Virtual space:
  Non-class space:      128.00 MB reserved,      64.69 MB ( 51%) committed,  2 nodes.
      Class space:        1.00 GB reserved,       7.62 MB ( <1%) committed,  1 nodes.
             Both:        1.12 GB reserved,      72.31 MB (  6%) committed. 

Chunk freelists:
   Non-Class:  15.22 MB
       Class:  8.37 MB
        Both:  23.58 MB

MaxMetaspaceSize: unlimited
CompressedClassSpaceSize: 1.00 GB
Initial GC threshold: 21.00 MB
Current GC threshold: 118.69 MB
CDS: on
 - commit_granule_bytes: 65536.
 - commit_granule_words: 8192.
 - virtual_space_node_default_size: 8388608.
 - enlarge_chunks_in_place: 1.
 - use_allocation_guard: 0.


Internal statistics:

num_allocs_failed_limit: 11.
num_arena_births: 1534.
num_arena_deaths: 22.
num_vsnodes_births: 3.
num_vsnodes_deaths: 0.
num_space_committed: 1161.
num_space_uncommitted: 3.
num_chunks_returned_to_freelist: 63.
num_chunks_taken_from_freelist: 5302.
num_chunk_merges: 26.
num_chunk_splits: 3132.
num_chunks_enlarged: 1629.
num_inconsistent_stats: 0.

CodeHeap 'non-profiled nmethods': size=120000Kb used=16228Kb max_used=16228Kb free=103771Kb
 bounds [0x00000296a0d70000, 0x00000296a1d50000, 0x00000296a82a0000]
CodeHeap 'profiled nmethods': size=120000Kb used=42236Kb max_used=42236Kb free=77763Kb
 bounds [0x00000296992a0000, 0x000002969bbe0000, 0x00000296a07d0000]
CodeHeap 'non-nmethods': size=5760Kb used=1735Kb max_used=1825Kb free=4024Kb
 bounds [0x00000296a07d0000, 0x00000296a0a40000, 0x00000296a0d70000]
 total_blobs=17257 nmethods=16498 adapters=660
 compilation: enabled
              stopped_count=0, restarted_count=0
 full_count=0

Compilation events (20 events):
Event: 57.896 Thread 0x00000296b50a1c10 18826       4       org.eclipse.jdt.internal.compiler.ast.SingleMemberAnnotation::memberValuePairs (51 bytes)
Event: 57.898 Thread 0x00000296b50b99a0 18828       3       org.eclipse.jface.text.AbstractDocument::<init> (127 bytes)
Event: 57.899 Thread 0x00000296b50b99a0 nmethod 18828 0x000002969bbd6e10 code [0x000002969bbd70a0, 0x000002969bbd7fd8]
Event: 57.906 Thread 0x00000296b5864740 nmethod 18824 0x00000296a1d40d10 code [0x00000296a1d40f20, 0x00000296a1d419a8]
Event: 57.907 Thread 0x00000296b5864740 18829       4       org.eclipse.jdt.internal.core.CompilationUnitStructureRequestor::addToChildren (43 bytes)
Event: 57.907 Thread 0x00000296b50b99a0 18830       3       org.eclipse.jdt.ls.core.internal.handlers.WorkspaceDiagnosticsHandler$$Lambda/0x00000296b768d1f8::<init> (15 bytes)
Event: 57.907 Thread 0x00000296b50b99a0 nmethod 18830 0x000002969bbd8410 code [0x000002969bbd85c0, 0x000002969bbd8798]
Event: 57.907 Thread 0x00000296b50b99a0 18831       3       org.eclipse.jdt.ls.core.internal.handlers.WorkspaceDiagnosticsHandler$$Lambda/0x00000296b768d670::get (8 bytes)
Event: 57.907 Thread 0x00000296b50a1c10 nmethod 18826 0x00000296a1d42010 code [0x00000296a1d421c0, 0x00000296a1d42800]
Event: 57.907 Thread 0x00000296b50b99a0 nmethod 18831 0x000002969bbd8890 code [0x000002969bbd8a60, 0x000002969bbd8db0]
Event: 57.915 Thread 0x00000296b50a1c10 18832       4       org.eclipse.jdt.internal.compiler.ast.MemberValuePair::<init> (50 bytes)
Event: 57.919 Thread 0x00000296b50a1c10 nmethod 18832 0x00000296a1d42990 code [0x00000296a1d42b20, 0x00000296a1d42e18]
Event: 57.919 Thread 0x00000296b50a1c10 18833       4       org.eclipse.jdt.internal.compiler.util.HashtableOfObjectToInt::put (104 bytes)
Event: 57.925 Thread 0x00000296b50a1c10 nmethod 18833 0x00000296a1d42f10 code [0x00000296a1d430e0, 0x00000296a1d435b0]
Event: 57.925 Thread 0x00000296b50a1c10 18834       4       java.util.LinkedList::indexOf (73 bytes)
Event: 57.926 Thread 0x00000296b50a1c10 nmethod 18834 0x00000296a1d43910 code [0x00000296a1d43aa0, 0x00000296a1d43b68]
Event: 57.931 Thread 0x00000296b50b99a0 18835       3       org.eclipse.jdt.internal.compiler.SourceElementNotifier::notifySourceElementRequestor (1138 bytes)
Event: 57.934 Thread 0x00000296b50b99a0 nmethod 18835 0x000002969bbd8f10 code [0x000002969bbd9580, 0x000002969bbdd5a0]
Event: 57.946 Thread 0x00000296b50a1c10 18836       4       org.eclipse.jdt.internal.core.CompilationUnitStructureRequestor::resolveDuplicates (151 bytes)
Event: 57.960 Thread 0x00000296b5864740 nmethod 18829 0x00000296a1d43c10 code [0x00000296a1d43ec0, 0x00000296a1d453a8]

GC Heap History (20 events):
Event: 20.217 GC heap before
{Heap before GC invocations=38 (full 0):
 garbage-first heap   total 405504K, used 305210K [0x0000000600000000, 0x0000000800000000)
  region size 4096K, 19 young (77824K), 3 survivors (12288K)
 Metaspace       used 59337K, committed 60736K, reserved 1114112K
  class space    used 6161K, committed 6784K, reserved 1048576K
}
Event: 20.231 GC heap after
{Heap after GC invocations=39 (full 0):
 garbage-first heap   total 405504K, used 254389K [0x0000000600000000, 0x0000000800000000)
  region size 4096K, 3 young (12288K), 3 survivors (12288K)
 Metaspace       used 59337K, committed 60736K, reserved 1114112K
  class space    used 6161K, committed 6784K, reserved 1048576K
}
Event: 20.731 GC heap before
{Heap before GC invocations=39 (full 0):
 garbage-first heap   total 405504K, used 348597K [0x0000000600000000, 0x0000000800000000)
  region size 4096K, 27 young (110592K), 3 survivors (12288K)
 Metaspace       used 61277K, committed 62784K, reserved 1114112K
  class space    used 6316K, committed 6976K, reserved 1048576K
}
Event: 20.743 GC heap after
{Heap after GC invocations=40 (full 0):
 garbage-first heap   total 405504K, used 261432K [0x0000000600000000, 0x0000000800000000)
  region size 4096K, 4 young (16384K), 4 survivors (16384K)
 Metaspace       used 61277K, committed 62784K, reserved 1114112K
  class space    used 6316K, committed 6976K, reserved 1048576K
}
Event: 21.203 GC heap before
{Heap before GC invocations=40 (full 0):
 garbage-first heap   total 405504K, used 351544K [0x0000000600000000, 0x0000000800000000)
  region size 4096K, 27 young (110592K), 4 survivors (16384K)
 Metaspace       used 61581K, committed 63104K, reserved 1114112K
  class space    used 6331K, committed 6976K, reserved 1048576K
}
Event: 21.218 GC heap after
{Heap after GC invocations=41 (full 0):
 garbage-first heap   total 811008K, used 283819K [0x0000000600000000, 0x0000000800000000)
  region size 4096K, 4 young (16384K), 4 survivors (16384K)
 Metaspace       used 61581K, committed 63104K, reserved 1114112K
  class space    used 6331K, committed 6976K, reserved 1048576K
}
Event: 25.771 GC heap before
{Heap before GC invocations=41 (full 0):
 garbage-first heap   total 811008K, used 640171K [0x0000000600000000, 0x0000000800000000)
  region size 4096K, 92 young (376832K), 4 survivors (16384K)
 Metaspace       used 66626K, committed 68160K, reserved 1114112K
  class space    used 6649K, committed 7296K, reserved 1048576K
}
Event: 25.806 GC heap after
{Heap after GC invocations=42 (full 0):
 garbage-first heap   total 811008K, used 329310K [0x0000000600000000, 0x0000000800000000)
  region size 4096K, 12 young (49152K), 12 survivors (49152K)
 Metaspace       used 66626K, committed 68160K, reserved 1114112K
  class space    used 6649K, committed 7296K, reserved 1048576K
}
Event: 28.391 GC heap before
{Heap before GC invocations=42 (full 0):
 garbage-first heap   total 811008K, used 636510K [0x0000000600000000, 0x0000000800000000)
  region size 4096K, 87 young (356352K), 12 survivors (49152K)
 Metaspace       used 67137K, committed 68736K, reserved 1114112K
  class space    used 6679K, committed 7360K, reserved 1048576K
}
Event: 28.411 GC heap after
{Heap after GC invocations=43 (full 0):
 garbage-first heap   total 811008K, used 339034K [0x0000000600000000, 0x0000000800000000)
  region size 4096K, 2 young (8192K), 2 survivors (8192K)
 Metaspace       used 67137K, committed 68736K, reserved 1114112K
  class space    used 6679K, committed 7360K, reserved 1048576K
}
Event: 30.046 GC heap before
{Heap before GC invocations=43 (full 0):
 garbage-first heap   total 811008K, used 674906K [0x0000000600000000, 0x0000000800000000)
  region size 4096K, 84 young (344064K), 2 survivors (8192K)
 Metaspace       used 67150K, committed 68736K, reserved 1114112K
  class space    used 6679K, committed 7360K, reserved 1048576K
}
Event: 30.049 GC heap after
{Heap after GC invocations=44 (full 0):
 garbage-first heap   total 811008K, used 334938K [0x0000000600000000, 0x0000000800000000)
  region size 4096K, 1 young (4096K), 1 survivors (4096K)
 Metaspace       used 67150K, committed 68736K, reserved 1114112K
  class space    used 6679K, committed 7360K, reserved 1048576K
}
Event: 32.657 GC heap before
{Heap before GC invocations=44 (full 0):
 garbage-first heap   total 811008K, used 703578K [0x0000000600000000, 0x0000000800000000)
  region size 4096K, 92 young (376832K), 1 survivors (4096K)
 Metaspace       used 68473K, committed 70080K, reserved 1114112K
  class space    used 6788K, committed 7488K, reserved 1048576K
}
Event: 32.670 GC heap after
{Heap after GC invocations=45 (full 0):
 garbage-first heap   total 811008K, used 347361K [0x0000000600000000, 0x0000000800000000)
  region size 4096K, 5 young (20480K), 5 survivors (20480K)
 Metaspace       used 68473K, committed 70080K, reserved 1114112K
  class space    used 6788K, committed 7488K, reserved 1048576K
}
Event: 43.399 GC heap before
{Heap before GC invocations=45 (full 0):
 garbage-first heap   total 811008K, used 711905K [0x0000000600000000, 0x0000000800000000)
  region size 4096K, 95 young (389120K), 5 survivors (20480K)
 Metaspace       used 70184K, committed 71872K, reserved 1114112K
  class space    used 6916K, committed 7680K, reserved 1048576K
}
Event: 43.414 GC heap after
{Heap after GC invocations=46 (full 0):
 garbage-first heap   total 811008K, used 353278K [0x0000000600000000, 0x0000000800000000)
  region size 4096K, 6 young (24576K), 6 survivors (24576K)
 Metaspace       used 70184K, committed 71872K, reserved 1114112K
  class space    used 6916K, committed 7680K, reserved 1048576K
}
Event: 50.577 GC heap before
{Heap before GC invocations=46 (full 0):
 garbage-first heap   total 811008K, used 508926K [0x0000000600000000, 0x0000000800000000)
  region size 4096K, 46 young (188416K), 6 survivors (24576K)
 Metaspace       used 71389K, committed 73152K, reserved 1179648K
  class space    used 6964K, committed 7744K, reserved 1048576K
}
Event: 50.592 GC heap after
{Heap after GC invocations=47 (full 0):
 garbage-first heap   total 811008K, used 356731K [0x0000000600000000, 0x0000000800000000)
  region size 4096K, 7 young (28672K), 7 survivors (28672K)
 Metaspace       used 71389K, committed 73152K, reserved 1179648K
  class space    used 6964K, committed 7744K, reserved 1048576K
}
Event: 56.918 GC heap before
{Heap before GC invocations=48 (full 0):
 garbage-first heap   total 811008K, used 725371K [0x0000000600000000, 0x0000000800000000)
  region size 4096K, 99 young (405504K), 7 survivors (28672K)
 Metaspace       used 72010K, committed 73792K, reserved 1179648K
  class space    used 6977K, committed 7808K, reserved 1048576K
}
Event: 56.935 GC heap after
{Heap after GC invocations=49 (full 0):
 garbage-first heap   total 811008K, used 349791K [0x0000000600000000, 0x0000000800000000)
  region size 4096K, 6 young (24576K), 6 survivors (24576K)
 Metaspace       used 72010K, committed 73792K, reserved 1179648K
  class space    used 6977K, committed 7808K, reserved 1048576K
}

Dll operation events (10 events):
Event: 0.030 Loaded shared library c:\Users\hyper\.vscode\extensions\redhat.java-1.42.2025041008-win32-x64\jre\21.0.6-win32-x86_64\bin\java.dll
Event: 0.123 Loaded shared library c:\Users\hyper\.vscode\extensions\redhat.java-1.42.2025041008-win32-x64\jre\21.0.6-win32-x86_64\bin\zip.dll
Event: 0.176 Loaded shared library C:\Users\hyper\.vscode\extensions\redhat.java-1.42.2025041008-win32-x64\jre\21.0.6-win32-x86_64\bin\instrument.dll
Event: 0.187 Loaded shared library C:\Users\hyper\.vscode\extensions\redhat.java-1.42.2025041008-win32-x64\jre\21.0.6-win32-x86_64\bin\net.dll
Event: 0.191 Loaded shared library C:\Users\hyper\.vscode\extensions\redhat.java-1.42.2025041008-win32-x64\jre\21.0.6-win32-x86_64\bin\nio.dll
Event: 0.196 Loaded shared library C:\Users\hyper\.vscode\extensions\redhat.java-1.42.2025041008-win32-x64\jre\21.0.6-win32-x86_64\bin\zip.dll
Event: 0.235 Loaded shared library C:\Users\hyper\.vscode\extensions\redhat.java-1.42.2025041008-win32-x64\jre\21.0.6-win32-x86_64\bin\jimage.dll
Event: 0.418 Loaded shared library c:\Users\hyper\.vscode\extensions\redhat.java-1.42.2025041008-win32-x64\jre\21.0.6-win32-x86_64\bin\verify.dll
Event: 2.273 Loaded shared library C:\Users\hyper\AppData\Roaming\Code\User\globalStorage\redhat.java\1.42.2025041008\config_win\org.eclipse.equinox.launcher\org.eclipse.equinox.launcher.win32.win32.x86_64_1.2.1300.v20250331-1702\eclipse_11911.dll
Event: 4.104 Loaded shared library C:\Users\hyper\AppData\Local\Temp\jna-99761772\jna1677537122645480721.dll

Deoptimization events (20 events):
Event: 57.213 Thread 0x00000296fcf5b340 DEOPT PACKING pc=0x00000296a1cfd208 sp=0x000000c3d1ffd970
Event: 57.214 Thread 0x00000296fcf5b340 DEOPT UNPACKING pc=0x00000296a08246a2 sp=0x000000c3d1ffd910 mode 2
Event: 57.270 Thread 0x00000296fcf5b340 DEOPT PACKING pc=0x000002969aa3fcf2 sp=0x000000c3d1ffb490
Event: 57.270 Thread 0x00000296fcf5b340 DEOPT UNPACKING pc=0x00000296a0824e42 sp=0x000000c3d1ffa930 mode 0
Event: 57.600 Thread 0x00000296fb501ae0 Uncommon trap: trap_request=0xffffff45 fr.pc=0x00000296a1819d54 relative=0x0000000000000194
Event: 57.600 Thread 0x00000296fb501ae0 Uncommon trap: reason=unstable_if action=reinterpret pc=0x00000296a1819d54 method=org.eclipse.jdt.internal.core.util.WeakHashSet.cleanupGarbageCollectedValues()V @ 68 c2
Event: 57.600 Thread 0x00000296fb501ae0 DEOPT PACKING pc=0x00000296a1819d54 sp=0x000000c3cfcfdf00
Event: 57.600 Thread 0x00000296fb501ae0 DEOPT UNPACKING pc=0x00000296a08246a2 sp=0x000000c3cfcfde98 mode 2
Event: 57.614 Thread 0x00000296fb501ae0 Uncommon trap: trap_request=0xffffffcc fr.pc=0x00000296a1c9b418 relative=0x00000000000005b8
Event: 57.614 Thread 0x00000296fb501ae0 Uncommon trap: reason=intrinsic_or_type_checked_inlining action=make_not_entrant pc=0x00000296a1c9b418 method=org.eclipse.jdt.internal.compiler.parser.Parser.consumeMethodHeaderRightParen()V @ 268 c2
Event: 57.614 Thread 0x00000296fb501ae0 DEOPT PACKING pc=0x00000296a1c9b418 sp=0x000000c3cfcfde00
Event: 57.614 Thread 0x00000296fb501ae0 DEOPT UNPACKING pc=0x00000296a08246a2 sp=0x000000c3cfcfdd90 mode 2
Event: 57.814 Thread 0x00000296fb501ae0 Uncommon trap: trap_request=0xffffffde fr.pc=0x00000296a187bf48 relative=0x00000000000034c8
Event: 57.814 Thread 0x00000296fb501ae0 Uncommon trap: reason=class_check action=maybe_recompile pc=0x00000296a187bf48 method=org.eclipse.jdt.internal.compiler.parser.Scanner.addTokenToLookBack(Lorg/eclipse/jdt/internal/compiler/parser/TerminalToken;)V @ 104 c2
Event: 57.814 Thread 0x00000296fb501ae0 DEOPT PACKING pc=0x00000296a187bf48 sp=0x000000c3cfcfdd80
Event: 57.814 Thread 0x00000296fb501ae0 DEOPT UNPACKING pc=0x00000296a08246a2 sp=0x000000c3cfcfdc10 mode 2
Event: 57.870 Thread 0x00000296fb501ae0 DEOPT PACKING pc=0x000002969bbc8a2c sp=0x000000c3cfcfdce0
Event: 57.870 Thread 0x00000296fb501ae0 DEOPT UNPACKING pc=0x00000296a0824e42 sp=0x000000c3cfcfd248 mode 0
Event: 57.915 Thread 0x00000296fb501ae0 DEOPT PACKING pc=0x000002969bbc8925 sp=0x000000c3cfcfde10
Event: 57.915 Thread 0x00000296fb501ae0 DEOPT UNPACKING pc=0x00000296a0824e42 sp=0x000000c3cfcfd370 mode 0

Classes loaded (20 events):
Event: 31.209 Loading class java/util/concurrent/CompletableFuture$UniCompletion done
Event: 31.209 Loading class java/util/concurrent/CompletableFuture$UniApply done
Event: 31.209 Loading class java/util/concurrent/CompletableFuture$UniAccept
Event: 31.209 Loading class java/util/concurrent/CompletableFuture$UniAccept done
Event: 31.209 Loading class java/util/concurrent/CompletableFuture$UniExceptionally
Event: 31.209 Loading class java/util/concurrent/CompletableFuture$UniExceptionally done
Event: 31.381 Loading class java/util/Hashtable$KeySet
Event: 31.382 Loading class java/util/Hashtable$KeySet done
Event: 35.616 Loading class java/util/stream/DistinctOps
Event: 35.616 Loading class java/util/stream/DistinctOps done
Event: 35.616 Loading class java/util/stream/DistinctOps$1
Event: 35.616 Loading class java/util/stream/DistinctOps$1 done
Event: 35.620 Loading class java/util/stream/DistinctOps$1$2
Event: 35.620 Loading class java/util/stream/DistinctOps$1$2 done
Event: 47.019 Loading class com/sun/org/apache/xerces/internal/util/ErrorHandlerWrapper$1
Event: 47.019 Loading class com/sun/org/apache/xerces/internal/util/ErrorHandlerWrapper$1 done
Event: 47.159 Loading class java/lang/StackStreamFactory$CallerClassFinder
Event: 47.159 Loading class java/lang/StackStreamFactory$CallerClassFinder done
Event: 47.159 Loading class java/lang/StackStreamFactory$CallerClassFinder$ClassBuffer
Event: 47.160 Loading class java/lang/StackStreamFactory$CallerClassFinder$ClassBuffer done

Classes unloaded (20 events):
Event: 50.678 Thread 0x00000296a87c9b50 Unloading class 0x00000296b7611288 'org/apache/maven/shared/utils/logging/MessageBuilder'
Event: 50.678 Thread 0x00000296a87c9b50 Unloading class 0x00000296b7610da8 'org/codehaus/plexus/compiler/CompilerConfiguration'
Event: 50.678 Thread 0x00000296a87c9b50 Unloading class 0x00000296b7610b48 'org/apache/maven/plugin/compiler/DependencyCoordinate'
Event: 50.678 Thread 0x00000296a87c9b50 Unloading class 0x00000296b76108e8 'org/apache/maven/plugin/compiler/CompilationFailureException'
Event: 50.678 Thread 0x00000296a87c9b50 Unloading class 0x00000296b7610690 'org/codehaus/plexus/compiler/manager/NoSuchCompilerException'
Event: 50.678 Thread 0x00000296a87c9b50 Unloading class 0x00000296b76104a0 'org/codehaus/plexus/compiler/util/scan/mapping/SourceMapping'
Event: 50.678 Thread 0x00000296a87c9b50 Unloading class 0x00000296b7610250 'org/codehaus/plexus/compiler/CompilerException'
Event: 50.678 Thread 0x00000296a87c9b50 Unloading class 0x00000296b7610000 'org/codehaus/plexus/compiler/util/scan/InclusionScanException'
Event: 50.678 Thread 0x00000296a87c9b50 Unloading class 0x00000296b760dd80 'org/codehaus/plexus/compiler/javac/JavaxToolsCompiler'
Event: 50.678 Thread 0x00000296a87c9b50 Unloading class 0x00000296b760db90 'org/codehaus/plexus/compiler/javac/InProcessCompiler'
Event: 50.678 Thread 0x00000296a87c9b50 Unloading class 0x00000296b760d8b0 'org/codehaus/plexus/compiler/javac/JavacCompiler'
Event: 50.678 Thread 0x00000296a87c9b50 Unloading class 0x00000296b760d600 'org/codehaus/plexus/compiler/AbstractCompiler'
Event: 50.678 Thread 0x00000296a87c9b50 Unloading class 0x00000296b760d410 'org/codehaus/plexus/compiler/Compiler'
Event: 50.678 Thread 0x00000296a87c9b50 Unloading class 0x00000296b760d1f0 'org/codehaus/plexus/compiler/manager/DefaultCompilerManager'
Event: 50.678 Thread 0x00000296a87c9b50 Unloading class 0x00000296b760d000 'org/codehaus/plexus/compiler/manager/CompilerManager'
Event: 50.678 Thread 0x00000296a87c9b50 Unloading class 0x00000296b760cc08 'org/codehaus/plexus/languages/java/jpms/LocationManager'
Event: 50.678 Thread 0x00000296a87c9b50 Unloading class 0x00000296b760c8d8 'org/apache/maven/plugin/compiler/TestCompilerMojo'
Event: 50.678 Thread 0x00000296a87c9b50 Unloading class 0x00000296b760c660 'org/apache/maven/plugins/maven_compiler_plugin/HelpMojo'
Event: 50.678 Thread 0x00000296a87c9b50 Unloading class 0x00000296b760c330 'org/apache/maven/plugin/compiler/CompilerMojo'
Event: 50.678 Thread 0x00000296a87c9b50 Unloading class 0x00000296b760c000 'org/apache/maven/plugin/compiler/AbstractCompilerMojo'

Classes redefined (0 events):
No events

Internal exceptions (20 events):
Event: 56.052 Thread 0x00000296b5997bc0 Exception <a 'sun/nio/fs/WindowsException'{0x000000061cc5d648}> (0x000000061cc5d648) 
thrown [s\src\hotspot\share\prims\jni.cpp, line 520]
Event: 56.052 Thread 0x00000296b5992670 Exception <a 'sun/nio/fs/WindowsException'{0x000000061ccbc4a0}> (0x000000061ccbc4a0) 
thrown [s\src\hotspot\share\prims\jni.cpp, line 520]
Event: 56.052 Thread 0x00000296fc774160 Exception <a 'sun/nio/fs/WindowsException'{0x000000061cd197a0}> (0x000000061cd197a0) 
thrown [s\src\hotspot\share\prims\jni.cpp, line 520]
Event: 56.052 Thread 0x00000296b5991fe0 Exception <a 'sun/nio/fs/WindowsException'{0x000000061d3ec520}> (0x000000061d3ec520) 
thrown [s\src\hotspot\share\prims\jni.cpp, line 520]
Event: 56.053 Thread 0x00000296fc775510 Exception <a 'sun/nio/fs/WindowsException'{0x000000061cc00348}> (0x000000061cc00348) 
thrown [s\src\hotspot\share\prims\jni.cpp, line 520]
Event: 56.055 Thread 0x00000296b5991fe0 Exception <a 'sun/nio/fs/WindowsException'{0x000000061d3f77c0}> (0x000000061d3f77c0) 
thrown [s\src\hotspot\share\prims\jni.cpp, line 520]
Event: 56.056 Thread 0x00000296b5992670 Exception <a 'sun/nio/fs/WindowsException'{0x000000061ccbe328}> (0x000000061ccbe328) 
thrown [s\src\hotspot\share\prims\jni.cpp, line 520]
Event: 56.069 Thread 0x00000296b5992670 Exception <a 'sun/nio/fs/WindowsException'{0x000000061ccc1fe8}> (0x000000061ccc1fe8) 
thrown [s\src\hotspot\share\prims\jni.cpp, line 520]
Event: 56.076 Thread 0x00000296b5992670 Exception <a 'sun/nio/fs/WindowsException'{0x000000061ccc8e10}> (0x000000061ccc8e10) 
thrown [s\src\hotspot\share\prims\jni.cpp, line 520]
Event: 56.081 Thread 0x00000296fc775510 Exception <a 'sun/nio/fs/WindowsException'{0x000000061cc058d8}> (0x000000061cc058d8) 
thrown [s\src\hotspot\share\prims\jni.cpp, line 520]
Event: 56.091 Thread 0x00000296fb500730 Exception <a 'sun/nio/fs/WindowsException'{0x000000061cfe65e8}> (0x000000061cfe65e8) 
thrown [s\src\hotspot\share\prims\jni.cpp, line 520]
Event: 56.361 Thread 0x00000296fb501450 Exception <a 'sun/nio/fs/WindowsException'{0x000000061c5d6880}> (0x000000061c5d6880) 
thrown [s\src\hotspot\share\prims\jni.cpp, line 520]
Event: 56.447 Thread 0x00000296fb501450 Exception <a 'sun/nio/fs/WindowsException'{0x000000061c678408}> (0x000000061c678408) 
thrown [s\src\hotspot\share\prims\jni.cpp, line 520]
Event: 56.703 Thread 0x00000296fb501450 Exception <a 'sun/nio/fs/WindowsException'{0x000000061a986c08}> (0x000000061a986c08) 
thrown [s\src\hotspot\share\prims\jni.cpp, line 520]
Event: 56.824 Thread 0x00000296fb501450 Exception <a 'sun/nio/fs/WindowsException'{0x000000061969fde0}> (0x000000061969fde0) 
thrown [s\src\hotspot\share\prims\jni.cpp, line 520]
Event: 57.348 Thread 0x00000296fb500730 Exception <a 'sun/nio/fs/WindowsException'{0x000000062ea43b08}> (0x000000062ea43b08) 
thrown [s\src\hotspot\share\prims\jni.cpp, line 520]
Event: 57.348 Thread 0x00000296fb500730 Exception <a 'sun/nio/fs/WindowsException'{0x000000062ea44158}> (0x000000062ea44158) 
thrown [s\src\hotspot\share\prims\jni.cpp, line 520]
Event: 57.381 Thread 0x00000296fb501450 Exception <a 'sun/nio/fs/WindowsException'{0x000000062cae4a28}> (0x000000062cae4a28) 
thrown [s\src\hotspot\share\prims\jni.cpp, line 520]
Event: 57.515 Thread 0x00000296fb501450 Exception <a 'sun/nio/fs/WindowsException'{0x000000062cb86e10}> (0x000000062cb86e10) 
thrown [s\src\hotspot\share\prims\jni.cpp, line 520]
Event: 57.659 Thread 0x00000296fb501450 Exception <a 'sun/nio/fs/WindowsException'{0x000000062c368cb0}> (0x000000062c368cb0) 
thrown [s\src\hotspot\share\prims\jni.cpp, line 520]

ZGC Phase Switch (0 events):
No events

VM Operations (20 events):
Event: 50.677 Executing VM operation: G1PauseRemark
Event: 50.716 Executing VM operation: G1PauseRemark done
Event: 50.771 Executing VM operation: G1PauseCleanup
Event: 50.771 Executing VM operation: G1PauseCleanup done
Event: 51.669 Executing VM operation: ICBufferFull
Event: 51.670 Executing VM operation: ICBufferFull done
Event: 52.670 Executing VM operation: Cleanup
Event: 52.670 Executing VM operation: Cleanup done
Event: 53.488 Executing VM operation: ICBufferFull
Event: 53.489 Executing VM operation: ICBufferFull done
Event: 54.489 Executing VM operation: Cleanup
Event: 54.489 Executing VM operation: Cleanup done
Event: 55.490 Executing VM operation: Cleanup
Event: 55.490 Executing VM operation: Cleanup done
Event: 56.491 Executing VM operation: Cleanup
Event: 56.491 Executing VM operation: Cleanup done
Event: 56.917 Executing VM operation: G1CollectForAllocation (G1 Evacuation Pause)
Event: 56.935 Executing VM operation: G1CollectForAllocation (G1 Evacuation Pause) done
Event: 57.365 Executing VM operation: ICBufferFull
Event: 57.365 Executing VM operation: ICBufferFull done

Memory protections (0 events):
No events

Nmethod flushes (20 events):
Event: 50.714 Thread 0x00000296a87c9b50 flushing osr nmethod 0x00000296a10de510
Event: 50.714 Thread 0x00000296a87c9b50 flushing  nmethod 0x00000296a1122210
Event: 50.714 Thread 0x00000296a87c9b50 flushing  nmethod 0x00000296a1188f90
Event: 50.714 Thread 0x00000296a87c9b50 flushing  nmethod 0x0000029699669910
Event: 50.714 Thread 0x00000296a87c9b50 flushing  nmethod 0x000002969980be90
Event: 50.714 Thread 0x00000296a87c9b50 flushing  nmethod 0x0000029699ba0890
Event: 50.714 Thread 0x00000296a87c9b50 flushing  nmethod 0x0000029699ca7d10
Event: 50.714 Thread 0x00000296a87c9b50 flushing  nmethod 0x0000029699df7e10
Event: 50.714 Thread 0x00000296a87c9b50 flushing  nmethod 0x000002969a4c7910
Event: 50.714 Thread 0x00000296a87c9b50 flushing osr nmethod 0x00000296a109db10
Event: 50.714 Thread 0x00000296a87c9b50 flushing  nmethod 0x00000296a10af210
Event: 50.714 Thread 0x00000296a87c9b50 flushing  nmethod 0x00000296a112c110
Event: 50.714 Thread 0x00000296a87c9b50 flushing  nmethod 0x00000296a112ff10
Event: 50.714 Thread 0x00000296a87c9b50 flushing  nmethod 0x0000029699636890
Event: 50.714 Thread 0x00000296a87c9b50 flushing  nmethod 0x0000029699facd10
Event: 50.714 Thread 0x00000296a87c9b50 flushing  nmethod 0x000002969a2ea990
Event: 50.714 Thread 0x00000296a87c9b50 flushing  nmethod 0x000002969a41e810
Event: 50.714 Thread 0x00000296a87c9b50 flushing  nmethod 0x000002969a41fd10
Event: 50.714 Thread 0x00000296a87c9b50 flushing  nmethod 0x000002969a42bf90
Event: 50.714 Thread 0x00000296a87c9b50 flushing  nmethod 0x000002969a42c390

Events (20 events):
Event: 53.961 Thread 0x00000296b5465620 Thread exited: 0x00000296b5465620
Event: 53.961 Thread 0x00000296b5463550 Thread exited: 0x00000296b5463550
Event: 53.961 Thread 0x00000296b5464270 Thread exited: 0x00000296b5464270
Event: 53.961 Thread 0x00000296b5996810 Thread exited: 0x00000296b5996810
Event: 54.268 Thread 0x00000296b5869900 Thread exited: 0x00000296b5869900
Event: 54.582 Thread 0x00000296fb500dc0 Thread added: 0x00000296b5460760
Event: 54.583 Thread 0x00000296fb500dc0 Thread added: 0x00000296b5465620
Event: 54.583 Thread 0x00000296fb500dc0 Thread added: 0x00000296b5460df0
Event: 54.583 Thread 0x00000296fb500dc0 Thread added: 0x00000296b5461480
Event: 54.616 Thread 0x00000296fb500dc0 Thread added: 0x00000296b5465cb0
Event: 54.629 Thread 0x00000296b5460df0 Thread exited: 0x00000296b5460df0
Event: 54.629 Thread 0x00000296b5460760 Thread exited: 0x00000296b5460760
Event: 54.629 Thread 0x00000296b5465cb0 Thread exited: 0x00000296b5465cb0
Event: 54.629 Thread 0x00000296b5465620 Thread exited: 0x00000296b5465620
Event: 54.629 Thread 0x00000296b5461480 Thread exited: 0x00000296b5461480
Event: 54.869 Thread 0x00000296b50b99a0 Thread added: 0x00000296b5862530
Event: 55.408 Thread 0x00000296b5862530 Thread exited: 0x00000296b5862530
Event: 55.816 Thread 0x00000296b5869230 Thread exited: 0x00000296b5869230
Event: 56.053 Thread 0x00000296b50b99a0 Thread added: 0x00000296b5864740
Event: 56.053 Thread 0x00000296b50b99a0 Thread added: 0x00000296b5862c00


Dynamic libraries:
0x00007ff79b960000 - 0x00007ff79b96e000 	c:\Users\hyper\.vscode\extensions\redhat.java-1.42.2025041008-win32-x64\jre\21.0.6-win32-x86_64\bin\java.exe
0x00007ffc40800000 - 0x00007ffc40a09000 	C:\WINDOWS\SYSTEM32\ntdll.dll
0x00007ffc3f5b0000 - 0x00007ffc3f66d000 	C:\WINDOWS\System32\KERNEL32.DLL
0x00007ffc3dfe0000 - 0x00007ffc3e364000 	C:\WINDOWS\System32\KERNELBASE.dll
0x00007ffc3dec0000 - 0x00007ffc3dfd1000 	C:\WINDOWS\System32\ucrtbase.dll
0x00007ffbe9de0000 - 0x00007ffbe9df8000 	c:\Users\hyper\.vscode\extensions\redhat.java-1.42.2025041008-win32-x64\jre\21.0.6-win32-x86_64\bin\jli.dll
0x00007ffc3f400000 - 0x00007ffc3f5ad000 	C:\WINDOWS\System32\USER32.dll
0x00007ffc3e370000 - 0x00007ffc3e396000 	C:\WINDOWS\System32\win32u.dll
0x00007ffc401d0000 - 0x00007ffc401fa000 	C:\WINDOWS\System32\GDI32.dll
0x00007ffc3dd00000 - 0x00007ffc3de1e000 	C:\WINDOWS\System32\gdi32full.dll
0x00007ffc3de20000 - 0x00007ffc3debd000 	C:\WINDOWS\System32\msvcp_win.dll
0x00007ffbe9d90000 - 0x00007ffbe9dae000 	c:\Users\hyper\.vscode\extensions\redhat.java-1.42.2025041008-win32-x64\jre\21.0.6-win32-x86_64\bin\VCRUNTIME140.dll
0x00007ffc32500000 - 0x00007ffc327a5000 	C:\WINDOWS\WinSxS\amd64_microsoft.windows.common-controls_6595b64144ccf1df_6.0.22000.120_none_9d947278b86cc467\COMCTL32.dll
0x00007ffc3fe50000 - 0x00007ffc3fef3000 	C:\WINDOWS\System32\msvcrt.dll
0x00007ffc3ff70000 - 0x00007ffc3ffa1000 	C:\WINDOWS\System32\IMM32.DLL
0x00007ffc3d650000 - 0x00007ffc3d747000 	C:\Windows\system32\guard64.dll
0x00007ffc3e840000 - 0x00007ffc3e8ee000 	C:\WINDOWS\System32\ADVAPI32.dll
0x00007ffc406b0000 - 0x00007ffc4074e000 	C:\WINDOWS\System32\sechost.dll
0x00007ffc3ea50000 - 0x00007ffc3eb71000 	C:\WINDOWS\System32\RPCRT4.dll
0x00007ffc3d640000 - 0x00007ffc3d64a000 	C:\WINDOWS\system32\version.dll
0x00007ffc3f150000 - 0x00007ffc3f2ea000 	C:\WINDOWS\System32\ole32.dll
0x00007ffc40250000 - 0x00007ffc405c6000 	C:\WINDOWS\System32\combase.dll
0x00007ffc3d630000 - 0x00007ffc3d63b000 	C:\WINDOWS\system32\fltlib.dll
0x00007ffc3f670000 - 0x00007ffc3fe35000 	C:\WINDOWS\System32\shell32.dll
0x00007ffbee390000 - 0x00007ffbee39c000 	c:\Users\hyper\.vscode\extensions\redhat.java-1.42.2025041008-win32-x64\jre\21.0.6-win32-x86_64\bin\vcruntime140_1.dll
0x00007ffbe8ff0000 - 0x00007ffbe907d000 	c:\Users\hyper\.vscode\extensions\redhat.java-1.42.2025041008-win32-x64\jre\21.0.6-win32-x86_64\bin\msvcp140.dll
0x00007ffb9a910000 - 0x00007ffb9b6a0000 	c:\Users\hyper\.vscode\extensions\redhat.java-1.42.2025041008-win32-x64\jre\21.0.6-win32-x86_64\bin\server\jvm.dll
0x00007ffc3e8f0000 - 0x00007ffc3e95f000 	C:\WINDOWS\System32\WS2_32.dll
0x00007ffc3db60000 - 0x00007ffc3dbad000 	C:\WINDOWS\SYSTEM32\POWRPROF.dll
0x00007ffc33c20000 - 0x00007ffc33c53000 	C:\WINDOWS\SYSTEM32\WINMM.dll
0x00007ffc3db40000 - 0x00007ffc3db53000 	C:\WINDOWS\SYSTEM32\UMPDC.dll
0x00007ffc3cb40000 - 0x00007ffc3cb58000 	C:\WINDOWS\SYSTEM32\kernel.appcore.dll
0x00007ffbeb640000 - 0x00007ffbeb64a000 	c:\Users\hyper\.vscode\extensions\redhat.java-1.42.2025041008-win32-x64\jre\21.0.6-win32-x86_64\bin\jimage.dll
0x00007ffc3b840000 - 0x00007ffc3ba61000 	C:\WINDOWS\SYSTEM32\DBGHELP.DLL
0x00007ffc20440000 - 0x00007ffc20471000 	C:\WINDOWS\SYSTEM32\dbgcore.DLL
0x00007ffc3e3a0000 - 0x00007ffc3e41f000 	C:\WINDOWS\System32\bcryptPrimitives.dll
0x00007ffbe9ea0000 - 0x00007ffbe9eaf000 	c:\Users\hyper\.vscode\extensions\redhat.java-1.42.2025041008-win32-x64\jre\21.0.6-win32-x86_64\bin\instrument.dll
0x00007ffbe9c10000 - 0x00007ffbe9c2f000 	c:\Users\hyper\.vscode\extensions\redhat.java-1.42.2025041008-win32-x64\jre\21.0.6-win32-x86_64\bin\java.dll
0x00007ffc3bc00000 - 0x00007ffc3c462000 	C:\WINDOWS\SYSTEM32\windows.storage.dll
0x00007ffc3ba90000 - 0x00007ffc3bbf7000 	C:\WINDOWS\SYSTEM32\wintypes.dll
0x00007ffc3eb80000 - 0x00007ffc3ec6a000 	C:\WINDOWS\System32\SHCORE.dll
0x00007ffc3ffb0000 - 0x00007ffc4000d000 	C:\WINDOWS\System32\shlwapi.dll
0x00007ffc3dbc0000 - 0x00007ffc3dbe5000 	C:\WINDOWS\SYSTEM32\profapi.dll
0x00007ffbe9bf0000 - 0x00007ffbe9c08000 	c:\Users\hyper\.vscode\extensions\redhat.java-1.42.2025041008-win32-x64\jre\21.0.6-win32-x86_64\bin\zip.dll
0x00007ffbe9d80000 - 0x00007ffbe9d90000 	C:\Users\hyper\.vscode\extensions\redhat.java-1.42.2025041008-win32-x64\jre\21.0.6-win32-x86_64\bin\net.dll
0x00007ffc37fe0000 - 0x00007ffc380f4000 	C:\WINDOWS\SYSTEM32\WINHTTP.dll
0x00007ffc3d040000 - 0x00007ffc3d0a7000 	C:\WINDOWS\system32\mswsock.dll
0x00007ffbe9b30000 - 0x00007ffbe9b46000 	C:\Users\hyper\.vscode\extensions\redhat.java-1.42.2025041008-win32-x64\jre\21.0.6-win32-x86_64\bin\nio.dll
0x00007ffbe9be0000 - 0x00007ffbe9bf0000 	c:\Users\hyper\.vscode\extensions\redhat.java-1.42.2025041008-win32-x64\jre\21.0.6-win32-x86_64\bin\verify.dll
0x00007ffbeb6e0000 - 0x00007ffbeb725000 	C:\Users\hyper\AppData\Roaming\Code\User\globalStorage\redhat.java\1.42.2025041008\config_win\org.eclipse.equinox.launcher\org.eclipse.equinox.launcher.win32.win32.x86_64_1.2.1300.v20250331-1702\eclipse_11911.dll
0x00007ffc3d760000 - 0x00007ffc3d778000 	C:\WINDOWS\SYSTEM32\CRYPTSP.dll
0x00007ffc3cb00000 - 0x00007ffc3cb35000 	C:\WINDOWS\system32\rsaenh.dll
0x00007ffc3d0e0000 - 0x00007ffc3d10c000 	C:\WINDOWS\SYSTEM32\USERENV.dll
0x00007ffc3d7a0000 - 0x00007ffc3d7c7000 	C:\WINDOWS\SYSTEM32\bcrypt.dll
0x00007ffc3d230000 - 0x00007ffc3d23c000 	C:\WINDOWS\SYSTEM32\CRYPTBASE.dll
0x00007ffc3c6c0000 - 0x00007ffc3c6ed000 	C:\WINDOWS\SYSTEM32\IPHLPAPI.DLL
0x00007ffc3e770000 - 0x00007ffc3e779000 	C:\WINDOWS\System32\NSI.dll
0x00007ffbf3860000 - 0x00007ffbf38a9000 	C:\Users\hyper\AppData\Local\Temp\jna-99761772\jna1677537122645480721.dll
0x00007ffc3fe40000 - 0x00007ffc3fe48000 	C:\WINDOWS\System32\PSAPI.DLL
0x00007ffc37860000 - 0x00007ffc37879000 	C:\WINDOWS\SYSTEM32\dhcpcsvc6.DLL
0x00007ffc383c0000 - 0x00007ffc383de000 	C:\WINDOWS\SYSTEM32\dhcpcsvc.DLL
0x00007ffc3cbc0000 - 0x00007ffc3cbf4000 	C:\WINDOWS\SYSTEM32\ntmarta.dll

dbghelp: loaded successfully - version: 4.0.5 - missing functions: none
symbol engine: initialized successfully - sym options: 0x614 - pdb path: .;c:\Users\hyper\.vscode\extensions\redhat.java-1.42.2025041008-win32-x64\jre\21.0.6-win32-x86_64\bin;C:\WINDOWS\SYSTEM32;C:\WINDOWS\WinSxS\amd64_microsoft.windows.common-controls_6595b64144ccf1df_6.0.22000.120_none_9d947278b86cc467;c:\Users\hyper\.vscode\extensions\redhat.java-1.42.2025041008-win32-x64\jre\21.0.6-win32-x86_64\bin\server;C:\Users\hyper\AppData\Roaming\Code\User\globalStorage\redhat.java\1.42.2025041008\config_win\org.eclipse.equinox.launcher\org.eclipse.equinox.launcher.win32.win32.x86_64_1.2.1300.v20250331-1702;C:\Users\hyper\AppData\Local\Temp\jna-99761772

VM Arguments:
jvm_args: --add-modules=ALL-SYSTEM --add-opens=java.base/java.util=ALL-UNNAMED --add-opens=java.base/java.lang=ALL-UNNAMED --add-opens=java.base/sun.nio.fs=ALL-UNNAMED -Declipse.application=org.eclipse.jdt.ls.core.id1 -Dosgi.bundles.defaultStartLevel=4 -Declipse.product=org.eclipse.jdt.ls.core.product -Djava.import.generatesMetadataFilesAtProjectRoot=false -DDetectVMInstallationsJob.disabled=true -Dfile.encoding=utf8 -Xlog:disable -Xms100m -Xmx8G -javaagent:c:\Users\hyper\.vscode\extensions\redhat.java-1.42.2025041008-win32-x64\lombok\lombok-1.18.36.jar -XX:+HeapDumpOnOutOfMemoryError -XX:HeapDumpPath=c:\Users\hyper\AppData\Roaming\Code\User\workspaceStorage\9786f179f1d4055ca563254eef00c7fe\redhat.java -Daether.dependencyCollector.impl=bf 
java_command: c:\Users\hyper\.vscode\extensions\redhat.java-1.42.2025041008-win32-x64\server\plugins\org.eclipse.equinox.launcher_1.7.0.v20250404-1055.jar -configuration c:\Users\hyper\AppData\Roaming\Code\User\globalStorage\redhat.java\1.42.2025041008\config_win -data c:\Users\hyper\AppData\Roaming\Code\User\workspaceStorage\9786f179f1d4055ca563254eef00c7fe\redhat.java\jdt_ws --pipe=\\.\pipe\lsp-af6893ef71dc643d2097e6247594fcc4-sock
java_class_path (initial): c:\Users\hyper\.vscode\extensions\redhat.java-1.42.2025041008-win32-x64\server\plugins\org.eclipse.equinox.launcher_1.7.0.v20250404-1055.jar
Launcher Type: SUN_STANDARD

[Global flags]
     intx CICompilerCount                          = 4                                         {product} {ergonomic}
     uint ConcGCThreads                            = 2                                         {product} {ergonomic}
     uint G1ConcRefinementThreads                  = 8                                         {product} {ergonomic}
   size_t G1HeapRegionSize                         = 4194304                                   {product} {ergonomic}
    uintx GCDrainStackTargetSize                   = 64                                        {product} {ergonomic}
     bool HeapDumpOnOutOfMemoryError               = true                                   {manageable} {command line}
    ccstr HeapDumpPath                             = c:\Users\hyper\AppData\Roaming\Code\User\workspaceStorage\9786f179f1d4055ca563254eef00c7fe\redhat.java         {manageable} {command line}
   size_t InitialHeapSize                          = 104857600                                 {product} {command line}
   size_t MarkStackSize                            = 4194304                                   {product} {ergonomic}
   size_t MaxHeapSize                              = 8589934592                                {product} {command line}
   size_t MaxNewSize                               = 5150605312                                {product} {ergonomic}
   size_t MinHeapDeltaBytes                        = 4194304                                   {product} {ergonomic}
   size_t MinHeapSize                              = 104857600                                 {product} {command line}
    uintx NonNMethodCodeHeapSize                   = 5839372                                {pd product} {ergonomic}
    uintx NonProfiledCodeHeapSize                  = 122909434                              {pd product} {ergonomic}
    uintx ProfiledCodeHeapSize                     = 122909434                              {pd product} {ergonomic}
    uintx ReservedCodeCacheSize                    = 251658240                              {pd product} {ergonomic}
     bool SegmentedCodeCache                       = true                                      {product} {ergonomic}
   size_t SoftMaxHeapSize                          = 8589934592                             {manageable} {ergonomic}
     bool UseCompressedOops                        = true                           {product lp64_product} {ergonomic}
     bool UseG1GC                                  = true                                      {product} {ergonomic}
     bool UseLargePagesIndividualAllocation        = false                                  {pd product} {ergonomic}

Logging:
Log output configuration:
 #0: stdout all=off uptime,level,tags foldmultilines=false
 #1: stderr all=off uptime,level,tags foldmultilines=false

Environment Variables:
JAVA_HOME=C:\Program Files\Java\jdk-18.0.2.1
PATH=C:\Program Files\Common Files\Oracle\Java\javapath;C:\WINDOWS\system32;C:\WINDOWS;C:\WINDOWS\System32\Wbem;C:\WINDOWS\System32\WindowsPowerShell\v1.0\;C:\WINDOWS\System32\OpenSSH\;J:\.important\Documents\apache-maven-3.8.6\bin;C:\Program Files\Microsoft SQL Server\Client SDK\ODBC\170\Tools\Binn\;C:\Program Files (x86)\Microsoft SQL Server\150\Tools\Binn\;C:\Program Files\Microsoft SQL Server\150\Tools\Binn\;C:\Program Files\Microsoft SQL Server\150\DTS\Binn\;C:\Program Files (x86)\Microsoft SQL Server\160\DTS\Binn\;C:\Users\hyper\Downloads\curl-8.10.1_2-win64-mingw\curl-8.10.1_2-win64-mingw\bin;C:\C:\Program Files\Java\jdk-18.0.2.1\bin;C:\Program Files\OpenSSL-Win64\bin;C:\Program Files\dotnet\;C:\Program Files\Git\cmd;H:\;C:\Program Files (x86)\Microsoft SQL Server\160\Tools\Binn\;C:\Program Files\Microsoft SQL Server\160\Tools\Binn\;C:\Program Files\Microsoft SQL Server\160\DTS\Binn\;C:\Program Files (x86)\NVIDIA Corporation\PhysX\Common;F:\Docker\resources\bin;C:\Users\hyper\AppData\Local\Microsoft\WindowsApps;C:\Program Files\Java\jdk-18.0.2.1\bin;C:\Users\hyper\AppData\Roaming\npm;J:\Microsoft VS Code\bin
USERNAME=hyper
OS=Windows_NT
PROCESSOR_IDENTIFIER=Intel64 Family 6 Model 60 Stepping 3, GenuineIntel
TMP=C:\Users\hyper\AppData\Local\Temp
TEMP=C:\Users\hyper\AppData\Local\Temp




Periodic native trim disabled

---------------  S Y S T E M  ---------------

OS:
 Windows 11 , 64 bit Build 22000 (10.0.22000.2538)
OS uptime: 1 days 22:38 hours
Hyper-V role detected

CPU: total 8 (initial active 8) (4 cores per cpu, 2 threads per core) family 6 model 60 stepping 3 microcode 0x28, cx8, cmov, fxsr, ht, mmx, sse, sse2, sse3, ssse3, sse4.1, sse4.2, popcnt, lzcnt, tsc, tscinvbit, avx, avx2, aes, erms, clmul, bmi1, bmi2, fma, vzeroupper, clflush, hv, rdtscp, f16c
Processor Information for the first 8 processors :
  Max Mhz: 3501, Current Mhz: 3501, Mhz Limit: 3501

Memory: 4k page, system-wide physical 16283M (1904M free)
TotalPageFile size 36283M (AvailPageFile size 5M)
current process WorkingSet (physical memory assigned to process): 1213M, peak: 1213M
current process commit charge ("private bytes"): 1141M, peak: 1146M

vm_info: OpenJDK 64-Bit Server VM (21.0.6+7-LTS) for windows-amd64 JRE (21.0.6+7-LTS), built on 2025-01-21T00:00:00Z by "admin" with MS VC++ 17.7 (VS2022)

END.
