#
# There is insufficient memory for the Java Runtime Environment to continue.
# Native memory allocation (malloc) failed to allocate 32744 bytes for Chunk::new
# Possible reasons:
#   The system is out of physical RAM or swap space
#   The process is running with CompressedOops enabled, and the Java Heap may be blocking the growth of the native heap
# Possible solutions:
#   Reduce memory load on the system
#   Increase physical memory or swap space
#   Check if swap backing store is full
#   Decrease Java heap size (-Xmx/-Xms)
#   Decrease number of Java threads
#   Decrease Java thread stack sizes (-Xss)
#   Set larger code cache with -XX:ReservedCodeCacheSize=
#   JVM is running with Zero Based Compressed Oops mode in which the Java heap is
#     placed in the first 32GB address space. The Java Heap base address is the
#     maximum limit for the native heap growth. Please use -XX:HeapBaseMinAddress
#     to set the Java Heap base and to place the Java Heap above 32GB virtual address.
# This output file may be truncated or incomplete.
#
#  Out of Memory Error (arena.cpp:184), pid=26156, tid=27052
#
# JRE version: Java(TM) SE Runtime Environment (18.0.2.1+1) (build 18.0.2.1+1-1)
# Java VM: Java HotSpot(TM) 64-Bit Server VM (18.0.2.1+1-1, mixed mode, sharing, tiered, compressed oops, compressed class ptrs, g1 gc, windows-amd64)
# No core dump will be written. Minidumps are not enabled by default on client versions of Windows
#

---------------  S U M M A R Y ------------

Command Line: -Dclassworlds.conf=J:\.important\Documents\apache-maven-3.8.6\bin\m2.conf -Dmaven.home=J:\.important\Documents\apache-maven-3.8.6 -Dlibrary.jansi.path=J:\.important\Documents\apache-maven-3.8.6\lib\jansi-native -Dmaven.multiModuleProjectDirectory=F:\Memefesrec\memefest org.codehaus.plexus.classworlds.launcher.Launcher clean install

Host: Intel(R) Core(TM) i7-4770K CPU @ 3.50GHz, 8 cores, 15G,  Windows 11 , 64 bit Build 22000 (10.0.22000.2538)
Time: Thu Aug 14 03:01:26 2025 Volgograd Standard Time elapsed time: 5.400315 seconds (0d 0h 0m 5s)

---------------  T H R E A D  ---------------

Current thread (0x000001f1afc08650):  JavaThread "C2 CompilerThread0" daemon [_thread_in_native, id=27052, stack(0x0000006024c00000,0x0000006024d00000)]


Current CompileTask:
C2:   5400 4032       4       org.codehaus.plexus.interpolation.AbstractDelegatingValueSource::getValue (11 bytes)

Stack: [0x0000006024c00000,0x0000006024d00000]
Native frames: (J=compiled Java code, j=interpreted, Vv=VM code, C=native code)
V  [jvm.dll+0x6993aa]
V  [jvm.dll+0x7f46dd]
V  [jvm.dll+0x7f5fee]
V  [jvm.dll+0x7f66a3]
V  [jvm.dll+0x25cf1f]
V  [jvm.dll+0xb8c2f]
V  [jvm.dll+0xb8fa5]
V  [jvm.dll+0x6c24aa]
V  [jvm.dll+0x1d2e24]
V  [jvm.dll+0x230259]
V  [jvm.dll+0x22f4d1]
V  [jvm.dll+0x1ba01c]
V  [jvm.dll+0x23ee0a]
V  [jvm.dll+0x23d0f5]
V  [jvm.dll+0x7a6dd1]
V  [jvm.dll+0x7a120a]
V  [jvm.dll+0x698255]
C  [ucrtbase.dll+0x26c0c]
C  [KERNEL32.DLL+0x153e0]
C  [ntdll.dll+0x485b]


---------------  P R O C E S S  ---------------

Threads class SMR info:
_java_thread_list=0x000001f1b21fef00, length=13, elements={
0x000001f188c90c10, 0x000001f19fa588d0, 0x000001f19fa5b450, 0x000001f1afc00720,
0x000001f1afc01fe0, 0x000001f1afc02890, 0x000001f1afc03f60, 0x000001f1afc08650,
0x000001f1afc14f60, 0x000001f1afc21c90, 0x000001f1afd4a150, 0x000001f1afd4ea70,
0x000001f1b1034660
}

Java Threads: ( => current thread )
  0x000001f188c90c10 JavaThread "main" [_thread_in_native, id=28448, stack(0x0000006023f00000,0x0000006024000000)]
  0x000001f19fa588d0 JavaThread "Reference Handler" daemon [_thread_blocked, id=26372, stack(0x0000006024600000,0x0000006024700000)]
  0x000001f19fa5b450 JavaThread "Finalizer" daemon [_thread_blocked, id=25852, stack(0x0000006024700000,0x0000006024800000)]
  0x000001f1afc00720 JavaThread "Signal Dispatcher" daemon [_thread_blocked, id=8892, stack(0x0000006024800000,0x0000006024900000)]
  0x000001f1afc01fe0 JavaThread "Attach Listener" daemon [_thread_blocked, id=23712, stack(0x0000006024900000,0x0000006024a00000)]
  0x000001f1afc02890 JavaThread "Service Thread" daemon [_thread_blocked, id=16312, stack(0x0000006024a00000,0x0000006024b00000)]
  0x000001f1afc03f60 JavaThread "Monitor Deflation Thread" daemon [_thread_blocked, id=13272, stack(0x0000006024b00000,0x0000006024c00000)]
=>0x000001f1afc08650 JavaThread "C2 CompilerThread0" daemon [_thread_in_native, id=27052, stack(0x0000006024c00000,0x0000006024d00000)]
  0x000001f1afc14f60 JavaThread "C1 CompilerThread0" daemon [_thread_blocked, id=10104, stack(0x0000006024d00000,0x0000006024e00000)]
  0x000001f1afc21c90 JavaThread "Sweeper thread" daemon [_thread_blocked, id=17876, stack(0x0000006024e00000,0x0000006024f00000)]
  0x000001f1afd4a150 JavaThread "Notification Thread" daemon [_thread_blocked, id=16220, stack(0x0000006024f00000,0x0000006025000000)]
  0x000001f1afd4ea70 JavaThread "Common-Cleaner" daemon [_thread_blocked, id=23016, stack(0x0000006025100000,0x0000006025200000)]
  0x000001f1b1034660 JavaThread "C2 CompilerThread1" daemon [_thread_in_native, id=9132, stack(0x0000006025200000,0x0000006025300000)]

Other Threads:
  0x000001f19f8beb20 VMThread "VM Thread" [stack: 0x0000006024500000,0x0000006024600000] [id=26760]
  0x000001f1afd4e650 WatcherThread "VM Periodic Task Thread" [stack: 0x0000006025000000,0x0000006025100000] [id=19360]
  0x000001f19f8b0b60 WorkerThread "GC Thread#0" [stack: 0x0000006024000000,0x0000006024100000] [id=26664]
  0x000001f19fa5c3b0 WorkerThread "GC Thread#1" [stack: 0x0000006025300000,0x0000006025400000] [id=19200]
  0x000001f19fa5c650 WorkerThread "GC Thread#2" [stack: 0x0000006025400000,0x0000006025500000] [id=28220]
  0x000001f19fa5d610 WorkerThread "GC Thread#3" [stack: 0x0000006025500000,0x0000006025600000] [id=27896]
  0x000001f19fa5c8f0 WorkerThread "GC Thread#4" [stack: 0x0000006025600000,0x0000006025700000] [id=25284]
  0x000001f19fa5ce30 WorkerThread "GC Thread#5" [stack: 0x0000006025700000,0x0000006025800000] [id=9140]
  0x000001f19fa5cb90 WorkerThread "GC Thread#6" [stack: 0x0000006025800000,0x0000006025900000] [id=22608]
  0x000001f19fa5d8b0 WorkerThread "GC Thread#7" [stack: 0x0000006025900000,0x0000006025a00000] [id=20952]
  0x000001f19f8b4eb0 ConcurrentGCThread "G1 Main Marker" [stack: 0x0000006024100000,0x0000006024200000] [id=15232]
  0x000001f19f8b6220 WorkerThread "G1 Conc#0" [stack: 0x0000006024200000,0x0000006024300000] [id=28120]
  0x000001f19f90b170 ConcurrentGCThread "G1 Refine#0" [stack: 0x0000006024300000,0x0000006024400000] [id=28288]
  0x000001f19f90b990 ConcurrentGCThread "G1 Service" [stack: 0x0000006024400000,0x0000006024500000] [id=18412]

Threads with active compile tasks:
C2 CompilerThread0     5451 4032       4       org.codehaus.plexus.interpolation.AbstractDelegatingValueSource::getValue (11 bytes)
C2 CompilerThread1     5451 4118       4       org.apache.maven.model.inheritance.DefaultInheritanceAssembler$InheritanceModelMerger::mergePluginContainer_Plugins (430 bytes)

VM state: not at safepoint (normal execution)

VM Mutex/Monitor currently owned by a thread: None

Heap address: 0x0000000701800000, size: 4072 MB, Compressed Oops mode: Zero based, Oop shift amount: 3

CDS archive(s) mapped at: [0x0000000800000000-0x0000000800ba0000-0x0000000800ba0000), size 12189696, SharedBaseAddress: 0x0000000800000000, ArchiveRelocationMode: 0.
Compressed class space mapped at: 0x0000000800c00000-0x0000000840c00000, reserved size: 1073741824
Narrow klass base: 0x0000000800000000, Narrow klass shift: 0, Narrow klass range: 0x100000000

GC Precious Log:
 CardTable entry size: 512
 Card Set container configuration: InlinePtr #cards 4 size 8 Array Of Cards #cards 16 size 48 Howl #buckets 8 coarsen threshold 3686 Howl Bitmap #cards 512 size 80 coarsen threshold 460 Card regions per heap region 1 cards per card region 4096
 CPUs: 8 total, 8 available
 Memory: 16283M
 Large Page Support: Disabled
 NUMA Support: Disabled
 Compressed Oops: Enabled (Zero based)
 Heap Region Size: 2M
 Heap Min Capacity: 8M
 Heap Initial Capacity: 256M
 Heap Max Capacity: 4072M
 Pre-touch: Disabled
 Parallel Workers: 8
 Concurrent Workers: 2
 Concurrent Refinement Workers: 8
 Periodic GC: Disabled

Heap:
 garbage-first heap   total 262144K, used 24363K [0x0000000701800000, 0x0000000800000000)
  region size 2048K, 12 young (24576K), 6 survivors (12288K)
 Metaspace       used 15133K, committed 15424K, reserved 1114112K
  class space    used 1606K, committed 1728K, reserved 1048576K

Heap Regions: E=young(eden), S=young(survivor), O=old, HS=humongous(starts), HC=humongous(continues), CS=collection set, F=free, OA=open archive, CA=closed archive, TAMS=top-at-mark-start (previous, next)
|   0|0x0000000701800000, 0x0000000701a00000, 0x0000000701a00000|100%| O|  |TAMS 0x0000000701800000, 0x0000000701800000| Untracked 
|   1|0x0000000701a00000, 0x0000000701b4b000, 0x0000000701c00000| 64%| O|  |TAMS 0x0000000701a00000, 0x0000000701a00000| Untracked 
|   2|0x0000000701c00000, 0x0000000701c00000, 0x0000000701e00000|  0%| F|  |TAMS 0x0000000701c00000, 0x0000000701c00000| Untracked 
|   3|0x0000000701e00000, 0x0000000701e00000, 0x0000000702000000|  0%| F|  |TAMS 0x0000000701e00000, 0x0000000701e00000| Untracked 
|   4|0x0000000702000000, 0x0000000702000000, 0x0000000702200000|  0%| F|  |TAMS 0x0000000702000000, 0x0000000702000000| Untracked 
|   5|0x0000000702200000, 0x0000000702200000, 0x0000000702400000|  0%| F|  |TAMS 0x0000000702200000, 0x0000000702200000| Untracked 
|   6|0x0000000702400000, 0x0000000702400000, 0x0000000702600000|  0%| F|  |TAMS 0x0000000702400000, 0x0000000702400000| Untracked 
|   7|0x0000000702600000, 0x0000000702600000, 0x0000000702800000|  0%| F|  |TAMS 0x0000000702600000, 0x0000000702600000| Untracked 
|   8|0x0000000702800000, 0x0000000702800000, 0x0000000702a00000|  0%| F|  |TAMS 0x0000000702800000, 0x0000000702800000| Untracked 
|   9|0x0000000702a00000, 0x0000000702a00000, 0x0000000702c00000|  0%| F|  |TAMS 0x0000000702a00000, 0x0000000702a00000| Untracked 
|  10|0x0000000702c00000, 0x0000000702c00000, 0x0000000702e00000|  0%| F|  |TAMS 0x0000000702c00000, 0x0000000702c00000| Untracked 
|  11|0x0000000702e00000, 0x0000000702e00000, 0x0000000703000000|  0%| F|  |TAMS 0x0000000702e00000, 0x0000000702e00000| Untracked 
|  12|0x0000000703000000, 0x0000000703000000, 0x0000000703200000|  0%| F|  |TAMS 0x0000000703000000, 0x0000000703000000| Untracked 
|  13|0x0000000703200000, 0x0000000703200000, 0x0000000703400000|  0%| F|  |TAMS 0x0000000703200000, 0x0000000703200000| Untracked 
|  14|0x0000000703400000, 0x0000000703400000, 0x0000000703600000|  0%| F|  |TAMS 0x0000000703400000, 0x0000000703400000| Untracked 
|  15|0x0000000703600000, 0x0000000703600000, 0x0000000703800000|  0%| F|  |TAMS 0x0000000703600000, 0x0000000703600000| Untracked 
|  16|0x0000000703800000, 0x0000000703800000, 0x0000000703a00000|  0%| F|  |TAMS 0x0000000703800000, 0x0000000703800000| Untracked 
|  17|0x0000000703a00000, 0x0000000703a00000, 0x0000000703c00000|  0%| F|  |TAMS 0x0000000703a00000, 0x0000000703a00000| Untracked 
|  18|0x0000000703c00000, 0x0000000703c00000, 0x0000000703e00000|  0%| F|  |TAMS 0x0000000703c00000, 0x0000000703c00000| Untracked 
|  19|0x0000000703e00000, 0x0000000703e00000, 0x0000000704000000|  0%| F|  |TAMS 0x0000000703e00000, 0x0000000703e00000| Untracked 
|  20|0x0000000704000000, 0x0000000704000000, 0x0000000704200000|  0%| F|  |TAMS 0x0000000704000000, 0x0000000704000000| Untracked 
|  21|0x0000000704200000, 0x0000000704200000, 0x0000000704400000|  0%| F|  |TAMS 0x0000000704200000, 0x0000000704200000| Untracked 
|  22|0x0000000704400000, 0x0000000704400000, 0x0000000704600000|  0%| F|  |TAMS 0x0000000704400000, 0x0000000704400000| Untracked 
|  23|0x0000000704600000, 0x0000000704600000, 0x0000000704800000|  0%| F|  |TAMS 0x0000000704600000, 0x0000000704600000| Untracked 
|  24|0x0000000704800000, 0x0000000704800000, 0x0000000704a00000|  0%| F|  |TAMS 0x0000000704800000, 0x0000000704800000| Untracked 
|  25|0x0000000704a00000, 0x0000000704a00000, 0x0000000704c00000|  0%| F|  |TAMS 0x0000000704a00000, 0x0000000704a00000| Untracked 
|  26|0x0000000704c00000, 0x0000000704c00000, 0x0000000704e00000|  0%| F|  |TAMS 0x0000000704c00000, 0x0000000704c00000| Untracked 
|  27|0x0000000704e00000, 0x0000000704e00000, 0x0000000705000000|  0%| F|  |TAMS 0x0000000704e00000, 0x0000000704e00000| Untracked 
|  28|0x0000000705000000, 0x0000000705000000, 0x0000000705200000|  0%| F|  |TAMS 0x0000000705000000, 0x0000000705000000| Untracked 
|  29|0x0000000705200000, 0x0000000705200000, 0x0000000705400000|  0%| F|  |TAMS 0x0000000705200000, 0x0000000705200000| Untracked 
|  30|0x0000000705400000, 0x0000000705400000, 0x0000000705600000|  0%| F|  |TAMS 0x0000000705400000, 0x0000000705400000| Untracked 
|  31|0x0000000705600000, 0x0000000705600000, 0x0000000705800000|  0%| F|  |TAMS 0x0000000705600000, 0x0000000705600000| Untracked 
|  32|0x0000000705800000, 0x0000000705800000, 0x0000000705a00000|  0%| F|  |TAMS 0x0000000705800000, 0x0000000705800000| Untracked 
|  33|0x0000000705a00000, 0x0000000705a00000, 0x0000000705c00000|  0%| F|  |TAMS 0x0000000705a00000, 0x0000000705a00000| Untracked 
|  34|0x0000000705c00000, 0x0000000705c00000, 0x0000000705e00000|  0%| F|  |TAMS 0x0000000705c00000, 0x0000000705c00000| Untracked 
|  35|0x0000000705e00000, 0x0000000705e00000, 0x0000000706000000|  0%| F|  |TAMS 0x0000000705e00000, 0x0000000705e00000| Untracked 
|  36|0x0000000706000000, 0x0000000706000000, 0x0000000706200000|  0%| F|  |TAMS 0x0000000706000000, 0x0000000706000000| Untracked 
|  37|0x0000000706200000, 0x0000000706200000, 0x0000000706400000|  0%| F|  |TAMS 0x0000000706200000, 0x0000000706200000| Untracked 
|  38|0x0000000706400000, 0x0000000706400000, 0x0000000706600000|  0%| F|  |TAMS 0x0000000706400000, 0x0000000706400000| Untracked 
|  39|0x0000000706600000, 0x0000000706600000, 0x0000000706800000|  0%| F|  |TAMS 0x0000000706600000, 0x0000000706600000| Untracked 
|  40|0x0000000706800000, 0x0000000706800000, 0x0000000706a00000|  0%| F|  |TAMS 0x0000000706800000, 0x0000000706800000| Untracked 
|  41|0x0000000706a00000, 0x0000000706a00000, 0x0000000706c00000|  0%| F|  |TAMS 0x0000000706a00000, 0x0000000706a00000| Untracked 
|  42|0x0000000706c00000, 0x0000000706c00000, 0x0000000706e00000|  0%| F|  |TAMS 0x0000000706c00000, 0x0000000706c00000| Untracked 
|  43|0x0000000706e00000, 0x0000000706e00000, 0x0000000707000000|  0%| F|  |TAMS 0x0000000706e00000, 0x0000000706e00000| Untracked 
|  44|0x0000000707000000, 0x0000000707000000, 0x0000000707200000|  0%| F|  |TAMS 0x0000000707000000, 0x0000000707000000| Untracked 
|  45|0x0000000707200000, 0x0000000707200000, 0x0000000707400000|  0%| F|  |TAMS 0x0000000707200000, 0x0000000707200000| Untracked 
|  46|0x0000000707400000, 0x000000070747fdd0, 0x0000000707600000| 24%| S|CS|TAMS 0x0000000707400000, 0x0000000707400000| Complete 
|  47|0x0000000707600000, 0x0000000707800000, 0x0000000707800000|100%| S|CS|TAMS 0x0000000707600000, 0x0000000707600000| Complete 
|  48|0x0000000707800000, 0x0000000707a00000, 0x0000000707a00000|100%| S|CS|TAMS 0x0000000707800000, 0x0000000707800000| Complete 
|  49|0x0000000707a00000, 0x0000000707c00000, 0x0000000707c00000|100%| S|CS|TAMS 0x0000000707a00000, 0x0000000707a00000| Complete 
|  50|0x0000000707c00000, 0x0000000707e00000, 0x0000000707e00000|100%| S|CS|TAMS 0x0000000707c00000, 0x0000000707c00000| Complete 
|  51|0x0000000707e00000, 0x0000000708000000, 0x0000000708000000|100%| S|CS|TAMS 0x0000000707e00000, 0x0000000707e00000| Complete 
|  52|0x0000000708000000, 0x0000000708000000, 0x0000000708200000|  0%| F|  |TAMS 0x0000000708000000, 0x0000000708000000| Untracked 
|  53|0x0000000708200000, 0x0000000708200000, 0x0000000708400000|  0%| F|  |TAMS 0x0000000708200000, 0x0000000708200000| Untracked 
|  54|0x0000000708400000, 0x0000000708400000, 0x0000000708600000|  0%| F|  |TAMS 0x0000000708400000, 0x0000000708400000| Untracked 
|  55|0x0000000708600000, 0x0000000708600000, 0x0000000708800000|  0%| F|  |TAMS 0x0000000708600000, 0x0000000708600000| Untracked 
|  56|0x0000000708800000, 0x0000000708800000, 0x0000000708a00000|  0%| F|  |TAMS 0x0000000708800000, 0x0000000708800000| Untracked 
|  57|0x0000000708a00000, 0x0000000708a00000, 0x0000000708c00000|  0%| F|  |TAMS 0x0000000708a00000, 0x0000000708a00000| Untracked 
|  58|0x0000000708c00000, 0x0000000708c00000, 0x0000000708e00000|  0%| F|  |TAMS 0x0000000708c00000, 0x0000000708c00000| Untracked 
|  59|0x0000000708e00000, 0x0000000708e00000, 0x0000000709000000|  0%| F|  |TAMS 0x0000000708e00000, 0x0000000708e00000| Untracked 
|  60|0x0000000709000000, 0x0000000709000000, 0x0000000709200000|  0%| F|  |TAMS 0x0000000709000000, 0x0000000709000000| Untracked 
|  61|0x0000000709200000, 0x0000000709200000, 0x0000000709400000|  0%| F|  |TAMS 0x0000000709200000, 0x0000000709200000| Untracked 
|  62|0x0000000709400000, 0x0000000709400000, 0x0000000709600000|  0%| F|  |TAMS 0x0000000709400000, 0x0000000709400000| Untracked 
|  63|0x0000000709600000, 0x0000000709600000, 0x0000000709800000|  0%| F|  |TAMS 0x0000000709600000, 0x0000000709600000| Untracked 
|  64|0x0000000709800000, 0x0000000709800000, 0x0000000709a00000|  0%| F|  |TAMS 0x0000000709800000, 0x0000000709800000| Untracked 
|  65|0x0000000709a00000, 0x0000000709a00000, 0x0000000709c00000|  0%| F|  |TAMS 0x0000000709a00000, 0x0000000709a00000| Untracked 
|  66|0x0000000709c00000, 0x0000000709c00000, 0x0000000709e00000|  0%| F|  |TAMS 0x0000000709c00000, 0x0000000709c00000| Untracked 
|  67|0x0000000709e00000, 0x0000000709e00000, 0x000000070a000000|  0%| F|  |TAMS 0x0000000709e00000, 0x0000000709e00000| Untracked 
|  68|0x000000070a000000, 0x000000070a000000, 0x000000070a200000|  0%| F|  |TAMS 0x000000070a000000, 0x000000070a000000| Untracked 
|  69|0x000000070a200000, 0x000000070a200000, 0x000000070a400000|  0%| F|  |TAMS 0x000000070a200000, 0x000000070a200000| Untracked 
|  70|0x000000070a400000, 0x000000070a400000, 0x000000070a600000|  0%| F|  |TAMS 0x000000070a400000, 0x000000070a400000| Untracked 
|  71|0x000000070a600000, 0x000000070a600000, 0x000000070a800000|  0%| F|  |TAMS 0x000000070a600000, 0x000000070a600000| Untracked 
|  72|0x000000070a800000, 0x000000070a800000, 0x000000070aa00000|  0%| F|  |TAMS 0x000000070a800000, 0x000000070a800000| Untracked 
|  73|0x000000070aa00000, 0x000000070aa00000, 0x000000070ac00000|  0%| F|  |TAMS 0x000000070aa00000, 0x000000070aa00000| Untracked 
|  74|0x000000070ac00000, 0x000000070ac00000, 0x000000070ae00000|  0%| F|  |TAMS 0x000000070ac00000, 0x000000070ac00000| Untracked 
|  75|0x000000070ae00000, 0x000000070ae00000, 0x000000070b000000|  0%| F|  |TAMS 0x000000070ae00000, 0x000000070ae00000| Untracked 
|  76|0x000000070b000000, 0x000000070b000000, 0x000000070b200000|  0%| F|  |TAMS 0x000000070b000000, 0x000000070b000000| Untracked 
|  77|0x000000070b200000, 0x000000070b200000, 0x000000070b400000|  0%| F|  |TAMS 0x000000070b200000, 0x000000070b200000| Untracked 
|  78|0x000000070b400000, 0x000000070b400000, 0x000000070b600000|  0%| F|  |TAMS 0x000000070b400000, 0x000000070b400000| Untracked 
|  79|0x000000070b600000, 0x000000070b600000, 0x000000070b800000|  0%| F|  |TAMS 0x000000070b600000, 0x000000070b600000| Untracked 
|  80|0x000000070b800000, 0x000000070b800000, 0x000000070ba00000|  0%| F|  |TAMS 0x000000070b800000, 0x000000070b800000| Untracked 
|  81|0x000000070ba00000, 0x000000070ba00000, 0x000000070bc00000|  0%| F|  |TAMS 0x000000070ba00000, 0x000000070ba00000| Untracked 
|  82|0x000000070bc00000, 0x000000070bc00000, 0x000000070be00000|  0%| F|  |TAMS 0x000000070bc00000, 0x000000070bc00000| Untracked 
|  83|0x000000070be00000, 0x000000070be00000, 0x000000070c000000|  0%| F|  |TAMS 0x000000070be00000, 0x000000070be00000| Untracked 
|  84|0x000000070c000000, 0x000000070c000000, 0x000000070c200000|  0%| F|  |TAMS 0x000000070c000000, 0x000000070c000000| Untracked 
|  85|0x000000070c200000, 0x000000070c200000, 0x000000070c400000|  0%| F|  |TAMS 0x000000070c200000, 0x000000070c200000| Untracked 
|  86|0x000000070c400000, 0x000000070c400000, 0x000000070c600000|  0%| F|  |TAMS 0x000000070c400000, 0x000000070c400000| Untracked 
|  87|0x000000070c600000, 0x000000070c600000, 0x000000070c800000|  0%| F|  |TAMS 0x000000070c600000, 0x000000070c600000| Untracked 
|  88|0x000000070c800000, 0x000000070c800000, 0x000000070ca00000|  0%| F|  |TAMS 0x000000070c800000, 0x000000070c800000| Untracked 
|  89|0x000000070ca00000, 0x000000070ca00000, 0x000000070cc00000|  0%| F|  |TAMS 0x000000070ca00000, 0x000000070ca00000| Untracked 
|  90|0x000000070cc00000, 0x000000070cc00000, 0x000000070ce00000|  0%| F|  |TAMS 0x000000070cc00000, 0x000000070cc00000| Untracked 
|  91|0x000000070ce00000, 0x000000070ce00000, 0x000000070d000000|  0%| F|  |TAMS 0x000000070ce00000, 0x000000070ce00000| Untracked 
|  92|0x000000070d000000, 0x000000070d000000, 0x000000070d200000|  0%| F|  |TAMS 0x000000070d000000, 0x000000070d000000| Untracked 
|  93|0x000000070d200000, 0x000000070d200000, 0x000000070d400000|  0%| F|  |TAMS 0x000000070d200000, 0x000000070d200000| Untracked 
|  94|0x000000070d400000, 0x000000070d400000, 0x000000070d600000|  0%| F|  |TAMS 0x000000070d400000, 0x000000070d400000| Untracked 
|  95|0x000000070d600000, 0x000000070d600000, 0x000000070d800000|  0%| F|  |TAMS 0x000000070d600000, 0x000000070d600000| Untracked 
|  96|0x000000070d800000, 0x000000070d800000, 0x000000070da00000|  0%| F|  |TAMS 0x000000070d800000, 0x000000070d800000| Untracked 
|  97|0x000000070da00000, 0x000000070da00000, 0x000000070dc00000|  0%| F|  |TAMS 0x000000070da00000, 0x000000070da00000| Untracked 
|  98|0x000000070dc00000, 0x000000070dc00000, 0x000000070de00000|  0%| F|  |TAMS 0x000000070dc00000, 0x000000070dc00000| Untracked 
|  99|0x000000070de00000, 0x000000070de00000, 0x000000070e000000|  0%| F|  |TAMS 0x000000070de00000, 0x000000070de00000| Untracked 
| 100|0x000000070e000000, 0x000000070e000000, 0x000000070e200000|  0%| F|  |TAMS 0x000000070e000000, 0x000000070e000000| Untracked 
| 101|0x000000070e200000, 0x000000070e200000, 0x000000070e400000|  0%| F|  |TAMS 0x000000070e200000, 0x000000070e200000| Untracked 
| 102|0x000000070e400000, 0x000000070e400000, 0x000000070e600000|  0%| F|  |TAMS 0x000000070e400000, 0x000000070e400000| Untracked 
| 103|0x000000070e600000, 0x000000070e600000, 0x000000070e800000|  0%| F|  |TAMS 0x000000070e600000, 0x000000070e600000| Untracked 
| 104|0x000000070e800000, 0x000000070e800000, 0x000000070ea00000|  0%| F|  |TAMS 0x000000070e800000, 0x000000070e800000| Untracked 
| 105|0x000000070ea00000, 0x000000070ea00000, 0x000000070ec00000|  0%| F|  |TAMS 0x000000070ea00000, 0x000000070ea00000| Untracked 
| 106|0x000000070ec00000, 0x000000070ec00000, 0x000000070ee00000|  0%| F|  |TAMS 0x000000070ec00000, 0x000000070ec00000| Untracked 
| 107|0x000000070ee00000, 0x000000070ee00000, 0x000000070f000000|  0%| F|  |TAMS 0x000000070ee00000, 0x000000070ee00000| Untracked 
| 108|0x000000070f000000, 0x000000070f000000, 0x000000070f200000|  0%| F|  |TAMS 0x000000070f000000, 0x000000070f000000| Untracked 
| 109|0x000000070f200000, 0x000000070f200000, 0x000000070f400000|  0%| F|  |TAMS 0x000000070f200000, 0x000000070f200000| Untracked 
| 110|0x000000070f400000, 0x000000070f400000, 0x000000070f600000|  0%| F|  |TAMS 0x000000070f400000, 0x000000070f400000| Untracked 
| 111|0x000000070f600000, 0x000000070f600000, 0x000000070f800000|  0%| F|  |TAMS 0x000000070f600000, 0x000000070f600000| Untracked 
| 112|0x000000070f800000, 0x000000070f800000, 0x000000070fa00000|  0%| F|  |TAMS 0x000000070f800000, 0x000000070f800000| Untracked 
| 113|0x000000070fa00000, 0x000000070fa00000, 0x000000070fc00000|  0%| F|  |TAMS 0x000000070fa00000, 0x000000070fa00000| Untracked 
| 114|0x000000070fc00000, 0x000000070fc00000, 0x000000070fe00000|  0%| F|  |TAMS 0x000000070fc00000, 0x000000070fc00000| Untracked 
| 115|0x000000070fe00000, 0x000000070fe00000, 0x0000000710000000|  0%| F|  |TAMS 0x000000070fe00000, 0x000000070fe00000| Untracked 
| 116|0x0000000710000000, 0x0000000710000000, 0x0000000710200000|  0%| F|  |TAMS 0x0000000710000000, 0x0000000710000000| Untracked 
| 117|0x0000000710200000, 0x0000000710200000, 0x0000000710400000|  0%| F|  |TAMS 0x0000000710200000, 0x0000000710200000| Untracked 
| 118|0x0000000710400000, 0x0000000710400000, 0x0000000710600000|  0%| F|  |TAMS 0x0000000710400000, 0x0000000710400000| Untracked 
| 119|0x0000000710600000, 0x0000000710600000, 0x0000000710800000|  0%| F|  |TAMS 0x0000000710600000, 0x0000000710600000| Untracked 
| 120|0x0000000710800000, 0x0000000710800000, 0x0000000710a00000|  0%| F|  |TAMS 0x0000000710800000, 0x0000000710800000| Untracked 
| 121|0x0000000710a00000, 0x0000000710a00000, 0x0000000710c00000|  0%| F|  |TAMS 0x0000000710a00000, 0x0000000710a00000| Untracked 
| 122|0x0000000710c00000, 0x0000000710e00000, 0x0000000710e00000|100%| E|  |TAMS 0x0000000710c00000, 0x0000000710c00000| Complete 
| 123|0x0000000710e00000, 0x0000000711000000, 0x0000000711000000|100%| E|CS|TAMS 0x0000000710e00000, 0x0000000710e00000| Complete 
| 124|0x0000000711000000, 0x0000000711200000, 0x0000000711200000|100%| E|CS|TAMS 0x0000000711000000, 0x0000000711000000| Complete 
| 125|0x0000000711200000, 0x0000000711400000, 0x0000000711400000|100%| E|CS|TAMS 0x0000000711200000, 0x0000000711200000| Complete 
| 126|0x0000000711400000, 0x0000000711600000, 0x0000000711600000|100%| E|CS|TAMS 0x0000000711400000, 0x0000000711400000| Complete 
| 127|0x0000000711600000, 0x0000000711800000, 0x0000000711800000|100%| E|CS|TAMS 0x0000000711600000, 0x0000000711600000| Complete 

Card table byte_map: [0x000001f1a0270000,0x000001f1a0a70000] _byte_map_base: 0x000001f19ca64000

Marking Bits (Prev, Next): (CMBitMap*) 0x000001f188cc25d0, (CMBitMap*) 0x000001f188cc2610
 Prev Bits: [0x000001f1a1270000, 0x000001f1a5210000)
 Next Bits: [0x000001f1a5210000, 0x000001f1a91b0000)

Polling page: 0x000001f186b00000

Metaspace:

Usage:
  Non-class:     13.21 MB used.
      Class:      1.57 MB used.
       Both:     14.78 MB used.

Virtual space:
  Non-class space:       64.00 MB reserved,      13.38 MB ( 21%) committed,  1 nodes.
      Class space:        1.00 GB reserved,       1.69 MB ( <1%) committed,  1 nodes.
             Both:        1.06 GB reserved,      15.06 MB (  1%) committed. 

Chunk freelists:
   Non-Class:  1.91 MB
       Class:  2.33 MB
        Both:  4.23 MB

MaxMetaspaceSize: unlimited
CompressedClassSpaceSize: 1.00 GB
Initial GC threshold: 21.00 MB
Current GC threshold: 21.00 MB
CDS: on
MetaspaceReclaimPolicy: balanced
 - commit_granule_bytes: 65536.
 - commit_granule_words: 8192.
 - virtual_space_node_default_size: 8388608.
 - enlarge_chunks_in_place: 1.
 - new_chunks_are_fully_committed: 0.
 - uncommit_free_chunks: 1.
 - use_allocation_guard: 0.


Internal statistics:

num_allocs_failed_limit: 0.
num_arena_births: 256.
num_arena_deaths: 0.
num_vsnodes_births: 2.
num_vsnodes_deaths: 0.
num_space_committed: 241.
num_space_uncommitted: 0.
num_chunks_returned_to_freelist: 0.
num_chunks_taken_from_freelist: 783.
num_chunk_merges: 0.
num_chunk_splits: 559.
num_chunks_enlarged: 424.
num_inconsistent_stats: 0.

CodeHeap 'non-profiled nmethods': size=120000Kb used=2027Kb max_used=2027Kb free=117972Kb
 bounds [0x000001f198010000, 0x000001f198280000, 0x000001f19f540000]
CodeHeap 'profiled nmethods': size=120000Kb used=9249Kb max_used=9249Kb free=110750Kb
 bounds [0x000001f190ae0000, 0x000001f1913f0000, 0x000001f198010000]
CodeHeap 'non-nmethods': size=5760Kb used=1188Kb max_used=1233Kb free=4571Kb
 bounds [0x000001f190540000, 0x000001f1907b0000, 0x000001f190ae0000]
 total_blobs=4670 nmethods=4196 adapters=385
 compilation: enabled
              stopped_count=0, restarted_count=0
 full_count=0

Compilation events (20 events):
Event: 5.272 Thread 0x000001f1afc14f60 4205       3       org.codehaus.plexus.util.SelectorUtils::match (629 bytes)
Event: 5.274 Thread 0x000001f1afc14f60 nmethod 4205 0x000001f1913df290 code [0x000001f1913df660, 0x000001f1913e1418]
Event: 5.274 Thread 0x000001f1afc14f60 4206       3       org.codehaus.plexus.util.SelectorUtils::tokenizePath (40 bytes)
Event: 5.275 Thread 0x000001f1afc14f60 nmethod 4206 0x000001f1913e1d10 code [0x000001f1913e1f60, 0x000001f1913e2a08]
Event: 5.275 Thread 0x000001f1afc14f60 4207  s    3       java.lang.StringBuffer::append (13 bytes)
Event: 5.275 Thread 0x000001f1afc14f60 nmethod 4207 0x000001f1913e2e90 code [0x000001f1913e3040, 0x000001f1913e3268]
Event: 5.275 Thread 0x000001f1afc14f60 4209       3       org.codehaus.plexus.util.SelectorUtils::matchPath (560 bytes)
Event: 5.277 Thread 0x000001f1afc14f60 nmethod 4209 0x000001f1913e3310 code [0x000001f1913e3760, 0x000001f1913e5e08]
Event: 5.277 Thread 0x000001f1afc14f60 4208       3       org.codehaus.plexus.util.DirectoryScanner::matchPath (7 bytes)
Event: 5.277 Thread 0x000001f1afc14f60 nmethod 4208 0x000001f1913e6990 code [0x000001f1913e6b20, 0x000001f1913e6c28]
Event: 5.296 Thread 0x000001f1afc14f60 4213       3       org.codehaus.plexus.util.DirectoryScanner::isExcluded (38 bytes)
Event: 5.296 Thread 0x000001f1afc14f60 nmethod 4213 0x000001f1913e6d10 code [0x000001f1913e6ec0, 0x000001f1913e71c8]
Event: 5.301 Thread 0x000001f1afc14f60 4214       1       org.codehaus.plexus.util.DirectoryScanner::isSelected (2 bytes)
Event: 5.301 Thread 0x000001f1afc14f60 nmethod 4214 0x000001f19820ab90 code [0x000001f19820ad20, 0x000001f19820adf8]
Event: 5.325 Thread 0x000001f1afc14f60 4217  s    3       java.lang.StringBuffer::toString (59 bytes)
Event: 5.326 Thread 0x000001f1afc14f60 nmethod 4217 0x000001f1913e7310 code [0x000001f1913e7500, 0x000001f1913e7a28]
Event: 5.327 Thread 0x000001f1afc14f60 4218       3       java.lang.StringBuffer::<init> (7 bytes)
Event: 5.327 Thread 0x000001f1afc14f60 nmethod 4218 0x000001f1913e7b90 code [0x000001f1913e7d20, 0x000001f1913e7e68]
Event: 5.331 Thread 0x000001f1afc14f60 4219       3       org.codehaus.plexus.util.DirectoryScanner::isIncluded (38 bytes)
Event: 5.332 Thread 0x000001f1afc14f60 nmethod 4219 0x000001f1913e7f10 code [0x000001f1913e80c0, 0x000001f1913e83c8]

GC Heap History (6 events):
Event: 1.471 GC heap before
{Heap before GC invocations=0 (full 0):
 garbage-first heap   total 262144K, used 22528K [0x0000000701800000, 0x0000000800000000)
  region size 2048K, 11 young (22528K), 0 survivors (0K)
 Metaspace       used 4902K, committed 5056K, reserved 1114112K
  class space    used 570K, committed 640K, reserved 1048576K
}
Event: 1.475 GC heap after
{Heap after GC invocations=1 (full 0):
 garbage-first heap   total 262144K, used 3583K [0x0000000701800000, 0x0000000800000000)
  region size 2048K, 2 young (4096K), 2 survivors (4096K)
 Metaspace       used 4902K, committed 5056K, reserved 1114112K
  class space    used 570K, committed 640K, reserved 1048576K
}
Event: 2.238 GC heap before
{Heap before GC invocations=1 (full 0):
 garbage-first heap   total 262144K, used 34303K [0x0000000701800000, 0x0000000800000000)
  region size 2048K, 17 young (34816K), 2 survivors (4096K)
 Metaspace       used 10569K, committed 10816K, reserved 1114112K
  class space    used 1263K, committed 1408K, reserved 1048576K
}
Event: 2.243 GC heap after
{Heap after GC invocations=2 (full 0):
 garbage-first heap   total 262144K, used 6255K [0x0000000701800000, 0x0000000800000000)
  region size 2048K, 2 young (4096K), 2 survivors (4096K)
 Metaspace       used 10569K, committed 10816K, reserved 1114112K
  class space    used 1263K, committed 1408K, reserved 1048576K
}
Event: 5.301 GC heap before
{Heap before GC invocations=2 (full 0):
 garbage-first heap   total 262144K, used 157807K [0x0000000701800000, 0x0000000800000000)
  region size 2048K, 76 young (155648K), 2 survivors (4096K)
 Metaspace       used 15088K, committed 15360K, reserved 1114112K
  class space    used 1603K, committed 1728K, reserved 1048576K
}
Event: 5.311 GC heap after
{Heap after GC invocations=3 (full 0):
 garbage-first heap   total 262144K, used 14123K [0x0000000701800000, 0x0000000800000000)
  region size 2048K, 6 young (12288K), 6 survivors (12288K)
 Metaspace       used 15088K, committed 15360K, reserved 1114112K
  class space    used 1603K, committed 1728K, reserved 1048576K
}

Deoptimization events (20 events):
Event: 4.549 Thread 0x000001f188c90c10 DEOPT PACKING pc=0x000001f1981c9574 sp=0x0000006023ffe540
Event: 4.549 Thread 0x000001f188c90c10 DEOPT UNPACKING pc=0x000001f1905923a3 sp=0x0000006023ffe540 mode 2
Event: 4.872 Thread 0x000001f188c90c10 Uncommon trap: trap_request=0xffffffde fr.pc=0x000001f1981bd6b4 relative=0x00000000000006d4
Event: 4.872 Thread 0x000001f188c90c10 Uncommon trap: reason=class_check action=maybe_recompile pc=0x000001f1981bd6b4 method=org.eclipse.sisu.inject.LazyBeanEntry.getValue()Ljava/lang/Object; @ 4 c2
Event: 4.872 Thread 0x000001f188c90c10 DEOPT PACKING pc=0x000001f1981bd6b4 sp=0x0000006023ffe390
Event: 4.872 Thread 0x000001f188c90c10 DEOPT UNPACKING pc=0x000001f1905923a3 sp=0x0000006023ffe390 mode 2
Event: 4.880 Thread 0x000001f188c90c10 Uncommon trap: trap_request=0xffffffde fr.pc=0x000001f1981c9574 relative=0x0000000000000774
Event: 4.880 Thread 0x000001f188c90c10 Uncommon trap: reason=class_check action=maybe_recompile pc=0x000001f1981c9574 method=org.eclipse.sisu.wire.EntryListAdapter$ValueIterator.next()Ljava/lang/Object; @ 4 c2
Event: 4.880 Thread 0x000001f188c90c10 DEOPT PACKING pc=0x000001f1981c9574 sp=0x0000006023ffe540
Event: 4.880 Thread 0x000001f188c90c10 DEOPT UNPACKING pc=0x000001f1905923a3 sp=0x0000006023ffe540 mode 2
Event: 4.939 Thread 0x000001f188c90c10 Uncommon trap: trap_request=0xffffffde fr.pc=0x000001f1981c9574 relative=0x0000000000000774
Event: 4.939 Thread 0x000001f188c90c10 Uncommon trap: reason=class_check action=maybe_recompile pc=0x000001f1981c9574 method=org.eclipse.sisu.wire.EntryListAdapter$ValueIterator.next()Ljava/lang/Object; @ 4 c2
Event: 4.939 Thread 0x000001f188c90c10 DEOPT PACKING pc=0x000001f1981c9574 sp=0x0000006023ffe540
Event: 4.939 Thread 0x000001f188c90c10 DEOPT UNPACKING pc=0x000001f1905923a3 sp=0x0000006023ffe540 mode 2
Event: 5.214 Thread 0x000001f188c90c10 DEOPT PACKING pc=0x000001f190cee449 sp=0x0000006023ffccc0
Event: 5.214 Thread 0x000001f188c90c10 DEOPT UNPACKING pc=0x000001f190592b43 sp=0x0000006023ffc1c0 mode 0
Event: 5.250 Thread 0x000001f188c90c10 Uncommon trap: trap_request=0xffffffde fr.pc=0x000001f1981bd6b4 relative=0x00000000000006d4
Event: 5.250 Thread 0x000001f188c90c10 Uncommon trap: reason=class_check action=maybe_recompile pc=0x000001f1981bd6b4 method=org.eclipse.sisu.inject.LazyBeanEntry.getValue()Ljava/lang/Object; @ 4 c2
Event: 5.250 Thread 0x000001f188c90c10 DEOPT PACKING pc=0x000001f1981bd6b4 sp=0x0000006023ffe390
Event: 5.250 Thread 0x000001f188c90c10 DEOPT UNPACKING pc=0x000001f1905923a3 sp=0x0000006023ffe390 mode 2

Classes loaded (20 events):
Event: 3.682 Loading class java/net/URISyntaxException
Event: 3.682 Loading class java/net/URISyntaxException done
Event: 3.695 Loading class jdk/internal/reflect/MethodHandleBooleanFieldAccessorImpl
Event: 3.695 Loading class jdk/internal/reflect/MethodHandleBooleanFieldAccessorImpl done
Event: 4.915 Loading class java/io/FileWriter
Event: 4.915 Loading class java/io/FileWriter done
Event: 4.921 Loading class java/io/FileOutputStream$1
Event: 4.921 Loading class java/io/FileOutputStream$1 done
Event: 5.237 Loading class org/w3c/dom/Node
Event: 5.237 Loading class org/w3c/dom/Node done
Event: 5.237 Loading class org/xml/sax/SAXException
Event: 5.237 Loading class org/xml/sax/SAXException done
Event: 5.237 Loading class javax/xml/parsers/ParserConfigurationException
Event: 5.237 Loading class javax/xml/parsers/ParserConfigurationException done
Event: 5.238 Loading class org/w3c/dom/Document
Event: 5.238 Loading class org/w3c/dom/Document done
Event: 5.238 Loading class org/w3c/dom/Element
Event: 5.238 Loading class org/w3c/dom/Element done
Event: 5.255 Loading class jdk/internal/reflect/MethodHandleIntegerFieldAccessorImpl
Event: 5.256 Loading class jdk/internal/reflect/MethodHandleIntegerFieldAccessorImpl done

Classes unloaded (0 events):
No events

Classes redefined (0 events):
No events

Internal exceptions (20 events):
Event: 2.049 Thread 0x000001f188c90c10 Exception <a 'java/lang/NoSuchMethodError'{0x000000070fb37430}: 'void java.lang.invoke.Invokers$Holder.invokeExact_MT(java.lang.Object, java.lang.Object, java.lang.Object, java.lang.Object)'> (0x000000070fb37430) 
thrown [s\open\src\hotspot\share\interpreter\linkResolver.cpp, line 759]
Event: 2.066 Thread 0x000001f188c90c10 Exception <a 'java/lang/NoClassDefFoundError'{0x000000070fbb8498}: com/google/inject/servlet/ServletModuleTargetVisitor> (0x000000070fbb8498) 
thrown [s\open\src\hotspot\share\classfile\systemDictionary.cpp, line 244]
Event: 2.102 Thread 0x000001f188c90c10 Exception <a 'java/lang/NoSuchMethodError'{0x000000070f875b98}: 'java.lang.Object java.lang.invoke.DirectMethodHandle$Holder.invokeStatic(java.lang.Object, java.lang.Object, int)'> (0x000000070f875b98) 
thrown [s\open\src\hotspot\share\interpreter\linkResolver.cpp, line 759]
Event: 2.103 Thread 0x000001f188c90c10 Exception <a 'java/lang/NoSuchMethodError'{0x000000070f881fa8}: 'void java.lang.invoke.DelegatingMethodHandle$Holder.delegate(java.lang.Object, java.lang.Object, int, java.lang.Object)'> (0x000000070f881fa8) 
thrown [s\open\src\hotspot\share\interpreter\linkResolver.cpp, line 759]
Event: 2.104 Thread 0x000001f188c90c10 Exception <a 'java/lang/NoSuchMethodError'{0x000000070f886b78}: 'int java.lang.invoke.DirectMethodHandle$Holder.invokeSpecial(java.lang.Object, java.lang.Object, java.lang.Object)'> (0x000000070f886b78) 
thrown [s\open\src\hotspot\share\interpreter\linkResolver.cpp, line 759]
Event: 2.128 Thread 0x000001f188c90c10 Exception <a 'java/lang/NoSuchMethodError'{0x000000070f915e20}: 'java.lang.Object java.lang.invoke.DirectMethodHandle$Holder.newInvokeSpecial(java.lang.Object, java.lang.Object, java.lang.Object, java.lang.Object, java.lang.Object, java.lang.Object, java.lang.Object)'> (0x000000070f915e20) 
thrown [s\open\src\hotspot\share\interpreter\linkResolver.cpp, line 759]
Event: 2.135 Thread 0x000001f188c90c10 Exception <a 'java/lang/NoSuchMethodError'{0x000000070f9543f8}: 'java.lang.Object java.lang.invoke.DirectMethodHandle$Holder.newInvokeSpecial(java.lang.Object, java.lang.Object, java.lang.Object, java.lang.Object, java.lang.Object, java.lang.Object, java.lang.Object, java.lang.Object, java.lang.Object)'> (0x000000070f9543f8) 
thrown [s\open\src\hotspot\share\interpreter\linkResolver.cpp, line 759]
Event: 2.135 Thread 0x000001f188c90c10 Exception <a 'java/lang/NoSuchMethodError'{0x000000070f95a708}: 'java.lang.Object java.lang.invoke.DirectMethodHandle$Holder.invokeSpecial(java.lang.Object, java.lang.Object, java.lang.Object, java.lang.Object, java.lang.Object, java.lang.Object, java.lang.Object, java.lang.Object, java.lang.Object, java.lang.Object)'> (0x000000070f95a708) 
thrown [s\open\src\hotspot\share\interpreter\linkResolver.cpp, line 759]
Event: 2.158 Thread 0x000001f188c90c10 Exception <a 'java/lang/NoSuchMethodError'{0x000000070f610738}: 'java.lang.Object java.lang.invoke.DirectMethodHandle$Holder.newInvokeSpecial(java.lang.Object, java.lang.Object, java.lang.Object, java.lang.Object, java.lang.Object, java.lang.Object, java.lang.Object, java.lang.Object, java.lang.Object, java.lang.Object, java.lang.Object, java.lang.Object)'> (0x000000070f610738) 
thrown [s\open\src\hotspot\share\interpreter\linkResolver.cpp, line 759]
Event: 2.159 Thread 0x000001f188c90c10 Exception <a 'java/lang/NoSuchMethodError'{0x000000070f616868}: 'java.lang.Object java.lang.invoke.DirectMethodHandle$Holder.invokeSpecial(java.lang.Object, java.lang.Object, java.lang.Object, java.lang.Object, java.lang.Object, java.lang.Object, java.lang.Object, java.lang.Object, java.lang.Object, java.lang.Object, java.lang.Object, java.lang.Object, java.lang.Object)'> (0x000000070f616868) 
thrown [s\open\src\hotspot\share\interpreter\linkResolver.cpp, line 759]
Event: 2.185 Thread 0x000001f188c90c10 Exception <a 'java/lang/NoSuchMethodError'{0x000000070f6bb6c8}: 'java.lang.Object java.lang.invoke.DirectMethodHandle$Holder.invokeStaticInit(java.lang.Object, int, int, int, int)'> (0x000000070f6bb6c8) 
thrown [s\open\src\hotspot\share\interpreter\linkResolver.cpp, line 759]
Event: 2.394 Thread 0x000001f188c90c10 Exception <a 'java/lang/NoSuchMethodError'{0x00000007112bd648}: 'void java.lang.invoke.DirectMethodHandle$Holder.invokeVirtual(java.lang.Object, java.lang.Object, int)'> (0x00000007112bd648) 
thrown [s\open\src\hotspot\share\interpreter\linkResolver.cpp, line 759]
Event: 2.395 Thread 0x000001f188c90c10 Exception <a 'java/lang/NoSuchMethodError'{0x00000007112c1ae8}: 'int java.lang.invoke.DirectMethodHandle$Holder.invokeSpecial(java.lang.Object, java.lang.Object, java.lang.Object, int)'> (0x00000007112c1ae8) 
thrown [s\open\src\hotspot\share\interpreter\linkResolver.cpp, line 759]
Event: 2.396 Thread 0x000001f188c90c10 Exception <a 'java/lang/NoSuchMethodError'{0x00000007112d4488}: 'java.lang.Object java.lang.invoke.DirectMethodHandle$Holder.invokeStatic(java.lang.Object, java.lang.Object, java.lang.Object, java.lang.Object, int)'> (0x00000007112d4488) 
thrown [s\open\src\hotspot\share\interpreter\linkResolver.cpp, line 759]
Event: 2.397 Thread 0x000001f188c90c10 Exception <a 'java/lang/NoSuchMethodError'{0x00000007112dfdc8}: 'void java.lang.invoke.DelegatingMethodHandle$Holder.reinvoke_L(java.lang.Object, java.lang.Object, int)'> (0x00000007112dfdc8) 
thrown [s\open\src\hotspot\share\interpreter\linkResolver.cpp, line 759]
Event: 3.539 Thread 0x000001f188c90c10 Implicit null exception at 0x000001f1980a4e6d to 0x000001f1980a5038
Event: 3.539 Thread 0x000001f188c90c10 Implicit null exception at 0x000001f19808336d to 0x000001f198083548
Event: 3.539 Thread 0x000001f188c90c10 Implicit null exception at 0x000001f19803eb8f to 0x000001f19803ec09
Event: 3.670 Thread 0x000001f188c90c10 Implicit null exception at 0x000001f198170f16 to 0x000001f19817187c
Event: 3.696 Thread 0x000001f188c90c10 Exception <a 'java/lang/NoSuchMethodError'{0x000000070a971558}: 'void java.lang.invoke.Invokers$Holder.invokeExact_MT(java.lang.Object, java.lang.Object, int, java.lang.Object)'> (0x000000070a971558) 
thrown [s\open\src\hotspot\share\interpreter\linkResolver.cpp, line 759]

VM Operations (20 events):
Event: 2.428 Executing VM operation: HandshakeAllThreads
Event: 2.428 Executing VM operation: HandshakeAllThreads done
Event: 2.428 Executing VM operation: HandshakeAllThreads
Event: 2.428 Executing VM operation: HandshakeAllThreads done
Event: 2.641 Executing VM operation: ICBufferFull
Event: 2.642 Executing VM operation: ICBufferFull done
Event: 3.053 Executing VM operation: ICBufferFull
Event: 3.053 Executing VM operation: ICBufferFull done
Event: 3.401 Executing VM operation: HandshakeAllThreads
Event: 3.401 Executing VM operation: HandshakeAllThreads done
Event: 3.568 Executing VM operation: ICBufferFull
Event: 3.569 Executing VM operation: ICBufferFull done
Event: 3.686 Executing VM operation: HandshakeAllThreads
Event: 3.686 Executing VM operation: HandshakeAllThreads done
Event: 4.699 Executing VM operation: Cleanup
Event: 4.700 Executing VM operation: Cleanup done
Event: 5.051 Executing VM operation: ICBufferFull
Event: 5.051 Executing VM operation: ICBufferFull done
Event: 5.301 Executing VM operation: G1CollectForAllocation
Event: 5.311 Executing VM operation: G1CollectForAllocation done

Events (20 events):
Event: 0.024 Thread 0x000001f19fa588d0 Thread added: 0x000001f19fa588d0
Event: 0.024 Thread 0x000001f19fa5b450 Thread added: 0x000001f19fa5b450
Event: 0.037 Thread 0x000001f1afc00720 Thread added: 0x000001f1afc00720
Event: 0.037 Thread 0x000001f1afc01fe0 Thread added: 0x000001f1afc01fe0
Event: 0.037 Thread 0x000001f1afc02890 Thread added: 0x000001f1afc02890
Event: 0.037 Thread 0x000001f1afc03f60 Thread added: 0x000001f1afc03f60
Event: 0.037 Thread 0x000001f1afc08650 Thread added: 0x000001f1afc08650
Event: 0.037 Thread 0x000001f1afc14f60 Thread added: 0x000001f1afc14f60
Event: 0.037 Thread 0x000001f1afc21c90 Thread added: 0x000001f1afc21c90
Event: 0.060 Thread 0x000001f1afd4a150 Thread added: 0x000001f1afd4a150
Event: 0.064 Thread 0x000001f1afd4ea70 Thread added: 0x000001f1afd4ea70
Event: 0.069 Loaded shared library C:\Program Files\Java\jdk-18.0.2.1\bin\net.dll
Event: 0.072 Loaded shared library C:\Program Files\Java\jdk-18.0.2.1\bin\nio.dll
Event: 0.077 Loaded shared library C:\Program Files\Java\jdk-18.0.2.1\bin\zip.dll
Event: 0.772 Loaded shared library C:\Program Files\Java\jdk-18.0.2.1\bin\jimage.dll
Event: 0.797 Loaded shared library J:\.important\Documents\apache-maven-3.8.6\lib\jansi-native\Windows\x86_64\jansi.dll
Event: 0.813 Loaded shared library C:\Program Files\Java\jdk-18.0.2.1\bin\verify.dll
Event: 1.372 Thread 0x000001f1b02eb7b0 Thread added: 0x000001f1b02eb7b0
Event: 4.020 Thread 0x000001f1b02eb7b0 Thread exited: 0x000001f1b02eb7b0
Event: 4.696 Thread 0x000001f1b1034660 Thread added: 0x000001f1b1034660


Dynamic libraries:
0x00007ff7159c0000 - 0x00007ff7159d0000 	C:\Program Files\Java\jdk-18.0.2.1\bin\java.exe
0x00007ff926520000 - 0x00007ff926729000 	C:\WINDOWS\SYSTEM32\ntdll.dll
0x00007ff925790000 - 0x00007ff92584d000 	C:\WINDOWS\System32\KERNEL32.DLL
0x00007ff923ae0000 - 0x00007ff923e64000 	C:\WINDOWS\System32\KERNELBASE.dll
0x00007ff924130000 - 0x00007ff924241000 	C:\WINDOWS\System32\ucrtbase.dll
0x00007ff90f430000 - 0x00007ff90f448000 	C:\Program Files\Java\jdk-18.0.2.1\bin\jli.dll
0x00007ff90f400000 - 0x00007ff90f41a000 	C:\Program Files\Java\jdk-18.0.2.1\bin\VCRUNTIME140.dll
0x00007ff925250000 - 0x00007ff9252fe000 	C:\WINDOWS\System32\ADVAPI32.dll
0x00007ff924e20000 - 0x00007ff924ec3000 	C:\WINDOWS\System32\msvcrt.dll
0x00007ff9254b0000 - 0x00007ff92554e000 	C:\WINDOWS\System32\sechost.dll
0x00007ff924f80000 - 0x00007ff9250a1000 	C:\WINDOWS\System32\RPCRT4.dll
0x00007ff925300000 - 0x00007ff9254ad000 	C:\WINDOWS\System32\USER32.dll
0x00007ff918250000 - 0x00007ff9184f5000 	C:\WINDOWS\WinSxS\amd64_microsoft.windows.common-controls_6595b64144ccf1df_6.0.22000.120_none_9d947278b86cc467\COMCTL32.dll
0x00007ff924100000 - 0x00007ff924126000 	C:\WINDOWS\System32\win32u.dll
0x00007ff9250c0000 - 0x00007ff9250ea000 	C:\WINDOWS\System32\GDI32.dll
0x00007ff924250000 - 0x00007ff92436e000 	C:\WINDOWS\System32\gdi32full.dll
0x00007ff924060000 - 0x00007ff9240fd000 	C:\WINDOWS\System32\msvcp_win.dll
0x00007ff923360000 - 0x00007ff92336a000 	C:\WINDOWS\SYSTEM32\VERSION.dll
0x00007ff924dd0000 - 0x00007ff924e01000 	C:\WINDOWS\System32\IMM32.DLL
0x00007ff923370000 - 0x00007ff923467000 	C:\Windows\system32\guard64.dll
0x00007ff925b00000 - 0x00007ff925c9a000 	C:\WINDOWS\System32\ole32.dll
0x00007ff924370000 - 0x00007ff9246e6000 	C:\WINDOWS\System32\combase.dll
0x00007ff923350000 - 0x00007ff92335b000 	C:\WINDOWS\system32\fltlib.dll
0x00007ff925d10000 - 0x00007ff9264d5000 	C:\WINDOWS\System32\shell32.dll
0x00007ff91fe50000 - 0x00007ff91fe5c000 	C:\Program Files\Java\jdk-18.0.2.1\bin\vcruntime140_1.dll
0x00007ff8fc210000 - 0x00007ff8fc29d000 	C:\Program Files\Java\jdk-18.0.2.1\bin\msvcp140.dll
0x00007ff8c70a0000 - 0x00007ff8c7cb1000 	C:\Program Files\Java\jdk-18.0.2.1\bin\server\jvm.dll
0x00007ff9250b0000 - 0x00007ff9250b8000 	C:\WINDOWS\System32\PSAPI.DLL
0x00007ff8fba10000 - 0x00007ff8fba19000 	C:\WINDOWS\SYSTEM32\WSOCK32.dll
0x00007ff9251d0000 - 0x00007ff92523f000 	C:\WINDOWS\System32\WS2_32.dll
0x00007ff9199f0000 - 0x00007ff919a23000 	C:\WINDOWS\SYSTEM32\WINMM.dll
0x00007ff922860000 - 0x00007ff922878000 	C:\WINDOWS\SYSTEM32\kernel.appcore.dll
0x00007ff9192e0000 - 0x00007ff9192ea000 	C:\Program Files\Java\jdk-18.0.2.1\bin\jimage.dll
0x00007ff921400000 - 0x00007ff921621000 	C:\WINDOWS\SYSTEM32\DBGHELP.DLL
0x00007ff9191f0000 - 0x00007ff919221000 	C:\WINDOWS\SYSTEM32\dbgcore.DLL
0x00007ff923fe0000 - 0x00007ff92405f000 	C:\WINDOWS\System32\bcryptPrimitives.dll
0x00007ff90f3d0000 - 0x00007ff90f3f5000 	C:\Program Files\Java\jdk-18.0.2.1\bin\java.dll
0x00007ff8fbea0000 - 0x00007ff8fbf76000 	C:\Program Files\Java\jdk-18.0.2.1\bin\jsvml.dll
0x00007ff921920000 - 0x00007ff922182000 	C:\WINDOWS\SYSTEM32\windows.storage.dll
0x00007ff9217b0000 - 0x00007ff921917000 	C:\WINDOWS\SYSTEM32\wintypes.dll
0x00007ff9246f0000 - 0x00007ff9247da000 	C:\WINDOWS\System32\SHCORE.dll
0x00007ff9259f0000 - 0x00007ff925a4d000 	C:\WINDOWS\System32\shlwapi.dll
0x00007ff9238e0000 - 0x00007ff923905000 	C:\WINDOWS\SYSTEM32\profapi.dll
0x00007ff904a60000 - 0x00007ff904a73000 	C:\Program Files\Java\jdk-18.0.2.1\bin\net.dll
0x00007ff91d930000 - 0x00007ff91da44000 	C:\WINDOWS\SYSTEM32\WINHTTP.dll
0x00007ff922d60000 - 0x00007ff922dc7000 	C:\WINDOWS\system32\mswsock.dll
0x00007ff903870000 - 0x00007ff903886000 	C:\Program Files\Java\jdk-18.0.2.1\bin\nio.dll
0x00007ff8ff9c0000 - 0x00007ff8ff9d8000 	C:\Program Files\Java\jdk-18.0.2.1\bin\zip.dll
0x0000000069ac0000 - 0x0000000069ae4000 	J:\.important\Documents\apache-maven-3.8.6\lib\jansi-native\Windows\x86_64\jansi.dll
0x00007ff90f4d0000 - 0x00007ff90f4e0000 	C:\Program Files\Java\jdk-18.0.2.1\bin\verify.dll

dbghelp: loaded successfully - version: 4.0.5 - missing functions: none
symbol engine: initialized successfully - sym options: 0x614 - pdb path: .;C:\Program Files\Java\jdk-18.0.2.1\bin;C:\WINDOWS\SYSTEM32;C:\WINDOWS\WinSxS\amd64_microsoft.windows.common-controls_6595b64144ccf1df_6.0.22000.120_none_9d947278b86cc467;C:\Program Files\Java\jdk-18.0.2.1\bin\server;J:\.important\Documents\apache-maven-3.8.6\lib\jansi-native\Windows\x86_64

VM Arguments:
jvm_args: -Dclassworlds.conf=J:\.important\Documents\apache-maven-3.8.6\bin\m2.conf -Dmaven.home=J:\.important\Documents\apache-maven-3.8.6 -Dlibrary.jansi.path=J:\.important\Documents\apache-maven-3.8.6\lib\jansi-native -Dmaven.multiModuleProjectDirectory=F:\Memefesrec\memefest 
java_command: org.codehaus.plexus.classworlds.launcher.Launcher clean install
java_class_path (initial): J:\.important\Documents\apache-maven-3.8.6\boot\plexus-classworlds-2.6.0.jar
Launcher Type: SUN_STANDARD

[Global flags]
     intx CICompilerCount                          = 4                                         {product} {ergonomic}
     uint ConcGCThreads                            = 2                                         {product} {ergonomic}
     uint G1ConcRefinementThreads                  = 8                                         {product} {ergonomic}
   size_t G1HeapRegionSize                         = 2097152                                   {product} {ergonomic}
    uintx GCDrainStackTargetSize                   = 64                                        {product} {ergonomic}
   size_t InitialHeapSize                          = 268435456                                 {product} {ergonomic}
   size_t MarkStackSize                            = 4194304                                   {product} {ergonomic}
   size_t MaxHeapSize                              = 4269801472                                {product} {ergonomic}
   size_t MaxNewSize                               = 2560622592                                {product} {ergonomic}
   size_t MinHeapDeltaBytes                        = 2097152                                   {product} {ergonomic}
   size_t MinHeapSize                              = 8388608                                   {product} {ergonomic}
    uintx NonNMethodCodeHeapSize                   = 5839372                                {pd product} {ergonomic}
    uintx NonProfiledCodeHeapSize                  = 122909434                              {pd product} {ergonomic}
    uintx ProfiledCodeHeapSize                     = 122909434                              {pd product} {ergonomic}
    uintx ReservedCodeCacheSize                    = 251658240                              {pd product} {ergonomic}
     bool SegmentedCodeCache                       = true                                      {product} {ergonomic}
   size_t SoftMaxHeapSize                          = 4269801472                             {manageable} {ergonomic}
     bool UseCompressedClassPointers               = true                           {product lp64_product} {ergonomic}
     bool UseCompressedOops                        = true                           {product lp64_product} {ergonomic}
     bool UseG1GC                                  = true                                      {product} {ergonomic}
     bool UseLargePagesIndividualAllocation        = false                                  {pd product} {ergonomic}

Logging:
Log output configuration:
 #0: stdout all=warning uptime,level,tags foldmultilines=false
 #1: stderr all=off uptime,level,tags foldmultilines=false

Environment Variables:
JAVA_HOME=C:\Program Files\Java\jdk-18.0.2.1
PATH=C:\Program Files\Common Files\Oracle\Java\javapath;C:\WINDOWS\system32;C:\WINDOWS;C:\WINDOWS\System32\Wbem;C:\WINDOWS\System32\WindowsPowerShell\v1.0\;C:\WINDOWS\System32\OpenSSH\;J:\.important\Documents\apache-maven-3.8.6\bin;C:\Program Files\Microsoft SQL Server\Client SDK\ODBC\170\Tools\Binn\;C:\Program Files (x86)\Microsoft SQL Server\150\Tools\Binn\;C:\Program Files\Microsoft SQL Server\150\Tools\Binn\;C:\Program Files\Microsoft SQL Server\150\DTS\Binn\;C:\Program Files (x86)\Microsoft SQL Server\160\DTS\Binn\;C:\Users\hyper\Downloads\curl-8.10.1_2-win64-mingw\curl-8.10.1_2-win64-mingw\bin;C:\C:\Program Files\Java\jdk-18.0.2.1\bin;C:\Program Files\OpenSSL-Win64\bin;C:\Program Files\dotnet\;C:\Program Files\Git\cmd;H:\;C:\Program Files (x86)\Microsoft SQL Server\160\Tools\Binn\;C:\Program Files\Microsoft SQL Server\160\Tools\Binn\;C:\Program Files\Microsoft SQL Server\160\DTS\Binn\;C:\Program Files (x86)\NVIDIA Corporation\PhysX\Common;F:\Docker\resources\bin;C:\Users\hyper\AppData\Local\Microsoft\WindowsApps;C:\Program Files\Java\jdk-18.0.2.1\bin;C:\Users\hyper\AppData\Roaming\npm;J:\Microsoft VS Code\bin
USERNAME=hyper
OS=Windows_NT
PROCESSOR_IDENTIFIER=Intel64 Family 6 Model 60 Stepping 3, GenuineIntel



---------------  S Y S T E M  ---------------

OS:
 Windows 11 , 64 bit Build 22000 (10.0.22000.2538)
OS uptime: 2 days 14:33 hours
Hyper-V role detected

CPU: total 8 (initial active 8) (4 cores per cpu, 2 threads per core) family 6 model 60 stepping 3 microcode 0x28, cx8, cmov, fxsr, ht, mmx, sse, sse2, sse3, ssse3, sse4.1, sse4.2, popcnt, lzcnt, tsc, tscinvbit, avx, avx2, aes, erms, clmul, bmi1, bmi2, fma, vzeroupper, clflush, hv

Memory: 4k page, system-wide physical 16283M (430M free)
TotalPageFile size 36283M (AvailPageFile size 4M)
current process WorkingSet (physical memory assigned to process): 263M, peak: 263M
current process commit charge ("private bytes"): 404M, peak: 405M

vm_info: Java HotSpot(TM) 64-Bit Server VM (18.0.2.1+1-1) for windows-amd64 JRE (18.0.2.1+1-1), built on Aug 16 2022 01:46:33 by "mach5one" with MS VC++ 16.8 / 16.9 (VS2019)

END.
