#
# There is insufficient memory for the Java Runtime Environment to continue.
# Native memory allocation (malloc) failed to allocate 2167856 bytes. Error detail: Chunk::new
# Possible reasons:
#   The system is out of physical RAM or swap space
#   This process is running with CompressedOops enabled, and the Java Heap may be blocking the growth of the native heap
# Possible solutions:
#   Reduce memory load on the system
#   Increase physical memory or swap space
#   Check if swap backing store is full
#   Decrease Java heap size (-Xmx/-Xms)
#   Decrease number of Java threads
#   Decrease Java thread stack sizes (-Xss)
#   Set larger code cache with -XX:ReservedCodeCacheSize=
#   JVM is running with Zero Based Compressed Oops mode in which the Java heap is
#     placed in the first 32GB address space. The Java Heap base address is the
#     maximum limit for the native heap growth. Please use -XX:HeapBaseMinAddress
#     to set the Java Heap base and to place the Java Heap above 32GB virtual address.
# This output file may be truncated or incomplete.
#
#  Out of Memory Error (arena.cpp:168), pid=15012, tid=19152
#
# JRE version: OpenJDK Runtime Environment Temurin-21.0.6+7 (21.0.6+7) (build 21.0.6+7-LTS)
# Java VM: OpenJDK 64-Bit Server VM Temurin-21.0.6+7 (21.0.6+7-LTS, mixed mode, sharing, tiered, compressed oops, compressed class ptrs, g1 gc, windows-amd64)
# No core dump will be written. Minidumps are not enabled by default on client versions of Windows
#

---------------  S U M M A R Y ------------

Command Line: --add-modules=ALL-SYSTEM --add-opens=java.base/java.util=ALL-UNNAMED --add-opens=java.base/java.lang=ALL-UNNAMED --add-opens=java.base/sun.nio.fs=ALL-UNNAMED -Declipse.application=org.eclipse.jdt.ls.core.id1 -Dosgi.bundles.defaultStartLevel=4 -Declipse.product=org.eclipse.jdt.ls.core.product -Djava.import.generatesMetadataFilesAtProjectRoot=false -DDetectVMInstallationsJob.disabled=true -Dfile.encoding=utf8 -Xlog:disable -Xms100m -Xmx8G -javaagent:c:\Users\hyper\.vscode\extensions\redhat.java-1.42.2025041008-win32-x64\lombok\lombok-1.18.36.jar -XX:+HeapDumpOnOutOfMemoryError -XX:HeapDumpPath=c:\Users\hyper\AppData\Roaming\Code\User\workspaceStorage\9786f179f1d4055ca563254eef00c7fe\redhat.java -Daether.dependencyCollector.impl=bf c:\Users\hyper\.vscode\extensions\redhat.java-1.42.2025041008-win32-x64\server\plugins\org.eclipse.equinox.launcher_1.7.0.v20250404-1055.jar -configuration c:\Users\hyper\AppData\Roaming\Code\User\globalStorage\redhat.java\1.42.2025041008\config_win -data c:\Users\hyper\AppData\Roaming\Code\User\workspaceStorage\9786f179f1d4055ca563254eef00c7fe\redhat.java\jdt_ws --pipe=\\.\pipe\lsp-babf222defd39216decb6d87492d68d0-sock

Host: Intel(R) Core(TM) i7-4770K CPU @ 3.50GHz, 8 cores, 15G,  Windows 11 , 64 bit Build 22000 (10.0.22000.2538)
Time: Fri Aug 29 08:20:52 2025 Volgograd Standard Time elapsed time: 44.963384 seconds (0d 0h 0m 44s)

---------------  T H R E A D  ---------------

Current thread (0x000001c67fa739a0):  JavaThread "C2 CompilerThread0" daemon [_thread_in_native, id=19152, stack(0x0000008340a00000,0x0000008340b00000) (1024K)]


Current CompileTask:
C2:44963 15983       4       org.eclipse.jdt.internal.compiler.lookup.BoundSet::addBound (439 bytes)

Stack: [0x0000008340a00000,0x0000008340b00000]
Native frames: (J=compiled Java code, j=interpreted, Vv=VM code, C=native code)
V  [jvm.dll+0x6cdee9]
V  [jvm.dll+0x8a83d1]
V  [jvm.dll+0x8aa8fe]
V  [jvm.dll+0x8aafe3]
V  [jvm.dll+0x27f706]
V  [jvm.dll+0xc500d]
V  [jvm.dll+0xc5543]
V  [jvm.dll+0x3b6752]
V  [jvm.dll+0x382935]
V  [jvm.dll+0x381d9a]
V  [jvm.dll+0x2479f0]
V  [jvm.dll+0x246fcf]
V  [jvm.dll+0x1c75ee]
V  [jvm.dll+0x25685a]
V  [jvm.dll+0x254dfa]
V  [jvm.dll+0x3f0256]
V  [jvm.dll+0x851f8b]
V  [jvm.dll+0x6cc5ed]
C  [ucrtbase.dll+0x26c0c]
C  [KERNEL32.DLL+0x153e0]
C  [ntdll.dll+0x485b]


---------------  P R O C E S S  ---------------

Threads class SMR info:
_java_thread_list=0x000001c66ebf89f0, length=69, elements={
0x000001c67ab17d00, 0x000001c67fa647a0, 0x000001c67fa658d0, 0x000001c67fa674b0,
0x000001c67fa68f10, 0x000001c67fa71ef0, 0x000001c67fa72a70, 0x000001c67fa739a0,
0x000001c67faabce0, 0x000001c67fb87a90, 0x000001c67fe4e600, 0x000001c65f142f10,
0x000001c65f69c410, 0x000001c65fb59820, 0x000001c65fae4790, 0x000001c6601d1d50,
0x000001c660114000, 0x000001c65f812810, 0x000001c65f810740, 0x000001c65f811460,
0x000001c65f811af0, 0x000001c65f810dd0, 0x000001c65f813530, 0x000001c65f812180,
0x000001c6607cb4f0, 0x000001c6607cae60, 0x000001c6607ce2e0, 0x000001c6607cc8a0,
0x000001c6607cbb80, 0x000001c6607ccf30, 0x000001c6607cd5c0, 0x000001c6607cc210,
0x000001c6624cca80, 0x000001c6624cd7a0, 0x000001c6624cff00, 0x000001c6624d0590,
0x000001c6624ceb50, 0x000001c6624d2cf0, 0x000001c6624d0c20, 0x000001c6624d12b0,
0x000001c6624d3a10, 0x000001c6624cf1e0, 0x000001c6624cd110, 0x000001c6624cde30,
0x000001c6624d3380, 0x000001c65f812ea0, 0x000001c6639a9b40, 0x000001c6639a66c0,
0x000001c6639aa1d0, 0x000001c6639a8100, 0x000001c6639a6d50, 0x000001c6639a4c80,
0x000001c6639ab580, 0x000001c6639a5310, 0x000001c6639a59a0, 0x000001c6639a6030,
0x000001c6639a73e0, 0x000001c6639a7a70, 0x000001c6624cf870, 0x000001c660e8e2e0,
0x000001c664604530, 0x000001c664604bc0, 0x000001c6645ff670, 0x000001c6645ffd00,
0x000001c664601740, 0x000001c664603810, 0x000001c664605250, 0x000001c664600390,
0x000001c664e84790
}

Java Threads: ( => current thread )
  0x000001c67ab17d00 JavaThread "main"                              [_thread_blocked, id=1864, stack(0x000000833fc00000,0x000000833fd00000) (1024K)]
  0x000001c67fa647a0 JavaThread "Reference Handler"          daemon [_thread_blocked, id=19004, stack(0x0000008340400000,0x0000008340500000) (1024K)]
  0x000001c67fa658d0 JavaThread "Finalizer"                  daemon [_thread_blocked, id=17796, stack(0x0000008340500000,0x0000008340600000) (1024K)]
  0x000001c67fa674b0 JavaThread "Signal Dispatcher"          daemon [_thread_blocked, id=10028, stack(0x0000008340600000,0x0000008340700000) (1024K)]
  0x000001c67fa68f10 JavaThread "Attach Listener"            daemon [_thread_blocked, id=9160, stack(0x0000008340700000,0x0000008340800000) (1024K)]
  0x000001c67fa71ef0 JavaThread "Service Thread"             daemon [_thread_blocked, id=4332, stack(0x0000008340800000,0x0000008340900000) (1024K)]
  0x000001c67fa72a70 JavaThread "Monitor Deflation Thread"   daemon [_thread_blocked, id=11660, stack(0x0000008340900000,0x0000008340a00000) (1024K)]
=>0x000001c67fa739a0 JavaThread "C2 CompilerThread0"         daemon [_thread_in_native, id=19152, stack(0x0000008340a00000,0x0000008340b00000) (1024K)]
  0x000001c67faabce0 JavaThread "C1 CompilerThread0"         daemon [_thread_in_native, id=6704, stack(0x0000008340b00000,0x0000008340c00000) (1024K)]
  0x000001c67fb87a90 JavaThread "Common-Cleaner"             daemon [_thread_blocked, id=22216, stack(0x0000008340c00000,0x0000008340d00000) (1024K)]
  0x000001c67fe4e600 JavaThread "Notification Thread"        daemon [_thread_blocked, id=15368, stack(0x0000008340e00000,0x0000008340f00000) (1024K)]
  0x000001c65f142f10 JavaThread "Active Thread: Equinox Container: 65017bf9-b093-4260-8365-b658ff78ce45"        [_thread_blocked, id=4784, stack(0x0000008341500000,0x0000008341600000) (1024K)]
  0x000001c65f69c410 JavaThread "Refresh Thread: Equinox Container: 65017bf9-b093-4260-8365-b658ff78ce45" daemon [_thread_blocked, id=7064, stack(0x0000008341800000,0x0000008341900000) (1024K)]
  0x000001c65fb59820 JavaThread "Framework Event Dispatcher: Equinox Container: 65017bf9-b093-4260-8365-b658ff78ce45" daemon [_thread_blocked, id=27588, stack(0x0000008341900000,0x0000008341a00000) (1024K)]
  0x000001c65fae4790 JavaThread "Start Level: Equinox Container: 65017bf9-b093-4260-8365-b658ff78ce45" daemon [_thread_blocked, id=25568, stack(0x0000008341a00000,0x0000008341b00000) (1024K)]
  0x000001c6601d1d50 JavaThread "Bundle File Closer"         daemon [_thread_blocked, id=25208, stack(0x0000008341b00000,0x0000008341c00000) (1024K)]
  0x000001c660114000 JavaThread "SCR Component Actor"        daemon [_thread_blocked, id=3556, stack(0x0000008341c00000,0x0000008341d00000) (1024K)]
  0x000001c65f812810 JavaThread "Worker-JM"                         [_thread_blocked, id=11736, stack(0x0000008341d00000,0x0000008341e00000) (1024K)]
  0x000001c65f810740 JavaThread "JNA Cleaner"                daemon [_thread_blocked, id=20636, stack(0x0000008341e00000,0x0000008341f00000) (1024K)]
  0x000001c65f811460 JavaThread "Worker-0"                          [_thread_blocked, id=23100, stack(0x0000008341f00000,0x0000008342000000) (1024K)]
  0x000001c65f811af0 JavaThread "Worker-1"                          [_thread_blocked, id=8128, stack(0x0000008342000000,0x0000008342100000) (1024K)]
  0x000001c65f810dd0 JavaThread "Java indexing"              daemon [_thread_blocked, id=11800, stack(0x0000008342200000,0x0000008342300000) (1024K)]
  0x000001c65f813530 JavaThread "Worker-2"                          [_thread_blocked, id=6052, stack(0x0000008342600000,0x0000008342700000) (1024K)]
  0x000001c65f812180 JavaThread "Worker-3"                          [_thread_blocked, id=24444, stack(0x0000008342700000,0x0000008342800000) (1024K)]
  0x000001c6607cb4f0 JavaThread "Worker-4"                          [_thread_blocked, id=15536, stack(0x0000008342800000,0x0000008342900000) (1024K)]
  0x000001c6607cae60 JavaThread "Thread-2"                   daemon [_thread_in_native, id=14568, stack(0x0000008342900000,0x0000008342a00000) (1024K)]
  0x000001c6607ce2e0 JavaThread "Thread-3"                   daemon [_thread_in_native, id=18076, stack(0x0000008342a00000,0x0000008342b00000) (1024K)]
  0x000001c6607cc8a0 JavaThread "Thread-4"                   daemon [_thread_in_native, id=9240, stack(0x0000008342b00000,0x0000008342c00000) (1024K)]
  0x000001c6607cbb80 JavaThread "Thread-5"                   daemon [_thread_in_native, id=24556, stack(0x0000008342c00000,0x0000008342d00000) (1024K)]
  0x000001c6607ccf30 JavaThread "Thread-6"                   daemon [_thread_in_native, id=16828, stack(0x0000008342d00000,0x0000008342e00000) (1024K)]
  0x000001c6607cd5c0 JavaThread "Thread-7"                   daemon [_thread_in_native, id=2828, stack(0x0000008342e00000,0x0000008342f00000) (1024K)]
  0x000001c6607cc210 JavaThread "Thread-8"                   daemon [_thread_in_native, id=23968, stack(0x0000008342f00000,0x0000008343000000) (1024K)]
  0x000001c6624cca80 JavaThread "Thread-9"                   daemon [_thread_in_native, id=10560, stack(0x0000008343000000,0x0000008343100000) (1024K)]
  0x000001c6624cd7a0 JavaThread "Thread-10"                  daemon [_thread_in_native, id=20860, stack(0x0000008343100000,0x0000008343200000) (1024K)]
  0x000001c6624cff00 JavaThread "pool-2-thread-1"                   [_thread_blocked, id=23828, stack(0x0000008343200000,0x0000008343300000) (1024K)]
  0x000001c6624d0590 JavaThread "Worker-5: Updating workspace"        [_thread_in_native, id=4712, stack(0x0000008343300000,0x0000008343400000) (1024K)]
  0x000001c6624ceb50 JavaThread "WorkspaceEventsHandler"            [_thread_blocked, id=8876, stack(0x0000008343400000,0x0000008343500000) (1024K)]
  0x000001c6624d2cf0 JavaThread "pool-1-thread-1"                   [_thread_blocked, id=15380, stack(0x0000008343500000,0x0000008343600000) (1024K)]
  0x000001c6624d0c20 JavaThread "Worker-6: Building"                [_thread_blocked, id=10400, stack(0x0000008343600000,0x0000008343700000) (1024K)]
  0x000001c6624d12b0 JavaThread "Compiler Source File Reader" daemon [_thread_blocked, id=13724, stack(0x0000008343700000,0x0000008343800000) (1024K)]
  0x000001c6624d3a10 JavaThread "Compiler Source File Reader" daemon [_thread_blocked, id=25988, stack(0x0000008343800000,0x0000008343900000) (1024K)]
  0x000001c6624cf1e0 JavaThread "Compiler Source File Reader" daemon [_thread_blocked, id=15572, stack(0x0000008343900000,0x0000008343a00000) (1024K)]
  0x000001c6624cd110 JavaThread "Compiler Source File Reader" daemon [_thread_blocked, id=24472, stack(0x0000008343a00000,0x0000008343b00000) (1024K)]
  0x000001c6624cde30 JavaThread "Compiler Source File Reader" daemon [_thread_blocked, id=3480, stack(0x0000008343b00000,0x0000008343c00000) (1024K)]
  0x000001c6624d3380 JavaThread "Compiler Source File Reader" daemon [_thread_blocked, id=18420, stack(0x0000008343c00000,0x0000008343d00000) (1024K)]
  0x000001c65f812ea0 JavaThread "Compiler Processing Task"   daemon [_thread_blocked, id=8328, stack(0x0000008340f00000,0x0000008341000000) (1024K)]
  0x000001c6639a9b40 JavaThread "Compiler Class File Writer" daemon [_thread_blocked, id=6808, stack(0x0000008343d00000,0x0000008343e00000) (1024K)]
  0x000001c6639a66c0 JavaThread "Compiler Class File Writer" daemon [_thread_blocked, id=18840, stack(0x0000008343e00000,0x0000008343f00000) (1024K)]
  0x000001c6639aa1d0 JavaThread "Compiler Class File Writer" daemon [_thread_blocked, id=10928, stack(0x0000008343f00000,0x0000008344000000) (1024K)]
  0x000001c6639a8100 JavaThread "Compiler Class File Writer" daemon [_thread_blocked, id=24704, stack(0x0000008344000000,0x0000008344100000) (1024K)]
  0x000001c6639a6d50 JavaThread "Compiler Class File Writer" daemon [_thread_blocked, id=24024, stack(0x0000008344100000,0x0000008344200000) (1024K)]
  0x000001c6639a4c80 JavaThread "Compiler Class File Writer" daemon [_thread_blocked, id=10892, stack(0x0000008344200000,0x0000008344300000) (1024K)]
  0x000001c6639ab580 JavaThread "ForkJoinPool.commonPool-worker-1" daemon [_thread_blocked, id=18280, stack(0x0000008344800000,0x0000008344900000) (1024K)]
  0x000001c6639a5310 JavaThread "ForkJoinPool.commonPool-worker-2" daemon [_thread_blocked, id=27104, stack(0x0000008344900000,0x0000008344a00000) (1024K)]
  0x000001c6639a59a0 JavaThread "ForkJoinPool.commonPool-worker-3" daemon [_thread_blocked, id=27412, stack(0x0000008344a00000,0x0000008344b00000) (1024K)]
  0x000001c6639a6030 JavaThread "ForkJoinPool.commonPool-worker-4" daemon [_thread_blocked, id=20728, stack(0x0000008344b00000,0x0000008344c00000) (1024K)]
  0x000001c6639a73e0 JavaThread "ForkJoinPool.commonPool-worker-5" daemon [_thread_blocked, id=15436, stack(0x0000008344c00000,0x0000008344d00000) (1024K)]
  0x000001c6639a7a70 JavaThread "ForkJoinPool.commonPool-worker-6" daemon [_thread_blocked, id=24392, stack(0x0000008344d00000,0x0000008344e00000) (1024K)]
  0x000001c6624cf870 JavaThread "ForkJoinPool.commonPool-worker-7" daemon [_thread_blocked, id=16184, stack(0x0000008344e00000,0x0000008344f00000) (1024K)]
  0x000001c660e8e2e0 JavaThread "C2 CompilerThread1"         daemon [_thread_in_native, id=18960, stack(0x000000833f900000,0x000000833fa00000) (1024K)]
  0x000001c664604530 JavaThread "LocalFile Deleter"          daemon [_thread_blocked, id=23668, stack(0x000000833fa00000,0x000000833fb00000) (1024K)]
  0x000001c664604bc0 JavaThread "LocalFile Deleter"          daemon [_thread_blocked, id=10828, stack(0x000000833fb00000,0x000000833fc00000) (1024K)]
  0x000001c6645ff670 JavaThread "LocalFile Deleter"          daemon [_thread_blocked, id=4324, stack(0x0000008340d00000,0x0000008340e00000) (1024K)]
  0x000001c6645ffd00 JavaThread "LocalFile Deleter"          daemon [_thread_blocked, id=22180, stack(0x0000008342300000,0x0000008342400000) (1024K)]
  0x000001c664601740 JavaThread "LocalFile Deleter"          daemon [_thread_blocked, id=18424, stack(0x0000008344300000,0x0000008344400000) (1024K)]
  0x000001c664603810 JavaThread "LocalFile Deleter"          daemon [_thread_blocked, id=26472, stack(0x0000008344400000,0x0000008344500000) (1024K)]
  0x000001c664605250 JavaThread "LocalFile Deleter"          daemon [_thread_blocked, id=10584, stack(0x0000008344500000,0x0000008344600000) (1024K)]
  0x000001c664600390 JavaThread "LocalFile Deleter"          daemon [_thread_blocked, id=17896, stack(0x0000008344600000,0x0000008344700000) (1024K)]
  0x000001c664e84790 JavaThread "C2 CompilerThread2"         daemon [_thread_in_native, id=9468, stack(0x0000008344700000,0x0000008344800000) (1024K)]
Total: 69

Other Threads:
  0x000001c67e1cc500 VMThread "VM Thread"                           [id=9624, stack(0x0000008340300000,0x0000008340400000) (1024K)]
  0x000001c67e1b88a0 WatcherThread "VM Periodic Task Thread"        [id=15396, stack(0x0000008340200000,0x0000008340300000) (1024K)]
  0x000001c67e052740 WorkerThread "GC Thread#0"                     [id=7760, stack(0x000000833fd00000,0x000000833fe00000) (1024K)]
  0x000001c65f8c6580 WorkerThread "GC Thread#1"                     [id=22312, stack(0x0000008341000000,0x0000008341100000) (1024K)]
  0x000001c65f458c40 WorkerThread "GC Thread#2"                     [id=21076, stack(0x0000008341100000,0x0000008341200000) (1024K)]
  0x000001c65fa7c850 WorkerThread "GC Thread#3"                     [id=26068, stack(0x0000008341200000,0x0000008341300000) (1024K)]
  0x000001c65f6ff340 WorkerThread "GC Thread#4"                     [id=23504, stack(0x0000008341300000,0x0000008341400000) (1024K)]
  0x000001c65f46ee90 WorkerThread "GC Thread#5"                     [id=26676, stack(0x0000008341400000,0x0000008341500000) (1024K)]
  0x000001c65fb95670 WorkerThread "GC Thread#6"                     [id=24304, stack(0x0000008341600000,0x0000008341700000) (1024K)]
  0x000001c65fc90ac0 WorkerThread "GC Thread#7"                     [id=2252, stack(0x0000008341700000,0x0000008341800000) (1024K)]
  0x000001c67ab51d30 ConcurrentGCThread "G1 Main Marker"            [id=7144, stack(0x000000833fe00000,0x000000833ff00000) (1024K)]
  0x000001c67ab53b20 WorkerThread "G1 Conc#0"                       [id=19916, stack(0x000000833ff00000,0x0000008340000000) (1024K)]
  0x000001c65fd1c250 WorkerThread "G1 Conc#1"                       [id=21072, stack(0x0000008342100000,0x0000008342200000) (1024K)]
  0x000001c67e089470 ConcurrentGCThread "G1 Refine#0"               [id=10632, stack(0x0000008340000000,0x0000008340100000) (1024K)]
  0x000001c67e08c480 ConcurrentGCThread "G1 Service"                [id=8680, stack(0x0000008340100000,0x0000008340200000) (1024K)]
Total: 15

Threads with active compile tasks:
C2 CompilerThread0  45030 15983       4       org.eclipse.jdt.internal.compiler.lookup.BoundSet::addBound (439 bytes)
C1 CompilerThread0  45030 16211       3       java.net.URI::hashCode (123 bytes)
C2 CompilerThread1  45030 16074  s!   4       org.eclipse.jdt.internal.core.index.DiskIndex::readCategoryTable (743 bytes)
C2 CompilerThread2  45030 16053       4       org.eclipse.jdt.internal.compiler.lookup.CompilationUnitScope::faultInImports (1244 bytes)
Total: 4

VM state: not at safepoint (normal execution)

VM Mutex/Monitor currently owned by a thread:  ([mutex/lock_event])
[0x00007ffb9b5bce80] CompiledIC_lock - owner thread: 0x0000000000000000

Heap address: 0x0000000600000000, size: 8192 MB, Compressed Oops mode: Zero based, Oop shift amount: 3

CDS archive(s) mapped at: [0x000001c61a000000-0x000001c61aba0000-0x000001c61aba0000), size 12189696, SharedBaseAddress: 0x000001c61a000000, ArchiveRelocationMode: 1.
Compressed class space mapped at: 0x000001c61b000000-0x000001c65b000000, reserved size: 1073741824
Narrow klass base: 0x000001c61a000000, Narrow klass shift: 0, Narrow klass range: 0x100000000

GC Precious Log:
 CardTable entry size: 512
 Card Set container configuration: InlinePtr #cards 4 size 8 Array Of Cards #cards 32 size 80 Howl #buckets 8 coarsen threshold 7372 Howl Bitmap #cards 1024 size 144 coarsen threshold 921 Card regions per heap region 1 cards per card region 8192
 CPUs: 8 total, 8 available
 Memory: 16283M
 Large Page Support: Disabled
 NUMA Support: Disabled
 Compressed Oops: Enabled (Zero based)
 Heap Region Size: 4M
 Heap Min Capacity: 100M
 Heap Initial Capacity: 100M
 Heap Max Capacity: 8G
 Pre-touch: Disabled
 Parallel Workers: 8
 Concurrent Workers: 2
 Concurrent Refinement Workers: 8
 Periodic GC: Disabled

Heap:
 garbage-first heap   total 679936K, used 484180K [0x0000000600000000, 0x0000000800000000)
  region size 4096K, 30 young (122880K), 3 survivors (12288K)
 Metaspace       used 68523K, committed 70208K, reserved 1114112K
  class space    used 6761K, committed 7488K, reserved 1048576K

Heap Regions: E=young(eden), S=young(survivor), O=old, HS=humongous(starts), HC=humongous(continues), CS=collection set, F=free, TAMS=top-at-mark-start, PB=parsable bottom
|   0|0x0000000600000000, 0x0000000600400000, 0x0000000600400000|100%| O|  |TAMS 0x0000000600000000| PB 0x0000000600000000| Untracked 
|   1|0x0000000600400000, 0x0000000600800000, 0x0000000600800000|100%| O|  |TAMS 0x0000000600400000| PB 0x0000000600400000| Untracked 
|   2|0x0000000600800000, 0x0000000600c00000, 0x0000000600c00000|100%| O|  |TAMS 0x0000000600800000| PB 0x0000000600800000| Untracked 
|   3|0x0000000600c00000, 0x0000000601000000, 0x0000000601000000|100%| O|  |TAMS 0x0000000600c00000| PB 0x0000000600c00000| Untracked 
|   4|0x0000000601000000, 0x0000000601400000, 0x0000000601400000|100%| O|  |TAMS 0x0000000601000000| PB 0x0000000601000000| Untracked 
|   5|0x0000000601400000, 0x0000000601800000, 0x0000000601800000|100%| O|  |TAMS 0x0000000601400000| PB 0x0000000601400000| Untracked 
|   6|0x0000000601800000, 0x0000000601c00000, 0x0000000601c00000|100%| O|  |TAMS 0x0000000601800000| PB 0x0000000601800000| Untracked 
|   7|0x0000000601c00000, 0x0000000602000000, 0x0000000602000000|100%| O|  |TAMS 0x0000000601c00000| PB 0x0000000601c00000| Untracked 
|   8|0x0000000602000000, 0x0000000602400000, 0x0000000602400000|100%| O|  |TAMS 0x0000000602000000| PB 0x0000000602000000| Untracked 
|   9|0x0000000602400000, 0x0000000602800000, 0x0000000602800000|100%| O|  |TAMS 0x0000000602400000| PB 0x0000000602400000| Untracked 
|  10|0x0000000602800000, 0x0000000602c00000, 0x0000000602c00000|100%| O|  |TAMS 0x0000000602800000| PB 0x0000000602800000| Untracked 
|  11|0x0000000602c00000, 0x0000000603000000, 0x0000000603000000|100%| O|  |TAMS 0x0000000602c00000| PB 0x0000000602c00000| Untracked 
|  12|0x0000000603000000, 0x0000000603400000, 0x0000000603400000|100%| O|  |TAMS 0x0000000603000000| PB 0x0000000603000000| Untracked 
|  13|0x0000000603400000, 0x0000000603800000, 0x0000000603800000|100%| O|  |TAMS 0x0000000603400000| PB 0x0000000603400000| Untracked 
|  14|0x0000000603800000, 0x0000000603c00000, 0x0000000603c00000|100%| O|  |TAMS 0x0000000603800000| PB 0x0000000603800000| Untracked 
|  15|0x0000000603c00000, 0x0000000604000000, 0x0000000604000000|100%| O|  |TAMS 0x0000000603c00000| PB 0x0000000603c00000| Untracked 
|  16|0x0000000604000000, 0x0000000604400000, 0x0000000604400000|100%| O|  |TAMS 0x0000000604000000| PB 0x0000000604000000| Untracked 
|  17|0x0000000604400000, 0x0000000604800000, 0x0000000604800000|100%| O|  |TAMS 0x0000000604400000| PB 0x0000000604400000| Untracked 
|  18|0x0000000604800000, 0x0000000604c00000, 0x0000000604c00000|100%| O|  |TAMS 0x0000000604800000| PB 0x0000000604800000| Untracked 
|  19|0x0000000604c00000, 0x0000000605000000, 0x0000000605000000|100%| O|  |TAMS 0x0000000604c00000| PB 0x0000000604c00000| Untracked 
|  20|0x0000000605000000, 0x0000000605400000, 0x0000000605400000|100%| O|  |TAMS 0x0000000605000000| PB 0x0000000605000000| Untracked 
|  21|0x0000000605400000, 0x0000000605800000, 0x0000000605800000|100%| O|  |TAMS 0x0000000605400000| PB 0x0000000605400000| Untracked 
|  22|0x0000000605800000, 0x0000000605c00000, 0x0000000605c00000|100%| O|  |TAMS 0x0000000605800000| PB 0x0000000605800000| Untracked 
|  23|0x0000000605c00000, 0x0000000606000000, 0x0000000606000000|100%| O|  |TAMS 0x0000000605c00000| PB 0x0000000605c00000| Untracked 
|  24|0x0000000606000000, 0x0000000606400000, 0x0000000606400000|100%| O|  |TAMS 0x0000000606000000| PB 0x0000000606000000| Untracked 
|  25|0x0000000606400000, 0x0000000606800000, 0x0000000606800000|100%| O|  |TAMS 0x0000000606400000| PB 0x0000000606400000| Untracked 
|  26|0x0000000606800000, 0x0000000606c00000, 0x0000000606c00000|100%| O|  |TAMS 0x0000000606800000| PB 0x0000000606800000| Untracked 
|  27|0x0000000606c00000, 0x0000000607000000, 0x0000000607000000|100%| O|  |TAMS 0x0000000606c00000| PB 0x0000000606c00000| Untracked 
|  28|0x0000000607000000, 0x0000000607400000, 0x0000000607400000|100%| O|  |TAMS 0x0000000607000000| PB 0x0000000607000000| Untracked 
|  29|0x0000000607400000, 0x0000000607800000, 0x0000000607800000|100%| O|  |TAMS 0x0000000607400000| PB 0x0000000607400000| Untracked 
|  30|0x0000000607800000, 0x0000000607c00000, 0x0000000607c00000|100%| O|  |TAMS 0x0000000607800000| PB 0x0000000607800000| Untracked 
|  31|0x0000000607c00000, 0x0000000608000000, 0x0000000608000000|100%| O|  |TAMS 0x0000000607c00000| PB 0x0000000607c00000| Untracked 
|  32|0x0000000608000000, 0x0000000608400000, 0x0000000608400000|100%| O|  |TAMS 0x0000000608000000| PB 0x0000000608000000| Untracked 
|  33|0x0000000608400000, 0x0000000608800000, 0x0000000608800000|100%| O|  |TAMS 0x0000000608400000| PB 0x0000000608400000| Untracked 
|  34|0x0000000608800000, 0x0000000608c00000, 0x0000000608c00000|100%| O|  |TAMS 0x0000000608800000| PB 0x0000000608800000| Untracked 
|  35|0x0000000608c00000, 0x0000000609000000, 0x0000000609000000|100%| O|  |TAMS 0x0000000608c00000| PB 0x0000000608c00000| Untracked 
|  36|0x0000000609000000, 0x0000000609400000, 0x0000000609400000|100%| O|  |TAMS 0x0000000609000000| PB 0x0000000609000000| Untracked 
|  37|0x0000000609400000, 0x0000000609800000, 0x0000000609800000|100%| O|  |TAMS 0x0000000609400000| PB 0x0000000609400000| Untracked 
|  38|0x0000000609800000, 0x0000000609c00000, 0x0000000609c00000|100%| O|  |TAMS 0x0000000609800000| PB 0x0000000609800000| Untracked 
|  39|0x0000000609c00000, 0x000000060a000000, 0x000000060a000000|100%| O|  |TAMS 0x0000000609c00000| PB 0x0000000609c00000| Untracked 
|  40|0x000000060a000000, 0x000000060a400000, 0x000000060a400000|100%| O|  |TAMS 0x000000060a000000| PB 0x000000060a000000| Untracked 
|  41|0x000000060a400000, 0x000000060a800000, 0x000000060a800000|100%| O|  |TAMS 0x000000060a400000| PB 0x000000060a400000| Untracked 
|  42|0x000000060a800000, 0x000000060ac00000, 0x000000060ac00000|100%| O|  |TAMS 0x000000060a800000| PB 0x000000060a800000| Untracked 
|  43|0x000000060ac00000, 0x000000060b000000, 0x000000060b000000|100%| O|  |TAMS 0x000000060ac00000| PB 0x000000060ac00000| Untracked 
|  44|0x000000060b000000, 0x000000060b400000, 0x000000060b400000|100%|HS|  |TAMS 0x000000060b000000| PB 0x000000060b000000| Complete 
|  45|0x000000060b400000, 0x000000060b800000, 0x000000060b800000|100%| O|  |TAMS 0x000000060b400000| PB 0x000000060b400000| Untracked 
|  46|0x000000060b800000, 0x000000060bc00000, 0x000000060bc00000|100%| O|  |TAMS 0x000000060b800000| PB 0x000000060b800000| Untracked 
|  47|0x000000060bc00000, 0x000000060c000000, 0x000000060c000000|100%| O|  |TAMS 0x000000060bc00000| PB 0x000000060bc00000| Untracked 
|  48|0x000000060c000000, 0x000000060c400000, 0x000000060c400000|100%| O|  |TAMS 0x000000060c000000| PB 0x000000060c000000| Untracked 
|  49|0x000000060c400000, 0x000000060c800000, 0x000000060c800000|100%| O|  |TAMS 0x000000060c400000| PB 0x000000060c400000| Untracked 
|  50|0x000000060c800000, 0x000000060cc00000, 0x000000060cc00000|100%| O|  |TAMS 0x000000060c800000| PB 0x000000060c800000| Untracked 
|  51|0x000000060cc00000, 0x000000060d000000, 0x000000060d000000|100%| O|  |TAMS 0x000000060cc00000| PB 0x000000060cc00000| Untracked 
|  52|0x000000060d000000, 0x000000060d400000, 0x000000060d400000|100%| O|  |TAMS 0x000000060d000000| PB 0x000000060d000000| Untracked 
|  53|0x000000060d400000, 0x000000060d800000, 0x000000060d800000|100%| O|  |TAMS 0x000000060d400000| PB 0x000000060d400000| Untracked 
|  54|0x000000060d800000, 0x000000060dc00000, 0x000000060dc00000|100%| O|  |TAMS 0x000000060d800000| PB 0x000000060d800000| Untracked 
|  55|0x000000060dc00000, 0x000000060e000000, 0x000000060e000000|100%| O|  |TAMS 0x000000060dc00000| PB 0x000000060dc00000| Untracked 
|  56|0x000000060e000000, 0x000000060e400000, 0x000000060e400000|100%| O|  |TAMS 0x000000060e000000| PB 0x000000060e000000| Untracked 
|  57|0x000000060e400000, 0x000000060e800000, 0x000000060e800000|100%| O|  |TAMS 0x000000060e400000| PB 0x000000060e400000| Untracked 
|  58|0x000000060e800000, 0x000000060ec00000, 0x000000060ec00000|100%| O|  |TAMS 0x000000060e800000| PB 0x000000060e800000| Untracked 
|  59|0x000000060ec00000, 0x000000060f000000, 0x000000060f000000|100%| O|  |TAMS 0x000000060ec00000| PB 0x000000060ec00000| Untracked 
|  60|0x000000060f000000, 0x000000060f400000, 0x000000060f400000|100%| O|  |TAMS 0x000000060f000000| PB 0x000000060f000000| Untracked 
|  61|0x000000060f400000, 0x000000060f800000, 0x000000060f800000|100%| O|  |TAMS 0x000000060f400000| PB 0x000000060f400000| Untracked 
|  62|0x000000060f800000, 0x000000060fc00000, 0x000000060fc00000|100%| O|  |TAMS 0x000000060f800000| PB 0x000000060f800000| Untracked 
|  63|0x000000060fc00000, 0x0000000610000000, 0x0000000610000000|100%| O|  |TAMS 0x000000060fc00000| PB 0x000000060fc00000| Untracked 
|  64|0x0000000610000000, 0x0000000610400000, 0x0000000610400000|100%| O|  |TAMS 0x0000000610000000| PB 0x0000000610000000| Untracked 
|  65|0x0000000610400000, 0x0000000610800000, 0x0000000610800000|100%| O|  |TAMS 0x0000000610400000| PB 0x0000000610400000| Untracked 
|  66|0x0000000610800000, 0x0000000610c00000, 0x0000000610c00000|100%| O|  |TAMS 0x0000000610800000| PB 0x0000000610800000| Untracked 
|  67|0x0000000610c00000, 0x0000000611000000, 0x0000000611000000|100%| O|  |TAMS 0x0000000610c00000| PB 0x0000000610c00000| Untracked 
|  68|0x0000000611000000, 0x0000000611400000, 0x0000000611400000|100%| O|  |TAMS 0x0000000611000000| PB 0x0000000611000000| Untracked 
|  69|0x0000000611400000, 0x0000000611800000, 0x0000000611800000|100%| O|  |TAMS 0x0000000611400000| PB 0x0000000611400000| Untracked 
|  70|0x0000000611800000, 0x0000000611c00000, 0x0000000611c00000|100%| O|  |TAMS 0x0000000611800000| PB 0x0000000611800000| Untracked 
|  71|0x0000000611c00000, 0x0000000612000000, 0x0000000612000000|100%| O|  |TAMS 0x0000000611c00000| PB 0x0000000611c00000| Untracked 
|  72|0x0000000612000000, 0x0000000612400000, 0x0000000612400000|100%| O|  |TAMS 0x0000000612000000| PB 0x0000000612000000| Untracked 
|  73|0x0000000612400000, 0x0000000612800000, 0x0000000612800000|100%| O|  |TAMS 0x0000000612400000| PB 0x0000000612400000| Untracked 
|  74|0x0000000612800000, 0x0000000612c00000, 0x0000000612c00000|100%| O|  |TAMS 0x0000000612800000| PB 0x0000000612800000| Untracked 
|  75|0x0000000612c00000, 0x0000000613000000, 0x0000000613000000|100%| O|  |TAMS 0x0000000612c00000| PB 0x0000000612c00000| Untracked 
|  76|0x0000000613000000, 0x0000000613400000, 0x0000000613400000|100%| O|  |TAMS 0x0000000613000000| PB 0x0000000613000000| Untracked 
|  77|0x0000000613400000, 0x0000000613800000, 0x0000000613800000|100%| O|  |TAMS 0x0000000613400000| PB 0x0000000613400000| Untracked 
|  78|0x0000000613800000, 0x0000000613c00000, 0x0000000613c00000|100%| O|  |TAMS 0x0000000613800000| PB 0x0000000613800000| Untracked 
|  79|0x0000000613c00000, 0x0000000614000000, 0x0000000614000000|100%| O|  |TAMS 0x0000000613c00000| PB 0x0000000613c00000| Untracked 
|  80|0x0000000614000000, 0x0000000614400000, 0x0000000614400000|100%| O|  |TAMS 0x0000000614000000| PB 0x0000000614000000| Untracked 
|  81|0x0000000614400000, 0x0000000614800000, 0x0000000614800000|100%| O|  |TAMS 0x0000000614400000| PB 0x0000000614400000| Untracked 
|  82|0x0000000614800000, 0x00000006149aa218, 0x0000000614c00000| 41%| O|  |TAMS 0x0000000614800000| PB 0x0000000614800000| Untracked 
|  83|0x0000000614c00000, 0x0000000614c00000, 0x0000000615000000|  0%| F|  |TAMS 0x0000000614c00000| PB 0x0000000614c00000| Untracked 
|  84|0x0000000615000000, 0x0000000615000000, 0x0000000615400000|  0%| F|  |TAMS 0x0000000615000000| PB 0x0000000615000000| Untracked 
|  85|0x0000000615400000, 0x0000000615400000, 0x0000000615800000|  0%| F|  |TAMS 0x0000000615400000| PB 0x0000000615400000| Untracked 
|  86|0x0000000615800000, 0x0000000615800000, 0x0000000615c00000|  0%| F|  |TAMS 0x0000000615800000| PB 0x0000000615800000| Untracked 
|  87|0x0000000615c00000, 0x0000000615c00000, 0x0000000616000000|  0%| F|  |TAMS 0x0000000615c00000| PB 0x0000000615c00000| Untracked 
|  88|0x0000000616000000, 0x0000000616000000, 0x0000000616400000|  0%| F|  |TAMS 0x0000000616000000| PB 0x0000000616000000| Untracked 
|  89|0x0000000616400000, 0x0000000616400000, 0x0000000616800000|  0%| F|  |TAMS 0x0000000616400000| PB 0x0000000616400000| Untracked 
|  90|0x0000000616800000, 0x0000000616800000, 0x0000000616c00000|  0%| F|  |TAMS 0x0000000616800000| PB 0x0000000616800000| Untracked 
|  91|0x0000000616c00000, 0x0000000616c00000, 0x0000000617000000|  0%| F|  |TAMS 0x0000000616c00000| PB 0x0000000616c00000| Untracked 
|  92|0x0000000617000000, 0x0000000617000000, 0x0000000617400000|  0%| F|  |TAMS 0x0000000617000000| PB 0x0000000617000000| Untracked 
|  93|0x0000000617400000, 0x0000000617400000, 0x0000000617800000|  0%| F|  |TAMS 0x0000000617400000| PB 0x0000000617400000| Untracked 
|  94|0x0000000617800000, 0x0000000617800000, 0x0000000617c00000|  0%| F|  |TAMS 0x0000000617800000| PB 0x0000000617800000| Untracked 
|  95|0x0000000617c00000, 0x0000000617c00000, 0x0000000618000000|  0%| F|  |TAMS 0x0000000617c00000| PB 0x0000000617c00000| Untracked 
|  96|0x0000000618000000, 0x0000000618000000, 0x0000000618400000|  0%| F|  |TAMS 0x0000000618000000| PB 0x0000000618000000| Untracked 
|  97|0x0000000618400000, 0x0000000618400000, 0x0000000618800000|  0%| F|  |TAMS 0x0000000618400000| PB 0x0000000618400000| Untracked 
|  98|0x0000000618800000, 0x0000000618800000, 0x0000000618c00000|  0%| F|  |TAMS 0x0000000618800000| PB 0x0000000618800000| Untracked 
|  99|0x0000000618c00000, 0x0000000618c00000, 0x0000000619000000|  0%| F|  |TAMS 0x0000000618c00000| PB 0x0000000618c00000| Untracked 
| 100|0x0000000619000000, 0x0000000619000000, 0x0000000619400000|  0%| F|  |TAMS 0x0000000619000000| PB 0x0000000619000000| Untracked 
| 101|0x0000000619400000, 0x0000000619400000, 0x0000000619800000|  0%| F|  |TAMS 0x0000000619400000| PB 0x0000000619400000| Untracked 
| 102|0x0000000619800000, 0x0000000619b2af78, 0x0000000619c00000| 79%| S|CS|TAMS 0x0000000619800000| PB 0x0000000619800000| Complete 
| 103|0x0000000619c00000, 0x000000061a000000, 0x000000061a000000|100%| S|CS|TAMS 0x0000000619c00000| PB 0x0000000619c00000| Complete 
| 104|0x000000061a000000, 0x000000061a400000, 0x000000061a400000|100%| S|CS|TAMS 0x000000061a000000| PB 0x000000061a000000| Complete 
| 105|0x000000061a400000, 0x000000061a400000, 0x000000061a800000|  0%| F|  |TAMS 0x000000061a400000| PB 0x000000061a400000| Untracked 
| 106|0x000000061a800000, 0x000000061a800000, 0x000000061ac00000|  0%| F|  |TAMS 0x000000061a800000| PB 0x000000061a800000| Untracked 
| 107|0x000000061ac00000, 0x000000061ac00000, 0x000000061b000000|  0%| F|  |TAMS 0x000000061ac00000| PB 0x000000061ac00000| Untracked 
| 108|0x000000061b000000, 0x000000061b000000, 0x000000061b400000|  0%| F|  |TAMS 0x000000061b000000| PB 0x000000061b000000| Untracked 
| 109|0x000000061b400000, 0x000000061b400000, 0x000000061b800000|  0%| F|  |TAMS 0x000000061b400000| PB 0x000000061b400000| Untracked 
| 110|0x000000061b800000, 0x000000061b800000, 0x000000061bc00000|  0%| F|  |TAMS 0x000000061b800000| PB 0x000000061b800000| Untracked 
| 111|0x000000061bc00000, 0x000000061bc00000, 0x000000061c000000|  0%| F|  |TAMS 0x000000061bc00000| PB 0x000000061bc00000| Untracked 
| 112|0x000000061c000000, 0x000000061c000000, 0x000000061c400000|  0%| F|  |TAMS 0x000000061c000000| PB 0x000000061c000000| Untracked 
| 113|0x000000061c400000, 0x000000061c400000, 0x000000061c800000|  0%| F|  |TAMS 0x000000061c400000| PB 0x000000061c400000| Untracked 
| 114|0x000000061c800000, 0x000000061c800000, 0x000000061cc00000|  0%| F|  |TAMS 0x000000061c800000| PB 0x000000061c800000| Untracked 
| 115|0x000000061cc00000, 0x000000061cc00000, 0x000000061d000000|  0%| F|  |TAMS 0x000000061cc00000| PB 0x000000061cc00000| Untracked 
| 116|0x000000061d000000, 0x000000061d000000, 0x000000061d400000|  0%| F|  |TAMS 0x000000061d000000| PB 0x000000061d000000| Untracked 
| 117|0x000000061d400000, 0x000000061d400000, 0x000000061d800000|  0%| F|  |TAMS 0x000000061d400000| PB 0x000000061d400000| Untracked 
| 118|0x000000061d800000, 0x000000061d800000, 0x000000061dc00000|  0%| F|  |TAMS 0x000000061d800000| PB 0x000000061d800000| Untracked 
| 119|0x000000061dc00000, 0x000000061dc00000, 0x000000061e000000|  0%| F|  |TAMS 0x000000061dc00000| PB 0x000000061dc00000| Untracked 
| 120|0x000000061e000000, 0x000000061e000000, 0x000000061e400000|  0%| F|  |TAMS 0x000000061e000000| PB 0x000000061e000000| Untracked 
| 121|0x000000061e400000, 0x000000061e400000, 0x000000061e800000|  0%| F|  |TAMS 0x000000061e400000| PB 0x000000061e400000| Untracked 
| 122|0x000000061e800000, 0x000000061e800000, 0x000000061ec00000|  0%| F|  |TAMS 0x000000061e800000| PB 0x000000061e800000| Untracked 
| 123|0x000000061ec00000, 0x000000061ec00000, 0x000000061f000000|  0%| F|  |TAMS 0x000000061ec00000| PB 0x000000061ec00000| Untracked 
| 124|0x000000061f000000, 0x000000061f000000, 0x000000061f400000|  0%| F|  |TAMS 0x000000061f000000| PB 0x000000061f000000| Untracked 
| 125|0x000000061f400000, 0x000000061f400000, 0x000000061f800000|  0%| F|  |TAMS 0x000000061f400000| PB 0x000000061f400000| Untracked 
| 126|0x000000061f800000, 0x000000061f800000, 0x000000061fc00000|  0%| F|  |TAMS 0x000000061f800000| PB 0x000000061f800000| Untracked 
| 127|0x000000061fc00000, 0x000000061fc00000, 0x0000000620000000|  0%| F|  |TAMS 0x000000061fc00000| PB 0x000000061fc00000| Untracked 
| 128|0x0000000620000000, 0x0000000620000000, 0x0000000620400000|  0%| F|  |TAMS 0x0000000620000000| PB 0x0000000620000000| Untracked 
| 129|0x0000000620400000, 0x0000000620400000, 0x0000000620800000|  0%| F|  |TAMS 0x0000000620400000| PB 0x0000000620400000| Untracked 
| 130|0x0000000620800000, 0x0000000620800000, 0x0000000620c00000|  0%| F|  |TAMS 0x0000000620800000| PB 0x0000000620800000| Untracked 
| 131|0x0000000620c00000, 0x0000000620debc78, 0x0000000621000000| 48%| E|  |TAMS 0x0000000620c00000| PB 0x0000000620c00000| Complete 
| 132|0x0000000621000000, 0x0000000621400000, 0x0000000621400000|100%| E|CS|TAMS 0x0000000621000000| PB 0x0000000621000000| Complete 
| 133|0x0000000621400000, 0x0000000621800000, 0x0000000621800000|100%| E|CS|TAMS 0x0000000621400000| PB 0x0000000621400000| Complete 
| 134|0x0000000621800000, 0x0000000621c00000, 0x0000000621c00000|100%| E|CS|TAMS 0x0000000621800000| PB 0x0000000621800000| Complete 
| 135|0x0000000621c00000, 0x0000000622000000, 0x0000000622000000|100%| E|CS|TAMS 0x0000000621c00000| PB 0x0000000621c00000| Complete 
| 136|0x0000000622000000, 0x0000000622400000, 0x0000000622400000|100%| E|  |TAMS 0x0000000622000000| PB 0x0000000622000000| Complete 
| 137|0x0000000622400000, 0x0000000622800000, 0x0000000622800000|100%| E|CS|TAMS 0x0000000622400000| PB 0x0000000622400000| Complete 
| 138|0x0000000622800000, 0x0000000622c00000, 0x0000000622c00000|100%| E|CS|TAMS 0x0000000622800000| PB 0x0000000622800000| Complete 
| 139|0x0000000622c00000, 0x0000000623000000, 0x0000000623000000|100%| E|CS|TAMS 0x0000000622c00000| PB 0x0000000622c00000| Complete 
| 140|0x0000000623000000, 0x0000000623400000, 0x0000000623400000|100%| E|CS|TAMS 0x0000000623000000| PB 0x0000000623000000| Complete 
| 141|0x0000000623400000, 0x0000000623800000, 0x0000000623800000|100%| E|CS|TAMS 0x0000000623400000| PB 0x0000000623400000| Complete 
| 142|0x0000000623800000, 0x0000000623c00000, 0x0000000623c00000|100%| E|CS|TAMS 0x0000000623800000| PB 0x0000000623800000| Complete 
| 143|0x0000000623c00000, 0x0000000624000000, 0x0000000624000000|100%| E|CS|TAMS 0x0000000623c00000| PB 0x0000000623c00000| Complete 
| 144|0x0000000624000000, 0x0000000624400000, 0x0000000624400000|100%| E|CS|TAMS 0x0000000624000000| PB 0x0000000624000000| Complete 
| 145|0x0000000624400000, 0x0000000624800000, 0x0000000624800000|100%| E|CS|TAMS 0x0000000624400000| PB 0x0000000624400000| Complete 
| 146|0x0000000624800000, 0x0000000624c00000, 0x0000000624c00000|100%| E|CS|TAMS 0x0000000624800000| PB 0x0000000624800000| Complete 
| 147|0x0000000624c00000, 0x0000000625000000, 0x0000000625000000|100%| E|CS|TAMS 0x0000000624c00000| PB 0x0000000624c00000| Complete 
| 148|0x0000000625000000, 0x0000000625400000, 0x0000000625400000|100%| E|CS|TAMS 0x0000000625000000| PB 0x0000000625000000| Complete 
| 149|0x0000000625400000, 0x0000000625800000, 0x0000000625800000|100%| E|CS|TAMS 0x0000000625400000| PB 0x0000000625400000| Complete 
| 150|0x0000000625800000, 0x0000000625c00000, 0x0000000625c00000|100%| E|CS|TAMS 0x0000000625800000| PB 0x0000000625800000| Complete 
| 151|0x0000000625c00000, 0x0000000626000000, 0x0000000626000000|100%| E|CS|TAMS 0x0000000625c00000| PB 0x0000000625c00000| Complete 
| 152|0x0000000626000000, 0x0000000626400000, 0x0000000626400000|100%| E|CS|TAMS 0x0000000626000000| PB 0x0000000626000000| Complete 
| 153|0x0000000626400000, 0x0000000626800000, 0x0000000626800000|100%| E|CS|TAMS 0x0000000626400000| PB 0x0000000626400000| Complete 
| 154|0x0000000626800000, 0x0000000626c00000, 0x0000000626c00000|100%| E|CS|TAMS 0x0000000626800000| PB 0x0000000626800000| Complete 
| 155|0x0000000626c00000, 0x0000000627000000, 0x0000000627000000|100%| E|CS|TAMS 0x0000000626c00000| PB 0x0000000626c00000| Complete 
| 156|0x0000000627000000, 0x0000000627400000, 0x0000000627400000|100%| E|CS|TAMS 0x0000000627000000| PB 0x0000000627000000| Complete 
| 157|0x0000000627400000, 0x0000000627800000, 0x0000000627800000|100%| E|CS|TAMS 0x0000000627400000| PB 0x0000000627400000| Complete 
|2040|0x00000007fe000000, 0x00000007fe400000, 0x00000007fe400000|100%| O|  |TAMS 0x00000007fe000000| PB 0x00000007fe000000| Untracked 
|2041|0x00000007fe400000, 0x00000007fe800000, 0x00000007fe800000|100%| O|  |TAMS 0x00000007fe400000| PB 0x00000007fe400000| Untracked 
|2042|0x00000007fe800000, 0x00000007fec00000, 0x00000007fec00000|100%| O|  |TAMS 0x00000007fe800000| PB 0x00000007fe800000| Untracked 
|2043|0x00000007fec00000, 0x00000007ff000000, 0x00000007ff000000|100%| O|  |TAMS 0x00000007fec00000| PB 0x00000007fec00000| Untracked 
|2044|0x00000007ff000000, 0x00000007ff400000, 0x00000007ff400000|100%| O|  |TAMS 0x00000007ff000000| PB 0x00000007ff000000| Untracked 
|2045|0x00000007ff400000, 0x00000007ff800000, 0x00000007ff800000|100%| O|  |TAMS 0x00000007ff400000| PB 0x00000007ff400000| Untracked 
|2046|0x00000007ff800000, 0x00000007ffc00000, 0x00000007ffc00000|100%| O|  |TAMS 0x00000007ff800000| PB 0x00000007ff800000| Untracked 
|2047|0x00000007ffc00000, 0x0000000800000000, 0x0000000800000000|100%| O|  |TAMS 0x00000007ffc00000| PB 0x00000007ffc00000| Untracked 

Card table byte_map: [0x000001c60f000000,0x000001c610000000] _byte_map_base: 0x000001c60c000000

Marking Bits: (CMBitMap*) 0x000001c67ab40cb0
 Bits: [0x000001c610000000, 0x000001c618000000)

Polling page: 0x000001c67a260000

Metaspace:

Usage:
  Non-class:     60.32 MB used.
      Class:      6.60 MB used.
       Both:     66.92 MB used.

Virtual space:
  Non-class space:       64.00 MB reserved,      61.25 MB ( 96%) committed,  1 nodes.
      Class space:        1.00 GB reserved,       7.31 MB ( <1%) committed,  1 nodes.
             Both:        1.06 GB reserved,      68.56 MB (  6%) committed. 

Chunk freelists:
   Non-Class:  2.31 MB
       Class:  8.74 MB
        Both:  11.06 MB

MaxMetaspaceSize: unlimited
CompressedClassSpaceSize: 1.00 GB
Initial GC threshold: 21.00 MB
Current GC threshold: 111.06 MB
CDS: on
 - commit_granule_bytes: 65536.
 - commit_granule_words: 8192.
 - virtual_space_node_default_size: 8388608.
 - enlarge_chunks_in_place: 1.
 - use_allocation_guard: 0.


Internal statistics:

num_allocs_failed_limit: 6.
num_arena_births: 1418.
num_arena_deaths: 14.
num_vsnodes_births: 2.
num_vsnodes_deaths: 0.
num_space_committed: 1097.
num_space_uncommitted: 0.
num_chunks_returned_to_freelist: 20.
num_chunks_taken_from_freelist: 4851.
num_chunk_merges: 12.
num_chunk_splits: 2888.
num_chunks_enlarged: 1517.
num_inconsistent_stats: 0.

CodeHeap 'non-profiled nmethods': size=120000Kb used=11583Kb max_used=11583Kb free=108417Kb
 bounds [0x000001c607ad0000, 0x000001c608620000, 0x000001c60f000000]
CodeHeap 'profiled nmethods': size=120000Kb used=30906Kb max_used=30906Kb free=89093Kb
 bounds [0x000001c600000000, 0x000001c601e30000, 0x000001c607530000]
CodeHeap 'non-nmethods': size=5760Kb used=1734Kb max_used=1822Kb free=4025Kb
 bounds [0x000001c607530000, 0x000001c6077a0000, 0x000001c607ad0000]
 total_blobs=13897 nmethods=13140 adapters=658
 compilation: disabled (not enough contiguous free space left)
              stopped_count=1, restarted_count=0
 full_count=1

Compilation events (20 events):
Event: 44.835 Thread 0x000001c660e8e2e0 nmethod 16052 0x000001c608615210 code [0x000001c6086153c0, 0x000001c608615578]
Event: 44.835 Thread 0x000001c660e8e2e0 16059       4       org.eclipse.jdt.internal.compiler.lookup.BoundSet$$Lambda/0x000001c61b635f60::test (8 bytes)
Event: 44.836 Thread 0x000001c67faabce0 nmethod 16071 0x000001c601db8210 code [0x000001c601db8500, 0x000001c601db97d0]
Event: 44.836 Thread 0x000001c660e8e2e0 nmethod 16059 0x000001c608615710 code [0x000001c6086158a0, 0x000001c608615990]
Event: 44.836 Thread 0x000001c660e8e2e0 16067       4       org.eclipse.jdt.internal.compiler.lookup.BoundSet::dependsOnResolutionOf (240 bytes)
Event: 44.839 Thread 0x000001c67faabce0 16073       3       org.eclipse.jdt.internal.compiler.lookup.ConstraintExceptionFormula::inputVariables (253 bytes)
Event: 44.841 Thread 0x000001c67faabce0 nmethod 16073 0x000001c601db9c90 code [0x000001c601dba060, 0x000001c601dbbdc0]
Event: 44.841 Thread 0x000001c67faabce0 16072       1       org.eclipse.jdt.internal.compiler.ast.AllocationExpression::getExpressionContext (5 bytes)
Event: 44.841 Thread 0x000001c67faabce0 nmethod 16072 0x000001c608615a90 code [0x000001c608615c20, 0x000001c608615cf0]
Event: 44.845 Thread 0x000001c67faabce0 16075       3       org.eclipse.jdt.internal.compiler.lookup.BoundSet$ThreeSets::lowerBounds (145 bytes)
Event: 44.847 Thread 0x000001c67faabce0 nmethod 16075 0x000001c601dbc610 code [0x000001c601dbc8a0, 0x000001c601dbd6e8]
Event: 44.847 Thread 0x000001c67faabce0 16076       3       com.sun.org.apache.xerces.internal.utils.XMLSecurityManager$Limit::is (35 bytes)
Event: 44.848 Thread 0x000001c67faabce0 nmethod 16076 0x000001c601dbdb10 code [0x000001c601dbdce0, 0x000001c601dbdf28]
Event: 44.848 Thread 0x000001c67faabce0 16077   !   3       com.sun.org.apache.xerces.internal.parsers.AbstractSAXParser::comment (39 bytes)
Event: 44.848 Thread 0x000001c67faabce0 nmethod 16077 0x000001c601dbe010 code [0x000001c601dbe1e0, 0x000001c601dbe4e0]
Event: 44.849 Thread 0x000001c67faabce0 16078   !   3       org.eclipse.jdt.internal.compiler.ast.LambdaExpression::isPertinentToApplicability (153 bytes)
Event: 44.850 Thread 0x000001c67faabce0 nmethod 16078 0x000001c601dbe690 code [0x000001c601dbe940, 0x000001c601dbf838]
Event: 44.850 Thread 0x000001c67faabce0 16079       3       org.eclipse.jdt.internal.compiler.ast.AllocationExpression::isPolyExpression (45 bytes)
Event: 44.850 Thread 0x000001c67faabce0 nmethod 16079 0x000001c601dbfc90 code [0x000001c601dbfe40, 0x000001c601dc0068]
Event: 44.851 Thread 0x000001c67faabce0 16080       3       org.eclipse.core.internal.content.LazyInputStream::increaseOffset (16 bytes)

GC Heap History (20 events):
Event: 26.183 GC heap before
{Heap before GC invocations=43 (full 0):
 garbage-first heap   total 421888K, used 351978K [0x0000000600000000, 0x0000000800000000)
  region size 4096K, 34 young (139264K), 3 survivors (12288K)
 Metaspace       used 66307K, committed 67840K, reserved 1114112K
  class space    used 6621K, committed 7296K, reserved 1048576K
}
Event: 26.197 GC heap after
{Heap after GC invocations=44 (full 0):
 garbage-first heap   total 421888K, used 238357K [0x0000000600000000, 0x0000000800000000)
  region size 4096K, 3 young (12288K), 3 survivors (12288K)
 Metaspace       used 66307K, committed 67840K, reserved 1114112K
  class space    used 6621K, committed 7296K, reserved 1048576K
}
Event: 26.649 GC heap before
{Heap before GC invocations=44 (full 0):
 garbage-first heap   total 421888K, used 365333K [0x0000000600000000, 0x0000000800000000)
  region size 4096K, 35 young (143360K), 3 survivors (12288K)
 Metaspace       used 66355K, committed 67904K, reserved 1114112K
  class space    used 6621K, committed 7296K, reserved 1048576K
}
Event: 26.666 GC heap after
{Heap after GC invocations=45 (full 0):
 garbage-first heap   total 421888K, used 245011K [0x0000000600000000, 0x0000000800000000)
  region size 4096K, 5 young (20480K), 5 survivors (20480K)
 Metaspace       used 66355K, committed 67904K, reserved 1114112K
  class space    used 6621K, committed 7296K, reserved 1048576K
}
Event: 27.060 GC heap before
{Heap before GC invocations=45 (full 0):
 garbage-first heap   total 421888K, used 367891K [0x0000000600000000, 0x0000000800000000)
  region size 4096K, 36 young (147456K), 5 survivors (20480K)
 Metaspace       used 66427K, committed 67968K, reserved 1114112K
  class space    used 6622K, committed 7296K, reserved 1048576K
}
Event: 27.077 GC heap after
{Heap after GC invocations=46 (full 0):
 garbage-first heap   total 421888K, used 261263K [0x0000000600000000, 0x0000000800000000)
  region size 4096K, 4 young (16384K), 4 survivors (16384K)
 Metaspace       used 66427K, committed 67968K, reserved 1114112K
  class space    used 6622K, committed 7296K, reserved 1048576K
}
Event: 27.609 GC heap before
{Heap before GC invocations=46 (full 0):
 garbage-first heap   total 421888K, used 380047K [0x0000000600000000, 0x0000000800000000)
  region size 4096K, 33 young (135168K), 4 survivors (16384K)
 Metaspace       used 66706K, committed 68224K, reserved 1114112K
  class space    used 6646K, committed 7296K, reserved 1048576K
}
Event: 27.624 GC heap after
{Heap after GC invocations=47 (full 0):
 garbage-first heap   total 421888K, used 275954K [0x0000000600000000, 0x0000000800000000)
  region size 4096K, 4 young (16384K), 4 survivors (16384K)
 Metaspace       used 66706K, committed 68224K, reserved 1114112K
  class space    used 6646K, committed 7296K, reserved 1048576K
}
Event: 28.427 GC heap before
{Heap before GC invocations=48 (full 0):
 garbage-first heap   total 466944K, used 374258K [0x0000000600000000, 0x0000000800000000)
  region size 4096K, 28 young (114688K), 4 survivors (16384K)
 Metaspace       used 67144K, committed 68736K, reserved 1114112K
  class space    used 6692K, committed 7360K, reserved 1048576K
}
Event: 28.443 GC heap after
{Heap after GC invocations=49 (full 0):
 garbage-first heap   total 466944K, used 293405K [0x0000000600000000, 0x0000000800000000)
  region size 4096K, 4 young (16384K), 4 survivors (16384K)
 Metaspace       used 67144K, committed 68736K, reserved 1114112K
  class space    used 6692K, committed 7360K, reserved 1048576K
}
Event: 29.377 GC heap before
{Heap before GC invocations=49 (full 0):
 garbage-first heap   total 466944K, used 412189K [0x0000000600000000, 0x0000000800000000)
  region size 4096K, 34 young (139264K), 4 survivors (16384K)
 Metaspace       used 67160K, committed 68736K, reserved 1114112K
  class space    used 6693K, committed 7360K, reserved 1048576K
}
Event: 29.410 GC heap after
{Heap after GC invocations=50 (full 0):
 garbage-first heap   total 679936K, used 345575K [0x0000000600000000, 0x0000000800000000)
  region size 4096K, 5 young (20480K), 5 survivors (20480K)
 Metaspace       used 67160K, committed 68736K, reserved 1114112K
  class space    used 6693K, committed 7360K, reserved 1048576K
}
Event: 32.191 GC heap before
{Heap before GC invocations=50 (full 0):
 garbage-first heap   total 679936K, used 558567K [0x0000000600000000, 0x0000000800000000)
  region size 4096K, 57 young (233472K), 5 survivors (20480K)
 Metaspace       used 67259K, committed 68800K, reserved 1114112K
  class space    used 6695K, committed 7360K, reserved 1048576K
}
Event: 32.210 GC heap after
{Heap after GC invocations=51 (full 0):
 garbage-first heap   total 679936K, used 376102K [0x0000000600000000, 0x0000000800000000)
  region size 4096K, 7 young (28672K), 7 survivors (28672K)
 Metaspace       used 67259K, committed 68800K, reserved 1114112K
  class space    used 6695K, committed 7360K, reserved 1048576K
}
Event: 33.229 GC heap before
{Heap before GC invocations=51 (full 0):
 garbage-first heap   total 679936K, used 572710K [0x0000000600000000, 0x0000000800000000)
  region size 4096K, 55 young (225280K), 7 survivors (28672K)
 Metaspace       used 67274K, committed 68864K, reserved 1114112K
  class space    used 6695K, committed 7360K, reserved 1048576K
}
Event: 33.238 GC heap after
{Heap after GC invocations=52 (full 0):
 garbage-first heap   total 679936K, used 374350K [0x0000000600000000, 0x0000000800000000)
  region size 4096K, 1 young (4096K), 1 survivors (4096K)
 Metaspace       used 67274K, committed 68864K, reserved 1114112K
  class space    used 6695K, committed 7360K, reserved 1048576K
}
Event: 33.914 GC heap before
{Heap before GC invocations=52 (full 0):
 garbage-first heap   total 679936K, used 575054K [0x0000000600000000, 0x0000000800000000)
  region size 4096K, 50 young (204800K), 1 survivors (4096K)
 Metaspace       used 67278K, committed 68864K, reserved 1114112K
  class space    used 6695K, committed 7360K, reserved 1048576K
}
Event: 33.916 GC heap after
{Heap after GC invocations=53 (full 0):
 garbage-first heap   total 679936K, used 372714K [0x0000000600000000, 0x0000000800000000)
  region size 4096K, 1 young (4096K), 1 survivors (4096K)
 Metaspace       used 67278K, committed 68864K, reserved 1114112K
  class space    used 6695K, committed 7360K, reserved 1048576K
}
Event: 41.628 GC heap before
{Heap before GC invocations=53 (full 0):
 garbage-first heap   total 679936K, used 585706K [0x0000000600000000, 0x0000000800000000)
  region size 4096K, 53 young (217088K), 1 survivors (4096K)
 Metaspace       used 67709K, committed 69312K, reserved 1114112K
  class space    used 6736K, committed 7424K, reserved 1048576K
}
Event: 41.636 GC heap after
{Heap after GC invocations=54 (full 0):
 garbage-first heap   total 679936K, used 381780K [0x0000000600000000, 0x0000000800000000)
  region size 4096K, 3 young (12288K), 3 survivors (12288K)
 Metaspace       used 67709K, committed 69312K, reserved 1114112K
  class space    used 6736K, committed 7424K, reserved 1048576K
}

Dll operation events (10 events):
Event: 0.017 Loaded shared library c:\Users\hyper\.vscode\extensions\redhat.java-1.42.2025041008-win32-x64\jre\21.0.6-win32-x86_64\bin\java.dll
Event: 0.143 Loaded shared library c:\Users\hyper\.vscode\extensions\redhat.java-1.42.2025041008-win32-x64\jre\21.0.6-win32-x86_64\bin\zip.dll
Event: 0.179 Loaded shared library C:\Users\hyper\.vscode\extensions\redhat.java-1.42.2025041008-win32-x64\jre\21.0.6-win32-x86_64\bin\instrument.dll
Event: 0.189 Loaded shared library C:\Users\hyper\.vscode\extensions\redhat.java-1.42.2025041008-win32-x64\jre\21.0.6-win32-x86_64\bin\net.dll
Event: 0.193 Loaded shared library C:\Users\hyper\.vscode\extensions\redhat.java-1.42.2025041008-win32-x64\jre\21.0.6-win32-x86_64\bin\nio.dll
Event: 0.200 Loaded shared library C:\Users\hyper\.vscode\extensions\redhat.java-1.42.2025041008-win32-x64\jre\21.0.6-win32-x86_64\bin\zip.dll
Event: 0.229 Loaded shared library C:\Users\hyper\.vscode\extensions\redhat.java-1.42.2025041008-win32-x64\jre\21.0.6-win32-x86_64\bin\jimage.dll
Event: 0.359 Loaded shared library c:\Users\hyper\.vscode\extensions\redhat.java-1.42.2025041008-win32-x64\jre\21.0.6-win32-x86_64\bin\verify.dll
Event: 2.159 Loaded shared library C:\Users\hyper\AppData\Roaming\Code\User\globalStorage\redhat.java\1.42.2025041008\config_win\org.eclipse.equinox.launcher\org.eclipse.equinox.launcher.win32.win32.x86_64_1.2.1300.v20250331-1702\eclipse_11911.dll
Event: 4.747 Loaded shared library C:\Users\hyper\AppData\Local\Temp\jna-99761772\jna5056817820085781856.dll

Deoptimization events (20 events):
Event: 44.374 Thread 0x000001c65f812ea0 DEOPT PACKING pc=0x000001c6085c4590 sp=0x0000008340ffe9e0
Event: 44.374 Thread 0x000001c65f812ea0 DEOPT UNPACKING pc=0x000001c6075846a2 sp=0x0000008340ffe968 mode 2
Event: 44.392 Thread 0x000001c65f812ea0 Uncommon trap: trap_request=0xffffff76 fr.pc=0x000001c6085ce600 relative=0x00000000000001e0
Event: 44.392 Thread 0x000001c65f812ea0 Uncommon trap: reason=predicate action=maybe_recompile pc=0x000001c6085ce600 method=java.util.LinkedHashMap.keysToArray([Ljava/lang/Object;Z)[Ljava/lang/Object; @ 53 c2
Event: 44.392 Thread 0x000001c65f812ea0 DEOPT PACKING pc=0x000001c6085ce600 sp=0x0000008340ffd720
Event: 44.392 Thread 0x000001c65f812ea0 DEOPT UNPACKING pc=0x000001c6075846a2 sp=0x0000008340ffd6d0 mode 2
Event: 44.650 Thread 0x000001c6624d0590 Uncommon trap: trap_request=0xffffff45 fr.pc=0x000001c608173fcc relative=0x000000000000054c
Event: 44.650 Thread 0x000001c6624d0590 Uncommon trap: reason=unstable_if action=reinterpret pc=0x000001c608173fcc method=org.eclipse.jdt.internal.core.index.MemoryIndex.remove(Ljava/lang/String;)V @ 8 c2
Event: 44.652 Thread 0x000001c6624d0590 DEOPT PACKING pc=0x000001c608173fcc sp=0x00000083433fe850
Event: 44.652 Thread 0x000001c6624d0590 DEOPT UNPACKING pc=0x000001c6075846a2 sp=0x00000083433fe820 mode 2
Event: 44.717 Thread 0x000001c6624cf870 Uncommon trap: trap_request=0xffffff45 fr.pc=0x000001c6082791e0 relative=0x0000000000000320
Event: 44.717 Thread 0x000001c6624cf870 Uncommon trap: reason=unstable_if action=reinterpret pc=0x000001c6082791e0 method=org.eclipse.core.runtime.Path.equals(Ljava/lang/Object;)Z @ 120 c2
Event: 44.717 Thread 0x000001c6624cf870 DEOPT PACKING pc=0x000001c6082791e0 sp=0x0000008344efe670
Event: 44.717 Thread 0x000001c6624cf870 DEOPT UNPACKING pc=0x000001c6075846a2 sp=0x0000008344efe600 mode 2
Event: 44.845 Thread 0x000001c65f810dd0 DEOPT PACKING pc=0x000001c601a9b150 sp=0x00000083422fe5e0
Event: 44.845 Thread 0x000001c65f810dd0 DEOPT UNPACKING pc=0x000001c607584e42 sp=0x00000083422fdba8 mode 0
Event: 44.851 Thread 0x000001c65f812ea0 Uncommon trap: trap_request=0xffffff3d fr.pc=0x000001c60860e5e4 relative=0x0000000000000284
Event: 44.851 Thread 0x000001c65f812ea0 Uncommon trap: reason=unstable_fused_if action=reinterpret pc=0x000001c60860e5e4 method=org.eclipse.jdt.internal.compiler.problem.ProblemReporter.computeSeverity(I)I @ 1 c2
Event: 44.851 Thread 0x000001c65f812ea0 DEOPT PACKING pc=0x000001c60860e5e4 sp=0x0000008340ffef30
Event: 44.851 Thread 0x000001c65f812ea0 DEOPT UNPACKING pc=0x000001c6075846a2 sp=0x0000008340ffeeb8 mode 2

Classes loaded (20 events):
Event: 35.183 Loading class java/util/concurrent/CompletableFuture$UniCompletion done
Event: 35.183 Loading class java/util/concurrent/CompletableFuture$UniApply done
Event: 35.184 Loading class java/util/concurrent/CompletableFuture$UniAccept
Event: 35.184 Loading class java/util/concurrent/CompletableFuture$UniAccept done
Event: 35.184 Loading class java/util/concurrent/CompletableFuture$UniExceptionally
Event: 35.184 Loading class java/util/concurrent/CompletableFuture$UniExceptionally done
Event: 41.359 Loading class java/util/stream/DistinctOps
Event: 41.359 Loading class java/util/stream/DistinctOps done
Event: 41.359 Loading class java/util/stream/DistinctOps$1
Event: 41.359 Loading class java/util/stream/DistinctOps$1 done
Event: 41.362 Loading class java/util/stream/DistinctOps$1$2
Event: 41.362 Loading class java/util/stream/DistinctOps$1$2 done
Event: 41.389 Loading class com/sun/org/apache/xerces/internal/util/ErrorHandlerWrapper$1
Event: 41.389 Loading class com/sun/org/apache/xerces/internal/util/ErrorHandlerWrapper$1 done
Event: 41.603 Loading class java/lang/StackStreamFactory$CallerClassFinder
Event: 41.603 Loading class java/lang/StackStreamFactory$CallerClassFinder done
Event: 41.603 Loading class java/lang/StackStreamFactory$CallerClassFinder$ClassBuffer
Event: 41.603 Loading class java/lang/StackStreamFactory$CallerClassFinder$ClassBuffer done
Event: 44.482 Loading class java/util/ArrayDeque$DeqSpliterator
Event: 44.482 Loading class java/util/ArrayDeque$DeqSpliterator done

Classes unloaded (7 events):
Event: 7.432 Thread 0x000001c67e1cc500 Unloading class 0x000001c61b1a0c00 'java/lang/invoke/LambdaForm$MH+0x000001c61b1a0c00'
Event: 7.432 Thread 0x000001c67e1cc500 Unloading class 0x000001c61b1a0800 'java/lang/invoke/LambdaForm$MH+0x000001c61b1a0800'
Event: 7.432 Thread 0x000001c67e1cc500 Unloading class 0x000001c61b1a0400 'java/lang/invoke/LambdaForm$MH+0x000001c61b1a0400'
Event: 7.432 Thread 0x000001c67e1cc500 Unloading class 0x000001c61b1a0000 'java/lang/invoke/LambdaForm$MH+0x000001c61b1a0000'
Event: 7.432 Thread 0x000001c67e1cc500 Unloading class 0x000001c61b19fc00 'java/lang/invoke/LambdaForm$BMH+0x000001c61b19fc00'
Event: 7.432 Thread 0x000001c67e1cc500 Unloading class 0x000001c61b19f800 'java/lang/invoke/LambdaForm$DMH+0x000001c61b19f800'
Event: 7.432 Thread 0x000001c67e1cc500 Unloading class 0x000001c61b19e400 'java/lang/invoke/LambdaForm$DMH+0x000001c61b19e400'

Classes redefined (0 events):
No events

Internal exceptions (20 events):
Event: 42.851 Thread 0x000001c664603810 Exception <a 'sun/nio/fs/WindowsException'{0x000000062772ede0}> (0x000000062772ede0) 
thrown [s\src\hotspot\share\prims\jni.cpp, line 520]
Event: 42.854 Thread 0x000001c664603810 Exception <a 'sun/nio/fs/WindowsException'{0x0000000627732ce0}> (0x0000000627732ce0) 
thrown [s\src\hotspot\share\prims\jni.cpp, line 520]
Event: 42.866 Thread 0x000001c6624d0c20 Exception <a 'sun/nio/fs/WindowsException'{0x0000000627059130}> (0x0000000627059130) 
thrown [s\src\hotspot\share\prims\jni.cpp, line 520]
Event: 43.852 Thread 0x000001c65f812ea0 Exception <a 'java/lang/NoSuchMethodError'{0x000000062490b1f0}: 'void java.lang.invoke.DirectMethodHandle$Holder.invokeVirtual(java.lang.Object, java.lang.Object, java.lang.Object, java.lang.Object, java.lang.Object)'> (0x000000062490b1f0) 
thrown [s\src\hotspot\share\interpreter\linkResolver.cpp, line 773]
Event: 44.366 Thread 0x000001c6624d0590 Exception <a 'sun/nio/fs/WindowsException'{0x00000006243c49b8}> (0x00000006243c49b8) 
thrown [s\src\hotspot\share\prims\jni.cpp, line 520]
Event: 44.366 Thread 0x000001c6624d0590 Exception <a 'sun/nio/fs/WindowsException'{0x00000006243c52b8}> (0x00000006243c52b8) 
thrown [s\src\hotspot\share\prims\jni.cpp, line 520]
Event: 44.564 Thread 0x000001c65f812ea0 Implicit null exception at 0x000001c601273531 to 0x000001c60127467e
Event: 44.564 Thread 0x000001c65f812ea0 Exception <a 'java/lang/NullPointerException'{0x00000006239b7990}> (0x00000006239b7990) 
thrown [s\src\hotspot\share\runtime\sharedRuntime.cpp, line 625]
Event: 44.564 Thread 0x000001c65f812ea0 Implicit null exception at 0x000001c601273531 to 0x000001c60127467e
Event: 44.564 Thread 0x000001c65f812ea0 Exception <a 'java/lang/NullPointerException'{0x00000006239b83e8}> (0x00000006239b83e8) 
thrown [s\src\hotspot\share\runtime\sharedRuntime.cpp, line 625]
Event: 44.565 Thread 0x000001c65f812ea0 Implicit null exception at 0x000001c601273531 to 0x000001c60127467e
Event: 44.566 Thread 0x000001c65f812ea0 Exception <a 'java/lang/NullPointerException'{0x00000006239b97c0}> (0x00000006239b97c0) 
thrown [s\src\hotspot\share\runtime\sharedRuntime.cpp, line 625]
Event: 44.566 Thread 0x000001c65f812ea0 Implicit null exception at 0x000001c601273531 to 0x000001c60127467e
Event: 44.566 Thread 0x000001c65f812ea0 Exception <a 'java/lang/NullPointerException'{0x00000006239ba768}> (0x00000006239ba768) 
thrown [s\src\hotspot\share\runtime\sharedRuntime.cpp, line 625]
Event: 44.566 Thread 0x000001c65f812ea0 Implicit null exception at 0x000001c601273531 to 0x000001c60127467e
Event: 44.566 Thread 0x000001c65f812ea0 Exception <a 'java/lang/NullPointerException'{0x00000006239bb600}> (0x00000006239bb600) 
thrown [s\src\hotspot\share\runtime\sharedRuntime.cpp, line 625]
Event: 44.566 Thread 0x000001c65f812ea0 Implicit null exception at 0x000001c601273531 to 0x000001c60127467e
Event: 44.566 Thread 0x000001c65f812ea0 Exception <a 'java/lang/NullPointerException'{0x00000006239bc408}> (0x00000006239bc408) 
thrown [s\src\hotspot\share\runtime\sharedRuntime.cpp, line 625]
Event: 44.566 Thread 0x000001c65f812ea0 Implicit null exception at 0x000001c601273531 to 0x000001c60127467e
Event: 44.566 Thread 0x000001c65f812ea0 Exception <a 'java/lang/NullPointerException'{0x00000006239bcf68}> (0x00000006239bcf68) 
thrown [s\src\hotspot\share\runtime\sharedRuntime.cpp, line 625]

ZGC Phase Switch (0 events):
No events

VM Operations (20 events):
Event: 35.432 Executing VM operation: Cleanup
Event: 35.432 Executing VM operation: Cleanup done
Event: 36.432 Executing VM operation: Cleanup
Event: 36.433 Executing VM operation: Cleanup done
Event: 41.361 Executing VM operation: HandshakeAllThreads (Deoptimize)
Event: 41.361 Executing VM operation: HandshakeAllThreads (Deoptimize) done
Event: 41.628 Executing VM operation: G1CollectForAllocation (G1 Evacuation Pause)
Event: 41.636 Executing VM operation: G1CollectForAllocation (G1 Evacuation Pause) done
Event: 42.637 Executing VM operation: Cleanup
Event: 42.637 Executing VM operation: Cleanup done
Event: 43.189 Executing VM operation: ICBufferFull
Event: 43.190 Executing VM operation: ICBufferFull done
Event: 43.696 Executing VM operation: ICBufferFull
Event: 43.696 Executing VM operation: ICBufferFull done
Event: 44.369 Executing VM operation: ICBufferFull
Event: 44.370 Executing VM operation: ICBufferFull done
Event: 44.744 Executing VM operation: ICBufferFull
Event: 44.750 Executing VM operation: ICBufferFull done
Event: 44.766 Executing VM operation: HandshakeAllThreads (Deoptimize)
Event: 44.808 Executing VM operation: HandshakeAllThreads (Deoptimize) done

Memory protections (0 events):
No events

Nmethod flushes (20 events):
Event: 27.831 Thread 0x000001c67e1cc500 flushing  nmethod 0x000001c60022ce10
Event: 27.831 Thread 0x000001c67e1cc500 flushing  nmethod 0x000001c60040dd10
Event: 27.831 Thread 0x000001c67e1cc500 flushing  nmethod 0x000001c600569a10
Event: 27.831 Thread 0x000001c67e1cc500 flushing  nmethod 0x000001c6005a0510
Event: 27.831 Thread 0x000001c67e1cc500 flushing  nmethod 0x000001c600865810
Event: 27.831 Thread 0x000001c67e1cc500 flushing  nmethod 0x000001c6008eeb90
Event: 27.831 Thread 0x000001c67e1cc500 flushing  nmethod 0x000001c6008f0510
Event: 27.831 Thread 0x000001c67e1cc500 flushing  nmethod 0x000001c6008f0a90
Event: 27.831 Thread 0x000001c67e1cc500 flushing  nmethod 0x000001c60096ac90
Event: 27.831 Thread 0x000001c67e1cc500 flushing  nmethod 0x000001c60096cd90
Event: 27.831 Thread 0x000001c67e1cc500 flushing  nmethod 0x000001c6009c7090
Event: 27.831 Thread 0x000001c67e1cc500 flushing  nmethod 0x000001c600b78c90
Event: 27.831 Thread 0x000001c67e1cc500 flushing  nmethod 0x000001c600f76310
Event: 27.831 Thread 0x000001c67e1cc500 flushing  nmethod 0x000001c601050e10
Event: 27.831 Thread 0x000001c67e1cc500 flushing  nmethod 0x000001c6011af190
Event: 27.831 Thread 0x000001c67e1cc500 flushing  nmethod 0x000001c601390690
Event: 27.831 Thread 0x000001c67e1cc500 flushing  nmethod 0x000001c6013ff490
Event: 27.831 Thread 0x000001c67e1cc500 flushing  nmethod 0x000001c60191cb90
Event: 27.831 Thread 0x000001c67e1cc500 flushing  nmethod 0x000001c60191d690
Event: 27.831 Thread 0x000001c67e1cc500 flushing  nmethod 0x000001c601920710

Events (20 events):
Event: 30.568 Thread 0x000001c67faabce0 Thread added: 0x000001c66eccb870
Event: 30.568 Thread 0x000001c67faabce0 Thread added: 0x000001c66eccbf40
Event: 32.585 Thread 0x000001c66eccbf40 Thread exited: 0x000001c66eccbf40
Event: 32.698 Thread 0x000001c66eccb870 Thread exited: 0x000001c66eccb870
Event: 34.603 Thread 0x000001c67faabce0 Thread added: 0x000001c66e3caf40
Event: 35.161 Thread 0x000001c66e3caf40 Thread exited: 0x000001c66e3caf40
Event: 35.229 Thread 0x000001c67faabce0 Thread added: 0x000001c6616c7b70
Event: 40.542 Thread 0x000001c6616c7b70 Thread exited: 0x000001c6616c7b70
Event: 41.396 Thread 0x000001c67faabce0 Thread added: 0x000001c660e8e2e0
Event: 41.591 Thread 0x000001c67faabce0 Thread added: 0x000001c660e92dd0
Event: 42.668 Thread 0x000001c660e92dd0 Thread exited: 0x000001c660e92dd0
Event: 42.804 Thread 0x000001c6624d0c20 Thread added: 0x000001c664604530
Event: 42.810 Thread 0x000001c664604530 Thread added: 0x000001c664604bc0
Event: 42.814 Thread 0x000001c664604bc0 Thread added: 0x000001c6645ff670
Event: 42.814 Thread 0x000001c664604530 Thread added: 0x000001c6645ffd00
Event: 42.815 Thread 0x000001c664604bc0 Thread added: 0x000001c664601740
Event: 42.816 Thread 0x000001c664601740 Thread added: 0x000001c664603810
Event: 42.816 Thread 0x000001c664604bc0 Thread added: 0x000001c664605250
Event: 42.817 Thread 0x000001c664603810 Thread added: 0x000001c664600390
Event: 42.924 Thread 0x000001c67faabce0 Thread added: 0x000001c664e84790


Dynamic libraries:
0x00007ff79b960000 - 0x00007ff79b96e000 	c:\Users\hyper\.vscode\extensions\redhat.java-1.42.2025041008-win32-x64\jre\21.0.6-win32-x86_64\bin\java.exe
0x00007ffc40800000 - 0x00007ffc40a09000 	C:\WINDOWS\SYSTEM32\ntdll.dll
0x00007ffc3f5b0000 - 0x00007ffc3f66d000 	C:\WINDOWS\System32\KERNEL32.DLL
0x00007ffc3dfe0000 - 0x00007ffc3e364000 	C:\WINDOWS\System32\KERNELBASE.dll
0x00007ffc3dec0000 - 0x00007ffc3dfd1000 	C:\WINDOWS\System32\ucrtbase.dll
0x00007ffbe9de0000 - 0x00007ffbe9df8000 	c:\Users\hyper\.vscode\extensions\redhat.java-1.42.2025041008-win32-x64\jre\21.0.6-win32-x86_64\bin\jli.dll
0x00007ffbe9d90000 - 0x00007ffbe9dae000 	c:\Users\hyper\.vscode\extensions\redhat.java-1.42.2025041008-win32-x64\jre\21.0.6-win32-x86_64\bin\VCRUNTIME140.dll
0x00007ffc3f400000 - 0x00007ffc3f5ad000 	C:\WINDOWS\System32\USER32.dll
0x00007ffc3e370000 - 0x00007ffc3e396000 	C:\WINDOWS\System32\win32u.dll
0x00007ffc32500000 - 0x00007ffc327a5000 	C:\WINDOWS\WinSxS\amd64_microsoft.windows.common-controls_6595b64144ccf1df_6.0.22000.120_none_9d947278b86cc467\COMCTL32.dll
0x00007ffc401d0000 - 0x00007ffc401fa000 	C:\WINDOWS\System32\GDI32.dll
0x00007ffc3fe50000 - 0x00007ffc3fef3000 	C:\WINDOWS\System32\msvcrt.dll
0x00007ffc3dd00000 - 0x00007ffc3de1e000 	C:\WINDOWS\System32\gdi32full.dll
0x00007ffc3de20000 - 0x00007ffc3debd000 	C:\WINDOWS\System32\msvcp_win.dll
0x00007ffc3ff70000 - 0x00007ffc3ffa1000 	C:\WINDOWS\System32\IMM32.DLL
0x00007ffc3d650000 - 0x00007ffc3d747000 	C:\Windows\system32\guard64.dll
0x00007ffc3e840000 - 0x00007ffc3e8ee000 	C:\WINDOWS\System32\ADVAPI32.dll
0x00007ffc406b0000 - 0x00007ffc4074e000 	C:\WINDOWS\System32\sechost.dll
0x00007ffc3ea50000 - 0x00007ffc3eb71000 	C:\WINDOWS\System32\RPCRT4.dll
0x00007ffc3d640000 - 0x00007ffc3d64a000 	C:\WINDOWS\system32\version.dll
0x00007ffc3f150000 - 0x00007ffc3f2ea000 	C:\WINDOWS\System32\ole32.dll
0x00007ffc40250000 - 0x00007ffc405c6000 	C:\WINDOWS\System32\combase.dll
0x00007ffc3d630000 - 0x00007ffc3d63b000 	C:\WINDOWS\system32\fltlib.dll
0x00007ffc3f670000 - 0x00007ffc3fe35000 	C:\WINDOWS\System32\shell32.dll
0x00007ffbee390000 - 0x00007ffbee39c000 	c:\Users\hyper\.vscode\extensions\redhat.java-1.42.2025041008-win32-x64\jre\21.0.6-win32-x86_64\bin\vcruntime140_1.dll
0x00007ffbe8ff0000 - 0x00007ffbe907d000 	c:\Users\hyper\.vscode\extensions\redhat.java-1.42.2025041008-win32-x64\jre\21.0.6-win32-x86_64\bin\msvcp140.dll
0x00007ffb9a910000 - 0x00007ffb9b6a0000 	c:\Users\hyper\.vscode\extensions\redhat.java-1.42.2025041008-win32-x64\jre\21.0.6-win32-x86_64\bin\server\jvm.dll
0x00007ffc3e8f0000 - 0x00007ffc3e95f000 	C:\WINDOWS\System32\WS2_32.dll
0x00007ffc3db60000 - 0x00007ffc3dbad000 	C:\WINDOWS\SYSTEM32\POWRPROF.dll
0x00007ffc33c20000 - 0x00007ffc33c53000 	C:\WINDOWS\SYSTEM32\WINMM.dll
0x00007ffc3db40000 - 0x00007ffc3db53000 	C:\WINDOWS\SYSTEM32\UMPDC.dll
0x00007ffc3cb40000 - 0x00007ffc3cb58000 	C:\WINDOWS\SYSTEM32\kernel.appcore.dll
0x00007ffbeb640000 - 0x00007ffbeb64a000 	c:\Users\hyper\.vscode\extensions\redhat.java-1.42.2025041008-win32-x64\jre\21.0.6-win32-x86_64\bin\jimage.dll
0x00007ffc3b840000 - 0x00007ffc3ba61000 	C:\WINDOWS\SYSTEM32\DBGHELP.DLL
0x00007ffc20440000 - 0x00007ffc20471000 	C:\WINDOWS\SYSTEM32\dbgcore.DLL
0x00007ffc3e3a0000 - 0x00007ffc3e41f000 	C:\WINDOWS\System32\bcryptPrimitives.dll
0x00007ffbe9ea0000 - 0x00007ffbe9eaf000 	c:\Users\hyper\.vscode\extensions\redhat.java-1.42.2025041008-win32-x64\jre\21.0.6-win32-x86_64\bin\instrument.dll
0x00007ffbe9c10000 - 0x00007ffbe9c2f000 	c:\Users\hyper\.vscode\extensions\redhat.java-1.42.2025041008-win32-x64\jre\21.0.6-win32-x86_64\bin\java.dll
0x00007ffc3bc00000 - 0x00007ffc3c462000 	C:\WINDOWS\SYSTEM32\windows.storage.dll
0x00007ffc3ba90000 - 0x00007ffc3bbf7000 	C:\WINDOWS\SYSTEM32\wintypes.dll
0x00007ffc3eb80000 - 0x00007ffc3ec6a000 	C:\WINDOWS\System32\SHCORE.dll
0x00007ffc3ffb0000 - 0x00007ffc4000d000 	C:\WINDOWS\System32\shlwapi.dll
0x00007ffc3dbc0000 - 0x00007ffc3dbe5000 	C:\WINDOWS\SYSTEM32\profapi.dll
0x00007ffbe9bf0000 - 0x00007ffbe9c08000 	c:\Users\hyper\.vscode\extensions\redhat.java-1.42.2025041008-win32-x64\jre\21.0.6-win32-x86_64\bin\zip.dll
0x00007ffbe9d80000 - 0x00007ffbe9d90000 	C:\Users\hyper\.vscode\extensions\redhat.java-1.42.2025041008-win32-x64\jre\21.0.6-win32-x86_64\bin\net.dll
0x00007ffc37fe0000 - 0x00007ffc380f4000 	C:\WINDOWS\SYSTEM32\WINHTTP.dll
0x00007ffc3d040000 - 0x00007ffc3d0a7000 	C:\WINDOWS\system32\mswsock.dll
0x00007ffbe9b30000 - 0x00007ffbe9b46000 	C:\Users\hyper\.vscode\extensions\redhat.java-1.42.2025041008-win32-x64\jre\21.0.6-win32-x86_64\bin\nio.dll
0x00007ffbe9be0000 - 0x00007ffbe9bf0000 	c:\Users\hyper\.vscode\extensions\redhat.java-1.42.2025041008-win32-x64\jre\21.0.6-win32-x86_64\bin\verify.dll
0x00007ffbeb6e0000 - 0x00007ffbeb725000 	C:\Users\hyper\AppData\Roaming\Code\User\globalStorage\redhat.java\1.42.2025041008\config_win\org.eclipse.equinox.launcher\org.eclipse.equinox.launcher.win32.win32.x86_64_1.2.1300.v20250331-1702\eclipse_11911.dll
0x00007ffc3d760000 - 0x00007ffc3d778000 	C:\WINDOWS\SYSTEM32\CRYPTSP.dll
0x00007ffc3cb00000 - 0x00007ffc3cb35000 	C:\WINDOWS\system32\rsaenh.dll
0x00007ffc3d0e0000 - 0x00007ffc3d10c000 	C:\WINDOWS\SYSTEM32\USERENV.dll
0x00007ffc3d7a0000 - 0x00007ffc3d7c7000 	C:\WINDOWS\SYSTEM32\bcrypt.dll
0x00007ffc3d230000 - 0x00007ffc3d23c000 	C:\WINDOWS\SYSTEM32\CRYPTBASE.dll
0x00007ffc3c6c0000 - 0x00007ffc3c6ed000 	C:\WINDOWS\SYSTEM32\IPHLPAPI.DLL
0x00007ffc3e770000 - 0x00007ffc3e779000 	C:\WINDOWS\System32\NSI.dll
0x00007ffbf3860000 - 0x00007ffbf38a9000 	C:\Users\hyper\AppData\Local\Temp\jna-99761772\jna5056817820085781856.dll
0x00007ffc3fe40000 - 0x00007ffc3fe48000 	C:\WINDOWS\System32\PSAPI.DLL
0x00007ffc37860000 - 0x00007ffc37879000 	C:\WINDOWS\SYSTEM32\dhcpcsvc6.DLL
0x00007ffc383c0000 - 0x00007ffc383de000 	C:\WINDOWS\SYSTEM32\dhcpcsvc.DLL

dbghelp: loaded successfully - version: 4.0.5 - missing functions: none
symbol engine: initialized successfully - sym options: 0x614 - pdb path: .;c:\Users\hyper\.vscode\extensions\redhat.java-1.42.2025041008-win32-x64\jre\21.0.6-win32-x86_64\bin;C:\WINDOWS\SYSTEM32;C:\WINDOWS\WinSxS\amd64_microsoft.windows.common-controls_6595b64144ccf1df_6.0.22000.120_none_9d947278b86cc467;c:\Users\hyper\.vscode\extensions\redhat.java-1.42.2025041008-win32-x64\jre\21.0.6-win32-x86_64\bin\server;C:\Users\hyper\AppData\Roaming\Code\User\globalStorage\redhat.java\1.42.2025041008\config_win\org.eclipse.equinox.launcher\org.eclipse.equinox.launcher.win32.win32.x86_64_1.2.1300.v20250331-1702;C:\Users\hyper\AppData\Local\Temp\jna-99761772

VM Arguments:
jvm_args: --add-modules=ALL-SYSTEM --add-opens=java.base/java.util=ALL-UNNAMED --add-opens=java.base/java.lang=ALL-UNNAMED --add-opens=java.base/sun.nio.fs=ALL-UNNAMED -Declipse.application=org.eclipse.jdt.ls.core.id1 -Dosgi.bundles.defaultStartLevel=4 -Declipse.product=org.eclipse.jdt.ls.core.product -Djava.import.generatesMetadataFilesAtProjectRoot=false -DDetectVMInstallationsJob.disabled=true -Dfile.encoding=utf8 -Xlog:disable -Xms100m -Xmx8G -javaagent:c:\Users\hyper\.vscode\extensions\redhat.java-1.42.2025041008-win32-x64\lombok\lombok-1.18.36.jar -XX:+HeapDumpOnOutOfMemoryError -XX:HeapDumpPath=c:\Users\hyper\AppData\Roaming\Code\User\workspaceStorage\9786f179f1d4055ca563254eef00c7fe\redhat.java -Daether.dependencyCollector.impl=bf 
java_command: c:\Users\hyper\.vscode\extensions\redhat.java-1.42.2025041008-win32-x64\server\plugins\org.eclipse.equinox.launcher_1.7.0.v20250404-1055.jar -configuration c:\Users\hyper\AppData\Roaming\Code\User\globalStorage\redhat.java\1.42.2025041008\config_win -data c:\Users\hyper\AppData\Roaming\Code\User\workspaceStorage\9786f179f1d4055ca563254eef00c7fe\redhat.java\jdt_ws --pipe=\\.\pipe\lsp-babf222defd39216decb6d87492d68d0-sock
java_class_path (initial): c:\Users\hyper\.vscode\extensions\redhat.java-1.42.2025041008-win32-x64\server\plugins\org.eclipse.equinox.launcher_1.7.0.v20250404-1055.jar
Launcher Type: SUN_STANDARD

[Global flags]
     intx CICompilerCount                          = 4                                         {product} {ergonomic}
     uint ConcGCThreads                            = 2                                         {product} {ergonomic}
     uint G1ConcRefinementThreads                  = 8                                         {product} {ergonomic}
   size_t G1HeapRegionSize                         = 4194304                                   {product} {ergonomic}
    uintx GCDrainStackTargetSize                   = 64                                        {product} {ergonomic}
     bool HeapDumpOnOutOfMemoryError               = true                                   {manageable} {command line}
    ccstr HeapDumpPath                             = c:\Users\hyper\AppData\Roaming\Code\User\workspaceStorage\9786f179f1d4055ca563254eef00c7fe\redhat.java         {manageable} {command line}
   size_t InitialHeapSize                          = 104857600                                 {product} {command line}
   size_t MarkStackSize                            = 4194304                                   {product} {ergonomic}
   size_t MaxHeapSize                              = 8589934592                                {product} {command line}
   size_t MaxNewSize                               = 5150605312                                {product} {ergonomic}
   size_t MinHeapDeltaBytes                        = 4194304                                   {product} {ergonomic}
   size_t MinHeapSize                              = 104857600                                 {product} {command line}
    uintx NonNMethodCodeHeapSize                   = 5839372                                {pd product} {ergonomic}
    uintx NonProfiledCodeHeapSize                  = 122909434                              {pd product} {ergonomic}
    uintx ProfiledCodeHeapSize                     = 122909434                              {pd product} {ergonomic}
    uintx ReservedCodeCacheSize                    = 251658240                              {pd product} {ergonomic}
     bool SegmentedCodeCache                       = true                                      {product} {ergonomic}
   size_t SoftMaxHeapSize                          = 8589934592                             {manageable} {ergonomic}
     bool UseCompressedOops                        = true                           {product lp64_product} {ergonomic}
     bool UseG1GC                                  = true                                      {product} {ergonomic}
     bool UseLargePagesIndividualAllocation        = false                                  {pd product} {ergonomic}

Logging:
Log output configuration:
 #0: stdout all=off uptime,level,tags foldmultilines=false
 #1: stderr all=off uptime,level,tags foldmultilines=false

Environment Variables:
JAVA_HOME=C:\Program Files\Java\jdk-18.0.2.1
PATH=C:\Program Files\Common Files\Oracle\Java\javapath;C:\WINDOWS\system32;C:\WINDOWS;C:\WINDOWS\System32\Wbem;C:\WINDOWS\System32\WindowsPowerShell\v1.0\;C:\WINDOWS\System32\OpenSSH\;J:\.important\Documents\apache-maven-3.8.6\bin;C:\Program Files\Microsoft SQL Server\Client SDK\ODBC\170\Tools\Binn\;C:\Program Files (x86)\Microsoft SQL Server\150\Tools\Binn\;C:\Program Files\Microsoft SQL Server\150\Tools\Binn\;C:\Program Files\Microsoft SQL Server\150\DTS\Binn\;C:\Program Files (x86)\Microsoft SQL Server\160\DTS\Binn\;C:\Users\hyper\Downloads\curl-8.10.1_2-win64-mingw\curl-8.10.1_2-win64-mingw\bin;C:\C:\Program Files\Java\jdk-18.0.2.1\bin;C:\Program Files\OpenSSL-Win64\bin;C:\Program Files\dotnet\;C:\Program Files\Git\cmd;H:\;C:\Program Files (x86)\Microsoft SQL Server\160\Tools\Binn\;C:\Program Files\Microsoft SQL Server\160\Tools\Binn\;C:\Program Files\Microsoft SQL Server\160\DTS\Binn\;C:\Program Files (x86)\NVIDIA Corporation\PhysX\Common;F:\Docker\resources\bin;C:\Users\hyper\AppData\Local\Microsoft\WindowsApps;C:\Program Files\Java\jdk-18.0.2.1\bin;C:\Users\hyper\AppData\Roaming\npm;J:\Microsoft VS Code\bin
USERNAME=hyper
OS=Windows_NT
PROCESSOR_IDENTIFIER=Intel64 Family 6 Model 60 Stepping 3, GenuineIntel
TMP=C:\Users\hyper\AppData\Local\Temp
TEMP=C:\Users\hyper\AppData\Local\Temp




Periodic native trim disabled

---------------  S Y S T E M  ---------------

OS:
 Windows 11 , 64 bit Build 22000 (10.0.22000.2538)
OS uptime: 1 days 22:39 hours
Hyper-V role detected

CPU: total 8 (initial active 8) (4 cores per cpu, 2 threads per core) family 6 model 60 stepping 3 microcode 0x28, cx8, cmov, fxsr, ht, mmx, sse, sse2, sse3, ssse3, sse4.1, sse4.2, popcnt, lzcnt, tsc, tscinvbit, avx, avx2, aes, erms, clmul, bmi1, bmi2, fma, vzeroupper, clflush, hv, rdtscp, f16c
Processor Information for the first 8 processors :
  Max Mhz: 3501, Current Mhz: 3501, Mhz Limit: 3501

Memory: 4k page, system-wide physical 16283M (2014M free)
TotalPageFile size 36283M (AvailPageFile size 2M)
current process WorkingSet (physical memory assigned to process): 1048M, peak: 1069M
current process commit charge ("private bytes"): 976M, peak: 1006M

vm_info: OpenJDK 64-Bit Server VM (21.0.6+7-LTS) for windows-amd64 JRE (21.0.6+7-LTS), built on 2025-01-21T00:00:00Z by "admin" with MS VC++ 17.7 (VS2022)

END.
