#
# There is insufficient memory for the Java Runtime Environment to continue.
# Native memory allocation (malloc) failed to allocate 870736 bytes for Chunk::new
# Possible reasons:
#   The system is out of physical RAM or swap space
#   The process is running with CompressedOops enabled, and the Java Heap may be blocking the growth of the native heap
# Possible solutions:
#   Reduce memory load on the system
#   Increase physical memory or swap space
#   Check if swap backing store is full
#   Decrease Java heap size (-Xmx/-Xms)
#   Decrease number of Java threads
#   Decrease Java thread stack sizes (-Xss)
#   Set larger code cache with -XX:ReservedCodeCacheSize=
#   JVM is running with Zero Based Compressed Oops mode in which the Java heap is
#     placed in the first 32GB address space. The Java Heap base address is the
#     maximum limit for the native heap growth. Please use -XX:HeapBaseMinAddress
#     to set the Java Heap base and to place the Java Heap above 32GB virtual address.
# This output file may be truncated or incomplete.
#
#  Out of Memory Error (arena.cpp:184), pid=28324, tid=22580
#
# JRE version: Java(TM) SE Runtime Environment (18.0.2.1+1) (build 18.0.2.1+1-1)
# Java VM: Java HotSpot(TM) 64-Bit Server VM (18.0.2.1+1-1, mixed mode, sharing, tiered, compressed oops, compressed class ptrs, g1 gc, windows-amd64)
# No core dump will be written. Minidumps are not enabled by default on client versions of Windows
#

---------------  S U M M A R Y ------------

Command Line: -Dclassworlds.conf=J:\.important\Documents\apache-maven-3.8.6\bin\m2.conf -Dmaven.home=J:\.important\Documents\apache-maven-3.8.6 -Dlibrary.jansi.path=J:\.important\Documents\apache-maven-3.8.6\lib\jansi-native -Dmaven.multiModuleProjectDirectory=F:\Memefesrec\memefest org.codehaus.plexus.classworlds.launcher.Launcher clean install

Host: Intel(R) Core(TM) i7-4770K CPU @ 3.50GHz, 8 cores, 15G,  Windows 11 , 64 bit Build 22000 (10.0.22000.2538)
Time: Thu Aug 14 03:12:57 2025 Volgograd Standard Time elapsed time: 3.140801 seconds (0d 0h 0m 3s)

---------------  T H R E A D  ---------------

Current thread (0x00000159684fe670):  JavaThread "C2 CompilerThread2" daemon [_thread_in_native, id=22580, stack(0x0000004594100000,0x0000004594200000)]


Current CompileTask:
C2:   3140 3769   !   4       java.net.URL::<init> (543 bytes)

Stack: [0x0000004594100000,0x0000004594200000]
Native frames: (J=compiled Java code, j=interpreted, Vv=VM code, C=native code)
V  [jvm.dll+0x6993aa]
V  [jvm.dll+0x7f46dd]
V  [jvm.dll+0x7f5fee]
V  [jvm.dll+0x7f66a3]
V  [jvm.dll+0x25cf1f]
V  [jvm.dll+0xb8c2f]
V  [jvm.dll+0xb8fa5]
V  [jvm.dll+0x386091]
V  [jvm.dll+0x1d2b72]
V  [jvm.dll+0x230259]
V  [jvm.dll+0x22f4d1]
V  [jvm.dll+0x1ba01c]
V  [jvm.dll+0x23ee0a]
V  [jvm.dll+0x23d0f5]
V  [jvm.dll+0x7a6dd1]
V  [jvm.dll+0x7a120a]
V  [jvm.dll+0x698255]
C  [ucrtbase.dll+0x26c0c]
C  [KERNEL32.DLL+0x153e0]
C  [ntdll.dll+0x485b]


---------------  P R O C E S S  ---------------

Threads class SMR info:
_java_thread_list=0x00000159684db130, length=14, elements={
0x0000015940242610, 0x00000159577a35d0, 0x00000159577a5240, 0x00000159577c16f0,
0x00000159577c30a0, 0x00000159577c3a40, 0x00000159577c43e0, 0x00000159577c70c0,
0x00000159577c87e0, 0x00000159577c91c0, 0x000001596395eb40, 0x0000015963964f00,
0x00000159682482e0, 0x00000159684fe670
}

Java Threads: ( => current thread )
  0x0000015940242610 JavaThread "main" [_thread_in_vm, id=28312, stack(0x0000004592d00000,0x0000004592e00000)]
  0x00000159577a35d0 JavaThread "Reference Handler" daemon [_thread_blocked, id=26356, stack(0x0000004593400000,0x0000004593500000)]
  0x00000159577a5240 JavaThread "Finalizer" daemon [_thread_blocked, id=22064, stack(0x0000004593500000,0x0000004593600000)]
  0x00000159577c16f0 JavaThread "Signal Dispatcher" daemon [_thread_blocked, id=24444, stack(0x0000004593600000,0x0000004593700000)]
  0x00000159577c30a0 JavaThread "Attach Listener" daemon [_thread_blocked, id=17540, stack(0x0000004593700000,0x0000004593800000)]
  0x00000159577c3a40 JavaThread "Service Thread" daemon [_thread_blocked, id=22088, stack(0x0000004593800000,0x0000004593900000)]
  0x00000159577c43e0 JavaThread "Monitor Deflation Thread" daemon [_thread_blocked, id=28408, stack(0x0000004593900000,0x0000004593a00000)]
  0x00000159577c70c0 JavaThread "C2 CompilerThread0" daemon [_thread_blocked, id=9908, stack(0x0000004593a00000,0x0000004593b00000)]
  0x00000159577c87e0 JavaThread "C1 CompilerThread0" daemon [_thread_blocked, id=24408, stack(0x0000004593b00000,0x0000004593c00000)]
  0x00000159577c91c0 JavaThread "Sweeper thread" daemon [_thread_blocked, id=22364, stack(0x0000004593c00000,0x0000004593d00000)]
  0x000001596395eb40 JavaThread "Notification Thread" daemon [_thread_blocked, id=16228, stack(0x0000004593d00000,0x0000004593e00000)]
  0x0000015963964f00 JavaThread "Common-Cleaner" daemon [_thread_blocked, id=5740, stack(0x0000004593f00000,0x0000004594000000)]
  0x00000159682482e0 JavaThread "C2 CompilerThread1" daemon [_thread_blocked, id=25268, stack(0x0000004594000000,0x0000004594100000)]
=>0x00000159684fe670 JavaThread "C2 CompilerThread2" daemon [_thread_in_native, id=22580, stack(0x0000004594100000,0x0000004594200000)]

Other Threads:
  0x000001595765aef0 VMThread "VM Thread" [stack: 0x0000004593300000,0x0000004593400000] [id=2432]
  0x0000015963961830 WatcherThread "VM Periodic Task Thread" [stack: 0x0000004593e00000,0x0000004593f00000] [id=28392]
  0x0000015957650b60 WorkerThread "GC Thread#0" [stack: 0x0000004592e00000,0x0000004592f00000] [id=15656]
  0x00000159685a3e20 WorkerThread "GC Thread#1" [stack: 0x0000004594200000,0x0000004594300000] [id=26636]
  0x0000015968686c00 WorkerThread "GC Thread#2" [stack: 0x0000004594300000,0x0000004594400000] [id=26272]
  0x0000015968686ea0 WorkerThread "GC Thread#3" [stack: 0x0000004594400000,0x0000004594500000] [id=28196]
  0x0000015968aea110 WorkerThread "GC Thread#4" [stack: 0x0000004594500000,0x0000004594600000] [id=14452]
  0x0000015968951630 WorkerThread "GC Thread#5" [stack: 0x0000004594600000,0x0000004594700000] [id=27696]
  0x0000015968952090 WorkerThread "GC Thread#6" [stack: 0x0000004594700000,0x0000004594800000] [id=14848]
  0x0000015968b781c0 WorkerThread "GC Thread#7" [stack: 0x0000004594800000,0x0000004594900000] [id=27504]
  0x000001594027ce10 ConcurrentGCThread "G1 Main Marker" [stack: 0x0000004592f00000,0x0000004593000000] [id=21112]
  0x000001594027dc20 WorkerThread "G1 Conc#0" [stack: 0x0000004593000000,0x0000004593100000] [id=24796]
  0x00000159576e0190 ConcurrentGCThread "G1 Refine#0" [stack: 0x0000004593100000,0x0000004593200000] [id=16324]
  0x00000159576e0aa0 ConcurrentGCThread "G1 Service" [stack: 0x0000004593200000,0x0000004593300000] [id=14644]

Threads with active compile tasks:
C2 CompilerThread2     3193 3769   !   4       java.net.URL::<init> (543 bytes)

VM state: not at safepoint (normal execution)

VM Mutex/Monitor currently owned by a thread: None

Heap address: 0x0000000701800000, size: 4072 MB, Compressed Oops mode: Zero based, Oop shift amount: 3

CDS archive(s) mapped at: [0x0000000800000000-0x0000000800ba0000-0x0000000800ba0000), size 12189696, SharedBaseAddress: 0x0000000800000000, ArchiveRelocationMode: 0.
Compressed class space mapped at: 0x0000000800c00000-0x0000000840c00000, reserved size: 1073741824
Narrow klass base: 0x0000000800000000, Narrow klass shift: 0, Narrow klass range: 0x100000000

GC Precious Log:
 CardTable entry size: 512
 Card Set container configuration: InlinePtr #cards 4 size 8 Array Of Cards #cards 16 size 48 Howl #buckets 8 coarsen threshold 3686 Howl Bitmap #cards 512 size 80 coarsen threshold 460 Card regions per heap region 1 cards per card region 4096
 CPUs: 8 total, 8 available
 Memory: 16283M
 Large Page Support: Disabled
 NUMA Support: Disabled
 Compressed Oops: Enabled (Zero based)
 Heap Region Size: 2M
 Heap Min Capacity: 8M
 Heap Initial Capacity: 256M
 Heap Max Capacity: 4072M
 Pre-touch: Disabled
 Parallel Workers: 8
 Concurrent Workers: 2
 Concurrent Refinement Workers: 8
 Periodic GC: Disabled

Heap:
 garbage-first heap   total 262144K, used 114700K [0x0000000701800000, 0x0000000800000000)
  region size 2048K, 57 young (116736K), 2 survivors (4096K)
 Metaspace       used 14273K, committed 14528K, reserved 1114112K
  class space    used 1547K, committed 1664K, reserved 1048576K

Heap Regions: E=young(eden), S=young(survivor), O=old, HS=humongous(starts), HC=humongous(continues), CS=collection set, F=free, OA=open archive, CA=closed archive, TAMS=top-at-mark-start (previous, next)
|   0|0x0000000701800000, 0x0000000701a00000, 0x0000000701a00000|100%| O|  |TAMS 0x0000000701800000, 0x0000000701800000| Untracked 
|   1|0x0000000701a00000, 0x0000000701b48c00, 0x0000000701c00000| 64%| O|  |TAMS 0x0000000701a00000, 0x0000000701a00000| Untracked 
|   2|0x0000000701c00000, 0x0000000701c00000, 0x0000000701e00000|  0%| F|  |TAMS 0x0000000701c00000, 0x0000000701c00000| Untracked 
|   3|0x0000000701e00000, 0x0000000701e00000, 0x0000000702000000|  0%| F|  |TAMS 0x0000000701e00000, 0x0000000701e00000| Untracked 
|   4|0x0000000702000000, 0x0000000702000000, 0x0000000702200000|  0%| F|  |TAMS 0x0000000702000000, 0x0000000702000000| Untracked 
|   5|0x0000000702200000, 0x0000000702200000, 0x0000000702400000|  0%| F|  |TAMS 0x0000000702200000, 0x0000000702200000| Untracked 
|   6|0x0000000702400000, 0x0000000702400000, 0x0000000702600000|  0%| F|  |TAMS 0x0000000702400000, 0x0000000702400000| Untracked 
|   7|0x0000000702600000, 0x0000000702600000, 0x0000000702800000|  0%| F|  |TAMS 0x0000000702600000, 0x0000000702600000| Untracked 
|   8|0x0000000702800000, 0x0000000702800000, 0x0000000702a00000|  0%| F|  |TAMS 0x0000000702800000, 0x0000000702800000| Untracked 
|   9|0x0000000702a00000, 0x0000000702a00000, 0x0000000702c00000|  0%| F|  |TAMS 0x0000000702a00000, 0x0000000702a00000| Untracked 
|  10|0x0000000702c00000, 0x0000000702c00000, 0x0000000702e00000|  0%| F|  |TAMS 0x0000000702c00000, 0x0000000702c00000| Untracked 
|  11|0x0000000702e00000, 0x0000000702e00000, 0x0000000703000000|  0%| F|  |TAMS 0x0000000702e00000, 0x0000000702e00000| Untracked 
|  12|0x0000000703000000, 0x0000000703000000, 0x0000000703200000|  0%| F|  |TAMS 0x0000000703000000, 0x0000000703000000| Untracked 
|  13|0x0000000703200000, 0x0000000703200000, 0x0000000703400000|  0%| F|  |TAMS 0x0000000703200000, 0x0000000703200000| Untracked 
|  14|0x0000000703400000, 0x0000000703400000, 0x0000000703600000|  0%| F|  |TAMS 0x0000000703400000, 0x0000000703400000| Untracked 
|  15|0x0000000703600000, 0x0000000703600000, 0x0000000703800000|  0%| F|  |TAMS 0x0000000703600000, 0x0000000703600000| Untracked 
|  16|0x0000000703800000, 0x0000000703800000, 0x0000000703a00000|  0%| F|  |TAMS 0x0000000703800000, 0x0000000703800000| Untracked 
|  17|0x0000000703a00000, 0x0000000703a00000, 0x0000000703c00000|  0%| F|  |TAMS 0x0000000703a00000, 0x0000000703a00000| Untracked 
|  18|0x0000000703c00000, 0x0000000703c00000, 0x0000000703e00000|  0%| F|  |TAMS 0x0000000703c00000, 0x0000000703c00000| Untracked 
|  19|0x0000000703e00000, 0x0000000703e00000, 0x0000000704000000|  0%| F|  |TAMS 0x0000000703e00000, 0x0000000703e00000| Untracked 
|  20|0x0000000704000000, 0x0000000704000000, 0x0000000704200000|  0%| F|  |TAMS 0x0000000704000000, 0x0000000704000000| Untracked 
|  21|0x0000000704200000, 0x0000000704200000, 0x0000000704400000|  0%| F|  |TAMS 0x0000000704200000, 0x0000000704200000| Untracked 
|  22|0x0000000704400000, 0x0000000704400000, 0x0000000704600000|  0%| F|  |TAMS 0x0000000704400000, 0x0000000704400000| Untracked 
|  23|0x0000000704600000, 0x0000000704600000, 0x0000000704800000|  0%| F|  |TAMS 0x0000000704600000, 0x0000000704600000| Untracked 
|  24|0x0000000704800000, 0x0000000704800000, 0x0000000704a00000|  0%| F|  |TAMS 0x0000000704800000, 0x0000000704800000| Untracked 
|  25|0x0000000704a00000, 0x0000000704a00000, 0x0000000704c00000|  0%| F|  |TAMS 0x0000000704a00000, 0x0000000704a00000| Untracked 
|  26|0x0000000704c00000, 0x0000000704c00000, 0x0000000704e00000|  0%| F|  |TAMS 0x0000000704c00000, 0x0000000704c00000| Untracked 
|  27|0x0000000704e00000, 0x0000000704e00000, 0x0000000705000000|  0%| F|  |TAMS 0x0000000704e00000, 0x0000000704e00000| Untracked 
|  28|0x0000000705000000, 0x0000000705000000, 0x0000000705200000|  0%| F|  |TAMS 0x0000000705000000, 0x0000000705000000| Untracked 
|  29|0x0000000705200000, 0x0000000705200000, 0x0000000705400000|  0%| F|  |TAMS 0x0000000705200000, 0x0000000705200000| Untracked 
|  30|0x0000000705400000, 0x0000000705400000, 0x0000000705600000|  0%| F|  |TAMS 0x0000000705400000, 0x0000000705400000| Untracked 
|  31|0x0000000705600000, 0x0000000705600000, 0x0000000705800000|  0%| F|  |TAMS 0x0000000705600000, 0x0000000705600000| Untracked 
|  32|0x0000000705800000, 0x0000000705800000, 0x0000000705a00000|  0%| F|  |TAMS 0x0000000705800000, 0x0000000705800000| Untracked 
|  33|0x0000000705a00000, 0x0000000705a00000, 0x0000000705c00000|  0%| F|  |TAMS 0x0000000705a00000, 0x0000000705a00000| Untracked 
|  34|0x0000000705c00000, 0x0000000705c00000, 0x0000000705e00000|  0%| F|  |TAMS 0x0000000705c00000, 0x0000000705c00000| Untracked 
|  35|0x0000000705e00000, 0x0000000705e00000, 0x0000000706000000|  0%| F|  |TAMS 0x0000000705e00000, 0x0000000705e00000| Untracked 
|  36|0x0000000706000000, 0x0000000706000000, 0x0000000706200000|  0%| F|  |TAMS 0x0000000706000000, 0x0000000706000000| Untracked 
|  37|0x0000000706200000, 0x0000000706200000, 0x0000000706400000|  0%| F|  |TAMS 0x0000000706200000, 0x0000000706200000| Untracked 
|  38|0x0000000706400000, 0x0000000706400000, 0x0000000706600000|  0%| F|  |TAMS 0x0000000706400000, 0x0000000706400000| Untracked 
|  39|0x0000000706600000, 0x0000000706600000, 0x0000000706800000|  0%| F|  |TAMS 0x0000000706600000, 0x0000000706600000| Untracked 
|  40|0x0000000706800000, 0x0000000706800000, 0x0000000706a00000|  0%| F|  |TAMS 0x0000000706800000, 0x0000000706800000| Untracked 
|  41|0x0000000706a00000, 0x0000000706a00000, 0x0000000706c00000|  0%| F|  |TAMS 0x0000000706a00000, 0x0000000706a00000| Untracked 
|  42|0x0000000706c00000, 0x0000000706c00000, 0x0000000706e00000|  0%| F|  |TAMS 0x0000000706c00000, 0x0000000706c00000| Untracked 
|  43|0x0000000706e00000, 0x0000000706e00000, 0x0000000707000000|  0%| F|  |TAMS 0x0000000706e00000, 0x0000000706e00000| Untracked 
|  44|0x0000000707000000, 0x0000000707000000, 0x0000000707200000|  0%| F|  |TAMS 0x0000000707000000, 0x0000000707000000| Untracked 
|  45|0x0000000707200000, 0x0000000707200000, 0x0000000707400000|  0%| F|  |TAMS 0x0000000707200000, 0x0000000707200000| Untracked 
|  46|0x0000000707400000, 0x0000000707400000, 0x0000000707600000|  0%| F|  |TAMS 0x0000000707400000, 0x0000000707400000| Untracked 
|  47|0x0000000707600000, 0x0000000707600000, 0x0000000707800000|  0%| F|  |TAMS 0x0000000707600000, 0x0000000707600000| Untracked 
|  48|0x0000000707800000, 0x0000000707800000, 0x0000000707a00000|  0%| F|  |TAMS 0x0000000707800000, 0x0000000707800000| Untracked 
|  49|0x0000000707a00000, 0x0000000707a00000, 0x0000000707c00000|  0%| F|  |TAMS 0x0000000707a00000, 0x0000000707a00000| Untracked 
|  50|0x0000000707c00000, 0x0000000707c00000, 0x0000000707e00000|  0%| F|  |TAMS 0x0000000707c00000, 0x0000000707c00000| Untracked 
|  51|0x0000000707e00000, 0x0000000707e00000, 0x0000000708000000|  0%| F|  |TAMS 0x0000000707e00000, 0x0000000707e00000| Untracked 
|  52|0x0000000708000000, 0x0000000708000000, 0x0000000708200000|  0%| F|  |TAMS 0x0000000708000000, 0x0000000708000000| Untracked 
|  53|0x0000000708200000, 0x0000000708200000, 0x0000000708400000|  0%| F|  |TAMS 0x0000000708200000, 0x0000000708200000| Untracked 
|  54|0x0000000708400000, 0x0000000708400000, 0x0000000708600000|  0%| F|  |TAMS 0x0000000708400000, 0x0000000708400000| Untracked 
|  55|0x0000000708600000, 0x0000000708600000, 0x0000000708800000|  0%| F|  |TAMS 0x0000000708600000, 0x0000000708600000| Untracked 
|  56|0x0000000708800000, 0x0000000708800000, 0x0000000708a00000|  0%| F|  |TAMS 0x0000000708800000, 0x0000000708800000| Untracked 
|  57|0x0000000708a00000, 0x0000000708a00000, 0x0000000708c00000|  0%| F|  |TAMS 0x0000000708a00000, 0x0000000708a00000| Untracked 
|  58|0x0000000708c00000, 0x0000000708c00000, 0x0000000708e00000|  0%| F|  |TAMS 0x0000000708c00000, 0x0000000708c00000| Untracked 
|  59|0x0000000708e00000, 0x0000000708e00000, 0x0000000709000000|  0%| F|  |TAMS 0x0000000708e00000, 0x0000000708e00000| Untracked 
|  60|0x0000000709000000, 0x0000000709000000, 0x0000000709200000|  0%| F|  |TAMS 0x0000000709000000, 0x0000000709000000| Untracked 
|  61|0x0000000709200000, 0x0000000709200000, 0x0000000709400000|  0%| F|  |TAMS 0x0000000709200000, 0x0000000709200000| Untracked 
|  62|0x0000000709400000, 0x0000000709400000, 0x0000000709600000|  0%| F|  |TAMS 0x0000000709400000, 0x0000000709400000| Untracked 
|  63|0x0000000709600000, 0x0000000709600000, 0x0000000709800000|  0%| F|  |TAMS 0x0000000709600000, 0x0000000709600000| Untracked 
|  64|0x0000000709800000, 0x0000000709800000, 0x0000000709a00000|  0%| F|  |TAMS 0x0000000709800000, 0x0000000709800000| Untracked 
|  65|0x0000000709a00000, 0x0000000709a00000, 0x0000000709c00000|  0%| F|  |TAMS 0x0000000709a00000, 0x0000000709a00000| Untracked 
|  66|0x0000000709c00000, 0x0000000709c00000, 0x0000000709e00000|  0%| F|  |TAMS 0x0000000709c00000, 0x0000000709c00000| Untracked 
|  67|0x0000000709e00000, 0x0000000709e00000, 0x000000070a000000|  0%| F|  |TAMS 0x0000000709e00000, 0x0000000709e00000| Untracked 
|  68|0x000000070a000000, 0x000000070a000000, 0x000000070a200000|  0%| F|  |TAMS 0x000000070a000000, 0x000000070a000000| Untracked 
|  69|0x000000070a200000, 0x000000070a200000, 0x000000070a400000|  0%| F|  |TAMS 0x000000070a200000, 0x000000070a200000| Untracked 
|  70|0x000000070a400000, 0x000000070a400000, 0x000000070a600000|  0%| F|  |TAMS 0x000000070a400000, 0x000000070a400000| Untracked 
|  71|0x000000070a600000, 0x000000070a6970d0, 0x000000070a800000| 29%| E|  |TAMS 0x000000070a600000, 0x000000070a600000| Complete 
|  72|0x000000070a800000, 0x000000070aa00000, 0x000000070aa00000|100%| E|CS|TAMS 0x000000070a800000, 0x000000070a800000| Complete 
|  73|0x000000070aa00000, 0x000000070ac00000, 0x000000070ac00000|100%| E|CS|TAMS 0x000000070aa00000, 0x000000070aa00000| Complete 
|  74|0x000000070ac00000, 0x000000070ae00000, 0x000000070ae00000|100%| E|CS|TAMS 0x000000070ac00000, 0x000000070ac00000| Complete 
|  75|0x000000070ae00000, 0x000000070b000000, 0x000000070b000000|100%| E|CS|TAMS 0x000000070ae00000, 0x000000070ae00000| Complete 
|  76|0x000000070b000000, 0x000000070b200000, 0x000000070b200000|100%| E|CS|TAMS 0x000000070b000000, 0x000000070b000000| Complete 
|  77|0x000000070b200000, 0x000000070b400000, 0x000000070b400000|100%| E|CS|TAMS 0x000000070b200000, 0x000000070b200000| Complete 
|  78|0x000000070b400000, 0x000000070b600000, 0x000000070b600000|100%| E|CS|TAMS 0x000000070b400000, 0x000000070b400000| Complete 
|  79|0x000000070b600000, 0x000000070b800000, 0x000000070b800000|100%| E|CS|TAMS 0x000000070b600000, 0x000000070b600000| Complete 
|  80|0x000000070b800000, 0x000000070ba00000, 0x000000070ba00000|100%| E|CS|TAMS 0x000000070b800000, 0x000000070b800000| Complete 
|  81|0x000000070ba00000, 0x000000070bc00000, 0x000000070bc00000|100%| E|CS|TAMS 0x000000070ba00000, 0x000000070ba00000| Complete 
|  82|0x000000070bc00000, 0x000000070be00000, 0x000000070be00000|100%| E|CS|TAMS 0x000000070bc00000, 0x000000070bc00000| Complete 
|  83|0x000000070be00000, 0x000000070c000000, 0x000000070c000000|100%| E|CS|TAMS 0x000000070be00000, 0x000000070be00000| Complete 
|  84|0x000000070c000000, 0x000000070c200000, 0x000000070c200000|100%| E|CS|TAMS 0x000000070c000000, 0x000000070c000000| Complete 
|  85|0x000000070c200000, 0x000000070c400000, 0x000000070c400000|100%| E|CS|TAMS 0x000000070c200000, 0x000000070c200000| Complete 
|  86|0x000000070c400000, 0x000000070c600000, 0x000000070c600000|100%| E|CS|TAMS 0x000000070c400000, 0x000000070c400000| Complete 
|  87|0x000000070c600000, 0x000000070c800000, 0x000000070c800000|100%| E|CS|TAMS 0x000000070c600000, 0x000000070c600000| Complete 
|  88|0x000000070c800000, 0x000000070ca00000, 0x000000070ca00000|100%| E|CS|TAMS 0x000000070c800000, 0x000000070c800000| Complete 
|  89|0x000000070ca00000, 0x000000070cc00000, 0x000000070cc00000|100%| E|CS|TAMS 0x000000070ca00000, 0x000000070ca00000| Complete 
|  90|0x000000070cc00000, 0x000000070ce00000, 0x000000070ce00000|100%| E|CS|TAMS 0x000000070cc00000, 0x000000070cc00000| Complete 
|  91|0x000000070ce00000, 0x000000070d000000, 0x000000070d000000|100%| E|CS|TAMS 0x000000070ce00000, 0x000000070ce00000| Complete 
|  92|0x000000070d000000, 0x000000070d200000, 0x000000070d200000|100%| E|CS|TAMS 0x000000070d000000, 0x000000070d000000| Complete 
|  93|0x000000070d200000, 0x000000070d400000, 0x000000070d400000|100%| E|CS|TAMS 0x000000070d200000, 0x000000070d200000| Complete 
|  94|0x000000070d400000, 0x000000070d600000, 0x000000070d600000|100%| E|CS|TAMS 0x000000070d400000, 0x000000070d400000| Complete 
|  95|0x000000070d600000, 0x000000070d800000, 0x000000070d800000|100%| E|CS|TAMS 0x000000070d600000, 0x000000070d600000| Complete 
|  96|0x000000070d800000, 0x000000070da00000, 0x000000070da00000|100%| E|CS|TAMS 0x000000070d800000, 0x000000070d800000| Complete 
|  97|0x000000070da00000, 0x000000070dc00000, 0x000000070dc00000|100%| E|CS|TAMS 0x000000070da00000, 0x000000070da00000| Complete 
|  98|0x000000070dc00000, 0x000000070de00000, 0x000000070de00000|100%| E|CS|TAMS 0x000000070dc00000, 0x000000070dc00000| Complete 
|  99|0x000000070de00000, 0x000000070e000000, 0x000000070e000000|100%| E|CS|TAMS 0x000000070de00000, 0x000000070de00000| Complete 
| 100|0x000000070e000000, 0x000000070e200000, 0x000000070e200000|100%| E|CS|TAMS 0x000000070e000000, 0x000000070e000000| Complete 
| 101|0x000000070e200000, 0x000000070e400000, 0x000000070e400000|100%| E|CS|TAMS 0x000000070e200000, 0x000000070e200000| Complete 
| 102|0x000000070e400000, 0x000000070e600000, 0x000000070e600000|100%| E|CS|TAMS 0x000000070e400000, 0x000000070e400000| Complete 
| 103|0x000000070e600000, 0x000000070e800000, 0x000000070e800000|100%| E|CS|TAMS 0x000000070e600000, 0x000000070e600000| Complete 
| 104|0x000000070e800000, 0x000000070ea00000, 0x000000070ea00000|100%| E|CS|TAMS 0x000000070e800000, 0x000000070e800000| Complete 
| 105|0x000000070ea00000, 0x000000070ec00000, 0x000000070ec00000|100%| E|CS|TAMS 0x000000070ea00000, 0x000000070ea00000| Complete 
| 106|0x000000070ec00000, 0x000000070ee00000, 0x000000070ee00000|100%| E|CS|TAMS 0x000000070ec00000, 0x000000070ec00000| Complete 
| 107|0x000000070ee00000, 0x000000070f000000, 0x000000070f000000|100%| E|CS|TAMS 0x000000070ee00000, 0x000000070ee00000| Complete 
| 108|0x000000070f000000, 0x000000070f200000, 0x000000070f200000|100%| E|CS|TAMS 0x000000070f000000, 0x000000070f000000| Complete 
| 109|0x000000070f200000, 0x000000070f2ba5c0, 0x000000070f400000| 36%| S|CS|TAMS 0x000000070f200000, 0x000000070f200000| Complete 
| 110|0x000000070f400000, 0x000000070f600000, 0x000000070f600000|100%| S|CS|TAMS 0x000000070f400000, 0x000000070f400000| Complete 
| 111|0x000000070f600000, 0x000000070f800000, 0x000000070f800000|100%| E|CS|TAMS 0x000000070f600000, 0x000000070f600000| Complete 
| 112|0x000000070f800000, 0x000000070fa00000, 0x000000070fa00000|100%| E|CS|TAMS 0x000000070f800000, 0x000000070f800000| Complete 
| 113|0x000000070fa00000, 0x000000070fc00000, 0x000000070fc00000|100%| E|CS|TAMS 0x000000070fa00000, 0x000000070fa00000| Complete 
| 114|0x000000070fc00000, 0x000000070fe00000, 0x000000070fe00000|100%| E|CS|TAMS 0x000000070fc00000, 0x000000070fc00000| Complete 
| 115|0x000000070fe00000, 0x0000000710000000, 0x0000000710000000|100%| E|CS|TAMS 0x000000070fe00000, 0x000000070fe00000| Complete 
| 116|0x0000000710000000, 0x0000000710200000, 0x0000000710200000|100%| E|CS|TAMS 0x0000000710000000, 0x0000000710000000| Complete 
| 117|0x0000000710200000, 0x0000000710400000, 0x0000000710400000|100%| E|CS|TAMS 0x0000000710200000, 0x0000000710200000| Complete 
| 118|0x0000000710400000, 0x0000000710600000, 0x0000000710600000|100%| E|CS|TAMS 0x0000000710400000, 0x0000000710400000| Complete 
| 119|0x0000000710600000, 0x0000000710800000, 0x0000000710800000|100%| E|CS|TAMS 0x0000000710600000, 0x0000000710600000| Complete 
| 120|0x0000000710800000, 0x0000000710a00000, 0x0000000710a00000|100%| E|CS|TAMS 0x0000000710800000, 0x0000000710800000| Complete 
| 121|0x0000000710a00000, 0x0000000710c00000, 0x0000000710c00000|100%| E|CS|TAMS 0x0000000710a00000, 0x0000000710a00000| Complete 
| 122|0x0000000710c00000, 0x0000000710e00000, 0x0000000710e00000|100%| E|CS|TAMS 0x0000000710c00000, 0x0000000710c00000| Complete 
| 123|0x0000000710e00000, 0x0000000711000000, 0x0000000711000000|100%| E|CS|TAMS 0x0000000710e00000, 0x0000000710e00000| Complete 
| 124|0x0000000711000000, 0x0000000711200000, 0x0000000711200000|100%| E|CS|TAMS 0x0000000711000000, 0x0000000711000000| Complete 
| 125|0x0000000711200000, 0x0000000711400000, 0x0000000711400000|100%| E|CS|TAMS 0x0000000711200000, 0x0000000711200000| Complete 
| 126|0x0000000711400000, 0x0000000711600000, 0x0000000711600000|100%| E|  |TAMS 0x0000000711400000, 0x0000000711400000| Complete 
| 127|0x0000000711600000, 0x0000000711800000, 0x0000000711800000|100%| E|CS|TAMS 0x0000000711600000, 0x0000000711600000| Complete 

Card table byte_map: [0x0000015958010000,0x0000015958810000] _byte_map_base: 0x0000015954804000

Marking Bits (Prev, Next): (CMBitMap*) 0x0000015940270610, (CMBitMap*) 0x0000015940270650
 Prev Bits: [0x0000015959010000, 0x000001595cfb0000)
 Next Bits: [0x000001595cfb0000, 0x0000015960f50000)

Polling page: 0x000001593e8f0000

Metaspace:

Usage:
  Non-class:     12.43 MB used.
      Class:      1.51 MB used.
       Both:     13.94 MB used.

Virtual space:
  Non-class space:       64.00 MB reserved,      12.56 MB ( 20%) committed,  1 nodes.
      Class space:        1.00 GB reserved,       1.62 MB ( <1%) committed,  1 nodes.
             Both:        1.06 GB reserved,      14.19 MB (  1%) committed. 

Chunk freelists:
   Non-Class:  2.60 MB
       Class:  2.38 MB
        Both:  4.98 MB

MaxMetaspaceSize: unlimited
CompressedClassSpaceSize: 1.00 GB
Initial GC threshold: 21.00 MB
Current GC threshold: 21.00 MB
CDS: on
MetaspaceReclaimPolicy: balanced
 - commit_granule_bytes: 65536.
 - commit_granule_words: 8192.
 - virtual_space_node_default_size: 8388608.
 - enlarge_chunks_in_place: 1.
 - new_chunks_are_fully_committed: 0.
 - uncommit_free_chunks: 1.
 - use_allocation_guard: 0.


Internal statistics:

num_allocs_failed_limit: 0.
num_arena_births: 252.
num_arena_deaths: 0.
num_vsnodes_births: 2.
num_vsnodes_deaths: 0.
num_space_committed: 227.
num_space_uncommitted: 0.
num_chunks_returned_to_freelist: 0.
num_chunks_taken_from_freelist: 741.
num_chunk_merges: 0.
num_chunk_splits: 527.
num_chunks_enlarged: 395.
num_inconsistent_stats: 0.

CodeHeap 'non-profiled nmethods': size=120000Kb used=1909Kb max_used=1909Kb free=118090Kb
 bounds [0x000001594f670000, 0x000001594f8e0000, 0x0000015956ba0000]
CodeHeap 'profiled nmethods': size=120000Kb used=8223Kb max_used=8223Kb free=111777Kb
 bounds [0x0000015948140000, 0x0000015948950000, 0x000001594f670000]
CodeHeap 'non-nmethods': size=5760Kb used=1186Kb max_used=1243Kb free=4574Kb
 bounds [0x0000015947ba0000, 0x0000015947e10000, 0x0000015948140000]
 total_blobs=4280 nmethods=3810 adapters=381
 compilation: enabled
              stopped_count=0, restarted_count=0
 full_count=0

Compilation events (20 events):
Event: 2.866 Thread 0x00000159577c87e0 3801   !   3       jdk.internal.reflect.DirectMethodHandleAccessor::invoke (92 bytes)
Event: 2.868 Thread 0x00000159577c87e0 nmethod 3801 0x0000015948936a10 code [0x0000015948936e80, 0x0000015948939278]
Event: 2.868 Thread 0x00000159577c87e0 3802       3       jdk.internal.reflect.DirectMethodHandleAccessor::isStatic (20 bytes)
Event: 2.868 Thread 0x00000159577c87e0 nmethod 3802 0x000001594893a510 code [0x000001594893a6a0, 0x000001594893a818]
Event: 2.868 Thread 0x00000159577c87e0 3804       3       jdk.internal.reflect.DirectMethodHandleAccessor::invokeImpl (108 bytes)
Event: 2.869 Thread 0x00000159577c87e0 nmethod 3804 0x000001594893a890 code [0x000001594893abe0, 0x000001594893c598]
Event: 2.869 Thread 0x00000159577c87e0 3803       3       jdk.internal.reflect.DirectMethodHandleAccessor::checkReceiver (25 bytes)
Event: 2.869 Thread 0x00000159577c87e0 nmethod 3803 0x000001594893cc90 code [0x000001594893ce40, 0x000001594893d0b8]
Event: 2.875 Thread 0x00000159684fe670 nmethod 3766 0x000001594f82fd10 code [0x000001594f830060, 0x000001594f832150]
Event: 2.875 Thread 0x00000159684fe670 3778       4       java.util.concurrent.locks.AbstractQueuedSynchronizer::compareAndSetState (13 bytes)
Event: 2.875 Thread 0x00000159684fe670 nmethod 3778 0x000001594f833810 code [0x000001594f833980, 0x000001594f833a18]
Event: 2.875 Thread 0x00000159684fe670 3769   !   4       java.net.URL::<init> (543 bytes)
Event: 2.882 Thread 0x00000159577c87e0 3805       3       java.io.File::isDirectory (34 bytes)
Event: 2.883 Thread 0x00000159577c87e0 nmethod 3805 0x000001594893d210 code [0x000001594893d3e0, 0x000001594893d7f8]
Event: 3.072 Thread 0x00000159577c87e0 3806       3       org.apache.maven.plugin.clean.Cleaner::delete (424 bytes)
Event: 3.076 Thread 0x00000159577c87e0 nmethod 3806 0x000001594893d990 code [0x000001594893e1a0, 0x0000015948942778]
Event: 3.076 Thread 0x00000159577c87e0 3807       3       org.apache.maven.plugin.clean.Cleaner$Result::<init> (5 bytes)
Event: 3.077 Thread 0x00000159577c87e0 nmethod 3807 0x0000015948944010 code [0x00000159489441c0, 0x0000015948944378]
Event: 3.077 Thread 0x00000159577c87e0 3808       3       java.io.File::delete (33 bytes)
Event: 3.077 Thread 0x00000159577c87e0 nmethod 3808 0x0000015948944490 code [0x0000015948944660, 0x00000159489449d8]

GC Heap History (4 events):
Event: 0.605 GC heap before
{Heap before GC invocations=0 (full 0):
 garbage-first heap   total 262144K, used 22528K [0x0000000701800000, 0x0000000800000000)
  region size 2048K, 11 young (22528K), 0 survivors (0K)
 Metaspace       used 4868K, committed 5056K, reserved 1114112K
  class space    used 566K, committed 640K, reserved 1048576K
}
Event: 0.617 GC heap after
{Heap after GC invocations=1 (full 0):
 garbage-first heap   total 262144K, used 3532K [0x0000000701800000, 0x0000000800000000)
  region size 2048K, 2 young (4096K), 2 survivors (4096K)
 Metaspace       used 4868K, committed 5056K, reserved 1114112K
  class space    used 566K, committed 640K, reserved 1048576K
}
Event: 1.376 GC heap before
{Heap before GC invocations=1 (full 0):
 garbage-first heap   total 262144K, used 34252K [0x0000000701800000, 0x0000000800000000)
  region size 2048K, 17 young (34816K), 2 survivors (4096K)
 Metaspace       used 10539K, committed 10816K, reserved 1114112K
  class space    used 1262K, committed 1408K, reserved 1048576K
}
Event: 1.382 GC heap after
{Heap after GC invocations=2 (full 0):
 garbage-first heap   total 262144K, used 6156K [0x0000000701800000, 0x0000000800000000)
  region size 2048K, 2 young (4096K), 2 survivors (4096K)
 Metaspace       used 10539K, committed 10816K, reserved 1114112K
  class space    used 1262K, committed 1408K, reserved 1048576K
}

Deoptimization events (20 events):
Event: 2.820 Thread 0x0000015940242610 Uncommon trap: trap_request=0xffffffde fr.pc=0x000001594f731194 relative=0x0000000000000074
Event: 2.820 Thread 0x0000015940242610 Uncommon trap: reason=class_check action=maybe_recompile pc=0x000001594f731194 method=com.google.inject.internal.LinkedBindingImpl.acceptTargetVisitor(Lcom/google/inject/spi/BindingTargetVisitor;)Ljava/lang/Object; @ 2 c2
Event: 2.821 Thread 0x0000015940242610 DEOPT PACKING pc=0x000001594f731194 sp=0x0000004592dfdfe0
Event: 2.821 Thread 0x0000015940242610 DEOPT UNPACKING pc=0x0000015947bf23a3 sp=0x0000004592dfdf68 mode 2
Event: 2.825 Thread 0x0000015940242610 Uncommon trap: trap_request=0xffffff54 fr.pc=0x000001594f7b61ac relative=0x000000000000036c
Event: 2.825 Thread 0x0000015940242610 Uncommon trap: reason=speculate_null_assert action=make_not_entrant pc=0x000001594f7b61ac method=org.eclipse.sisu.inject.RankedBindings$Itr.hasNext()Z @ 80 c2
Event: 2.825 Thread 0x0000015940242610 DEOPT PACKING pc=0x000001594f7b61ac sp=0x0000004592dfe4b0
Event: 2.825 Thread 0x0000015940242610 DEOPT UNPACKING pc=0x0000015947bf23a3 sp=0x0000004592dfe418 mode 2
Event: 2.826 Thread 0x0000015940242610 Uncommon trap: trap_request=0xffffffde fr.pc=0x000001594f7eecf4 relative=0x0000000000000f94
Event: 2.826 Thread 0x0000015940242610 Uncommon trap: reason=class_check action=maybe_recompile pc=0x000001594f7eecf4 method=org.eclipse.sisu.inject.LazyBeanEntry.getValue()Ljava/lang/Object; @ 4 c2
Event: 2.826 Thread 0x0000015940242610 DEOPT PACKING pc=0x000001594f7eecf4 sp=0x0000004592dfe610
Event: 2.826 Thread 0x0000015940242610 DEOPT UNPACKING pc=0x0000015947bf23a3 sp=0x0000004592dfe640 mode 2
Event: 2.846 Thread 0x0000015940242610 DEOPT PACKING pc=0x0000015948273234 sp=0x0000004592df8f30
Event: 2.846 Thread 0x0000015940242610 DEOPT UNPACKING pc=0x0000015947bf2b43 sp=0x0000004592df8368 mode 0
Event: 2.846 Thread 0x0000015940242610 DEOPT PACKING pc=0x00000159481f784c sp=0x0000004592df8fa0
Event: 2.846 Thread 0x0000015940242610 DEOPT UNPACKING pc=0x0000015947bf2b43 sp=0x0000004592df8448 mode 0
Event: 2.863 Thread 0x0000015940242610 Uncommon trap: trap_request=0xffffffde fr.pc=0x000001594f817024 relative=0x00000000000000e4
Event: 2.863 Thread 0x0000015940242610 Uncommon trap: reason=class_check action=maybe_recompile pc=0x000001594f817024 method=org.eclipse.sisu.wire.EntryListAdapter$ValueIterator.next()Ljava/lang/Object; @ 4 c2
Event: 2.863 Thread 0x0000015940242610 DEOPT PACKING pc=0x000001594f817024 sp=0x0000004592dfe830
Event: 2.863 Thread 0x0000015940242610 DEOPT UNPACKING pc=0x0000015947bf23a3 sp=0x0000004592dfe7f0 mode 2

Classes loaded (20 events):
Event: 2.104 Loading class java/lang/constant/DirectMethodHandleDescImpl$1
Event: 2.104 Loading class java/lang/constant/DirectMethodHandleDescImpl$1 done
Event: 2.104 Loading class java/lang/constant/DirectMethodHandleDesc$1
Event: 2.105 Loading class java/lang/constant/DirectMethodHandleDesc$1 done
Event: 2.105 Loading class java/lang/constant/PrimitiveClassDescImpl
Event: 2.105 Loading class java/lang/constant/DynamicConstantDesc
Event: 2.105 Loading class java/lang/constant/DynamicConstantDesc done
Event: 2.105 Loading class java/lang/constant/PrimitiveClassDescImpl done
Event: 2.105 Loading class java/lang/constant/DynamicConstantDesc$AnonymousDynamicConstantDesc
Event: 2.105 Loading class java/lang/constant/DynamicConstantDesc$AnonymousDynamicConstantDesc done
Event: 2.111 Loading class java/util/ComparableTimSort
Event: 2.112 Loading class java/util/ComparableTimSort done
Event: 2.126 Loading class java/io/PrintWriter
Event: 2.126 Loading class java/io/PrintWriter done
Event: 2.191 Loading class java/util/concurrent/atomic/AtomicBoolean
Event: 2.192 Loading class java/util/concurrent/atomic/AtomicBoolean done
Event: 2.838 Loading class java/net/URISyntaxException
Event: 2.838 Loading class java/net/URISyntaxException done
Event: 2.858 Loading class jdk/internal/reflect/MethodHandleBooleanFieldAccessorImpl
Event: 2.858 Loading class jdk/internal/reflect/MethodHandleBooleanFieldAccessorImpl done

Classes unloaded (0 events):
No events

Classes redefined (0 events):
No events

Internal exceptions (20 events):
Event: 1.207 Thread 0x0000015940242610 Exception <a 'java/lang/NoSuchMethodError'{0x000000070fb41fb0}: 'void java.lang.invoke.DirectMethodHandle$Holder.invokeSpecial(java.lang.Object, java.lang.Object, java.lang.Object)'> (0x000000070fb41fb0) 
thrown [s\open\src\hotspot\share\interpreter\linkResolver.cpp, line 759]
Event: 1.212 Thread 0x0000015940242610 Exception <a 'java/lang/NoSuchMethodError'{0x000000070fb6a238}: 'void java.lang.invoke.Invokers$Holder.invokeExact_MT(java.lang.Object, java.lang.Object, java.lang.Object, java.lang.Object)'> (0x000000070fb6a238) 
thrown [s\open\src\hotspot\share\interpreter\linkResolver.cpp, line 759]
Event: 1.229 Thread 0x0000015940242610 Exception <a 'java/lang/NoClassDefFoundError'{0x000000070fbeb2b0}: com/google/inject/servlet/ServletModuleTargetVisitor> (0x000000070fbeb2b0) 
thrown [s\open\src\hotspot\share\classfile\systemDictionary.cpp, line 244]
Event: 1.260 Thread 0x0000015940242610 Exception <a 'java/lang/NoSuchMethodError'{0x000000070f8a8290}: 'java.lang.Object java.lang.invoke.DirectMethodHandle$Holder.invokeStatic(java.lang.Object, java.lang.Object, int)'> (0x000000070f8a8290) 
thrown [s\open\src\hotspot\share\interpreter\linkResolver.cpp, line 759]
Event: 1.262 Thread 0x0000015940242610 Exception <a 'java/lang/NoSuchMethodError'{0x000000070f8b46a0}: 'void java.lang.invoke.DelegatingMethodHandle$Holder.delegate(java.lang.Object, java.lang.Object, int, java.lang.Object)'> (0x000000070f8b46a0) 
thrown [s\open\src\hotspot\share\interpreter\linkResolver.cpp, line 759]
Event: 1.262 Thread 0x0000015940242610 Exception <a 'java/lang/NoSuchMethodError'{0x000000070f8b9500}: 'int java.lang.invoke.DirectMethodHandle$Holder.invokeSpecial(java.lang.Object, java.lang.Object, java.lang.Object)'> (0x000000070f8b9500) 
thrown [s\open\src\hotspot\share\interpreter\linkResolver.cpp, line 759]
Event: 1.284 Thread 0x0000015940242610 Exception <a 'java/lang/NoSuchMethodError'{0x000000070f948758}: 'java.lang.Object java.lang.invoke.DirectMethodHandle$Holder.newInvokeSpecial(java.lang.Object, java.lang.Object, java.lang.Object, java.lang.Object, java.lang.Object, java.lang.Object, java.lang.Object)'> (0x000000070f948758) 
thrown [s\open\src\hotspot\share\interpreter\linkResolver.cpp, line 759]
Event: 1.291 Thread 0x0000015940242610 Exception <a 'java/lang/NoSuchMethodError'{0x000000070f986f70}: 'java.lang.Object java.lang.invoke.DirectMethodHandle$Holder.newInvokeSpecial(java.lang.Object, java.lang.Object, java.lang.Object, java.lang.Object, java.lang.Object, java.lang.Object, java.lang.Object, java.lang.Object, java.lang.Object)'> (0x000000070f986f70) 
thrown [s\open\src\hotspot\share\interpreter\linkResolver.cpp, line 759]
Event: 1.291 Thread 0x0000015940242610 Exception <a 'java/lang/NoSuchMethodError'{0x000000070f98d280}: 'java.lang.Object java.lang.invoke.DirectMethodHandle$Holder.invokeSpecial(java.lang.Object, java.lang.Object, java.lang.Object, java.lang.Object, java.lang.Object, java.lang.Object, java.lang.Object, java.lang.Object, java.lang.Object, java.lang.Object)'> (0x000000070f98d280) 
thrown [s\open\src\hotspot\share\interpreter\linkResolver.cpp, line 759]
Event: 1.312 Thread 0x0000015940242610 Exception <a 'java/lang/NoSuchMethodError'{0x000000070f642a50}: 'java.lang.Object java.lang.invoke.DirectMethodHandle$Holder.newInvokeSpecial(java.lang.Object, java.lang.Object, java.lang.Object, java.lang.Object, java.lang.Object, java.lang.Object, java.lang.Object, java.lang.Object, java.lang.Object, java.lang.Object, java.lang.Object, java.lang.Object)'> (0x000000070f642a50) 
thrown [s\open\src\hotspot\share\interpreter\linkResolver.cpp, line 759]
Event: 1.312 Thread 0x0000015940242610 Exception <a 'java/lang/NoSuchMethodError'{0x000000070f648b80}: 'java.lang.Object java.lang.invoke.DirectMethodHandle$Holder.invokeSpecial(java.lang.Object, java.lang.Object, java.lang.Object, java.lang.Object, java.lang.Object, java.lang.Object, java.lang.Object, java.lang.Object, java.lang.Object, java.lang.Object, java.lang.Object, java.lang.Object, java.lang.Object)'> (0x000000070f648b80) 
thrown [s\open\src\hotspot\share\interpreter\linkResolver.cpp, line 759]
Event: 1.337 Thread 0x0000015940242610 Exception <a 'java/lang/NoSuchMethodError'{0x000000070f6edd20}: 'java.lang.Object java.lang.invoke.DirectMethodHandle$Holder.invokeStaticInit(java.lang.Object, int, int, int, int)'> (0x000000070f6edd20) 
thrown [s\open\src\hotspot\share\interpreter\linkResolver.cpp, line 759]
Event: 1.497 Thread 0x0000015940242610 Exception <a 'java/lang/NoSuchMethodError'{0x00000007112c9c10}: 'void java.lang.invoke.DirectMethodHandle$Holder.invokeVirtual(java.lang.Object, java.lang.Object, int)'> (0x00000007112c9c10) 
thrown [s\open\src\hotspot\share\interpreter\linkResolver.cpp, line 759]
Event: 1.498 Thread 0x0000015940242610 Exception <a 'java/lang/NoSuchMethodError'{0x00000007112ce0b0}: 'int java.lang.invoke.DirectMethodHandle$Holder.invokeSpecial(java.lang.Object, java.lang.Object, java.lang.Object, int)'> (0x00000007112ce0b0) 
thrown [s\open\src\hotspot\share\interpreter\linkResolver.cpp, line 759]
Event: 1.499 Thread 0x0000015940242610 Exception <a 'java/lang/NoSuchMethodError'{0x00000007112e0a50}: 'java.lang.Object java.lang.invoke.DirectMethodHandle$Holder.invokeStatic(java.lang.Object, java.lang.Object, java.lang.Object, java.lang.Object, int)'> (0x00000007112e0a50) 
thrown [s\open\src\hotspot\share\interpreter\linkResolver.cpp, line 759]
Event: 1.500 Thread 0x0000015940242610 Exception <a 'java/lang/NoSuchMethodError'{0x00000007112ec390}: 'void java.lang.invoke.DelegatingMethodHandle$Holder.reinvoke_L(java.lang.Object, java.lang.Object, int)'> (0x00000007112ec390) 
thrown [s\open\src\hotspot\share\interpreter\linkResolver.cpp, line 759]
Event: 2.732 Thread 0x0000015940242610 Implicit null exception at 0x000001594f70a06d to 0x000001594f70a23c
Event: 2.733 Thread 0x0000015940242610 Implicit null exception at 0x000001594f6e93ed to 0x000001594f6e95c8
Event: 2.733 Thread 0x0000015940242610 Implicit null exception at 0x000001594f71130f to 0x000001594f711389
Event: 2.859 Thread 0x0000015940242610 Exception <a 'java/lang/NoSuchMethodError'{0x000000070a9caf08}: 'void java.lang.invoke.Invokers$Holder.invokeExact_MT(java.lang.Object, java.lang.Object, int, java.lang.Object)'> (0x000000070a9caf08) 
thrown [s\open\src\hotspot\share\interpreter\linkResolver.cpp, line 759]

VM Operations (20 events):
Event: 1.348 Executing VM operation: HandshakeAllThreads
Event: 1.348 Executing VM operation: HandshakeAllThreads done
Event: 1.376 Executing VM operation: G1CollectForAllocation
Event: 1.382 Executing VM operation: G1CollectForAllocation done
Event: 1.392 Executing VM operation: HandshakeAllThreads
Event: 1.392 Executing VM operation: HandshakeAllThreads done
Event: 1.528 Executing VM operation: HandshakeAllThreads
Event: 1.528 Executing VM operation: HandshakeAllThreads done
Event: 1.529 Executing VM operation: HandshakeAllThreads
Event: 1.529 Executing VM operation: HandshakeAllThreads done
Event: 1.752 Executing VM operation: ICBufferFull
Event: 1.752 Executing VM operation: ICBufferFull done
Event: 2.415 Executing VM operation: ICBufferFull
Event: 2.415 Executing VM operation: ICBufferFull done
Event: 2.598 Executing VM operation: HandshakeAllThreads
Event: 2.598 Executing VM operation: HandshakeAllThreads done
Event: 2.765 Executing VM operation: ICBufferFull
Event: 2.765 Executing VM operation: ICBufferFull done
Event: 2.845 Executing VM operation: HandshakeAllThreads
Event: 2.845 Executing VM operation: HandshakeAllThreads done

Events (20 events):
Event: 0.020 Thread 0x0000015940242610 Thread added: 0x0000015940242610
Event: 0.022 Thread 0x00000159577a35d0 Thread added: 0x00000159577a35d0
Event: 0.022 Thread 0x00000159577a5240 Thread added: 0x00000159577a5240
Event: 0.031 Thread 0x00000159577c16f0 Thread added: 0x00000159577c16f0
Event: 0.032 Thread 0x00000159577c30a0 Thread added: 0x00000159577c30a0
Event: 0.032 Thread 0x00000159577c3a40 Thread added: 0x00000159577c3a40
Event: 0.032 Thread 0x00000159577c43e0 Thread added: 0x00000159577c43e0
Event: 0.032 Thread 0x00000159577c70c0 Thread added: 0x00000159577c70c0
Event: 0.032 Thread 0x00000159577c87e0 Thread added: 0x00000159577c87e0
Event: 0.032 Thread 0x00000159577c91c0 Thread added: 0x00000159577c91c0
Event: 0.047 Thread 0x000001596395eb40 Thread added: 0x000001596395eb40
Event: 0.050 Thread 0x0000015963964f00 Thread added: 0x0000015963964f00
Event: 0.055 Loaded shared library C:\Program Files\Java\jdk-18.0.2.1\bin\net.dll
Event: 0.058 Loaded shared library C:\Program Files\Java\jdk-18.0.2.1\bin\nio.dll
Event: 0.062 Loaded shared library C:\Program Files\Java\jdk-18.0.2.1\bin\zip.dll
Event: 0.148 Loaded shared library C:\Program Files\Java\jdk-18.0.2.1\bin\jimage.dll
Event: 0.156 Loaded shared library J:\.important\Documents\apache-maven-3.8.6\lib\jansi-native\Windows\x86_64\jansi.dll
Event: 0.167 Loaded shared library C:\Program Files\Java\jdk-18.0.2.1\bin\verify.dll
Event: 0.504 Thread 0x00000159682482e0 Thread added: 0x00000159682482e0
Event: 0.529 Thread 0x00000159684fe670 Thread added: 0x00000159684fe670


Dynamic libraries:
0x00007ff7159c0000 - 0x00007ff7159d0000 	C:\Program Files\Java\jdk-18.0.2.1\bin\java.exe
0x00007ff926520000 - 0x00007ff926729000 	C:\WINDOWS\SYSTEM32\ntdll.dll
0x00007ff925790000 - 0x00007ff92584d000 	C:\WINDOWS\System32\KERNEL32.DLL
0x00007ff923ae0000 - 0x00007ff923e64000 	C:\WINDOWS\System32\KERNELBASE.dll
0x00007ff924130000 - 0x00007ff924241000 	C:\WINDOWS\System32\ucrtbase.dll
0x00007ff90f400000 - 0x00007ff90f41a000 	C:\Program Files\Java\jdk-18.0.2.1\bin\VCRUNTIME140.dll
0x00007ff90f430000 - 0x00007ff90f448000 	C:\Program Files\Java\jdk-18.0.2.1\bin\jli.dll
0x00007ff925250000 - 0x00007ff9252fe000 	C:\WINDOWS\System32\ADVAPI32.dll
0x00007ff924e20000 - 0x00007ff924ec3000 	C:\WINDOWS\System32\msvcrt.dll
0x00007ff9254b0000 - 0x00007ff92554e000 	C:\WINDOWS\System32\sechost.dll
0x00007ff924f80000 - 0x00007ff9250a1000 	C:\WINDOWS\System32\RPCRT4.dll
0x00007ff925300000 - 0x00007ff9254ad000 	C:\WINDOWS\System32\USER32.dll
0x00007ff924100000 - 0x00007ff924126000 	C:\WINDOWS\System32\win32u.dll
0x00007ff9250c0000 - 0x00007ff9250ea000 	C:\WINDOWS\System32\GDI32.dll
0x00007ff918250000 - 0x00007ff9184f5000 	C:\WINDOWS\WinSxS\amd64_microsoft.windows.common-controls_6595b64144ccf1df_6.0.22000.120_none_9d947278b86cc467\COMCTL32.dll
0x00007ff924250000 - 0x00007ff92436e000 	C:\WINDOWS\System32\gdi32full.dll
0x00007ff924060000 - 0x00007ff9240fd000 	C:\WINDOWS\System32\msvcp_win.dll
0x00007ff923360000 - 0x00007ff92336a000 	C:\WINDOWS\SYSTEM32\VERSION.dll
0x00007ff924dd0000 - 0x00007ff924e01000 	C:\WINDOWS\System32\IMM32.DLL
0x00007ff923370000 - 0x00007ff923467000 	C:\Windows\system32\guard64.dll
0x00007ff925b00000 - 0x00007ff925c9a000 	C:\WINDOWS\System32\ole32.dll
0x00007ff924370000 - 0x00007ff9246e6000 	C:\WINDOWS\System32\combase.dll
0x00007ff923350000 - 0x00007ff92335b000 	C:\WINDOWS\system32\fltlib.dll
0x00007ff925d10000 - 0x00007ff9264d5000 	C:\WINDOWS\System32\shell32.dll
0x00007ff91fe50000 - 0x00007ff91fe5c000 	C:\Program Files\Java\jdk-18.0.2.1\bin\vcruntime140_1.dll
0x00007ff8fc210000 - 0x00007ff8fc29d000 	C:\Program Files\Java\jdk-18.0.2.1\bin\msvcp140.dll
0x00007ff8c70a0000 - 0x00007ff8c7cb1000 	C:\Program Files\Java\jdk-18.0.2.1\bin\server\jvm.dll
0x00007ff9250b0000 - 0x00007ff9250b8000 	C:\WINDOWS\System32\PSAPI.DLL
0x00007ff8fba10000 - 0x00007ff8fba19000 	C:\WINDOWS\SYSTEM32\WSOCK32.dll
0x00007ff9251d0000 - 0x00007ff92523f000 	C:\WINDOWS\System32\WS2_32.dll
0x00007ff9199f0000 - 0x00007ff919a23000 	C:\WINDOWS\SYSTEM32\WINMM.dll
0x00007ff922860000 - 0x00007ff922878000 	C:\WINDOWS\SYSTEM32\kernel.appcore.dll
0x00007ff9192e0000 - 0x00007ff9192ea000 	C:\Program Files\Java\jdk-18.0.2.1\bin\jimage.dll
0x00007ff921400000 - 0x00007ff921621000 	C:\WINDOWS\SYSTEM32\DBGHELP.DLL
0x00007ff9191f0000 - 0x00007ff919221000 	C:\WINDOWS\SYSTEM32\dbgcore.DLL
0x00007ff923fe0000 - 0x00007ff92405f000 	C:\WINDOWS\System32\bcryptPrimitives.dll
0x00007ff90f3d0000 - 0x00007ff90f3f5000 	C:\Program Files\Java\jdk-18.0.2.1\bin\java.dll
0x00007ff8fbea0000 - 0x00007ff8fbf76000 	C:\Program Files\Java\jdk-18.0.2.1\bin\jsvml.dll
0x00007ff921920000 - 0x00007ff922182000 	C:\WINDOWS\SYSTEM32\windows.storage.dll
0x00007ff9217b0000 - 0x00007ff921917000 	C:\WINDOWS\SYSTEM32\wintypes.dll
0x00007ff9246f0000 - 0x00007ff9247da000 	C:\WINDOWS\System32\SHCORE.dll
0x00007ff9259f0000 - 0x00007ff925a4d000 	C:\WINDOWS\System32\shlwapi.dll
0x00007ff9238e0000 - 0x00007ff923905000 	C:\WINDOWS\SYSTEM32\profapi.dll
0x00007ff904a60000 - 0x00007ff904a73000 	C:\Program Files\Java\jdk-18.0.2.1\bin\net.dll
0x00007ff91d930000 - 0x00007ff91da44000 	C:\WINDOWS\SYSTEM32\WINHTTP.dll
0x00007ff922d60000 - 0x00007ff922dc7000 	C:\WINDOWS\system32\mswsock.dll
0x00007ff903870000 - 0x00007ff903886000 	C:\Program Files\Java\jdk-18.0.2.1\bin\nio.dll
0x00007ff8ff9c0000 - 0x00007ff8ff9d8000 	C:\Program Files\Java\jdk-18.0.2.1\bin\zip.dll
0x0000000069ac0000 - 0x0000000069ae4000 	J:\.important\Documents\apache-maven-3.8.6\lib\jansi-native\Windows\x86_64\jansi.dll
0x00007ff90f4d0000 - 0x00007ff90f4e0000 	C:\Program Files\Java\jdk-18.0.2.1\bin\verify.dll

dbghelp: loaded successfully - version: 4.0.5 - missing functions: none
symbol engine: initialized successfully - sym options: 0x614 - pdb path: .;C:\Program Files\Java\jdk-18.0.2.1\bin;C:\WINDOWS\SYSTEM32;C:\WINDOWS\WinSxS\amd64_microsoft.windows.common-controls_6595b64144ccf1df_6.0.22000.120_none_9d947278b86cc467;C:\Program Files\Java\jdk-18.0.2.1\bin\server;J:\.important\Documents\apache-maven-3.8.6\lib\jansi-native\Windows\x86_64

VM Arguments:
jvm_args: -Dclassworlds.conf=J:\.important\Documents\apache-maven-3.8.6\bin\m2.conf -Dmaven.home=J:\.important\Documents\apache-maven-3.8.6 -Dlibrary.jansi.path=J:\.important\Documents\apache-maven-3.8.6\lib\jansi-native -Dmaven.multiModuleProjectDirectory=F:\Memefesrec\memefest 
java_command: org.codehaus.plexus.classworlds.launcher.Launcher clean install
java_class_path (initial): J:\.important\Documents\apache-maven-3.8.6\boot\plexus-classworlds-2.6.0.jar
Launcher Type: SUN_STANDARD

[Global flags]
     intx CICompilerCount                          = 4                                         {product} {ergonomic}
     uint ConcGCThreads                            = 2                                         {product} {ergonomic}
     uint G1ConcRefinementThreads                  = 8                                         {product} {ergonomic}
   size_t G1HeapRegionSize                         = 2097152                                   {product} {ergonomic}
    uintx GCDrainStackTargetSize                   = 64                                        {product} {ergonomic}
   size_t InitialHeapSize                          = 268435456                                 {product} {ergonomic}
   size_t MarkStackSize                            = 4194304                                   {product} {ergonomic}
   size_t MaxHeapSize                              = 4269801472                                {product} {ergonomic}
   size_t MaxNewSize                               = 2560622592                                {product} {ergonomic}
   size_t MinHeapDeltaBytes                        = 2097152                                   {product} {ergonomic}
   size_t MinHeapSize                              = 8388608                                   {product} {ergonomic}
    uintx NonNMethodCodeHeapSize                   = 5839372                                {pd product} {ergonomic}
    uintx NonProfiledCodeHeapSize                  = 122909434                              {pd product} {ergonomic}
    uintx ProfiledCodeHeapSize                     = 122909434                              {pd product} {ergonomic}
    uintx ReservedCodeCacheSize                    = 251658240                              {pd product} {ergonomic}
     bool SegmentedCodeCache                       = true                                      {product} {ergonomic}
   size_t SoftMaxHeapSize                          = 4269801472                             {manageable} {ergonomic}
     bool UseCompressedClassPointers               = true                           {product lp64_product} {ergonomic}
     bool UseCompressedOops                        = true                           {product lp64_product} {ergonomic}
     bool UseG1GC                                  = true                                      {product} {ergonomic}
     bool UseLargePagesIndividualAllocation        = false                                  {pd product} {ergonomic}

Logging:
Log output configuration:
 #0: stdout all=warning uptime,level,tags foldmultilines=false
 #1: stderr all=off uptime,level,tags foldmultilines=false

Environment Variables:
JAVA_HOME=C:\Program Files\Java\jdk-18.0.2.1
PATH=C:\Program Files\Common Files\Oracle\Java\javapath;C:\WINDOWS\system32;C:\WINDOWS;C:\WINDOWS\System32\Wbem;C:\WINDOWS\System32\WindowsPowerShell\v1.0\;C:\WINDOWS\System32\OpenSSH\;J:\.important\Documents\apache-maven-3.8.6\bin;C:\Program Files\Microsoft SQL Server\Client SDK\ODBC\170\Tools\Binn\;C:\Program Files (x86)\Microsoft SQL Server\150\Tools\Binn\;C:\Program Files\Microsoft SQL Server\150\Tools\Binn\;C:\Program Files\Microsoft SQL Server\150\DTS\Binn\;C:\Program Files (x86)\Microsoft SQL Server\160\DTS\Binn\;C:\Users\hyper\Downloads\curl-8.10.1_2-win64-mingw\curl-8.10.1_2-win64-mingw\bin;C:\C:\Program Files\Java\jdk-18.0.2.1\bin;C:\Program Files\OpenSSL-Win64\bin;C:\Program Files\dotnet\;C:\Program Files\Git\cmd;H:\;C:\Program Files (x86)\Microsoft SQL Server\160\Tools\Binn\;C:\Program Files\Microsoft SQL Server\160\Tools\Binn\;C:\Program Files\Microsoft SQL Server\160\DTS\Binn\;C:\Program Files (x86)\NVIDIA Corporation\PhysX\Common;F:\Docker\resources\bin;C:\Users\hyper\AppData\Local\Microsoft\WindowsApps;C:\Program Files\Java\jdk-18.0.2.1\bin;C:\Users\hyper\AppData\Roaming\npm;J:\Microsoft VS Code\bin
USERNAME=hyper
OS=Windows_NT
PROCESSOR_IDENTIFIER=Intel64 Family 6 Model 60 Stepping 3, GenuineIntel



---------------  S Y S T E M  ---------------

OS:
 Windows 11 , 64 bit Build 22000 (10.0.22000.2538)
OS uptime: 2 days 14:45 hours
Hyper-V role detected

CPU: total 8 (initial active 8) (4 cores per cpu, 2 threads per core) family 6 model 60 stepping 3 microcode 0x28, cx8, cmov, fxsr, ht, mmx, sse, sse2, sse3, ssse3, sse4.1, sse4.2, popcnt, lzcnt, tsc, tscinvbit, avx, avx2, aes, erms, clmul, bmi1, bmi2, fma, vzeroupper, clflush, hv

Memory: 4k page, system-wide physical 16283M (561M free)
TotalPageFile size 36283M (AvailPageFile size 11M)
current process WorkingSet (physical memory assigned to process): 218M, peak: 230M
current process commit charge ("private bytes"): 410M, peak: 423M

vm_info: Java HotSpot(TM) 64-Bit Server VM (18.0.2.1+1-1) for windows-amd64 JRE (18.0.2.1+1-1), built on Aug 16 2022 01:46:33 by "mach5one" with MS VC++ 16.8 / 16.9 (VS2019)

END.
